 DiscordTokenOverlay: Card 2hazard has Discord token: undefined
 HealthCounter for 2hazard: Object
 HealthCounter: Showing normal HP 4 for 2hazard
 ZaryaTokenOverlay: Card 2hazard has Zarya token: undefined
 HarmonyTokenOverlay: Card 2hazard has effects: Array(0)
 HarmonyTokenOverlay: Card 2hazard has Harmony token: undefined
 DiscordTokenOverlay: Card 2hazard has effects: Array(0)
 DiscordTokenOverlay: Card 2hazard has Discord token: undefined
 HealthCounter for 2hazard: Object
 HealthCounter: Showing normal HP 4 for 2hazard
 ZaryaTokenOverlay: Card 2hazard has Zarya token: undefined
 HarmonyTokenOverlay: Card 2hazard has effects: Array(0)
 HarmonyTokenOverlay: Card 2hazard has Harmony token: undefined
 DiscordTokenOverlay: Card 2hazard has effects: Array(0)
 DiscordTokenOverlay: Card 2hazard has Discord token: undefined
 HealthCounter for 2hazard: Object
 HealthCounter: Showing normal HP 4 for 2hazard
 ZaryaTokenOverlay: Card 2hazard has Zarya token: undefined
 HarmonyTokenOverlay: Card 2hazard has effects: Array(0)
 HarmonyTokenOverlay: Card 2hazard has Harmony token: undefined
 DiscordTokenOverlay: Card 2hazard has effects: Array(0)
 DiscordTokenOverlay: Card 2hazard has Discord token: undefined
 HealthCounter for 2hazard: Object
 HealthCounter: Showing normal HP 4 for 2hazard
 ZaryaTokenOverlay: Card 2hazard has Zarya token: undefined
 HarmonyTokenOverlay: Card 2hazard has effects: Array(0)
 HarmonyTokenOverlay: Card 2hazard has Harmony token: undefined
 DiscordTokenOverlay: Card 2hazard has effects: Array(0)
 DiscordTokenOverlay: Card 2hazard has Discord token: undefined
 HealthCounter for 2hazard: Object
 HealthCounter: Showing normal HP 4 for 2hazard
 ZaryaTokenOverlay: Card 2hazard has Zarya token: undefined
 HarmonyTokenOverlay: Card 2hazard has effects: Array(0)
 HarmonyTokenOverlay: Card 2hazard has Harmony token: undefined
 DiscordTokenOverlay: Card 2hazard has effects: Array(0)
 DiscordTokenOverlay: Card 2hazard has Discord token: undefined
 HealthCounter for 2hazard: Object
 HealthCounter: Showing normal HP 4 for 2hazard
 ZaryaTokenOverlay: Card 2hazard has Zarya token: undefined
 HarmonyTokenOverlay: Card 2hazard has effects: Array(0)
 HarmonyTokenOverlay: Card 2hazard has Harmony token: undefined
 DiscordTokenOverlay: Card 2hazard has effects: Array(0)
 DiscordTokenOverlay: Card 2hazard has Discord token: undefined
 HealthCounter for 2hazard: Object
 HealthCounter: Showing normal HP 4 for 2hazard
 ZaryaTokenOverlay: Card 2hazard has Zarya token: undefined
 HarmonyTokenOverlay: Card 2hazard has effects: Array(0)
 HarmonyTokenOverlay: Card 2hazard has Harmony token: undefined
 DiscordTokenOverlay: Card 2hazard has effects: Array(0)
 DiscordTokenOverlay: Card 2hazard has Discord token: undefined
 HealthCounter for 2hazard: Object
 HealthCounter: Showing normal HP 4 for 2hazard
 ZaryaTokenOverlay: Card 2hazard has Zarya token: undefined
 HarmonyTokenOverlay: Card 2hazard has effects: Array(0)
 HarmonyTokenOverlay: Card 2hazard has Harmony token: undefined
 DiscordTokenOverlay: Card 2hazard has effects: Array(0)
 DiscordTokenOverlay: Card 2hazard has Discord token: undefined
 HealthCounter for 2hazard: Object
 HealthCounter: Showing normal HP 4 for 2hazard
 ZaryaTokenOverlay: Card 2hazard has Zarya token: undefined
 HarmonyTokenOverlay: Card 2hazard has effects: Array(0)
 HarmonyTokenOverlay: Card 2hazard has Harmony token: undefined
 DiscordTokenOverlay: Card 2hazard has effects: Array(0)
 DiscordTokenOverlay: Card 2hazard has Discord token: undefined
 Attempting to play placement sound...
 Placement audio source: /owcardgame/static/media/placement.445605f26d71501234a7.mp3
 Created placement audio object: 
 Playing hazard enter sound...
 ZaryaTokenOverlay: Card 2hazard has Zarya token: undefined
 HarmonyTokenOverlay: Card 2hazard has effects: Array(0)
 HarmonyTokenOverlay: Card 2hazard has Harmony token: undefined
 DiscordTokenOverlay: Card 2hazard has effects: Array(0)
 DiscordTokenOverlay: Card 2hazard has Discord token: undefined
 HealthCounter for 2tracer: Object
 HealthCounter: Showing normal HP 3 for 2tracer
 ZaryaTokenOverlay: Card 2tracer has Zarya token: undefined
 HarmonyTokenOverlay: Card 2tracer has effects: Array(0)
 HarmonyTokenOverlay: Card 2tracer has Harmony token: undefined
 DiscordTokenOverlay: Card 2tracer has effects: Array(0)
 DiscordTokenOverlay: Card 2tracer has Discord token: undefined
 HealthCounter for 2orisa: Object
 HealthCounter: Showing normal HP 5 for 2orisa
 ZaryaTokenOverlay: Card 2orisa has Zarya token: undefined
 HarmonyTokenOverlay: Card 2orisa has effects: Array(2)
 HarmonyTokenOverlay: Card 2orisa has Harmony token: undefined
 DiscordTokenOverlay: Card 2orisa has effects: Array(2)
 DiscordTokenOverlay: Card 2orisa has Discord token: undefined
 HealthCounter for 2lifeweaver: Object
 HealthCounter: Showing normal HP 3 for 2lifeweaver
 ZaryaTokenOverlay: Card 2lifeweaver has Zarya token: undefined
 HarmonyTokenOverlay: Card 2lifeweaver has effects: Array(0)
 HarmonyTokenOverlay: Card 2lifeweaver has Harmony token: undefined
 DiscordTokenOverlay: Card 2lifeweaver has effects: Array(0)
 DiscordTokenOverlay: Card 2lifeweaver has Discord token: undefined
 HealthCounter for 2bastion: Object
 HealthCounter: Showing normal HP 4 for 2bastion
 ZaryaTokenOverlay: Card 2bastion has Zarya token: undefined
 HarmonyTokenOverlay: Card 2bastion has effects: Array(1)
 HarmonyTokenOverlay: Card 2bastion has Harmony token: undefined
 DiscordTokenOverlay: Card 2bastion has effects: Array(1)
 DiscordTokenOverlay: Card 2bastion has Discord token: undefined
 TurnEffectsRunner: useEffect triggered Object
 TurnEffectsRunner: Turn change check Object
 HealthCounter for 2hazard: Object
 HealthCounter: Showing normal HP 4 for 2hazard
 ZaryaTokenOverlay: Card 2hazard has Zarya token: undefined
 HarmonyTokenOverlay: Card 2hazard has effects: Array(0)
 HarmonyTokenOverlay: Card 2hazard has Harmony token: undefined
 DiscordTokenOverlay: Card 2hazard has effects: Array(0)
 DiscordTokenOverlay: Card 2hazard has Discord token: undefined
 HealthCounter for 2tracer: Object
 HealthCounter: Showing normal HP 3 for 2tracer
 ZaryaTokenOverlay: Card 2tracer has Zarya token: undefined
 HarmonyTokenOverlay: Card 2tracer has effects: Array(0)
 HarmonyTokenOverlay: Card 2tracer has Harmony token: undefined
 DiscordTokenOverlay: Card 2tracer has effects: Array(0)
 DiscordTokenOverlay: Card 2tracer has Discord token: undefined
 HealthCounter for 2orisa: Object
 HealthCounter: Showing normal HP 5 for 2orisa
 ZaryaTokenOverlay: Card 2orisa has Zarya token: undefined
 HarmonyTokenOverlay: Card 2orisa has effects: Array(2)
 HarmonyTokenOverlay: Card 2orisa has Harmony token: undefined
 DiscordTokenOverlay: Card 2orisa has effects: Array(2)
 DiscordTokenOverlay: Card 2orisa has Discord token: undefined
 HealthCounter for 2lifeweaver: Object
 HealthCounter: Showing normal HP 3 for 2lifeweaver
 ZaryaTokenOverlay: Card 2lifeweaver has Zarya token: undefined
 HarmonyTokenOverlay: Card 2lifeweaver has effects: Array(0)
 HarmonyTokenOverlay: Card 2lifeweaver has Harmony token: undefined
 DiscordTokenOverlay: Card 2lifeweaver has effects: Array(0)
 DiscordTokenOverlay: Card 2lifeweaver has Discord token: undefined
 HealthCounter for 2bastion: Object
 HealthCounter: Showing normal HP 4 for 2bastion
 ZaryaTokenOverlay: Card 2bastion has Zarya token: undefined
 HarmonyTokenOverlay: Card 2bastion has effects: Array(1)
 HarmonyTokenOverlay: Card 2bastion has Harmony token: undefined
 DiscordTokenOverlay: Card 2bastion has effects: Array(1)
 DiscordTokenOverlay: Card 2bastion has Discord token: undefined
 TurnEffectsRunner: useEffect triggered Object
 TurnEffectsRunner: Turn change check Object
 HealthCounter for 2hazard: Object
 HealthCounter: Showing normal HP 4 for 2hazard
 ZaryaTokenOverlay: Card 2hazard has Zarya token: undefined
 HarmonyTokenOverlay: Card 2hazard has effects: Array(0)
 HarmonyTokenOverlay: Card 2hazard has Harmony token: undefined
 DiscordTokenOverlay: Card 2hazard has effects: Array(0)
 DiscordTokenOverlay: Card 2hazard has Discord token: undefined
 HealthCounter for 2tracer: Object
 HealthCounter: Showing normal HP 3 for 2tracer
 ZaryaTokenOverlay: Card 2tracer has Zarya token: undefined
 HarmonyTokenOverlay: Card 2tracer has effects: Array(0)
 HarmonyTokenOverlay: Card 2tracer has Harmony token: undefined
 DiscordTokenOverlay: Card 2tracer has effects: Array(0)
 DiscordTokenOverlay: Card 2tracer has Discord token: undefined
 HealthCounter for 2orisa: Object
 HealthCounter: Showing normal HP 5 for 2orisa
 ZaryaTokenOverlay: Card 2orisa has Zarya token: undefined
 HarmonyTokenOverlay: Card 2orisa has effects: Array(2)
 HarmonyTokenOverlay: Card 2orisa has Harmony token: undefined
 DiscordTokenOverlay: Card 2orisa has effects: Array(2)
 DiscordTokenOverlay: Card 2orisa has Discord token: undefined
 HealthCounter for 2lifeweaver: Object
 HealthCounter: Showing normal HP 3 for 2lifeweaver
 ZaryaTokenOverlay: Card 2lifeweaver has Zarya token: undefined
 HarmonyTokenOverlay: Card 2lifeweaver has effects: Array(0)
 HarmonyTokenOverlay: Card 2lifeweaver has Harmony token: undefined
 DiscordTokenOverlay: Card 2lifeweaver has effects: Array(0)
 DiscordTokenOverlay: Card 2lifeweaver has Discord token: undefined
 HealthCounter for 2bastion: Object
 HealthCounter: Showing normal HP 4 for 2bastion
 ZaryaTokenOverlay: Card 2bastion has Zarya token: undefined
 HarmonyTokenOverlay: Card 2bastion has effects: Array(1)
 HarmonyTokenOverlay: Card 2bastion has Harmony token: undefined
 DiscordTokenOverlay: Card 2bastion has effects: Array(1)
 DiscordTokenOverlay: Card 2bastion has Discord token: undefined
 Placement sound played successfully
 hazard enter sound played successfully
 HealthCounter for 1pharah: Object
 HealthCounter: Showing normal HP 4 for 1pharah
 ZaryaTokenOverlay: Card 1pharah has Zarya token: undefined
 HarmonyTokenOverlay: Card 1pharah has effects: Array(0)
 HarmonyTokenOverlay: Card 1pharah has Harmony token: undefined
 DiscordTokenOverlay: Card 1pharah has effects: Array(0)
 DiscordTokenOverlay: Card 1pharah has Discord token: undefined
 HealthCounter for 1roadhog: Object
 HealthCounter: Showing normal HP 5 for 1roadhog
 ZaryaTokenOverlay: Card 1roadhog has Zarya token: undefined
 HarmonyTokenOverlay: Card 1roadhog has effects: Array(0)
 HarmonyTokenOverlay: Card 1roadhog has Harmony token: undefined
 DiscordTokenOverlay: Card 1roadhog has effects: Array(0)
 DiscordTokenOverlay: Card 1roadhog has Discord token: undefined
 HealthCounter for 1zenyatta: Object
 HealthCounter: Showing normal HP 2 for 1zenyatta
 ZaryaTokenOverlay: Card 1zenyatta has Zarya token: undefined
 HarmonyTokenOverlay: Card 1zenyatta has effects: Array(2)
 HarmonyTokenOverlay: Card 1zenyatta has Harmony token: undefined
 DiscordTokenOverlay: Card 1zenyatta has effects: Array(2)
 DiscordTokenOverlay: Card 1zenyatta has Discord token: undefined
 HealthCounter for 1junkrat: Object
 HealthCounter: Showing normal HP 3 for 1junkrat
 ZaryaTokenOverlay: Card 1junkrat has Zarya token: undefined
 HarmonyTokenOverlay: Card 1junkrat has effects: Array(0)
 HarmonyTokenOverlay: Card 1junkrat has Harmony token: undefined
 DiscordTokenOverlay: Card 1junkrat has effects: Array(0)
 DiscordTokenOverlay: Card 1junkrat has Discord token: undefined
 HealthCounter for 2hazard: Object
 HealthCounter: Showing normal HP 4 for 2hazard
 ZaryaTokenOverlay: Card 2hazard has Zarya token: undefined
 HarmonyTokenOverlay: Card 2hazard has effects: Array(0)
 HarmonyTokenOverlay: Card 2hazard has Harmony token: undefined
 DiscordTokenOverlay: Card 2hazard has effects: Array(0)
 DiscordTokenOverlay: Card 2hazard has Discord token: undefined
 Player 1 drew reaper
 Playing reaper intro sound...
 TurnEffectsRunner: useEffect triggered Object
 TurnEffectsRunner: Turn change check Object
 TurnEffectsRunner: Turn changed, processing effects
 Lifeweaver: Starting temporary HP cleanup for player 1
 Lifeweaver: No temporary HP effects found to clean up for player 1
 Lifeweaver: Temporary HP cleanup completed
 TurnEffectsRunner: Checking row 1b with 0 ally effects and 0 enemy effects
 TurnEffectsRunner: Checking row 1m with 0 ally effects and 0 enemy effects
 TurnEffectsRunner: Checking row 1f with 0 ally effects and 0 enemy effects
 HealthCounter for 1pharah: Object
 HealthCounter: Showing normal HP 4 for 1pharah
 ZaryaTokenOverlay: Card 1pharah has Zarya token: undefined
 HarmonyTokenOverlay: Card 1pharah has effects: Array(0)
 HarmonyTokenOverlay: Card 1pharah has Harmony token: undefined
 DiscordTokenOverlay: Card 1pharah has effects: Array(0)
 DiscordTokenOverlay: Card 1pharah has Discord token: undefined
 HealthCounter for 1roadhog: Object
 HealthCounter: Showing normal HP 5 for 1roadhog
 ZaryaTokenOverlay: Card 1roadhog has Zarya token: undefined
 HarmonyTokenOverlay: Card 1roadhog has effects: Array(0)
 HarmonyTokenOverlay: Card 1roadhog has Harmony token: undefined
 DiscordTokenOverlay: Card 1roadhog has effects: Array(0)
 DiscordTokenOverlay: Card 1roadhog has Discord token: undefined
 HealthCounter for 1zenyatta: Object
 HealthCounter: Showing normal HP 2 for 1zenyatta
 ZaryaTokenOverlay: Card 1zenyatta has Zarya token: undefined
 HarmonyTokenOverlay: Card 1zenyatta has effects: Array(2)
 HarmonyTokenOverlay: Card 1zenyatta has Harmony token: undefined
 DiscordTokenOverlay: Card 1zenyatta has effects: Array(2)
 DiscordTokenOverlay: Card 1zenyatta has Discord token: undefined
 HealthCounter for 1junkrat: Object
 HealthCounter: Showing normal HP 3 for 1junkrat
 ZaryaTokenOverlay: Card 1junkrat has Zarya token: undefined
 HarmonyTokenOverlay: Card 1junkrat has effects: Array(0)
 HarmonyTokenOverlay: Card 1junkrat has Harmony token: undefined
 DiscordTokenOverlay: Card 1junkrat has effects: Array(0)
 DiscordTokenOverlay: Card 1junkrat has Discord token: undefined
 ZaryaTokenOverlay: Card 1reaper has Zarya token: undefined
 HarmonyTokenOverlay: Card 1reaper has effects: Array(0)
 HarmonyTokenOverlay: Card 1reaper has Harmony token: undefined
 DiscordTokenOverlay: Card 1reaper has effects: Array(0)
 DiscordTokenOverlay: Card 1reaper has Discord token: undefined
 HealthCounter for 2hazard: Object
 HealthCounter: Showing normal HP 4 for 2hazard
 ZaryaTokenOverlay: Card 2hazard has Zarya token: undefined
 HarmonyTokenOverlay: Card 2hazard has effects: Array(0)
 HarmonyTokenOverlay: Card 2hazard has Harmony token: undefined
 DiscordTokenOverlay: Card 2hazard has effects: Array(0)
 DiscordTokenOverlay: Card 2hazard has Discord token: undefined
 TurnEffectsRunner: useEffect triggered Object
 TurnEffectsRunner: Turn change check Object
 HealthCounter for 1pharah: Object
 HealthCounter: Showing normal HP 4 for 1pharah
 ZaryaTokenOverlay: Card 1pharah has Zarya token: undefined
 HarmonyTokenOverlay: Card 1pharah has effects: Array(0)
 HarmonyTokenOverlay: Card 1pharah has Harmony token: undefined
 DiscordTokenOverlay: Card 1pharah has effects: Array(0)
 DiscordTokenOverlay: Card 1pharah has Discord token: undefined
 HealthCounter for 1roadhog: Object
 HealthCounter: Showing normal HP 5 for 1roadhog
 ZaryaTokenOverlay: Card 1roadhog has Zarya token: undefined
 HarmonyTokenOverlay: Card 1roadhog has effects: Array(0)
 HarmonyTokenOverlay: Card 1roadhog has Harmony token: undefined
 DiscordTokenOverlay: Card 1roadhog has effects: Array(0)
 DiscordTokenOverlay: Card 1roadhog has Discord token: undefined
 HealthCounter for 1zenyatta: Object
 HealthCounter: Showing normal HP 2 for 1zenyatta
 ZaryaTokenOverlay: Card 1zenyatta has Zarya token: undefined
 HarmonyTokenOverlay: Card 1zenyatta has effects: Array(2)
 HarmonyTokenOverlay: Card 1zenyatta has Harmony token: undefined
 DiscordTokenOverlay: Card 1zenyatta has effects: Array(2)
 DiscordTokenOverlay: Card 1zenyatta has Discord token: undefined
 HealthCounter for 1junkrat: Object
 HealthCounter: Showing normal HP 3 for 1junkrat
 ZaryaTokenOverlay: Card 1junkrat has Zarya token: undefined
 HarmonyTokenOverlay: Card 1junkrat has effects: Array(0)
 HarmonyTokenOverlay: Card 1junkrat has Harmony token: undefined
 DiscordTokenOverlay: Card 1junkrat has effects: Array(0)
 DiscordTokenOverlay: Card 1junkrat has Discord token: undefined
 ZaryaTokenOverlay: Card 1reaper has Zarya token: undefined
 HarmonyTokenOverlay: Card 1reaper has effects: Array(0)
 HarmonyTokenOverlay: Card 1reaper has Harmony token: undefined
 DiscordTokenOverlay: Card 1reaper has effects: Array(0)
 DiscordTokenOverlay: Card 1reaper has Discord token: undefined
 HealthCounter for 2hazard: Object
 HealthCounter: Showing normal HP 4 for 2hazard
 ZaryaTokenOverlay: Card 2hazard has Zarya token: undefined
 HarmonyTokenOverlay: Card 2hazard has effects: Array(0)
 HarmonyTokenOverlay: Card 2hazard has Harmony token: undefined
 DiscordTokenOverlay: Card 2hazard has effects: Array(0)
 DiscordTokenOverlay: Card 2hazard has Discord token: undefined
 HealthCounter for 1reaper: Object
 HealthCounter: Showing normal HP 4 for 1reaper
 ZaryaTokenOverlay: Card 1reaper has Zarya token: undefined
 HarmonyTokenOverlay: Card 1reaper has effects: Array(0)
 HarmonyTokenOverlay: Card 1reaper has Harmony token: undefined
 DiscordTokenOverlay: Card 1reaper has effects: Array(0)
 DiscordTokenOverlay: Card 1reaper has Discord token: undefined
 reaper intro sound played successfully
 HealthCounter for 1pharah: Object
 HealthCounter: Showing normal HP 4 for 1pharah
 ZaryaTokenOverlay: Card 1pharah has Zarya token: undefined
 HarmonyTokenOverlay: Card 1pharah has effects: Array(0)
 HarmonyTokenOverlay: Card 1pharah has Harmony token: undefined
 DiscordTokenOverlay: Card 1pharah has effects: Array(0)
 DiscordTokenOverlay: Card 1pharah has Discord token: undefined
 HealthCounter for 1roadhog: Object
 HealthCounter: Showing normal HP 5 for 1roadhog
 ZaryaTokenOverlay: Card 1roadhog has Zarya token: undefined
 HarmonyTokenOverlay: Card 1roadhog has effects: Array(0)
 HarmonyTokenOverlay: Card 1roadhog has Harmony token: undefined
 DiscordTokenOverlay: Card 1roadhog has effects: Array(0)
 DiscordTokenOverlay: Card 1roadhog has Discord token: undefined
 HealthCounter for 1zenyatta: Object
 HealthCounter: Showing normal HP 2 for 1zenyatta
 ZaryaTokenOverlay: Card 1zenyatta has Zarya token: undefined
 HarmonyTokenOverlay: Card 1zenyatta has effects: Array(2)
 HarmonyTokenOverlay: Card 1zenyatta has Harmony token: undefined
 DiscordTokenOverlay: Card 1zenyatta has effects: Array(2)
 DiscordTokenOverlay: Card 1zenyatta has Discord token: undefined
 HealthCounter for 1junkrat: Object
 HealthCounter: Showing normal HP 3 for 1junkrat
 ZaryaTokenOverlay: Card 1junkrat has Zarya token: undefined
 HarmonyTokenOverlay: Card 1junkrat has effects: Array(0)
 HarmonyTokenOverlay: Card 1junkrat has Harmony token: undefined
 DiscordTokenOverlay: Card 1junkrat has effects: Array(0)
 DiscordTokenOverlay: Card 1junkrat has Discord token: undefined
 HealthCounter for 1reaper: Object
 HealthCounter: Showing normal HP 4 for 1reaper
 ZaryaTokenOverlay: Card 1reaper has Zarya token: undefined
 HarmonyTokenOverlay: Card 1reaper has effects: Array(0)
 HarmonyTokenOverlay: Card 1reaper has Harmony token: undefined
 DiscordTokenOverlay: Card 1reaper has effects: Array(0)
 DiscordTokenOverlay: Card 1reaper has Discord token: undefined
 HealthCounter for 2hazard: Object
 HealthCounter: Showing normal HP 4 for 2hazard
 ZaryaTokenOverlay: Card 2hazard has Zarya token: undefined
 HarmonyTokenOverlay: Card 2hazard has effects: Array(0)
 HarmonyTokenOverlay: Card 2hazard has Harmony token: undefined
 DiscordTokenOverlay: Card 2hazard has effects: Array(0)
 DiscordTokenOverlay: Card 2hazard has Discord token: undefined
 Object
 HealthCounter for 1reaper: Object
 HealthCounter: Showing normal HP 4 for 1reaper
 ZaryaTokenOverlay: Card 1reaper has Zarya token: undefined
 HarmonyTokenOverlay: Card 1reaper has effects: Array(0)
 HarmonyTokenOverlay: Card 1reaper has Harmony token: undefined
 DiscordTokenOverlay: Card 1reaper has effects: Array(0)
 DiscordTokenOverlay: Card 1reaper has Discord token: undefined
 HealthCounter for 1reaper: Object
 HealthCounter: Showing normal HP 4 for 1reaper
 ZaryaTokenOverlay: Card 1reaper has Zarya token: undefined
 HarmonyTokenOverlay: Card 1reaper has effects: Array(0)
 HarmonyTokenOverlay: Card 1reaper has Harmony token: undefined
 DiscordTokenOverlay: Card 1reaper has effects: Array(0)
 DiscordTokenOverlay: Card 1reaper has Discord token: undefined
 HealthCounter for 1pharah: Object
 HealthCounter: Showing normal HP 4 for 1pharah
 ZaryaTokenOverlay: Card 1pharah has Zarya token: undefined
 HarmonyTokenOverlay: Card 1pharah has effects: Array(0)
 HarmonyTokenOverlay: Card 1pharah has Harmony token: undefined
 DiscordTokenOverlay: Card 1pharah has effects: Array(0)
 DiscordTokenOverlay: Card 1pharah has Discord token: undefined
 HealthCounter for 1reaper: Object
 HealthCounter: Showing normal HP 4 for 1reaper
 ZaryaTokenOverlay: Card 1reaper has Zarya token: undefined
 HarmonyTokenOverlay: Card 1reaper has effects: Array(0)
 HarmonyTokenOverlay: Card 1reaper has Harmony token: undefined
 DiscordTokenOverlay: Card 1reaper has effects: Array(0)
 DiscordTokenOverlay: Card 1reaper has Discord token: undefined
 HealthCounter for 1reaper: Object
 HealthCounter: Showing normal HP 4 for 1reaper
 ZaryaTokenOverlay: Card 1reaper has Zarya token: undefined
 HarmonyTokenOverlay: Card 1reaper has effects: Array(0)
 HarmonyTokenOverlay: Card 1reaper has Harmony token: undefined
 DiscordTokenOverlay: Card 1reaper has effects: Array(0)
 DiscordTokenOverlay: Card 1reaper has Discord token: undefined
 HealthCounter for 1reaper: Object
 HealthCounter: Showing normal HP 4 for 1reaper
 ZaryaTokenOverlay: Card 1reaper has Zarya token: undefined
 HarmonyTokenOverlay: Card 1reaper has effects: Array(0)
 HarmonyTokenOverlay: Card 1reaper has Harmony token: undefined
 DiscordTokenOverlay: Card 1reaper has effects: Array(0)
 DiscordTokenOverlay: Card 1reaper has Discord token: undefined
 HealthCounter for 1reaper: Object
 HealthCounter: Showing normal HP 4 for 1reaper
 ZaryaTokenOverlay: Card 1reaper has Zarya token: undefined
 HarmonyTokenOverlay: Card 1reaper has effects: Array(0)
 HarmonyTokenOverlay: Card 1reaper has Harmony token: undefined
 DiscordTokenOverlay: Card 1reaper has effects: Array(0)
 DiscordTokenOverlay: Card 1reaper has Discord token: undefined
 HealthCounter for 1reaper: Object
 HealthCounter: Showing normal HP 4 for 1reaper
 ZaryaTokenOverlay: Card 1reaper has Zarya token: undefined
 HarmonyTokenOverlay: Card 1reaper has effects: Array(0)
 HarmonyTokenOverlay: Card 1reaper has Harmony token: undefined
 DiscordTokenOverlay: Card 1reaper has effects: Array(0)
 DiscordTokenOverlay: Card 1reaper has Discord token: undefined
 HealthCounter for 1reaper: Object
 HealthCounter: Showing normal HP 4 for 1reaper
 ZaryaTokenOverlay: Card 1reaper has Zarya token: undefined
 HarmonyTokenOverlay: Card 1reaper has effects: Array(0)
 HarmonyTokenOverlay: Card 1reaper has Harmony token: undefined
 DiscordTokenOverlay: Card 1reaper has effects: Array(0)
 DiscordTokenOverlay: Card 1reaper has Discord token: undefined
 HealthCounter for 1reaper: Object
 HealthCounter: Showing normal HP 4 for 1reaper
 ZaryaTokenOverlay: Card 1reaper has Zarya token: undefined
 HarmonyTokenOverlay: Card 1reaper has effects: Array(0)
 HarmonyTokenOverlay: Card 1reaper has Harmony token: undefined
 DiscordTokenOverlay: Card 1reaper has effects: Array(0)
 DiscordTokenOverlay: Card 1reaper has Discord token: undefined
 HealthCounter for 1reaper: Object
 HealthCounter: Showing normal HP 4 for 1reaper
 ZaryaTokenOverlay: Card 1reaper has Zarya token: undefined
 HarmonyTokenOverlay: Card 1reaper has effects: Array(0)
 HarmonyTokenOverlay: Card 1reaper has Harmony token: undefined
 DiscordTokenOverlay: Card 1reaper has effects: Array(0)
 DiscordTokenOverlay: Card 1reaper has Discord token: undefined
 HealthCounter for 1pharah: Object
 HealthCounter: Showing normal HP 4 for 1pharah
 ZaryaTokenOverlay: Card 1pharah has Zarya token: undefined
 HarmonyTokenOverlay: Card 1pharah has effects: Array(0)
 HarmonyTokenOverlay: Card 1pharah has Harmony token: undefined
 DiscordTokenOverlay: Card 1pharah has effects: Array(0)
 DiscordTokenOverlay: Card 1pharah has Discord token: undefined
 HealthCounter for 1roadhog: Object
 HealthCounter: Showing normal HP 5 for 1roadhog
 ZaryaTokenOverlay: Card 1roadhog has Zarya token: undefined
 HarmonyTokenOverlay: Card 1roadhog has effects: Array(0)
 HarmonyTokenOverlay: Card 1roadhog has Harmony token: undefined
 DiscordTokenOverlay: Card 1roadhog has effects: Array(0)
 DiscordTokenOverlay: Card 1roadhog has Discord token: undefined
 HealthCounter for 1zenyatta: Object
 HealthCounter: Showing normal HP 2 for 1zenyatta
 ZaryaTokenOverlay: Card 1zenyatta has Zarya token: undefined
 HarmonyTokenOverlay: Card 1zenyatta has effects: Array(2)
 HarmonyTokenOverlay: Card 1zenyatta has Harmony token: undefined
 DiscordTokenOverlay: Card 1zenyatta has effects: Array(2)
 DiscordTokenOverlay: Card 1zenyatta has Discord token: undefined
 HealthCounter for 1junkrat: Object
 HealthCounter: Showing normal HP 3 for 1junkrat
 ZaryaTokenOverlay: Card 1junkrat has Zarya token: undefined
 HarmonyTokenOverlay: Card 1junkrat has effects: Array(0)
 HarmonyTokenOverlay: Card 1junkrat has Harmony token: undefined
 DiscordTokenOverlay: Card 1junkrat has effects: Array(0)
 DiscordTokenOverlay: Card 1junkrat has Discord token: undefined
 HealthCounter for 1reaper: Object
 HealthCounter: Showing normal HP 4 for 1reaper
 ZaryaTokenOverlay: Card 1reaper has Zarya token: undefined
 HarmonyTokenOverlay: Card 1reaper has effects: Array(0)
 HarmonyTokenOverlay: Card 1reaper has Harmony token: undefined
 DiscordTokenOverlay: Card 1reaper has effects: Array(0)
 DiscordTokenOverlay: Card 1reaper has Discord token: undefined
 HealthCounter for 1reaper: Object
 HealthCounter: Showing normal HP 4 for 1reaper
 ZaryaTokenOverlay: Card 1reaper has Zarya token: undefined
 HarmonyTokenOverlay: Card 1reaper has effects: Array(0)
 HarmonyTokenOverlay: Card 1reaper has Harmony token: undefined
 DiscordTokenOverlay: Card 1reaper has effects: Array(0)
 DiscordTokenOverlay: Card 1reaper has Discord token: undefined
 HealthCounter for 1reaper: Object
 HealthCounter: Showing normal HP 4 for 1reaper
 ZaryaTokenOverlay: Card 1reaper has Zarya token: undefined
 HarmonyTokenOverlay: Card 1reaper has effects: Array(0)
 HarmonyTokenOverlay: Card 1reaper has Harmony token: undefined
 DiscordTokenOverlay: Card 1reaper has effects: Array(0)
 DiscordTokenOverlay: Card 1reaper has Discord token: undefined
 HealthCounter for 1reaper: Object
 HealthCounter: Showing normal HP 4 for 1reaper
 ZaryaTokenOverlay: Card 1reaper has Zarya token: undefined
 HarmonyTokenOverlay: Card 1reaper has effects: Array(0)
 HarmonyTokenOverlay: Card 1reaper has Harmony token: undefined
 DiscordTokenOverlay: Card 1reaper has effects: Array(0)
 DiscordTokenOverlay: Card 1reaper has Discord token: undefined
 HealthCounter for 1reaper: Object
 HealthCounter: Showing normal HP 4 for 1reaper
 ZaryaTokenOverlay: Card 1reaper has Zarya token: undefined
 HarmonyTokenOverlay: Card 1reaper has effects: Array(0)
 HarmonyTokenOverlay: Card 1reaper has Harmony token: undefined
 DiscordTokenOverlay: Card 1reaper has effects: Array(0)
 DiscordTokenOverlay: Card 1reaper has Discord token: undefined
 HealthCounter for 1reaper: Object
 HealthCounter: Showing normal HP 4 for 1reaper
 ZaryaTokenOverlay: Card 1reaper has Zarya token: undefined
 HarmonyTokenOverlay: Card 1reaper has effects: Array(0)
 HarmonyTokenOverlay: Card 1reaper has Harmony token: undefined
 DiscordTokenOverlay: Card 1reaper has effects: Array(0)
 DiscordTokenOverlay: Card 1reaper has Discord token: undefined
 HealthCounter for 1reaper: Object
 HealthCounter: Showing normal HP 4 for 1reaper
 ZaryaTokenOverlay: Card 1reaper has Zarya token: undefined
 HarmonyTokenOverlay: Card 1reaper has effects: Array(0)
 HarmonyTokenOverlay: Card 1reaper has Harmony token: undefined
 DiscordTokenOverlay: Card 1reaper has effects: Array(0)
 DiscordTokenOverlay: Card 1reaper has Discord token: undefined
 HealthCounter for 1reaper: Object
 HealthCounter: Showing normal HP 4 for 1reaper
 ZaryaTokenOverlay: Card 1reaper has Zarya token: undefined
 HarmonyTokenOverlay: Card 1reaper has effects: Array(0)
 HarmonyTokenOverlay: Card 1reaper has Harmony token: undefined
 DiscordTokenOverlay: Card 1reaper has effects: Array(0)
 DiscordTokenOverlay: Card 1reaper has Discord token: undefined
 HealthCounter for 1reaper: Object
 HealthCounter: Showing normal HP 4 for 1reaper
 ZaryaTokenOverlay: Card 1reaper has Zarya token: undefined
 HarmonyTokenOverlay: Card 1reaper has effects: Array(0)
 HarmonyTokenOverlay: Card 1reaper has Harmony token: undefined
 DiscordTokenOverlay: Card 1reaper has effects: Array(0)
 DiscordTokenOverlay: Card 1reaper has Discord token: undefined
 HealthCounter for 1reaper: Object
 HealthCounter: Showing normal HP 4 for 1reaper
 ZaryaTokenOverlay: Card 1reaper has Zarya token: undefined
 HarmonyTokenOverlay: Card 1reaper has effects: Array(0)
 HarmonyTokenOverlay: Card 1reaper has Harmony token: undefined
 DiscordTokenOverlay: Card 1reaper has effects: Array(0)
 DiscordTokenOverlay: Card 1reaper has Discord token: undefined
 HealthCounter for 1reaper: Object
 HealthCounter: Showing normal HP 4 for 1reaper
 ZaryaTokenOverlay: Card 1reaper has Zarya token: undefined
 HarmonyTokenOverlay: Card 1reaper has effects: Array(0)
 HarmonyTokenOverlay: Card 1reaper has Harmony token: undefined
 DiscordTokenOverlay: Card 1reaper has effects: Array(0)
 DiscordTokenOverlay: Card 1reaper has Discord token: undefined
 HealthCounter for 1reaper: Object
 HealthCounter: Showing normal HP 4 for 1reaper
 ZaryaTokenOverlay: Card 1reaper has Zarya token: undefined
 HarmonyTokenOverlay: Card 1reaper has effects: Array(0)
 HarmonyTokenOverlay: Card 1reaper has Harmony token: undefined
 DiscordTokenOverlay: Card 1reaper has effects: Array(0)
 DiscordTokenOverlay: Card 1reaper has Discord token: undefined
 HealthCounter for 1reaper: Object
 HealthCounter: Showing normal HP 4 for 1reaper
 ZaryaTokenOverlay: Card 1reaper has Zarya token: undefined
 HarmonyTokenOverlay: Card 1reaper has effects: Array(0)
 HarmonyTokenOverlay: Card 1reaper has Harmony token: undefined
 DiscordTokenOverlay: Card 1reaper has effects: Array(0)
 DiscordTokenOverlay: Card 1reaper has Discord token: undefined
 HealthCounter for 1reaper: Object
 HealthCounter: Showing normal HP 4 for 1reaper
 ZaryaTokenOverlay: Card 1reaper has Zarya token: undefined
 HarmonyTokenOverlay: Card 1reaper has effects: Array(0)
 HarmonyTokenOverlay: Card 1reaper has Harmony token: undefined
 DiscordTokenOverlay: Card 1reaper has effects: Array(0)
 DiscordTokenOverlay: Card 1reaper has Discord token: undefined
 HealthCounter for 1reaper: Object
 HealthCounter: Showing normal HP 4 for 1reaper
 ZaryaTokenOverlay: Card 1reaper has Zarya token: undefined
 HarmonyTokenOverlay: Card 1reaper has effects: Array(0)
 HarmonyTokenOverlay: Card 1reaper has Harmony token: undefined
 DiscordTokenOverlay: Card 1reaper has effects: Array(0)
 DiscordTokenOverlay: Card 1reaper has Discord token: undefined
 HealthCounter for 1reaper: Object
 HealthCounter: Showing normal HP 4 for 1reaper
 ZaryaTokenOverlay: Card 1reaper has Zarya token: undefined
 HarmonyTokenOverlay: Card 1reaper has effects: Array(0)
 HarmonyTokenOverlay: Card 1reaper has Harmony token: undefined
 DiscordTokenOverlay: Card 1reaper has effects: Array(0)
 DiscordTokenOverlay: Card 1reaper has Discord token: undefined
 HealthCounter for 1reaper: Object
 HealthCounter: Showing normal HP 4 for 1reaper
 ZaryaTokenOverlay: Card 1reaper has Zarya token: undefined
 HarmonyTokenOverlay: Card 1reaper has effects: Array(0)
 HarmonyTokenOverlay: Card 1reaper has Harmony token: undefined
 DiscordTokenOverlay: Card 1reaper has effects: Array(0)
 DiscordTokenOverlay: Card 1reaper has Discord token: undefined
 HealthCounter for 1reaper: Object
 HealthCounter: Showing normal HP 4 for 1reaper
 ZaryaTokenOverlay: Card 1reaper has Zarya token: undefined
 HarmonyTokenOverlay: Card 1reaper has effects: Array(0)
 HarmonyTokenOverlay: Card 1reaper has Harmony token: undefined
 DiscordTokenOverlay: Card 1reaper has effects: Array(0)
 DiscordTokenOverlay: Card 1reaper has Discord token: undefined
 HealthCounter for 1reaper: Object
 HealthCounter: Showing normal HP 4 for 1reaper
 ZaryaTokenOverlay: Card 1reaper has Zarya token: undefined
 HarmonyTokenOverlay: Card 1reaper has effects: Array(0)
 HarmonyTokenOverlay: Card 1reaper has Harmony token: undefined
 DiscordTokenOverlay: Card 1reaper has effects: Array(0)
 DiscordTokenOverlay: Card 1reaper has Discord token: undefined
 HealthCounter for 1reaper: Object
 HealthCounter: Showing normal HP 4 for 1reaper
 ZaryaTokenOverlay: Card 1reaper has Zarya token: undefined
 HarmonyTokenOverlay: Card 1reaper has effects: Array(0)
 HarmonyTokenOverlay: Card 1reaper has Harmony token: undefined
 DiscordTokenOverlay: Card 1reaper has effects: Array(0)
 DiscordTokenOverlay: Card 1reaper has Discord token: undefined
 HealthCounter for 1reaper: Object
 HealthCounter: Showing normal HP 4 for 1reaper
 ZaryaTokenOverlay: Card 1reaper has Zarya token: undefined
 HarmonyTokenOverlay: Card 1reaper has effects: Array(0)
 HarmonyTokenOverlay: Card 1reaper has Harmony token: undefined
 DiscordTokenOverlay: Card 1reaper has effects: Array(0)
 DiscordTokenOverlay: Card 1reaper has Discord token: undefined
 HealthCounter for 1reaper: Object
 HealthCounter: Showing normal HP 4 for 1reaper
 ZaryaTokenOverlay: Card 1reaper has Zarya token: undefined
 HarmonyTokenOverlay: Card 1reaper has effects: Array(0)
 HarmonyTokenOverlay: Card 1reaper has Harmony token: undefined
 DiscordTokenOverlay: Card 1reaper has effects: Array(0)
 DiscordTokenOverlay: Card 1reaper has Discord token: undefined
 HealthCounter for 1reaper: Object
 HealthCounter: Showing normal HP 4 for 1reaper
 ZaryaTokenOverlay: Card 1reaper has Zarya token: undefined
 HarmonyTokenOverlay: Card 1reaper has effects: Array(0)
 HarmonyTokenOverlay: Card 1reaper has Harmony token: undefined
 DiscordTokenOverlay: Card 1reaper has effects: Array(0)
 DiscordTokenOverlay: Card 1reaper has Discord token: undefined
 HealthCounter for 1reaper: Object
 HealthCounter: Showing normal HP 4 for 1reaper
 ZaryaTokenOverlay: Card 1reaper has Zarya token: undefined
 HarmonyTokenOverlay: Card 1reaper has effects: Array(0)
 HarmonyTokenOverlay: Card 1reaper has Harmony token: undefined
 DiscordTokenOverlay: Card 1reaper has effects: Array(0)
 DiscordTokenOverlay: Card 1reaper has Discord token: undefined
 HealthCounter for 1reaper: Object
 HealthCounter: Showing normal HP 4 for 1reaper
 ZaryaTokenOverlay: Card 1reaper has Zarya token: undefined
 HarmonyTokenOverlay: Card 1reaper has effects: Array(0)
 HarmonyTokenOverlay: Card 1reaper has Harmony token: undefined
 DiscordTokenOverlay: Card 1reaper has effects: Array(0)
 DiscordTokenOverlay: Card 1reaper has Discord token: undefined
 HealthCounter for 1reaper: Object
 HealthCounter: Showing normal HP 4 for 1reaper
 ZaryaTokenOverlay: Card 1reaper has Zarya token: undefined
 HarmonyTokenOverlay: Card 1reaper has effects: Array(0)
 HarmonyTokenOverlay: Card 1reaper has Harmony token: undefined
 DiscordTokenOverlay: Card 1reaper has effects: Array(0)
 DiscordTokenOverlay: Card 1reaper has Discord token: undefined
 HealthCounter for 1reaper: Object
 HealthCounter: Showing normal HP 4 for 1reaper
 ZaryaTokenOverlay: Card 1reaper has Zarya token: undefined
 HarmonyTokenOverlay: Card 1reaper has effects: Array(0)
 HarmonyTokenOverlay: Card 1reaper has Harmony token: undefined
 DiscordTokenOverlay: Card 1reaper has effects: Array(0)
 DiscordTokenOverlay: Card 1reaper has Discord token: undefined
 HealthCounter for 1reaper: Object
 HealthCounter: Showing normal HP 4 for 1reaper
 ZaryaTokenOverlay: Card 1reaper has Zarya token: undefined
 HarmonyTokenOverlay: Card 1reaper has effects: Array(0)
 HarmonyTokenOverlay: Card 1reaper has Harmony token: undefined
 DiscordTokenOverlay: Card 1reaper has effects: Array(0)
 DiscordTokenOverlay: Card 1reaper has Discord token: undefined
 HealthCounter for 1reaper: Object
 HealthCounter: Showing normal HP 4 for 1reaper
 ZaryaTokenOverlay: Card 1reaper has Zarya token: undefined
 HarmonyTokenOverlay: Card 1reaper has effects: Array(0)
 HarmonyTokenOverlay: Card 1reaper has Harmony token: undefined
 DiscordTokenOverlay: Card 1reaper has effects: Array(0)
 DiscordTokenOverlay: Card 1reaper has Discord token: undefined
 HealthCounter for 1reaper: Object
 HealthCounter: Showing normal HP 4 for 1reaper
 ZaryaTokenOverlay: Card 1reaper has Zarya token: undefined
 HarmonyTokenOverlay: Card 1reaper has effects: Array(0)
 HarmonyTokenOverlay: Card 1reaper has Harmony token: undefined
 DiscordTokenOverlay: Card 1reaper has effects: Array(0)
 DiscordTokenOverlay: Card 1reaper has Discord token: undefined
 HealthCounter for 1reaper: Object
 HealthCounter: Showing normal HP 4 for 1reaper
 ZaryaTokenOverlay: Card 1reaper has Zarya token: undefined
 HarmonyTokenOverlay: Card 1reaper has effects: Array(0)
 HarmonyTokenOverlay: Card 1reaper has Harmony token: undefined
 DiscordTokenOverlay: Card 1reaper has effects: Array(0)
 DiscordTokenOverlay: Card 1reaper has Discord token: undefined
 HealthCounter for 1reaper: Object
 HealthCounter: Showing normal HP 4 for 1reaper
 ZaryaTokenOverlay: Card 1reaper has Zarya token: undefined
 HarmonyTokenOverlay: Card 1reaper has effects: Array(0)
 HarmonyTokenOverlay: Card 1reaper has Harmony token: undefined
 DiscordTokenOverlay: Card 1reaper has effects: Array(0)
 DiscordTokenOverlay: Card 1reaper has Discord token: undefined
 HealthCounter for 1reaper: Object
 HealthCounter: Showing normal HP 4 for 1reaper
 ZaryaTokenOverlay: Card 1reaper has Zarya token: undefined
 HarmonyTokenOverlay: Card 1reaper has effects: Array(0)
 HarmonyTokenOverlay: Card 1reaper has Harmony token: undefined
 DiscordTokenOverlay: Card 1reaper has effects: Array(0)
 DiscordTokenOverlay: Card 1reaper has Discord token: undefined
 HealthCounter for 1reaper: Object
 HealthCounter: Showing normal HP 4 for 1reaper
 ZaryaTokenOverlay: Card 1reaper has Zarya token: undefined
 HarmonyTokenOverlay: Card 1reaper has effects: Array(0)
 HarmonyTokenOverlay: Card 1reaper has Harmony token: undefined
 DiscordTokenOverlay: Card 1reaper has effects: Array(0)
 DiscordTokenOverlay: Card 1reaper has Discord token: undefined
 HealthCounter for 1reaper: Object
 HealthCounter: Showing normal HP 4 for 1reaper
 ZaryaTokenOverlay: Card 1reaper has Zarya token: undefined
 HarmonyTokenOverlay: Card 1reaper has effects: Array(0)
 HarmonyTokenOverlay: Card 1reaper has Harmony token: undefined
 DiscordTokenOverlay: Card 1reaper has effects: Array(0)
 DiscordTokenOverlay: Card 1reaper has Discord token: undefined
 HealthCounter for 1reaper: Object
 HealthCounter: Showing normal HP 4 for 1reaper
 ZaryaTokenOverlay: Card 1reaper has Zarya token: undefined
 HarmonyTokenOverlay: Card 1reaper has effects: Array(0)
 HarmonyTokenOverlay: Card 1reaper has Harmony token: undefined
 DiscordTokenOverlay: Card 1reaper has effects: Array(0)
 DiscordTokenOverlay: Card 1reaper has Discord token: undefined
 HealthCounter for 1reaper: Object
 HealthCounter: Showing normal HP 4 for 1reaper
 ZaryaTokenOverlay: Card 1reaper has Zarya token: undefined
 HarmonyTokenOverlay: Card 1reaper has effects: Array(0)
 HarmonyTokenOverlay: Card 1reaper has Harmony token: undefined
 DiscordTokenOverlay: Card 1reaper has effects: Array(0)
 DiscordTokenOverlay: Card 1reaper has Discord token: undefined
 HealthCounter for 1reaper: Object
 HealthCounter: Showing normal HP 4 for 1reaper
 ZaryaTokenOverlay: Card 1reaper has Zarya token: undefined
 HarmonyTokenOverlay: Card 1reaper has effects: Array(0)
 HarmonyTokenOverlay: Card 1reaper has Harmony token: undefined
 DiscordTokenOverlay: Card 1reaper has effects: Array(0)
 DiscordTokenOverlay: Card 1reaper has Discord token: undefined
 HealthCounter for 1reaper: Object
 HealthCounter: Showing normal HP 4 for 1reaper
 ZaryaTokenOverlay: Card 1reaper has Zarya token: undefined
 HarmonyTokenOverlay: Card 1reaper has effects: Array(0)
 HarmonyTokenOverlay: Card 1reaper has Harmony token: undefined
 DiscordTokenOverlay: Card 1reaper has effects: Array(0)
 DiscordTokenOverlay: Card 1reaper has Discord token: undefined
 HealthCounter for 1reaper: Object
 HealthCounter: Showing normal HP 4 for 1reaper
 ZaryaTokenOverlay: Card 1reaper has Zarya token: undefined
 HarmonyTokenOverlay: Card 1reaper has effects: Array(0)
 HarmonyTokenOverlay: Card 1reaper has Harmony token: undefined
 DiscordTokenOverlay: Card 1reaper has effects: Array(0)
 DiscordTokenOverlay: Card 1reaper has Discord token: undefined
 HealthCounter for 1reaper: Object
 HealthCounter: Showing normal HP 4 for 1reaper
 ZaryaTokenOverlay: Card 1reaper has Zarya token: undefined
 HarmonyTokenOverlay: Card 1reaper has effects: Array(0)
 HarmonyTokenOverlay: Card 1reaper has Harmony token: undefined
 DiscordTokenOverlay: Card 1reaper has effects: Array(0)
 DiscordTokenOverlay: Card 1reaper has Discord token: undefined
 HealthCounter for 1reaper: Object
 HealthCounter: Showing normal HP 4 for 1reaper
 ZaryaTokenOverlay: Card 1reaper has Zarya token: undefined
 HarmonyTokenOverlay: Card 1reaper has effects: Array(0)
 HarmonyTokenOverlay: Card 1reaper has Harmony token: undefined
 DiscordTokenOverlay: Card 1reaper has effects: Array(0)
 DiscordTokenOverlay: Card 1reaper has Discord token: undefined
 HealthCounter for 1reaper: Object
 HealthCounter: Showing normal HP 4 for 1reaper
 ZaryaTokenOverlay: Card 1reaper has Zarya token: undefined
 HarmonyTokenOverlay: Card 1reaper has effects: Array(0)
 HarmonyTokenOverlay: Card 1reaper has Harmony token: undefined
 DiscordTokenOverlay: Card 1reaper has effects: Array(0)
 DiscordTokenOverlay: Card 1reaper has Discord token: undefined
 HealthCounter for 1reaper: Object
 HealthCounter: Showing normal HP 4 for 1reaper
 ZaryaTokenOverlay: Card 1reaper has Zarya token: undefined
 HarmonyTokenOverlay: Card 1reaper has effects: Array(0)
 HarmonyTokenOverlay: Card 1reaper has Harmony token: undefined
 DiscordTokenOverlay: Card 1reaper has effects: Array(0)
 DiscordTokenOverlay: Card 1reaper has Discord token: undefined
 HealthCounter for 1reaper: Object
 HealthCounter: Showing normal HP 4 for 1reaper
 ZaryaTokenOverlay: Card 1reaper has Zarya token: undefined
 HarmonyTokenOverlay: Card 1reaper has effects: Array(0)
 HarmonyTokenOverlay: Card 1reaper has Harmony token: undefined
 DiscordTokenOverlay: Card 1reaper has effects: Array(0)
 DiscordTokenOverlay: Card 1reaper has Discord token: undefined
 Attempting to play placement sound...
 Placement audio source: /owcardgame/static/media/placement.445605f26d71501234a7.mp3
 Created placement audio object: 
 Playing reaper enter sound...
 HealthCounter for 1pharah: Object
 HealthCounter: Showing normal HP 4 for 1pharah
 ZaryaTokenOverlay: Card 1pharah has Zarya token: undefined
 HarmonyTokenOverlay: Card 1pharah has effects: Array(0)
 HarmonyTokenOverlay: Card 1pharah has Harmony token: undefined
 DiscordTokenOverlay: Card 1pharah has effects: Array(0)
 DiscordTokenOverlay: Card 1pharah has Discord token: undefined
 HealthCounter for 1roadhog: Object
 HealthCounter: Showing normal HP 5 for 1roadhog
 ZaryaTokenOverlay: Card 1roadhog has Zarya token: undefined
 HarmonyTokenOverlay: Card 1roadhog has effects: Array(0)
 HarmonyTokenOverlay: Card 1roadhog has Harmony token: undefined
 DiscordTokenOverlay: Card 1roadhog has effects: Array(0)
 DiscordTokenOverlay: Card 1roadhog has Discord token: undefined
 HealthCounter for 1zenyatta: Object
 HealthCounter: Showing normal HP 2 for 1zenyatta
 ZaryaTokenOverlay: Card 1zenyatta has Zarya token: undefined
 HarmonyTokenOverlay: Card 1zenyatta has effects: Array(2)
 HarmonyTokenOverlay: Card 1zenyatta has Harmony token: undefined
 DiscordTokenOverlay: Card 1zenyatta has effects: Array(2)
 DiscordTokenOverlay: Card 1zenyatta has Discord token: undefined
 HealthCounter for 1junkrat: Object
 HealthCounter: Showing normal HP 3 for 1junkrat
 ZaryaTokenOverlay: Card 1junkrat has Zarya token: undefined
 HarmonyTokenOverlay: Card 1junkrat has effects: Array(0)
 HarmonyTokenOverlay: Card 1junkrat has Harmony token: undefined
 DiscordTokenOverlay: Card 1junkrat has effects: Array(0)
 DiscordTokenOverlay: Card 1junkrat has Discord token: undefined
 ZaryaTokenOverlay: Card 1reaper has Zarya token: undefined
 HarmonyTokenOverlay: Card 1reaper has effects: Array(0)
 HarmonyTokenOverlay: Card 1reaper has Harmony token: undefined
 DiscordTokenOverlay: Card 1reaper has effects: Array(0)
 DiscordTokenOverlay: Card 1reaper has Discord token: undefined
 HealthCounter for 2hazard: Object
 HealthCounter: Showing normal HP 4 for 2hazard
 ZaryaTokenOverlay: Card 2hazard has Zarya token: undefined
 HarmonyTokenOverlay: Card 2hazard has effects: Array(0)
 HarmonyTokenOverlay: Card 2hazard has Harmony token: undefined
 DiscordTokenOverlay: Card 2hazard has effects: Array(0)
 DiscordTokenOverlay: Card 2hazard has Discord token: undefined
 TurnEffectsRunner: useEffect triggered Object
 TurnEffectsRunner: Turn change check Object
 HealthCounter for 1pharah: Object
 HealthCounter: Showing normal HP 4 for 1pharah
 ZaryaTokenOverlay: Card 1pharah has Zarya token: undefined
 HarmonyTokenOverlay: Card 1pharah has effects: Array(0)
 HarmonyTokenOverlay: Card 1pharah has Harmony token: undefined
 DiscordTokenOverlay: Card 1pharah has effects: Array(0)
 DiscordTokenOverlay: Card 1pharah has Discord token: undefined
 HealthCounter for 1roadhog: Object
 HealthCounter: Showing normal HP 5 for 1roadhog
 ZaryaTokenOverlay: Card 1roadhog has Zarya token: undefined
 HarmonyTokenOverlay: Card 1roadhog has effects: Array(0)
 HarmonyTokenOverlay: Card 1roadhog has Harmony token: undefined
 DiscordTokenOverlay: Card 1roadhog has effects: Array(0)
 DiscordTokenOverlay: Card 1roadhog has Discord token: undefined
 HealthCounter for 1zenyatta: Object
 HealthCounter: Showing normal HP 2 for 1zenyatta
 ZaryaTokenOverlay: Card 1zenyatta has Zarya token: undefined
 HarmonyTokenOverlay: Card 1zenyatta has effects: Array(2)
 HarmonyTokenOverlay: Card 1zenyatta has Harmony token: undefined
 DiscordTokenOverlay: Card 1zenyatta has effects: Array(2)
 DiscordTokenOverlay: Card 1zenyatta has Discord token: undefined
 HealthCounter for 1junkrat: Object
 HealthCounter: Showing normal HP 3 for 1junkrat
 ZaryaTokenOverlay: Card 1junkrat has Zarya token: undefined
 HarmonyTokenOverlay: Card 1junkrat has effects: Array(0)
 HarmonyTokenOverlay: Card 1junkrat has Harmony token: undefined
 DiscordTokenOverlay: Card 1junkrat has effects: Array(0)
 DiscordTokenOverlay: Card 1junkrat has Discord token: undefined
 HealthCounter for 1reaper: Object
 HealthCounter: Showing normal HP 4 for 1reaper
 ZaryaTokenOverlay: Card 1reaper has Zarya token: undefined
 HarmonyTokenOverlay: Card 1reaper has effects: Array(0)
 HarmonyTokenOverlay: Card 1reaper has Harmony token: undefined
 DiscordTokenOverlay: Card 1reaper has effects: Array(0)
 DiscordTokenOverlay: Card 1reaper has Discord token: undefined
 HealthCounter for 2hazard: Object
 HealthCounter: Showing normal HP 4 for 2hazard
 ZaryaTokenOverlay: Card 2hazard has Zarya token: undefined
 HarmonyTokenOverlay: Card 2hazard has effects: Array(0)
 HarmonyTokenOverlay: Card 2hazard has Harmony token: undefined
 DiscordTokenOverlay: Card 2hazard has effects: Array(0)
 DiscordTokenOverlay: Card 2hazard has Discord token: undefined
 TurnEffectsRunner: useEffect triggered Object
 TurnEffectsRunner: Turn change check Object
 HealthCounter for 1pharah: Object
 HealthCounter: Showing normal HP 4 for 1pharah
 ZaryaTokenOverlay: Card 1pharah has Zarya token: undefined
 HarmonyTokenOverlay: Card 1pharah has effects: Array(0)
 HarmonyTokenOverlay: Card 1pharah has Harmony token: undefined
 DiscordTokenOverlay: Card 1pharah has effects: Array(0)
 DiscordTokenOverlay: Card 1pharah has Discord token: undefined
 HealthCounter for 1roadhog: Object
 HealthCounter: Showing normal HP 5 for 1roadhog
 ZaryaTokenOverlay: Card 1roadhog has Zarya token: undefined
 HarmonyTokenOverlay: Card 1roadhog has effects: Array(0)
 HarmonyTokenOverlay: Card 1roadhog has Harmony token: undefined
 DiscordTokenOverlay: Card 1roadhog has effects: Array(0)
 DiscordTokenOverlay: Card 1roadhog has Discord token: undefined
 HealthCounter for 1zenyatta: Object
 HealthCounter: Showing normal HP 2 for 1zenyatta
 ZaryaTokenOverlay: Card 1zenyatta has Zarya token: undefined
 HarmonyTokenOverlay: Card 1zenyatta has effects: Array(2)
 HarmonyTokenOverlay: Card 1zenyatta has Harmony token: undefined
 DiscordTokenOverlay: Card 1zenyatta has effects: Array(2)
 DiscordTokenOverlay: Card 1zenyatta has Discord token: undefined
 HealthCounter for 1junkrat: Object
 HealthCounter: Showing normal HP 3 for 1junkrat
 ZaryaTokenOverlay: Card 1junkrat has Zarya token: undefined
 HarmonyTokenOverlay: Card 1junkrat has effects: Array(0)
 HarmonyTokenOverlay: Card 1junkrat has Harmony token: undefined
 DiscordTokenOverlay: Card 1junkrat has effects: Array(0)
 DiscordTokenOverlay: Card 1junkrat has Discord token: undefined
 HealthCounter for 1reaper: Object
 HealthCounter: Showing normal HP 4 for 1reaper
 ZaryaTokenOverlay: Card 1reaper has Zarya token: undefined
 HarmonyTokenOverlay: Card 1reaper has effects: Array(0)
 HarmonyTokenOverlay: Card 1reaper has Harmony token: undefined
 DiscordTokenOverlay: Card 1reaper has effects: Array(0)
 DiscordTokenOverlay: Card 1reaper has Discord token: undefined
 HealthCounter for 2hazard: Object
 HealthCounter: Showing normal HP 4 for 2hazard
 ZaryaTokenOverlay: Card 2hazard has Zarya token: undefined
 HarmonyTokenOverlay: Card 2hazard has effects: Array(0)
 HarmonyTokenOverlay: Card 2hazard has Harmony token: undefined
 DiscordTokenOverlay: Card 2hazard has effects: Array(0)
 DiscordTokenOverlay: Card 2hazard has Discord token: undefined
 Placement sound played successfully
 reaper enter sound played successfully
 DamageBus - Checking invulnerability for 2hazard at index 0 in row 2m Object
 DamageBus - Target 2hazard is NOT invulnerable, proceeding with damage
 DamageBus - No Spike Guard effect found on 2hazard
 DamageBus - Publishing damage event: Object
 HealthCounter for 1pharah: Object
 HealthCounter: Showing normal HP 4 for 1pharah
 ZaryaTokenOverlay: Card 1pharah has Zarya token: undefined
 HarmonyTokenOverlay: Card 1pharah has effects: Array(0)
 HarmonyTokenOverlay: Card 1pharah has Harmony token: undefined
 DiscordTokenOverlay: Card 1pharah has effects: Array(0)
 DiscordTokenOverlay: Card 1pharah has Discord token: undefined
 HealthCounter for 1roadhog: Object
 HealthCounter: Showing normal HP 5 for 1roadhog
 ZaryaTokenOverlay: Card 1roadhog has Zarya token: undefined
 HarmonyTokenOverlay: Card 1roadhog has effects: Array(0)
 HarmonyTokenOverlay: Card 1roadhog has Harmony token: undefined
 DiscordTokenOverlay: Card 1roadhog has effects: Array(0)
 DiscordTokenOverlay: Card 1roadhog has Discord token: undefined
 HealthCounter for 1zenyatta: Object
 HealthCounter: Showing normal HP 2 for 1zenyatta
 ZaryaTokenOverlay: Card 1zenyatta has Zarya token: undefined
 HarmonyTokenOverlay: Card 1zenyatta has effects: Array(2)
 HarmonyTokenOverlay: Card 1zenyatta has Harmony token: undefined
 DiscordTokenOverlay: Card 1zenyatta has effects: Array(2)
 DiscordTokenOverlay: Card 1zenyatta has Discord token: undefined
 HealthCounter for 1junkrat: Object
 HealthCounter: Showing normal HP 3 for 1junkrat
 ZaryaTokenOverlay: Card 1junkrat has Zarya token: undefined
 HarmonyTokenOverlay: Card 1junkrat has effects: Array(0)
 HarmonyTokenOverlay: Card 1junkrat has Harmony token: undefined
 DiscordTokenOverlay: Card 1junkrat has effects: Array(0)
 DiscordTokenOverlay: Card 1junkrat has Discord token: undefined
 HealthCounter for 1reaper: Object
 HealthCounter: Showing normal HP 4 for 1reaper
 ZaryaTokenOverlay: Card 1reaper has Zarya token: undefined
 HarmonyTokenOverlay: Card 1reaper has effects: Array(0)
 HarmonyTokenOverlay: Card 1reaper has Harmony token: undefined
 DiscordTokenOverlay: Card 1reaper has effects: Array(0)
 DiscordTokenOverlay: Card 1reaper has Discord token: undefined
 HealthCounter for 2hazard: Object
 HealthCounter: Showing normal HP 1 for 2hazard
 ZaryaTokenOverlay: Card 2hazard has Zarya token: undefined
 HarmonyTokenOverlay: Card 2hazard has effects: Array(0)
 HarmonyTokenOverlay: Card 2hazard has Harmony token: undefined
 DiscordTokenOverlay: Card 2hazard has effects: Array(0)
DiscordTokenOverlay.js:20 DiscordTokenOverlay: Card 2hazard has Discord token: undefined
TurnEffectsRunner.js:16 TurnEffectsRunner: useEffect triggered Object
TurnEffectsRunner.js:27 TurnEffectsRunner: Turn change check Object
HealthCounter.js:6 HealthCounter for 1pharah: Object
HealthCounter.js:25 HealthCounter: Showing normal HP 4 for 1pharah
ZaryaTokenOverlay.js:20 ZaryaTokenOverlay: Card 1pharah has Zarya token: undefined
HarmonyTokenOverlay.js:19 HarmonyTokenOverlay: Card 1pharah has effects: Array(0)
HarmonyTokenOverlay.js:20 HarmonyTokenOverlay: Card 1pharah has Harmony token: undefined
DiscordTokenOverlay.js:19 DiscordTokenOverlay: Card 1pharah has effects: Array(0)
DiscordTokenOverlay.js:20 DiscordTokenOverlay: Card 1pharah has Discord token: undefined
HealthCounter.js:6 HealthCounter for 1roadhog: Object
HealthCounter.js:25 HealthCounter: Showing normal HP 5 for 1roadhog
ZaryaTokenOverlay.js:20 ZaryaTokenOverlay: Card 1roadhog has Zarya token: undefined
HarmonyTokenOverlay.js:19 HarmonyTokenOverlay: Card 1roadhog has effects: Array(0)
HarmonyTokenOverlay.js:20 HarmonyTokenOverlay: Card 1roadhog has Harmony token: undefined
DiscordTokenOverlay.js:19 DiscordTokenOverlay: Card 1roadhog has effects: Array(0)
DiscordTokenOverlay.js:20 DiscordTokenOverlay: Card 1roadhog has Discord token: undefined
HealthCounter.js:6 HealthCounter for 1zenyatta: Object
HealthCounter.js:25 HealthCounter: Showing normal HP 2 for 1zenyatta
ZaryaTokenOverlay.js:20 ZaryaTokenOverlay: Card 1zenyatta has Zarya token: undefined
HarmonyTokenOverlay.js:19 HarmonyTokenOverlay: Card 1zenyatta has effects: Array(2)
HarmonyTokenOverlay.js:20 HarmonyTokenOverlay: Card 1zenyatta has Harmony token: undefined
DiscordTokenOverlay.js:19 DiscordTokenOverlay: Card 1zenyatta has effects: Array(2)
DiscordTokenOverlay.js:20 DiscordTokenOverlay: Card 1zenyatta has Discord token: undefined
HealthCounter.js:6 HealthCounter for 1junkrat: Object
HealthCounter.js:25 HealthCounter: Showing normal HP 3 for 1junkrat
ZaryaTokenOverlay.js:20 ZaryaTokenOverlay: Card 1junkrat has Zarya token: undefined
HarmonyTokenOverlay.js:19 HarmonyTokenOverlay: Card 1junkrat has effects: Array(0)
HarmonyTokenOverlay.js:20 HarmonyTokenOverlay: Card 1junkrat has Harmony token: undefined
DiscordTokenOverlay.js:19 DiscordTokenOverlay: Card 1junkrat has effects: Array(0)
DiscordTokenOverlay.js:20 DiscordTokenOverlay: Card 1junkrat has Discord token: undefined
HealthCounter.js:6 HealthCounter for 1reaper: Object
HealthCounter.js:25 HealthCounter: Showing normal HP 4 for 1reaper
ZaryaTokenOverlay.js:20 ZaryaTokenOverlay: Card 1reaper has Zarya token: undefined
HarmonyTokenOverlay.js:19 HarmonyTokenOverlay: Card 1reaper has effects: Array(0)
HarmonyTokenOverlay.js:20 HarmonyTokenOverlay: Card 1reaper has Harmony token: undefined
DiscordTokenOverlay.js:19 DiscordTokenOverlay: Card 1reaper has effects: Array(0)
DiscordTokenOverlay.js:20 DiscordTokenOverlay: Card 1reaper has Discord token: undefined
HealthCounter.js:6 HealthCounter for 2hazard: Object
HealthCounter.js:25 HealthCounter: Showing normal HP 1 for 2hazard
ZaryaTokenOverlay.js:20 ZaryaTokenOverlay: Card 2hazard has Zarya token: undefined
HarmonyTokenOverlay.js:19 HarmonyTokenOverlay: Card 2hazard has effects: Array(0)
HarmonyTokenOverlay.js:20 HarmonyTokenOverlay: Card 2hazard has Harmony token: undefined
DiscordTokenOverlay.js:19 DiscordTokenOverlay: Card 2hazard has effects: Array(0)
DiscordTokenOverlay.js:20 DiscordTokenOverlay: Card 2hazard has Discord token: undefined
