 ZaryaTokenOverlay: Card 1wreckingball has Zarya token: undefined
 HarmonyTokenOverlay: Card 1wreckingball has effects: Array(1)
 HarmonyTokenOverlay: Card 1wreckingball has Harmony token: undefined
 DiscordTokenOverlay: Card 1wreckingball has effects: Array(1)
 DiscordTokenOverlay: Card 1wreckingball has Discord token: undefined
 HealthCounter for 1wreckingball: Object
 HealthCounter: Showing normal HP 3 for 1wreckingball
 ZaryaTokenOverlay: Card 1wreckingball has Zarya token: undefined
 HarmonyTokenOverlay: Card 1wreckingball has effects: Array(1)
 HarmonyTokenOverlay: Card 1wreckingball has Harmony token: undefined
 DiscordTokenOverlay: Card 1wreckingball has effects: Array(1)
 DiscordTokenOverlay: Card 1wreckingball has Discord token: undefined
 HealthCounter for 1doomfist: Object
 HealthCounter: Showing normal HP 4 for 1doomfist
 ZaryaTokenOverlay: Card 1doomfist has Zarya token: undefined
 HarmonyTokenOverlay: Card 1doomfist has effects: Array(0)
 HarmonyTokenOverlay: Card 1doomfist has Harmony token: undefined
 DiscordTokenOverlay: Card 1doomfist has effects: Array(0)
 DiscordTokenOverlay: Card 1doomfist has Discord token: undefined
 HealthCounter for 1wreckingball: Object
 HealthCounter: Showing normal HP 3 for 1wreckingball
 ZaryaTokenOverlay: Card 1wreckingball has Zarya token: undefined
 HarmonyTokenOverlay: Card 1wreckingball has effects: Array(1)
 HarmonyTokenOverlay: Card 1wreckingball has Harmony token: undefined
 DiscordTokenOverlay: Card 1wreckingball has effects: Array(1)
 DiscordTokenOverlay: Card 1wreckingball has Discord token: undefined
 HealthCounter for 1wreckingball: Object
 HealthCounter: Showing normal HP 3 for 1wreckingball
 ZaryaTokenOverlay: Card 1wreckingball has Zarya token: undefined
 HarmonyTokenOverlay: Card 1wreckingball has effects: Array(1)
 HarmonyTokenOverlay: Card 1wreckingball has Harmony token: undefined
 DiscordTokenOverlay: Card 1wreckingball has effects: Array(1)
 DiscordTokenOverlay: Card 1wreckingball has Discord token: undefined
 HealthCounter for 1wreckingball: Object
 HealthCounter: Showing normal HP 3 for 1wreckingball
 ZaryaTokenOverlay: Card 1wreckingball has Zarya token: undefined
 HarmonyTokenOverlay: Card 1wreckingball has effects: Array(1)
 HarmonyTokenOverlay: Card 1wreckingball has Harmony token: undefined
 DiscordTokenOverlay: Card 1wreckingball has effects: Array(1)
 DiscordTokenOverlay: Card 1wreckingball has Discord token: undefined
 HealthCounter for 1wreckingball: Object
 HealthCounter: Showing normal HP 3 for 1wreckingball
 ZaryaTokenOverlay: Card 1wreckingball has Zarya token: undefined
 HarmonyTokenOverlay: Card 1wreckingball has effects: Array(1)
 HarmonyTokenOverlay: Card 1wreckingball has Harmony token: undefined
 DiscordTokenOverlay: Card 1wreckingball has effects: Array(1)
 DiscordTokenOverlay: Card 1wreckingball has Discord token: undefined
 HealthCounter for 1wreckingball: Object
 HealthCounter: Showing normal HP 3 for 1wreckingball
 ZaryaTokenOverlay: Card 1wreckingball has Zarya token: undefined
 HarmonyTokenOverlay: Card 1wreckingball has effects: Array(1)
 HarmonyTokenOverlay: Card 1wreckingball has Harmony token: undefined
 DiscordTokenOverlay: Card 1wreckingball has effects: Array(1)
 DiscordTokenOverlay: Card 1wreckingball has Discord token: undefined
 HealthCounter for 1wreckingball: Object
 HealthCounter: Showing normal HP 3 for 1wreckingball
 ZaryaTokenOverlay: Card 1wreckingball has Zarya token: undefined
 HarmonyTokenOverlay: Card 1wreckingball has effects: Array(1)
 HarmonyTokenOverlay: Card 1wreckingball has Harmony token: undefined
 DiscordTokenOverlay: Card 1wreckingball has effects: Array(1)
 DiscordTokenOverlay: Card 1wreckingball has Discord token: undefined
 HealthCounter for 1wreckingball: Object
 HealthCounter: Showing normal HP 3 for 1wreckingball
 ZaryaTokenOverlay: Card 1wreckingball has Zarya token: undefined
 HarmonyTokenOverlay: Card 1wreckingball has effects: Array(1)
 HarmonyTokenOverlay: Card 1wreckingball has Harmony token: undefined
 DiscordTokenOverlay: Card 1wreckingball has effects: Array(1)
 DiscordTokenOverlay: Card 1wreckingball has Discord token: undefined
 HealthCounter for 1wreckingball: Object
 HealthCounter: Showing normal HP 3 for 1wreckingball
 ZaryaTokenOverlay: Card 1wreckingball has Zarya token: undefined
 HarmonyTokenOverlay: Card 1wreckingball has effects: Array(1)
 HarmonyTokenOverlay: Card 1wreckingball has Harmony token: undefined
 DiscordTokenOverlay: Card 1wreckingball has effects: Array(1)
 DiscordTokenOverlay: Card 1wreckingball has Discord token: undefined
 HealthCounter for 1wreckingball: Object
 HealthCounter: Showing normal HP 3 for 1wreckingball
 ZaryaTokenOverlay: Card 1wreckingball has Zarya token: undefined
 HarmonyTokenOverlay: Card 1wreckingball has effects: Array(1)
 HarmonyTokenOverlay: Card 1wreckingball has Harmony token: undefined
 DiscordTokenOverlay: Card 1wreckingball has effects: Array(1)
 DiscordTokenOverlay: Card 1wreckingball has Discord token: undefined
 HealthCounter for 1doomfist: Object
 HealthCounter: Showing normal HP 4 for 1doomfist
 ZaryaTokenOverlay: Card 1doomfist has Zarya token: undefined
 HarmonyTokenOverlay: Card 1doomfist has effects: Array(0)
 HarmonyTokenOverlay: Card 1doomfist has Harmony token: undefined
 DiscordTokenOverlay: Card 1doomfist has effects: Array(0)
 DiscordTokenOverlay: Card 1doomfist has Discord token: undefined
 HealthCounter for 1dva: Object
 HealthCounter: Showing normal HP 2 for 1dva
 ZaryaTokenOverlay: Card 1dva has Zarya token: undefined
 HarmonyTokenOverlay: Card 1dva has effects: Array(0)
 HarmonyTokenOverlay: Card 1dva has Harmony token: undefined
 DiscordTokenOverlay: Card 1dva has effects: Array(0)
 DiscordTokenOverlay: Card 1dva has Discord token: undefined
 HealthCounter for 1ana: Object
 HealthCounter: Showing normal HP 3 for 1ana
 ZaryaTokenOverlay: Card 1ana has Zarya token: undefined
 HarmonyTokenOverlay: Card 1ana has effects: Array(1)
 HarmonyTokenOverlay: Card 1ana has Harmony token: undefined
 DiscordTokenOverlay: Card 1ana has effects: Array(1)
 DiscordTokenOverlay: Card 1ana has Discord token: undefined
 HealthCounter for 1mei: Object
 HealthCounter: Showing normal HP 4 for 1mei
 ZaryaTokenOverlay: Card 1mei has Zarya token: undefined
 HarmonyTokenOverlay: Card 1mei has effects: Array(1)
 HarmonyTokenOverlay: Card 1mei has Harmony token: undefined
 DiscordTokenOverlay: Card 1mei has effects: Array(1)
 DiscordTokenOverlay: Card 1mei has Discord token: undefined
 HealthCounter for 1wreckingball: Object
 HealthCounter: Showing normal HP 3 for 1wreckingball
 ZaryaTokenOverlay: Card 1wreckingball has Zarya token: undefined
 HarmonyTokenOverlay: Card 1wreckingball has effects: Array(1)
 HarmonyTokenOverlay: Card 1wreckingball has Harmony token: undefined
 DiscordTokenOverlay: Card 1wreckingball has effects: Array(1)
 DiscordTokenOverlay: Card 1wreckingball has Discord token: undefined
 HealthCounter for 1wreckingball: Object
 HealthCounter: Showing normal HP 3 for 1wreckingball
 ZaryaTokenOverlay: Card 1wreckingball has Zarya token: undefined
 HarmonyTokenOverlay: Card 1wreckingball has effects: Array(1)
 HarmonyTokenOverlay: Card 1wreckingball has Harmony token: undefined
 DiscordTokenOverlay: Card 1wreckingball has effects: Array(1)
 DiscordTokenOverlay: Card 1wreckingball has Discord token: undefined
 HealthCounter for 1doomfist: Object
 HealthCounter: Showing normal HP 4 for 1doomfist
 ZaryaTokenOverlay: Card 1doomfist has Zarya token: undefined
 HarmonyTokenOverlay: Card 1doomfist has effects: Array(0)
 HarmonyTokenOverlay: Card 1doomfist has Harmony token: undefined
 DiscordTokenOverlay: Card 1doomfist has effects: Array(0)
 DiscordTokenOverlay: Card 1doomfist has Discord token: undefined
 HealthCounter for 1dva: Object
 HealthCounter: Showing normal HP 2 for 1dva
 ZaryaTokenOverlay: Card 1dva has Zarya token: undefined
 HarmonyTokenOverlay: Card 1dva has effects: Array(0)
 HarmonyTokenOverlay: Card 1dva has Harmony token: undefined
 DiscordTokenOverlay: Card 1dva has effects: Array(0)
 DiscordTokenOverlay: Card 1dva has Discord token: undefined
 HealthCounter for 1ana: Object
 HealthCounter: Showing normal HP 3 for 1ana
 ZaryaTokenOverlay: Card 1ana has Zarya token: undefined
 HarmonyTokenOverlay: Card 1ana has effects: Array(1)
 HarmonyTokenOverlay: Card 1ana has Harmony token: undefined
 DiscordTokenOverlay: Card 1ana has effects: Array(1)
 DiscordTokenOverlay: Card 1ana has Discord token: undefined
 HealthCounter for 1mei: Object
 HealthCounter: Showing normal HP 4 for 1mei
 ZaryaTokenOverlay: Card 1mei has Zarya token: undefined
 HarmonyTokenOverlay: Card 1mei has effects: Array(1)
 HarmonyTokenOverlay: Card 1mei has Harmony token: undefined
 DiscordTokenOverlay: Card 1mei has effects: Array(1)
 DiscordTokenOverlay: Card 1mei has Discord token: undefined
 HealthCounter for 1wreckingball: Object
 HealthCounter: Showing normal HP 3 for 1wreckingball
 ZaryaTokenOverlay: Card 1wreckingball has Zarya token: undefined
 HarmonyTokenOverlay: Card 1wreckingball has effects: Array(1)
 HarmonyTokenOverlay: Card 1wreckingball has Harmony token: undefined
 DiscordTokenOverlay: Card 1wreckingball has effects: Array(1)
 DiscordTokenOverlay: Card 1wreckingball has Discord token: undefined
 HealthCounter for 1wreckingball: Object
 HealthCounter: Showing normal HP 3 for 1wreckingball
 ZaryaTokenOverlay: Card 1wreckingball has Zarya token: undefined
 HarmonyTokenOverlay: Card 1wreckingball has effects: Array(1)
 HarmonyTokenOverlay: Card 1wreckingball has Harmony token: undefined
 DiscordTokenOverlay: Card 1wreckingball has effects: Array(1)
 DiscordTokenOverlay: Card 1wreckingball has Discord token: undefined
 HealthCounter for 1wreckingball: Object
 HealthCounter: Showing normal HP 3 for 1wreckingball
 ZaryaTokenOverlay: Card 1wreckingball has Zarya token: undefined
 HarmonyTokenOverlay: Card 1wreckingball has effects: Array(1)
 HarmonyTokenOverlay: Card 1wreckingball has Harmony token: undefined
 DiscordTokenOverlay: Card 1wreckingball has effects: Array(1)
 DiscordTokenOverlay: Card 1wreckingball has Discord token: undefined
 HealthCounter for 1wreckingball: Object
 HealthCounter: Showing normal HP 3 for 1wreckingball
 ZaryaTokenOverlay: Card 1wreckingball has Zarya token: undefined
 HarmonyTokenOverlay: Card 1wreckingball has effects: Array(1)
 HarmonyTokenOverlay: Card 1wreckingball has Harmony token: undefined
 DiscordTokenOverlay: Card 1wreckingball has effects: Array(1)
 DiscordTokenOverlay: Card 1wreckingball has Discord token: undefined
 HealthCounter for 1doomfist: Object
 HealthCounter: Showing normal HP 4 for 1doomfist
 ZaryaTokenOverlay: Card 1doomfist has Zarya token: undefined
 HarmonyTokenOverlay: Card 1doomfist has effects: Array(0)
 HarmonyTokenOverlay: Card 1doomfist has Harmony token: undefined
 DiscordTokenOverlay: Card 1doomfist has effects: Array(0)
 DiscordTokenOverlay: Card 1doomfist has Discord token: undefined
 HealthCounter for 1dva: Object
 HealthCounter: Showing normal HP 2 for 1dva
 ZaryaTokenOverlay: Card 1dva has Zarya token: undefined
 HarmonyTokenOverlay: Card 1dva has effects: Array(0)
 HarmonyTokenOverlay: Card 1dva has Harmony token: undefined
 DiscordTokenOverlay: Card 1dva has effects: Array(0)
 DiscordTokenOverlay: Card 1dva has Discord token: undefined
 HealthCounter for 1ana: Object
 HealthCounter: Showing normal HP 3 for 1ana
 ZaryaTokenOverlay: Card 1ana has Zarya token: undefined
 HarmonyTokenOverlay: Card 1ana has effects: Array(1)
 HarmonyTokenOverlay: Card 1ana has Harmony token: undefined
 DiscordTokenOverlay: Card 1ana has effects: Array(1)
 DiscordTokenOverlay: Card 1ana has Discord token: undefined
 HealthCounter for 1mei: Object
 HealthCounter: Showing normal HP 4 for 1mei
 ZaryaTokenOverlay: Card 1mei has Zarya token: undefined
 HarmonyTokenOverlay: Card 1mei has effects: Array(1)
 HarmonyTokenOverlay: Card 1mei has Harmony token: undefined
 DiscordTokenOverlay: Card 1mei has effects: Array(1)
 DiscordTokenOverlay: Card 1mei has Discord token: undefined
 HealthCounter for 1wreckingball: Object
 HealthCounter: Showing normal HP 3 for 1wreckingball
 ZaryaTokenOverlay: Card 1wreckingball has Zarya token: undefined
 HarmonyTokenOverlay: Card 1wreckingball has effects: Array(1)
 HarmonyTokenOverlay: Card 1wreckingball has Harmony token: undefined
 DiscordTokenOverlay: Card 1wreckingball has effects: Array(1)
 DiscordTokenOverlay: Card 1wreckingball has Discord token: undefined
 HealthCounter for 1wreckingball: Object
 HealthCounter: Showing normal HP 3 for 1wreckingball
 ZaryaTokenOverlay: Card 1wreckingball has Zarya token: undefined
 HarmonyTokenOverlay: Card 1wreckingball has effects: Array(1)
 HarmonyTokenOverlay: Card 1wreckingball has Harmony token: undefined
 DiscordTokenOverlay: Card 1wreckingball has effects: Array(1)
 DiscordTokenOverlay: Card 1wreckingball has Discord token: undefined
 HealthCounter for 1wreckingball: Object
 HealthCounter: Showing normal HP 3 for 1wreckingball
 ZaryaTokenOverlay: Card 1wreckingball has Zarya token: undefined
 HarmonyTokenOverlay: Card 1wreckingball has effects: Array(1)
 HarmonyTokenOverlay: Card 1wreckingball has Harmony token: undefined
 DiscordTokenOverlay: Card 1wreckingball has effects: Array(1)
 DiscordTokenOverlay: Card 1wreckingball has Discord token: undefined
 HealthCounter for 1wreckingball: Object
 HealthCounter: Showing normal HP 3 for 1wreckingball
 ZaryaTokenOverlay: Card 1wreckingball has Zarya token: undefined
 HarmonyTokenOverlay: Card 1wreckingball has effects: Array(1)
 HarmonyTokenOverlay: Card 1wreckingball has Harmony token: undefined
 DiscordTokenOverlay: Card 1wreckingball has effects: Array(1)
 DiscordTokenOverlay: Card 1wreckingball has Discord token: undefined
 HealthCounter for 1wreckingball: Object
 HealthCounter: Showing normal HP 3 for 1wreckingball
 ZaryaTokenOverlay: Card 1wreckingball has Zarya token: undefined
 HarmonyTokenOverlay: Card 1wreckingball has effects: Array(1)
 HarmonyTokenOverlay: Card 1wreckingball has Harmony token: undefined
 DiscordTokenOverlay: Card 1wreckingball has effects: Array(1)
 DiscordTokenOverlay: Card 1wreckingball has Discord token: undefined
 HealthCounter for 1wreckingball: Object
 HealthCounter: Showing normal HP 3 for 1wreckingball
 ZaryaTokenOverlay: Card 1wreckingball has Zarya token: undefined
 HarmonyTokenOverlay: Card 1wreckingball has effects: Array(1)
 HarmonyTokenOverlay: Card 1wreckingball has Harmony token: undefined
 DiscordTokenOverlay: Card 1wreckingball has effects: Array(1)
 DiscordTokenOverlay: Card 1wreckingball has Discord token: undefined
 HealthCounter for 1wreckingball: Object
 HealthCounter: Showing normal HP 3 for 1wreckingball
 ZaryaTokenOverlay: Card 1wreckingball has Zarya token: undefined
 HarmonyTokenOverlay: Card 1wreckingball has effects: Array(1)
 HarmonyTokenOverlay: Card 1wreckingball has Harmony token: undefined
 DiscordTokenOverlay: Card 1wreckingball has effects: Array(1)
 DiscordTokenOverlay: Card 1wreckingball has Discord token: undefined
 HealthCounter for 1wreckingball: Object
 HealthCounter: Showing normal HP 3 for 1wreckingball
 ZaryaTokenOverlay: Card 1wreckingball has Zarya token: undefined
 HarmonyTokenOverlay: Card 1wreckingball has effects: Array(1)
 HarmonyTokenOverlay: Card 1wreckingball has Harmony token: undefined
 DiscordTokenOverlay: Card 1wreckingball has effects: Array(1)
 DiscordTokenOverlay: Card 1wreckingball has Discord token: undefined
 HealthCounter for 1wreckingball: Object
 HealthCounter: Showing normal HP 3 for 1wreckingball
 ZaryaTokenOverlay: Card 1wreckingball has Zarya token: undefined
 HarmonyTokenOverlay: Card 1wreckingball has effects: Array(1)
 HarmonyTokenOverlay: Card 1wreckingball has Harmony token: undefined
 DiscordTokenOverlay: Card 1wreckingball has effects: Array(1)
 DiscordTokenOverlay: Card 1wreckingball has Discord token: undefined
 HealthCounter for 1wreckingball: Object
 HealthCounter: Showing normal HP 3 for 1wreckingball
 ZaryaTokenOverlay: Card 1wreckingball has Zarya token: undefined
 HarmonyTokenOverlay: Card 1wreckingball has effects: Array(1)
 HarmonyTokenOverlay: Card 1wreckingball has Harmony token: undefined
 DiscordTokenOverlay: Card 1wreckingball has effects: Array(1)
 DiscordTokenOverlay: Card 1wreckingball has Discord token: undefined
 HealthCounter for 1wreckingball: Object
 HealthCounter: Showing normal HP 3 for 1wreckingball
 ZaryaTokenOverlay: Card 1wreckingball has Zarya token: undefined
 HarmonyTokenOverlay: Card 1wreckingball has effects: Array(1)
 HarmonyTokenOverlay: Card 1wreckingball has Harmony token: undefined
 DiscordTokenOverlay: Card 1wreckingball has effects: Array(1)
 DiscordTokenOverlay: Card 1wreckingball has Discord token: undefined
 HealthCounter for 1wreckingball: Object
 HealthCounter: Showing normal HP 3 for 1wreckingball
 ZaryaTokenOverlay: Card 1wreckingball has Zarya token: undefined
 HarmonyTokenOverlay: Card 1wreckingball has effects: Array(1)
 HarmonyTokenOverlay: Card 1wreckingball has Harmony token: undefined
 DiscordTokenOverlay: Card 1wreckingball has effects: Array(1)
 DiscordTokenOverlay: Card 1wreckingball has Discord token: undefined
 HealthCounter for 1wreckingball: Object
 HealthCounter: Showing normal HP 3 for 1wreckingball
 ZaryaTokenOverlay: Card 1wreckingball has Zarya token: undefined
 HarmonyTokenOverlay: Card 1wreckingball has effects: Array(1)
 HarmonyTokenOverlay: Card 1wreckingball has Harmony token: undefined
 DiscordTokenOverlay: Card 1wreckingball has effects: Array(1)
 DiscordTokenOverlay: Card 1wreckingball has Discord token: undefined
 HealthCounter for 1wreckingball: Object
 HealthCounter: Showing normal HP 3 for 1wreckingball
 ZaryaTokenOverlay: Card 1wreckingball has Zarya token: undefined
 HarmonyTokenOverlay: Card 1wreckingball has effects: Array(1)
 HarmonyTokenOverlay: Card 1wreckingball has Harmony token: undefined
 DiscordTokenOverlay: Card 1wreckingball has effects: Array(1)
 DiscordTokenOverlay: Card 1wreckingball has Discord token: undefined
 HealthCounter for 1wreckingball: Object
 HealthCounter: Showing normal HP 3 for 1wreckingball
 ZaryaTokenOverlay: Card 1wreckingball has Zarya token: undefined
 HarmonyTokenOverlay: Card 1wreckingball has effects: Array(1)
 HarmonyTokenOverlay: Card 1wreckingball has Harmony token: undefined
 DiscordTokenOverlay: Card 1wreckingball has effects: Array(1)
 DiscordTokenOverlay: Card 1wreckingball has Discord token: undefined
 HealthCounter for 1wreckingball: Object
 HealthCounter: Showing normal HP 3 for 1wreckingball
 ZaryaTokenOverlay: Card 1wreckingball has Zarya token: undefined
 HarmonyTokenOverlay: Card 1wreckingball has effects: Array(1)
 HarmonyTokenOverlay: Card 1wreckingball has Harmony token: undefined
 DiscordTokenOverlay: Card 1wreckingball has effects: Array(1)
 DiscordTokenOverlay: Card 1wreckingball has Discord token: undefined
 HealthCounter for 1wreckingball: Object
 HealthCounter: Showing normal HP 3 for 1wreckingball
 ZaryaTokenOverlay: Card 1wreckingball has Zarya token: undefined
 HarmonyTokenOverlay: Card 1wreckingball has effects: Array(1)
 HarmonyTokenOverlay: Card 1wreckingball has Harmony token: undefined
 DiscordTokenOverlay: Card 1wreckingball has effects: Array(1)
 DiscordTokenOverlay: Card 1wreckingball has Discord token: undefined
 HealthCounter for 1wreckingball: Object
 HealthCounter: Showing normal HP 3 for 1wreckingball
 ZaryaTokenOverlay: Card 1wreckingball has Zarya token: undefined
 HarmonyTokenOverlay: Card 1wreckingball has effects: Array(1)
 HarmonyTokenOverlay: Card 1wreckingball has Harmony token: undefined
 DiscordTokenOverlay: Card 1wreckingball has effects: Array(1)
 DiscordTokenOverlay: Card 1wreckingball has Discord token: undefined
 HealthCounter for 1wreckingball: Object
 HealthCounter: Showing normal HP 3 for 1wreckingball
 ZaryaTokenOverlay: Card 1wreckingball has Zarya token: undefined
 HarmonyTokenOverlay: Card 1wreckingball has effects: Array(1)
 HarmonyTokenOverlay: Card 1wreckingball has Harmony token: undefined
 DiscordTokenOverlay: Card 1wreckingball has effects: Array(1)
 DiscordTokenOverlay: Card 1wreckingball has Discord token: undefined
 HealthCounter for 1wreckingball: Object
 HealthCounter: Showing normal HP 3 for 1wreckingball
 ZaryaTokenOverlay: Card 1wreckingball has Zarya token: undefined
 HarmonyTokenOverlay: Card 1wreckingball has effects: Array(1)
 HarmonyTokenOverlay: Card 1wreckingball has Harmony token: undefined
 DiscordTokenOverlay: Card 1wreckingball has effects: Array(1)
 DiscordTokenOverlay: Card 1wreckingball has Discord token: undefined
 HealthCounter for 1wreckingball: Object
 HealthCounter: Showing normal HP 3 for 1wreckingball
 ZaryaTokenOverlay: Card 1wreckingball has Zarya token: undefined
 HarmonyTokenOverlay: Card 1wreckingball has effects: Array(1)
 HarmonyTokenOverlay: Card 1wreckingball has Harmony token: undefined
 DiscordTokenOverlay: Card 1wreckingball has effects: Array(1)
 DiscordTokenOverlay: Card 1wreckingball has Discord token: undefined
 HealthCounter for 1wreckingball: Object
 HealthCounter: Showing normal HP 3 for 1wreckingball
 ZaryaTokenOverlay: Card 1wreckingball has Zarya token: undefined
 HarmonyTokenOverlay: Card 1wreckingball has effects: Array(1)
 HarmonyTokenOverlay: Card 1wreckingball has Harmony token: undefined
 DiscordTokenOverlay: Card 1wreckingball has effects: Array(1)
 DiscordTokenOverlay: Card 1wreckingball has Discord token: undefined
 HealthCounter for 1wreckingball: Object
 HealthCounter: Showing normal HP 3 for 1wreckingball
 ZaryaTokenOverlay: Card 1wreckingball has Zarya token: undefined
 HarmonyTokenOverlay: Card 1wreckingball has effects: Array(1)
 HarmonyTokenOverlay: Card 1wreckingball has Harmony token: undefined
 DiscordTokenOverlay: Card 1wreckingball has effects: Array(1)
 DiscordTokenOverlay: Card 1wreckingball has Discord token: undefined
 HealthCounter for 1wreckingball: Object
 HealthCounter: Showing normal HP 3 for 1wreckingball
 ZaryaTokenOverlay: Card 1wreckingball has Zarya token: undefined
 HarmonyTokenOverlay: Card 1wreckingball has effects: Array(1)
 HarmonyTokenOverlay: Card 1wreckingball has Harmony token: undefined
 DiscordTokenOverlay: Card 1wreckingball has effects: Array(1)
 DiscordTokenOverlay: Card 1wreckingball has Discord token: undefined
 HealthCounter for 1wreckingball: Object
 HealthCounter: Showing normal HP 3 for 1wreckingball
 ZaryaTokenOverlay: Card 1wreckingball has Zarya token: undefined
 HarmonyTokenOverlay: Card 1wreckingball has effects: Array(1)
 HarmonyTokenOverlay: Card 1wreckingball has Harmony token: undefined
 DiscordTokenOverlay: Card 1wreckingball has effects: Array(1)
 DiscordTokenOverlay: Card 1wreckingball has Discord token: undefined
 HealthCounter for 1wreckingball: Object
 HealthCounter: Showing normal HP 3 for 1wreckingball
 ZaryaTokenOverlay: Card 1wreckingball has Zarya token: undefined
 HarmonyTokenOverlay: Card 1wreckingball has effects: Array(1)
 HarmonyTokenOverlay: Card 1wreckingball has Harmony token: undefined
 DiscordTokenOverlay: Card 1wreckingball has effects: Array(1)
 DiscordTokenOverlay: Card 1wreckingball has Discord token: undefined
 HealthCounter for 1wreckingball: Object
 HealthCounter: Showing normal HP 3 for 1wreckingball
 ZaryaTokenOverlay: Card 1wreckingball has Zarya token: undefined
 HarmonyTokenOverlay: Card 1wreckingball has effects: Array(1)
 HarmonyTokenOverlay: Card 1wreckingball has Harmony token: undefined
 DiscordTokenOverlay: Card 1wreckingball has effects: Array(1)
 DiscordTokenOverlay: Card 1wreckingball has Discord token: undefined
 HealthCounter for 1wreckingball: Object
 HealthCounter: Showing normal HP 3 for 1wreckingball
 ZaryaTokenOverlay: Card 1wreckingball has Zarya token: undefined
 HarmonyTokenOverlay: Card 1wreckingball has effects: Array(1)
 HarmonyTokenOverlay: Card 1wreckingball has Harmony token: undefined
 DiscordTokenOverlay: Card 1wreckingball has effects: Array(1)
 DiscordTokenOverlay: Card 1wreckingball has Discord token: undefined
 HealthCounter for 1wreckingball: Object
 HealthCounter: Showing normal HP 3 for 1wreckingball
 ZaryaTokenOverlay: Card 1wreckingball has Zarya token: undefined
 HarmonyTokenOverlay: Card 1wreckingball has effects: Array(1)
 HarmonyTokenOverlay: Card 1wreckingball has Harmony token: undefined
 DiscordTokenOverlay: Card 1wreckingball has effects: Array(1)
 DiscordTokenOverlay: Card 1wreckingball has Discord token: undefined
 HealthCounter for 1wreckingball: Object
 HealthCounter: Showing normal HP 3 for 1wreckingball
 ZaryaTokenOverlay: Card 1wreckingball has Zarya token: undefined
 HarmonyTokenOverlay: Card 1wreckingball has effects: Array(1)
 HarmonyTokenOverlay: Card 1wreckingball has Harmony token: undefined
 DiscordTokenOverlay: Card 1wreckingball has effects: Array(1)
 DiscordTokenOverlay: Card 1wreckingball has Discord token: undefined
 HealthCounter for 1wreckingball: Object
 HealthCounter: Showing normal HP 3 for 1wreckingball
 ZaryaTokenOverlay: Card 1wreckingball has Zarya token: undefined
 HarmonyTokenOverlay: Card 1wreckingball has effects: Array(1)
 HarmonyTokenOverlay: Card 1wreckingball has Harmony token: undefined
 DiscordTokenOverlay: Card 1wreckingball has effects: Array(1)
 DiscordTokenOverlay: Card 1wreckingball has Discord token: undefined
 HealthCounter for 1wreckingball: Object
 HealthCounter: Showing normal HP 3 for 1wreckingball
 ZaryaTokenOverlay: Card 1wreckingball has Zarya token: undefined
 HarmonyTokenOverlay: Card 1wreckingball has effects: Array(1)
 HarmonyTokenOverlay: Card 1wreckingball has Harmony token: undefined
 DiscordTokenOverlay: Card 1wreckingball has effects: Array(1)
 DiscordTokenOverlay: Card 1wreckingball has Discord token: undefined
 HealthCounter for 1wreckingball: Object
 HealthCounter: Showing normal HP 3 for 1wreckingball
 ZaryaTokenOverlay: Card 1wreckingball has Zarya token: undefined
 HarmonyTokenOverlay: Card 1wreckingball has effects: Array(1)
 HarmonyTokenOverlay: Card 1wreckingball has Harmony token: undefined
 DiscordTokenOverlay: Card 1wreckingball has effects: Array(1)
 DiscordTokenOverlay: Card 1wreckingball has Discord token: undefined
 HealthCounter for 1wreckingball: Object
 HealthCounter: Showing normal HP 3 for 1wreckingball
 ZaryaTokenOverlay: Card 1wreckingball has Zarya token: undefined
 HarmonyTokenOverlay: Card 1wreckingball has effects: Array(1)
 HarmonyTokenOverlay: Card 1wreckingball has Harmony token: undefined
 DiscordTokenOverlay: Card 1wreckingball has effects: Array(1)
 DiscordTokenOverlay: Card 1wreckingball has Discord token: undefined
 HealthCounter for 1wreckingball: Object
 HealthCounter: Showing normal HP 3 for 1wreckingball
 ZaryaTokenOverlay: Card 1wreckingball has Zarya token: undefined
 HarmonyTokenOverlay: Card 1wreckingball has effects: Array(1)
 HarmonyTokenOverlay: Card 1wreckingball has Harmony token: undefined
 DiscordTokenOverlay: Card 1wreckingball has effects: Array(1)
 DiscordTokenOverlay: Card 1wreckingball has Discord token: undefined
 HealthCounter for 1wreckingball: Object
 HealthCounter: Showing normal HP 3 for 1wreckingball
 ZaryaTokenOverlay: Card 1wreckingball has Zarya token: undefined
 HarmonyTokenOverlay: Card 1wreckingball has effects: Array(1)
 HarmonyTokenOverlay: Card 1wreckingball has Harmony token: undefined
 DiscordTokenOverlay: Card 1wreckingball has effects: Array(1)
 DiscordTokenOverlay: Card 1wreckingball has Discord token: undefined
 HealthCounter for 1wreckingball: Object
 HealthCounter: Showing normal HP 3 for 1wreckingball
 ZaryaTokenOverlay: Card 1wreckingball has Zarya token: undefined
 HarmonyTokenOverlay: Card 1wreckingball has effects: Array(1)
 HarmonyTokenOverlay: Card 1wreckingball has Harmony token: undefined
 DiscordTokenOverlay: Card 1wreckingball has effects: Array(1)
 DiscordTokenOverlay: Card 1wreckingball has Discord token: undefined
 HealthCounter for 1wreckingball: Object
 HealthCounter: Showing normal HP 3 for 1wreckingball
 ZaryaTokenOverlay: Card 1wreckingball has Zarya token: undefined
 HarmonyTokenOverlay: Card 1wreckingball has effects: Array(1)
 HarmonyTokenOverlay: Card 1wreckingball has Harmony token: undefined
 DiscordTokenOverlay: Card 1wreckingball has effects: Array(1)
 DiscordTokenOverlay: Card 1wreckingball has Discord token: undefined
 HealthCounter for 1wreckingball: Object
 HealthCounter: Showing normal HP 3 for 1wreckingball
 ZaryaTokenOverlay: Card 1wreckingball has Zarya token: undefined
 HarmonyTokenOverlay: Card 1wreckingball has effects: Array(1)
 HarmonyTokenOverlay: Card 1wreckingball has Harmony token: undefined
 DiscordTokenOverlay: Card 1wreckingball has effects: Array(1)
 DiscordTokenOverlay: Card 1wreckingball has Discord token: undefined
 HealthCounter for 1wreckingball: Object
 HealthCounter: Showing normal HP 3 for 1wreckingball
 ZaryaTokenOverlay: Card 1wreckingball has Zarya token: undefined
 HarmonyTokenOverlay: Card 1wreckingball has effects: Array(1)
 HarmonyTokenOverlay: Card 1wreckingball has Harmony token: undefined
 DiscordTokenOverlay: Card 1wreckingball has effects: Array(1)
 DiscordTokenOverlay: Card 1wreckingball has Discord token: undefined
 HealthCounter for 1wreckingball: Object
 HealthCounter: Showing normal HP 3 for 1wreckingball
 ZaryaTokenOverlay: Card 1wreckingball has Zarya token: undefined
 HarmonyTokenOverlay: Card 1wreckingball has effects: Array(1)
 HarmonyTokenOverlay: Card 1wreckingball has Harmony token: undefined
 DiscordTokenOverlay: Card 1wreckingball has effects: Array(1)
 DiscordTokenOverlay: Card 1wreckingball has Discord token: undefined
 HealthCounter for 1wreckingball: Object
 HealthCounter: Showing normal HP 3 for 1wreckingball
 ZaryaTokenOverlay: Card 1wreckingball has Zarya token: undefined
 HarmonyTokenOverlay: Card 1wreckingball has effects: Array(1)
 HarmonyTokenOverlay: Card 1wreckingball has Harmony token: undefined
 DiscordTokenOverlay: Card 1wreckingball has effects: Array(1)
 DiscordTokenOverlay: Card 1wreckingball has Discord token: undefined
 HealthCounter for 1wreckingball: Object
 HealthCounter: Showing normal HP 3 for 1wreckingball
 ZaryaTokenOverlay: Card 1wreckingball has Zarya token: undefined
 HarmonyTokenOverlay: Card 1wreckingball has effects: Array(1)
 HarmonyTokenOverlay: Card 1wreckingball has Harmony token: undefined
 DiscordTokenOverlay: Card 1wreckingball has effects: Array(1)
 DiscordTokenOverlay: Card 1wreckingball has Discord token: undefined
 HealthCounter for 1wreckingball: Object
 HealthCounter: Showing normal HP 3 for 1wreckingball
 ZaryaTokenOverlay: Card 1wreckingball has Zarya token: undefined
 HarmonyTokenOverlay: Card 1wreckingball has effects: Array(1)
 HarmonyTokenOverlay: Card 1wreckingball has Harmony token: undefined
 DiscordTokenOverlay: Card 1wreckingball has effects: Array(1)
 DiscordTokenOverlay: Card 1wreckingball has Discord token: undefined
 HealthCounter for 1wreckingball: Object
 HealthCounter: Showing normal HP 3 for 1wreckingball
 ZaryaTokenOverlay: Card 1wreckingball has Zarya token: undefined
 HarmonyTokenOverlay: Card 1wreckingball has effects: Array(1)
 HarmonyTokenOverlay: Card 1wreckingball has Harmony token: undefined
 DiscordTokenOverlay: Card 1wreckingball has effects: Array(1)
 DiscordTokenOverlay: Card 1wreckingball has Discord token: undefined
 HealthCounter for 1wreckingball: Object
 HealthCounter: Showing normal HP 3 for 1wreckingball
 ZaryaTokenOverlay: Card 1wreckingball has Zarya token: undefined
 HarmonyTokenOverlay: Card 1wreckingball has effects: Array(1)
 HarmonyTokenOverlay: Card 1wreckingball has Harmony token: undefined
 DiscordTokenOverlay: Card 1wreckingball has effects: Array(1)
 DiscordTokenOverlay: Card 1wreckingball has Discord token: undefined
 HealthCounter for 1wreckingball: Object
 HealthCounter: Showing normal HP 3 for 1wreckingball
 ZaryaTokenOverlay: Card 1wreckingball has Zarya token: undefined
 HarmonyTokenOverlay: Card 1wreckingball has effects: Array(1)
 HarmonyTokenOverlay: Card 1wreckingball has Harmony token: undefined
 DiscordTokenOverlay: Card 1wreckingball has effects: Array(1)
 DiscordTokenOverlay: Card 1wreckingball has Discord token: undefined
 HealthCounter for 1wreckingball: Object
 HealthCounter: Showing normal HP 3 for 1wreckingball
 ZaryaTokenOverlay: Card 1wreckingball has Zarya token: undefined
 HarmonyTokenOverlay: Card 1wreckingball has effects: Array(1)
 HarmonyTokenOverlay: Card 1wreckingball has Harmony token: undefined
 DiscordTokenOverlay: Card 1wreckingball has effects: Array(1)
 DiscordTokenOverlay: Card 1wreckingball has Discord token: undefined
 HealthCounter for 1wreckingball: Object
 HealthCounter: Showing normal HP 3 for 1wreckingball
 ZaryaTokenOverlay: Card 1wreckingball has Zarya token: undefined
 HarmonyTokenOverlay: Card 1wreckingball has effects: Array(1)
 HarmonyTokenOverlay: Card 1wreckingball has Harmony token: undefined
 DiscordTokenOverlay: Card 1wreckingball has effects: Array(1)
 DiscordTokenOverlay: Card 1wreckingball has Discord token: undefined
 HealthCounter for 1wreckingball: Object
 HealthCounter: Showing normal HP 3 for 1wreckingball
 ZaryaTokenOverlay: Card 1wreckingball has Zarya token: undefined
 HarmonyTokenOverlay: Card 1wreckingball has effects: Array(1)
 HarmonyTokenOverlay: Card 1wreckingball has Harmony token: undefined
 DiscordTokenOverlay: Card 1wreckingball has effects: Array(1)
 DiscordTokenOverlay: Card 1wreckingball has Discord token: undefined
 HealthCounter for 1wreckingball: Object
 HealthCounter: Showing normal HP 3 for 1wreckingball
 ZaryaTokenOverlay: Card 1wreckingball has Zarya token: undefined
 HarmonyTokenOverlay: Card 1wreckingball has effects: Array(1)
 HarmonyTokenOverlay: Card 1wreckingball has Harmony token: undefined
 DiscordTokenOverlay: Card 1wreckingball has effects: Array(1)
 DiscordTokenOverlay: Card 1wreckingball has Discord token: undefined
 HealthCounter for 1turret: Object
 HealthCounter: Showing normal HP 3 for 1turret
 ZaryaTokenOverlay: Card 1turret has Zarya token: undefined
 HarmonyTokenOverlay: Card 1turret has effects: Array(1)
 HarmonyTokenOverlay: Card 1turret has Harmony token: undefined
 DiscordTokenOverlay: Card 1turret has effects: Array(1)
 DiscordTokenOverlay: Card 1turret has Discord token: undefined
 HealthCounter for 1torbjorn: Object
 HealthCounter: Showing normal HP 3 for 1torbjorn
 ZaryaTokenOverlay: Card 1torbjorn has Zarya token: undefined
 HarmonyTokenOverlay: Card 1torbjorn has effects: Array(1)
 HarmonyTokenOverlay: Card 1torbjorn has Harmony token: undefined
 DiscordTokenOverlay: Card 1torbjorn has effects: Array(1)
 DiscordTokenOverlay: Card 1torbjorn has Discord token: undefined
 HealthCounter for 1genji: Object
 HealthCounter: Showing normal HP 4 for 1genji
 ZaryaTokenOverlay: Card 1genji has Zarya token: undefined
 HarmonyTokenOverlay: Card 1genji has effects: Array(0)
 HarmonyTokenOverlay: Card 1genji has Harmony token: undefined
 DiscordTokenOverlay: Card 1genji has effects: Array(0)
 DiscordTokenOverlay: Card 1genji has Discord token: undefined
 HealthCounter for 1wreckingball: Object
 HealthCounter: Showing normal HP 3 for 1wreckingball
 ZaryaTokenOverlay: Card 1wreckingball has Zarya token: undefined
 HarmonyTokenOverlay: Card 1wreckingball has effects: Array(1)
 HarmonyTokenOverlay: Card 1wreckingball has Harmony token: undefined
 DiscordTokenOverlay: Card 1wreckingball has effects: Array(1)
 DiscordTokenOverlay: Card 1wreckingball has Discord token: undefined
 HealthCounter for 1wreckingball: Object
 HealthCounter: Showing normal HP 3 for 1wreckingball
 ZaryaTokenOverlay: Card 1wreckingball has Zarya token: undefined
 HarmonyTokenOverlay: Card 1wreckingball has effects: Array(1)
 HarmonyTokenOverlay: Card 1wreckingball has Harmony token: undefined
 DiscordTokenOverlay: Card 1wreckingball has effects: Array(1)
 DiscordTokenOverlay: Card 1wreckingball has Discord token: undefined
 HealthCounter for 1wreckingball: Object
 HealthCounter: Showing normal HP 3 for 1wreckingball
 ZaryaTokenOverlay: Card 1wreckingball has Zarya token: undefined
 HarmonyTokenOverlay: Card 1wreckingball has effects: Array(1)
 HarmonyTokenOverlay: Card 1wreckingball has Harmony token: undefined
 DiscordTokenOverlay: Card 1wreckingball has effects: Array(1)
 DiscordTokenOverlay: Card 1wreckingball has Discord token: undefined
 HealthCounter for 1wreckingball: Object
 HealthCounter: Showing normal HP 3 for 1wreckingball
 ZaryaTokenOverlay: Card 1wreckingball has Zarya token: undefined
 HarmonyTokenOverlay: Card 1wreckingball has effects: Array(1)
 HarmonyTokenOverlay: Card 1wreckingball has Harmony token: undefined
 DiscordTokenOverlay: Card 1wreckingball has effects: Array(1)
 DiscordTokenOverlay: Card 1wreckingball has Discord token: undefined
 HealthCounter for 1wreckingball: Object
 HealthCounter: Showing normal HP 3 for 1wreckingball
 ZaryaTokenOverlay: Card 1wreckingball has Zarya token: undefined
 HarmonyTokenOverlay: Card 1wreckingball has effects: Array(1)
 HarmonyTokenOverlay: Card 1wreckingball has Harmony token: undefined
 DiscordTokenOverlay: Card 1wreckingball has effects: Array(1)
 DiscordTokenOverlay: Card 1wreckingball has Discord token: undefined
 HealthCounter for 1wreckingball: Object
 HealthCounter: Showing normal HP 3 for 1wreckingball
 ZaryaTokenOverlay: Card 1wreckingball has Zarya token: undefined
 HarmonyTokenOverlay: Card 1wreckingball has effects: Array(1)
 HarmonyTokenOverlay: Card 1wreckingball has Harmony token: undefined
 DiscordTokenOverlay: Card 1wreckingball has effects: Array(1)
 DiscordTokenOverlay: Card 1wreckingball has Discord token: undefined
 HealthCounter for 1wreckingball: Object
 HealthCounter: Showing normal HP 3 for 1wreckingball
 ZaryaTokenOverlay: Card 1wreckingball has Zarya token: undefined
 HarmonyTokenOverlay: Card 1wreckingball has effects: Array(1)
 HarmonyTokenOverlay: Card 1wreckingball has Harmony token: undefined
 DiscordTokenOverlay: Card 1wreckingball has effects: Array(1)
 DiscordTokenOverlay: Card 1wreckingball has Discord token: undefined
 HealthCounter for 1wreckingball: Object
 HealthCounter: Showing normal HP 3 for 1wreckingball
 ZaryaTokenOverlay: Card 1wreckingball has Zarya token: undefined
 HarmonyTokenOverlay: Card 1wreckingball has effects: Array(1)
 HarmonyTokenOverlay: Card 1wreckingball has Harmony token: undefined
 DiscordTokenOverlay: Card 1wreckingball has effects: Array(1)
 DiscordTokenOverlay: Card 1wreckingball has Discord token: undefined
 HealthCounter for 1wreckingball: Object
 HealthCounter: Showing normal HP 3 for 1wreckingball
 ZaryaTokenOverlay: Card 1wreckingball has Zarya token: undefined
 HarmonyTokenOverlay: Card 1wreckingball has effects: Array(1)
 HarmonyTokenOverlay: Card 1wreckingball has Harmony token: undefined
 DiscordTokenOverlay: Card 1wreckingball has effects: Array(1)
 DiscordTokenOverlay: Card 1wreckingball has Discord token: undefined
 HealthCounter for 1wreckingball: Object
 HealthCounter: Showing normal HP 3 for 1wreckingball
 ZaryaTokenOverlay: Card 1wreckingball has Zarya token: undefined
 HarmonyTokenOverlay: Card 1wreckingball has effects: Array(1)
 HarmonyTokenOverlay: Card 1wreckingball has Harmony token: undefined
 DiscordTokenOverlay: Card 1wreckingball has effects: Array(1)
 DiscordTokenOverlay: Card 1wreckingball has Discord token: undefined
 HealthCounter for 1wreckingball: Object
 HealthCounter: Showing normal HP 3 for 1wreckingball
 ZaryaTokenOverlay: Card 1wreckingball has Zarya token: undefined
 HarmonyTokenOverlay: Card 1wreckingball has effects: Array(1)
 HarmonyTokenOverlay: Card 1wreckingball has Harmony token: undefined
 DiscordTokenOverlay: Card 1wreckingball has effects: Array(1)
 DiscordTokenOverlay: Card 1wreckingball has Discord token: undefined
 HealthCounter for 1wreckingball: Object
 HealthCounter: Showing normal HP 3 for 1wreckingball
 ZaryaTokenOverlay: Card 1wreckingball has Zarya token: undefined
 HarmonyTokenOverlay: Card 1wreckingball has effects: Array(1)
 HarmonyTokenOverlay: Card 1wreckingball has Harmony token: undefined
 DiscordTokenOverlay: Card 1wreckingball has effects: Array(1)
 DiscordTokenOverlay: Card 1wreckingball has Discord token: undefined
 HealthCounter for 1wreckingball: Object
 HealthCounter: Showing normal HP 3 for 1wreckingball
 ZaryaTokenOverlay: Card 1wreckingball has Zarya token: undefined
 HarmonyTokenOverlay: Card 1wreckingball has effects: Array(1)
 HarmonyTokenOverlay: Card 1wreckingball has Harmony token: undefined
 DiscordTokenOverlay: Card 1wreckingball has effects: Array(1)
 DiscordTokenOverlay: Card 1wreckingball has Discord token: undefined
 HealthCounter for 1wreckingball: Object
 HealthCounter: Showing normal HP 3 for 1wreckingball
 ZaryaTokenOverlay: Card 1wreckingball has Zarya token: undefined
 HarmonyTokenOverlay: Card 1wreckingball has effects: Array(1)
 HarmonyTokenOverlay: Card 1wreckingball has Harmony token: undefined
 DiscordTokenOverlay: Card 1wreckingball has effects: Array(1)
 DiscordTokenOverlay: Card 1wreckingball has Discord token: undefined
 HealthCounter for 1wreckingball: Object
 HealthCounter: Showing normal HP 3 for 1wreckingball
 ZaryaTokenOverlay: Card 1wreckingball has Zarya token: undefined
 HarmonyTokenOverlay: Card 1wreckingball has effects: Array(1)
 HarmonyTokenOverlay: Card 1wreckingball has Harmony token: undefined
 DiscordTokenOverlay: Card 1wreckingball has effects: Array(1)
 DiscordTokenOverlay: Card 1wreckingball has Discord token: undefined
 HealthCounter for 1wreckingball: Object
 HealthCounter: Showing normal HP 3 for 1wreckingball
 ZaryaTokenOverlay: Card 1wreckingball has Zarya token: undefined
 HarmonyTokenOverlay: Card 1wreckingball has effects: Array(1)
 HarmonyTokenOverlay: Card 1wreckingball has Harmony token: undefined
 DiscordTokenOverlay: Card 1wreckingball has effects: Array(1)
 DiscordTokenOverlay: Card 1wreckingball has Discord token: undefined
 HealthCounter for 1wreckingball: Object
 HealthCounter: Showing normal HP 3 for 1wreckingball
 ZaryaTokenOverlay: Card 1wreckingball has Zarya token: undefined
 HarmonyTokenOverlay: Card 1wreckingball has effects: Array(1)
 HarmonyTokenOverlay: Card 1wreckingball has Harmony token: undefined
 DiscordTokenOverlay: Card 1wreckingball has effects: Array(1)
 DiscordTokenOverlay: Card 1wreckingball has Discord token: undefined
 HealthCounter for 1wreckingball: Object
 HealthCounter: Showing normal HP 3 for 1wreckingball
 ZaryaTokenOverlay: Card 1wreckingball has Zarya token: undefined
 HarmonyTokenOverlay: Card 1wreckingball has effects: Array(1)
 HarmonyTokenOverlay: Card 1wreckingball has Harmony token: undefined
 DiscordTokenOverlay: Card 1wreckingball has effects: Array(1)
 DiscordTokenOverlay: Card 1wreckingball has Discord token: undefined
 HealthCounter for 1wreckingball: Object
 HealthCounter: Showing normal HP 3 for 1wreckingball
 ZaryaTokenOverlay: Card 1wreckingball has Zarya token: undefined
 HarmonyTokenOverlay: Card 1wreckingball has effects: Array(1)
 HarmonyTokenOverlay: Card 1wreckingball has Harmony token: undefined
 DiscordTokenOverlay: Card 1wreckingball has effects: Array(1)
 DiscordTokenOverlay: Card 1wreckingball has Discord token: undefined
 HealthCounter for 1wreckingball: Object
 HealthCounter: Showing normal HP 3 for 1wreckingball
 ZaryaTokenOverlay: Card 1wreckingball has Zarya token: undefined
 HarmonyTokenOverlay: Card 1wreckingball has effects: Array(1)
 HarmonyTokenOverlay: Card 1wreckingball has Harmony token: undefined
 DiscordTokenOverlay: Card 1wreckingball has effects: Array(1)
 DiscordTokenOverlay: Card 1wreckingball has Discord token: undefined
 HealthCounter for 1wreckingball: Object
 HealthCounter: Showing normal HP 3 for 1wreckingball
 ZaryaTokenOverlay: Card 1wreckingball has Zarya token: undefined
 HarmonyTokenOverlay: Card 1wreckingball has effects: Array(1)
 HarmonyTokenOverlay: Card 1wreckingball has Harmony token: undefined
 DiscordTokenOverlay: Card 1wreckingball has effects: Array(1)
 DiscordTokenOverlay: Card 1wreckingball has Discord token: undefined
 HealthCounter for 1wreckingball: Object
 HealthCounter: Showing normal HP 3 for 1wreckingball
 ZaryaTokenOverlay: Card 1wreckingball has Zarya token: undefined
 HarmonyTokenOverlay: Card 1wreckingball has effects: Array(1)
 HarmonyTokenOverlay: Card 1wreckingball has Harmony token: undefined
 DiscordTokenOverlay: Card 1wreckingball has effects: Array(1)
 DiscordTokenOverlay: Card 1wreckingball has Discord token: undefined
 HealthCounter for 1wreckingball: Object
 HealthCounter: Showing normal HP 3 for 1wreckingball
 ZaryaTokenOverlay: Card 1wreckingball has Zarya token: undefined
 HarmonyTokenOverlay: Card 1wreckingball has effects: Array(1)
 HarmonyTokenOverlay: Card 1wreckingball has Harmony token: undefined
 DiscordTokenOverlay: Card 1wreckingball has effects: Array(1)
 DiscordTokenOverlay: Card 1wreckingball has Discord token: undefined
 HealthCounter for 1wreckingball: Object
 HealthCounter: Showing normal HP 3 for 1wreckingball
 ZaryaTokenOverlay: Card 1wreckingball has Zarya token: undefined
 HarmonyTokenOverlay: Card 1wreckingball has effects: Array(1)
 HarmonyTokenOverlay: Card 1wreckingball has Harmony token: undefined
 DiscordTokenOverlay: Card 1wreckingball has effects: Array(1)
 DiscordTokenOverlay: Card 1wreckingball has Discord token: undefined
 HealthCounter for 1wreckingball: Object
 HealthCounter: Showing normal HP 3 for 1wreckingball
 ZaryaTokenOverlay: Card 1wreckingball has Zarya token: undefined
 HarmonyTokenOverlay: Card 1wreckingball has effects: Array(1)
 HarmonyTokenOverlay: Card 1wreckingball has Harmony token: undefined
 DiscordTokenOverlay: Card 1wreckingball has effects: Array(1)
 DiscordTokenOverlay: Card 1wreckingball has Discord token: undefined
 HealthCounter for 1wreckingball: Object
 HealthCounter: Showing normal HP 3 for 1wreckingball
 ZaryaTokenOverlay: Card 1wreckingball has Zarya token: undefined
 HarmonyTokenOverlay: Card 1wreckingball has effects: Array(1)
 HarmonyTokenOverlay: Card 1wreckingball has Harmony token: undefined
 DiscordTokenOverlay: Card 1wreckingball has effects: Array(1)
 DiscordTokenOverlay: Card 1wreckingball has Discord token: undefined
 HealthCounter for 1wreckingball: Object
 HealthCounter: Showing normal HP 3 for 1wreckingball
 ZaryaTokenOverlay: Card 1wreckingball has Zarya token: undefined
 HarmonyTokenOverlay: Card 1wreckingball has effects: Array(1)
 HarmonyTokenOverlay: Card 1wreckingball has Harmony token: undefined
 DiscordTokenOverlay: Card 1wreckingball has effects: Array(1)
 DiscordTokenOverlay: Card 1wreckingball has Discord token: undefined
 HealthCounter for 1wreckingball: Object
 HealthCounter: Showing normal HP 3 for 1wreckingball
 ZaryaTokenOverlay: Card 1wreckingball has Zarya token: undefined
 HarmonyTokenOverlay: Card 1wreckingball has effects: Array(1)
 HarmonyTokenOverlay: Card 1wreckingball has Harmony token: undefined
 DiscordTokenOverlay: Card 1wreckingball has effects: Array(1)
 DiscordTokenOverlay: Card 1wreckingball has Discord token: undefined
 Attempting to play placement sound...
 Placement audio source: /owcardgame/static/media/placement.445605f26d71501234a7.mp3
 Created placement audio object: 
 Playing wreckingball enter sound...
 HealthCounter for 1doomfist: Object
 HealthCounter: Showing normal HP 4 for 1doomfist
 ZaryaTokenOverlay: Card 1doomfist has Zarya token: undefined
 HarmonyTokenOverlay: Card 1doomfist has effects: Array(0)
 HarmonyTokenOverlay: Card 1doomfist has Harmony token: undefined
 DiscordTokenOverlay: Card 1doomfist has effects: Array(0)
 DiscordTokenOverlay: Card 1doomfist has Discord token: undefined
 HealthCounter for 1dva: Object
 HealthCounter: Showing normal HP 2 for 1dva
 ZaryaTokenOverlay: Card 1dva has Zarya token: undefined
 HarmonyTokenOverlay: Card 1dva has effects: Array(0)
 HarmonyTokenOverlay: Card 1dva has Harmony token: undefined
 DiscordTokenOverlay: Card 1dva has effects: Array(0)
 DiscordTokenOverlay: Card 1dva has Discord token: undefined
 HealthCounter for 1ana: Object
 HealthCounter: Showing normal HP 3 for 1ana
 ZaryaTokenOverlay: Card 1ana has Zarya token: undefined
 HarmonyTokenOverlay: Card 1ana has effects: Array(1)
 HarmonyTokenOverlay: Card 1ana has Harmony token: undefined
 DiscordTokenOverlay: Card 1ana has effects: Array(1)
 DiscordTokenOverlay: Card 1ana has Discord token: undefined
 HealthCounter for 1mei: Object
 HealthCounter: Showing normal HP 4 for 1mei
 ZaryaTokenOverlay: Card 1mei has Zarya token: undefined
 HarmonyTokenOverlay: Card 1mei has effects: Array(1)
 HarmonyTokenOverlay: Card 1mei has Harmony token: undefined
 DiscordTokenOverlay: Card 1mei has effects: Array(1)
 DiscordTokenOverlay: Card 1mei has Discord token: undefined
 HealthCounter for 1wreckingball: Object
 HealthCounter: Showing normal HP 3 for 1wreckingball
 ZaryaTokenOverlay: Card 1wreckingball has Zarya token: undefined
 HarmonyTokenOverlay: Card 1wreckingball has effects: Array(1)
 HarmonyTokenOverlay: Card 1wreckingball has Harmony token: undefined
 DiscordTokenOverlay: Card 1wreckingball has effects: Array(1)
 DiscordTokenOverlay: Card 1wreckingball has Discord token: undefined
 HealthCounter for 1turret: Object
 HealthCounter: Showing normal HP 3 for 1turret
 ZaryaTokenOverlay: Card 1turret has Zarya token: undefined
 HarmonyTokenOverlay: Card 1turret has effects: Array(1)
 HarmonyTokenOverlay: Card 1turret has Harmony token: undefined
 DiscordTokenOverlay: Card 1turret has effects: Array(1)
 DiscordTokenOverlay: Card 1turret has Discord token: undefined
 HealthCounter for 1torbjorn: Object
 HealthCounter: Showing normal HP 3 for 1torbjorn
 ZaryaTokenOverlay: Card 1torbjorn has Zarya token: undefined
 HarmonyTokenOverlay: Card 1torbjorn has effects: Array(1)
 HarmonyTokenOverlay: Card 1torbjorn has Harmony token: undefined
 DiscordTokenOverlay: Card 1torbjorn has effects: Array(1)
 DiscordTokenOverlay: Card 1torbjorn has Discord token: undefined
 HealthCounter for 1genji: Object
 HealthCounter: Showing normal HP 4 for 1genji
 ZaryaTokenOverlay: Card 1genji has Zarya token: undefined
 HarmonyTokenOverlay: Card 1genji has effects: Array(0)
 HarmonyTokenOverlay: Card 1genji has Harmony token: undefined
 DiscordTokenOverlay: Card 1genji has effects: Array(0)
 DiscordTokenOverlay: Card 1genji has Discord token: undefined
 HealthCounter for 2doomfist: Object
 HealthCounter: Showing normal HP 3 for 2doomfist
 ZaryaTokenOverlay: Card 2doomfist has Zarya token: undefined
 HarmonyTokenOverlay: Card 2doomfist has effects: Array(0)
 HarmonyTokenOverlay: Card 2doomfist has Harmony token: undefined
 DiscordTokenOverlay: Card 2doomfist has effects: Array(0)
 DiscordTokenOverlay: Card 2doomfist has Discord token: undefined
 HealthCounter for 2mauga: Object
 HealthCounter: Showing normal HP 2 for 2mauga
 ZaryaTokenOverlay: Card 2mauga has Zarya token: undefined
 HarmonyTokenOverlay: Card 2mauga has effects: Array(1)
 HarmonyTokenOverlay: Card 2mauga has Harmony token: undefined
 DiscordTokenOverlay: Card 2mauga has effects: Array(1)
 DiscordTokenOverlay: Card 2mauga has Discord token: undefined
 TurnEffectsRunner: useEffect triggered Object
 TurnEffectsRunner: Turn change check Object
 HealthCounter for 1doomfist: Object
 HealthCounter: Showing normal HP 4 for 1doomfist
 ZaryaTokenOverlay: Card 1doomfist has Zarya token: undefined
 HarmonyTokenOverlay: Card 1doomfist has effects: Array(0)
 HarmonyTokenOverlay: Card 1doomfist has Harmony token: undefined
 DiscordTokenOverlay: Card 1doomfist has effects: Array(0)
 DiscordTokenOverlay: Card 1doomfist has Discord token: undefined
 HealthCounter for 1dva: Object
 HealthCounter: Showing normal HP 2 for 1dva
 ZaryaTokenOverlay: Card 1dva has Zarya token: undefined
 HarmonyTokenOverlay: Card 1dva has effects: Array(0)
 HarmonyTokenOverlay: Card 1dva has Harmony token: undefined
 DiscordTokenOverlay: Card 1dva has effects: Array(0)
 DiscordTokenOverlay: Card 1dva has Discord token: undefined
 HealthCounter for 1ana: Object
 HealthCounter: Showing normal HP 3 for 1ana
 ZaryaTokenOverlay: Card 1ana has Zarya token: undefined
 HarmonyTokenOverlay: Card 1ana has effects: Array(1)
 HarmonyTokenOverlay: Card 1ana has Harmony token: undefined
 DiscordTokenOverlay: Card 1ana has effects: Array(1)
 DiscordTokenOverlay: Card 1ana has Discord token: undefined
 HealthCounter for 1mei: Object
 HealthCounter: Showing normal HP 4 for 1mei
 ZaryaTokenOverlay: Card 1mei has Zarya token: undefined
 HarmonyTokenOverlay: Card 1mei has effects: Array(1)
 HarmonyTokenOverlay: Card 1mei has Harmony token: undefined
 DiscordTokenOverlay: Card 1mei has effects: Array(1)
 DiscordTokenOverlay: Card 1mei has Discord token: undefined
 HealthCounter for 1wreckingball: Object
 HealthCounter: Showing normal HP 3 for 1wreckingball
 ZaryaTokenOverlay: Card 1wreckingball has Zarya token: undefined
 HarmonyTokenOverlay: Card 1wreckingball has effects: Array(1)
 HarmonyTokenOverlay: Card 1wreckingball has Harmony token: undefined
 DiscordTokenOverlay: Card 1wreckingball has effects: Array(1)
 DiscordTokenOverlay: Card 1wreckingball has Discord token: undefined
 HealthCounter for 1turret: Object
 HealthCounter: Showing normal HP 3 for 1turret
 ZaryaTokenOverlay: Card 1turret has Zarya token: undefined
 HarmonyTokenOverlay: Card 1turret has effects: Array(1)
 HarmonyTokenOverlay: Card 1turret has Harmony token: undefined
 DiscordTokenOverlay: Card 1turret has effects: Array(1)
 DiscordTokenOverlay: Card 1turret has Discord token: undefined
 HealthCounter for 1torbjorn: Object
 HealthCounter: Showing normal HP 3 for 1torbjorn
 ZaryaTokenOverlay: Card 1torbjorn has Zarya token: undefined
 HarmonyTokenOverlay: Card 1torbjorn has effects: Array(1)
 HarmonyTokenOverlay: Card 1torbjorn has Harmony token: undefined
 DiscordTokenOverlay: Card 1torbjorn has effects: Array(1)
 DiscordTokenOverlay: Card 1torbjorn has Discord token: undefined
 HealthCounter for 1genji: Object
 HealthCounter: Showing normal HP 4 for 1genji
 ZaryaTokenOverlay: Card 1genji has Zarya token: undefined
 HarmonyTokenOverlay: Card 1genji has effects: Array(0)
 HarmonyTokenOverlay: Card 1genji has Harmony token: undefined
 DiscordTokenOverlay: Card 1genji has effects: Array(0)
 DiscordTokenOverlay: Card 1genji has Discord token: undefined
 HealthCounter for 2doomfist: Object
 HealthCounter: Showing normal HP 3 for 2doomfist
 ZaryaTokenOverlay: Card 2doomfist has Zarya token: undefined
 HarmonyTokenOverlay: Card 2doomfist has effects: Array(0)
 HarmonyTokenOverlay: Card 2doomfist has Harmony token: undefined
 DiscordTokenOverlay: Card 2doomfist has effects: Array(0)
 DiscordTokenOverlay: Card 2doomfist has Discord token: undefined
 HealthCounter for 2mauga: Object
 HealthCounter: Showing normal HP 2 for 2mauga
 ZaryaTokenOverlay: Card 2mauga has Zarya token: undefined
 HarmonyTokenOverlay: Card 2mauga has effects: Array(1)
 HarmonyTokenOverlay: Card 2mauga has Harmony token: undefined
 DiscordTokenOverlay: Card 2mauga has effects: Array(1)
 DiscordTokenOverlay: Card 2mauga has Discord token: undefined
 Placement sound played successfully
 wreckingball enter sound played successfully
 HealthCounter for 1doomfist: Object
 HealthCounter: Showing normal HP 4 for 1doomfist
 ZaryaTokenOverlay: Card 1doomfist has Zarya token: undefined
 HarmonyTokenOverlay: Card 1doomfist has effects: Array(0)
 HarmonyTokenOverlay: Card 1doomfist has Harmony token: undefined
 DiscordTokenOverlay: Card 1doomfist has effects: Array(0)
 DiscordTokenOverlay: Card 1doomfist has Discord token: undefined
 HealthCounter for 1dva: Object
 HealthCounter: Showing normal HP 2 for 1dva
 ZaryaTokenOverlay: Card 1dva has Zarya token: undefined
 HarmonyTokenOverlay: Card 1dva has effects: Array(0)
 HarmonyTokenOverlay: Card 1dva has Harmony token: undefined
 DiscordTokenOverlay: Card 1dva has effects: Array(0)
 DiscordTokenOverlay: Card 1dva has Discord token: undefined
 HealthCounter for 1ana: Object
 HealthCounter: Showing normal HP 3 for 1ana
 ZaryaTokenOverlay: Card 1ana has Zarya token: undefined
 HarmonyTokenOverlay: Card 1ana has effects: Array(1)
 HarmonyTokenOverlay: Card 1ana has Harmony token: undefined
 DiscordTokenOverlay: Card 1ana has effects: Array(1)
 DiscordTokenOverlay: Card 1ana has Discord token: undefined
 HealthCounter for 1mei: Object
 HealthCounter: Showing normal HP 4 for 1mei
 ZaryaTokenOverlay: Card 1mei has Zarya token: undefined
 HarmonyTokenOverlay: Card 1mei has effects: Array(1)
HarmonyTokenOverlay.js:8 HarmonyTokenOverlay: Card 1mei has Harmony token: undefined
DiscordTokenOverlay.js:7 DiscordTokenOverlay: Card 1mei has effects: Array(1)
DiscordTokenOverlay.js:8 DiscordTokenOverlay: Card 1mei has Discord token: undefined
HealthCounter.js:1 HealthCounter for 1wreckingball: Object
HealthCounter.js:13 HealthCounter: Showing normal HP 3 for 1wreckingball
ZaryaTokenOverlay.js:8 ZaryaTokenOverlay: Card 1wreckingball has Zarya token: undefined
HarmonyTokenOverlay.js:7 HarmonyTokenOverlay: Card 1wreckingball has effects: Array(1)
HarmonyTokenOverlay.js:8 HarmonyTokenOverlay: Card 1wreckingball has Harmony token: undefined
DiscordTokenOverlay.js:7 DiscordTokenOverlay: Card 1wreckingball has effects: Array(1)
DiscordTokenOverlay.js:8 DiscordTokenOverlay: Card 1wreckingball has Discord token: undefined
HealthCounter.js:1 HealthCounter for 1turret: Object
HealthCounter.js:13 HealthCounter: Showing normal HP 3 for 1turret
ZaryaTokenOverlay.js:8 ZaryaTokenOverlay: Card 1turret has Zarya token: undefined
HarmonyTokenOverlay.js:7 HarmonyTokenOverlay: Card 1turret has effects: Array(1)
HarmonyTokenOverlay.js:8 HarmonyTokenOverlay: Card 1turret has Harmony token: undefined
DiscordTokenOverlay.js:7 DiscordTokenOverlay: Card 1turret has effects: Array(1)
DiscordTokenOverlay.js:8 DiscordTokenOverlay: Card 1turret has Discord token: undefined
HealthCounter.js:1 HealthCounter for 1torbjorn: Object
HealthCounter.js:13 HealthCounter: Showing normal HP 3 for 1torbjorn
ZaryaTokenOverlay.js:8 ZaryaTokenOverlay: Card 1torbjorn has Zarya token: undefined
HarmonyTokenOverlay.js:7 HarmonyTokenOverlay: Card 1torbjorn has effects: Array(1)
HarmonyTokenOverlay.js:8 HarmonyTokenOverlay: Card 1torbjorn has Harmony token: undefined
DiscordTokenOverlay.js:7 DiscordTokenOverlay: Card 1torbjorn has effects: Array(1)
DiscordTokenOverlay.js:8 DiscordTokenOverlay: Card 1torbjorn has Discord token: undefined
HealthCounter.js:1 HealthCounter for 1genji: Object
HealthCounter.js:13 HealthCounter: Showing normal HP 4 for 1genji
ZaryaTokenOverlay.js:8 ZaryaTokenOverlay: Card 1genji has Zarya token: undefined
HarmonyTokenOverlay.js:7 HarmonyTokenOverlay: Card 1genji has effects: Array(0)
HarmonyTokenOverlay.js:8 HarmonyTokenOverlay: Card 1genji has Harmony token: undefined
DiscordTokenOverlay.js:7 DiscordTokenOverlay: Card 1genji has effects: Array(0)
DiscordTokenOverlay.js:8 DiscordTokenOverlay: Card 1genji has Discord token: undefined
HealthCounter.js:1 HealthCounter for 2doomfist: Object
HealthCounter.js:13 HealthCounter: Showing normal HP 3 for 2doomfist
ZaryaTokenOverlay.js:8 ZaryaTokenOverlay: Card 2doomfist has Zarya token: undefined
HarmonyTokenOverlay.js:7 HarmonyTokenOverlay: Card 2doomfist has effects: Array(0)
HarmonyTokenOverlay.js:8 HarmonyTokenOverlay: Card 2doomfist has Harmony token: undefined
DiscordTokenOverlay.js:7 DiscordTokenOverlay: Card 2doomfist has effects: Array(0)
DiscordTokenOverlay.js:8 DiscordTokenOverlay: Card 2doomfist has Discord token: undefined
HealthCounter.js:1 HealthCounter for 2mauga: Object
HealthCounter.js:13 HealthCounter: Showing normal HP 2 for 2mauga
ZaryaTokenOverlay.js:8 ZaryaTokenOverlay: Card 2mauga has Zarya token: undefined
HarmonyTokenOverlay.js:7 HarmonyTokenOverlay: Card 2mauga has effects: Array(1)
HarmonyTokenOverlay.js:8 HarmonyTokenOverlay: Card 2mauga has Harmony token: undefined
DiscordTokenOverlay.js:7 DiscordTokenOverlay: Card 2mauga has effects: Array(1)
DiscordTokenOverlay.js:8 DiscordTokenOverlay: Card 2mauga has Discord token: undefined
