 HarmonyTokenOverlay: Card 1hazard has effects: Array(0)
 HarmonyTokenOverlay: Card 1hazard has Harmony token: undefined
 DiscordTokenOverlay: Card 1hazard has effects: Array(0)
 DiscordTokenOverlay: Card 1hazard has Discord token: undefined
 HealthCounter for 1hazard: Object
 HealthCounter: Showing normal HP 4 for 1hazard
 ZaryaTokenOverlay: Card 1hazard has Zarya token: undefined
 HarmonyTokenOverlay: Card 1hazard has effects: Array(0)
 HarmonyTokenOverlay: Card 1hazard has Harmony token: undefined
 DiscordTokenOverlay: Card 1hazard has effects: Array(0)
 DiscordTokenOverlay: Card 1hazard has Discord token: undefined
 HealthCounter for 1hazard: Object
 HealthCounter: Showing normal HP 4 for 1hazard
 ZaryaTokenOverlay: Card 1hazard has Zarya token: undefined
 HarmonyTokenOverlay: Card 1hazard has effects: Array(0)
 HarmonyTokenOverlay: Card 1hazard has Harmony token: undefined
 DiscordTokenOverlay: Card 1hazard has effects: Array(0)
 DiscordTokenOverlay: Card 1hazard has Discord token: undefined
 HealthCounter for 1hazard: Object
 HealthCounter: Showing normal HP 4 for 1hazard
 ZaryaTokenOverlay: Card 1hazard has Zarya token: undefined
 HarmonyTokenOverlay: Card 1hazard has effects: Array(0)
 HarmonyTokenOverlay: Card 1hazard has Harmony token: undefined
 DiscordTokenOverlay: Card 1hazard has effects: Array(0)
 DiscordTokenOverlay: Card 1hazard has Discord token: undefined
 HealthCounter for 1hazard: Object
 HealthCounter: Showing normal HP 4 for 1hazard
 ZaryaTokenOverlay: Card 1hazard has Zarya token: undefined
 HarmonyTokenOverlay: Card 1hazard has effects: Array(0)
 HarmonyTokenOverlay: Card 1hazard has Harmony token: undefined
 DiscordTokenOverlay: Card 1hazard has effects: Array(0)
 DiscordTokenOverlay: Card 1hazard has Discord token: undefined
 HealthCounter for 1hazard: Object
 HealthCounter: Showing normal HP 4 for 1hazard
 ZaryaTokenOverlay: Card 1hazard has Zarya token: undefined
 HarmonyTokenOverlay: Card 1hazard has effects: Array(0)
 HarmonyTokenOverlay: Card 1hazard has Harmony token: undefined
 DiscordTokenOverlay: Card 1hazard has effects: Array(0)
 DiscordTokenOverlay: Card 1hazard has Discord token: undefined
 HealthCounter for 1hazard: Object
 HealthCounter: Showing normal HP 4 for 1hazard
 ZaryaTokenOverlay: Card 1hazard has Zarya token: undefined
 HarmonyTokenOverlay: Card 1hazard has effects: Array(0)
 HarmonyTokenOverlay: Card 1hazard has Harmony token: undefined
 DiscordTokenOverlay: Card 1hazard has effects: Array(0)
 DiscordTokenOverlay: Card 1hazard has Discord token: undefined
 HealthCounter for 1hazard: Object
 HealthCounter: Showing normal HP 4 for 1hazard
 ZaryaTokenOverlay: Card 1hazard has Zarya token: undefined
 HarmonyTokenOverlay: Card 1hazard has effects: Array(0)
 HarmonyTokenOverlay: Card 1hazard has Harmony token: undefined
 DiscordTokenOverlay: Card 1hazard has effects: Array(0)
 DiscordTokenOverlay: Card 1hazard has Discord token: undefined
 HealthCounter for 1hazard: Object
 HealthCounter: Showing normal HP 4 for 1hazard
 ZaryaTokenOverlay: Card 1hazard has Zarya token: undefined
 HarmonyTokenOverlay: Card 1hazard has effects: Array(0)
 HarmonyTokenOverlay: Card 1hazard has Harmony token: undefined
 DiscordTokenOverlay: Card 1hazard has effects: Array(0)
 DiscordTokenOverlay: Card 1hazard has Discord token: undefined
 HealthCounter for 1hazard: Object
 HealthCounter: Showing normal HP 4 for 1hazard
 ZaryaTokenOverlay: Card 1hazard has Zarya token: undefined
 HarmonyTokenOverlay: Card 1hazard has effects: Array(0)
 HarmonyTokenOverlay: Card 1hazard has Harmony token: undefined
 DiscordTokenOverlay: Card 1hazard has effects: Array(0)
 DiscordTokenOverlay: Card 1hazard has Discord token: undefined
 HealthCounter for 1hazard: Object
 HealthCounter: Showing normal HP 4 for 1hazard
 ZaryaTokenOverlay: Card 1hazard has Zarya token: undefined
 HarmonyTokenOverlay: Card 1hazard has effects: Array(0)
 HarmonyTokenOverlay: Card 1hazard has Harmony token: undefined
 DiscordTokenOverlay: Card 1hazard has effects: Array(0)
 DiscordTokenOverlay: Card 1hazard has Discord token: undefined
 HealthCounter for 1hazard: Object
 HealthCounter: Showing normal HP 4 for 1hazard
 ZaryaTokenOverlay: Card 1hazard has Zarya token: undefined
 HarmonyTokenOverlay: Card 1hazard has effects: Array(0)
 HarmonyTokenOverlay: Card 1hazard has Harmony token: undefined
 DiscordTokenOverlay: Card 1hazard has effects: Array(0)
 DiscordTokenOverlay: Card 1hazard has Discord token: undefined
 HealthCounter for 1hazard: Object
 HealthCounter: Showing normal HP 4 for 1hazard
 ZaryaTokenOverlay: Card 1hazard has Zarya token: undefined
 HarmonyTokenOverlay: Card 1hazard has effects: Array(0)
 HarmonyTokenOverlay: Card 1hazard has Harmony token: undefined
 DiscordTokenOverlay: Card 1hazard has effects: Array(0)
 DiscordTokenOverlay: Card 1hazard has Discord token: undefined
 HealthCounter for 1hazard: Object
 HealthCounter: Showing normal HP 4 for 1hazard
 ZaryaTokenOverlay: Card 1hazard has Zarya token: undefined
 HarmonyTokenOverlay: Card 1hazard has effects: Array(0)
 HarmonyTokenOverlay: Card 1hazard has Harmony token: undefined
 DiscordTokenOverlay: Card 1hazard has effects: Array(0)
 DiscordTokenOverlay: Card 1hazard has Discord token: undefined
 Attempting to play placement sound...
 Placement audio source: /owcardgame/static/media/placement.445605f26d71501234a7.mp3
 Created placement audio object: 
 HealthCounter for 1soldier: Object
 HealthCounter: Showing normal HP 4 for 1soldier
 ZaryaTokenOverlay: Card 1soldier has Zarya token: undefined
 HarmonyTokenOverlay: Card 1soldier has effects: Array(0)
 HarmonyTokenOverlay: Card 1soldier has Harmony token: undefined
 DiscordTokenOverlay: Card 1soldier has effects: Array(0)
 DiscordTokenOverlay: Card 1soldier has Discord token: undefined
 HealthCounter for 1dva: Object
 HealthCounter: Showing normal HP 2 for 1dva
 ZaryaTokenOverlay: Card 1dva has Zarya token: undefined
 HarmonyTokenOverlay: Card 1dva has effects: Array(0)
 HarmonyTokenOverlay: Card 1dva has Harmony token: undefined
 DiscordTokenOverlay: Card 1dva has effects: Array(0)
 DiscordTokenOverlay: Card 1dva has Discord token: undefined
 HealthCounter for 1moira: Object
 HealthCounter: Showing normal HP 3 for 1moira
 ZaryaTokenOverlay: Card 1moira has Zarya token: undefined
 HarmonyTokenOverlay: Card 1moira has effects: Array(0)
 HarmonyTokenOverlay: Card 1moira has Harmony token: undefined
 DiscordTokenOverlay: Card 1moira has effects: Array(0)
 DiscordTokenOverlay: Card 1moira has Discord token: undefined
 HealthCounter for 1torbjorn: Object
 HealthCounter: Showing normal HP 3 for 1torbjorn
 ZaryaTokenOverlay: Card 1torbjorn has Zarya token: undefined
 HarmonyTokenOverlay: Card 1torbjorn has effects: Array(1)
 HarmonyTokenOverlay: Card 1torbjorn has Harmony token: undefined
 DiscordTokenOverlay: Card 1torbjorn has effects: Array(1)
 DiscordTokenOverlay: Card 1torbjorn has Discord token: undefined
 ZaryaTokenOverlay: Card 1hazard has Zarya token: undefined
 HarmonyTokenOverlay: Card 1hazard has effects: Array(0)
 HarmonyTokenOverlay: Card 1hazard has Harmony token: undefined
 DiscordTokenOverlay: Card 1hazard has effects: Array(0)
 DiscordTokenOverlay: Card 1hazard has Discord token: undefined
 TurnEffectsRunner: useEffect triggered Object
 TurnEffectsRunner: Turn change check Object
 HealthCounter for 1soldier: Object
 HealthCounter: Showing normal HP 4 for 1soldier
 ZaryaTokenOverlay: Card 1soldier has Zarya token: undefined
 HarmonyTokenOverlay: Card 1soldier has effects: Array(0)
 HarmonyTokenOverlay: Card 1soldier has Harmony token: undefined
 DiscordTokenOverlay: Card 1soldier has effects: Array(0)
 DiscordTokenOverlay: Card 1soldier has Discord token: undefined
 HealthCounter for 1dva: Object
 HealthCounter: Showing normal HP 2 for 1dva
 ZaryaTokenOverlay: Card 1dva has Zarya token: undefined
 HarmonyTokenOverlay: Card 1dva has effects: Array(0)
 HarmonyTokenOverlay: Card 1dva has Harmony token: undefined
 DiscordTokenOverlay: Card 1dva has effects: Array(0)
 DiscordTokenOverlay: Card 1dva has Discord token: undefined
 HealthCounter for 1moira: Object
 HealthCounter: Showing normal HP 3 for 1moira
 ZaryaTokenOverlay: Card 1moira has Zarya token: undefined
 HarmonyTokenOverlay: Card 1moira has effects: Array(0)
 HarmonyTokenOverlay: Card 1moira has Harmony token: undefined
 DiscordTokenOverlay: Card 1moira has effects: Array(0)
 DiscordTokenOverlay: Card 1moira has Discord token: undefined
 HealthCounter for 1torbjorn: Object
 HealthCounter: Showing normal HP 3 for 1torbjorn
 ZaryaTokenOverlay: Card 1torbjorn has Zarya token: undefined
 HarmonyTokenOverlay: Card 1torbjorn has effects: Array(1)
 HarmonyTokenOverlay: Card 1torbjorn has Harmony token: undefined
 DiscordTokenOverlay: Card 1torbjorn has effects: Array(1)
 DiscordTokenOverlay: Card 1torbjorn has Discord token: undefined
 HealthCounter for 1hazard: Object
 HealthCounter: Showing normal HP 4 for 1hazard
 ZaryaTokenOverlay: Card 1hazard has Zarya token: undefined
 HarmonyTokenOverlay: Card 1hazard has effects: Array(0)
 HarmonyTokenOverlay: Card 1hazard has Harmony token: undefined
 DiscordTokenOverlay: Card 1hazard has effects: Array(0)
 DiscordTokenOverlay: Card 1hazard has Discord token: undefined
 TurnEffectsRunner: useEffect triggered Object
 TurnEffectsRunner: Turn change check Object
 HealthCounter for 1soldier: Object
 HealthCounter: Showing normal HP 4 for 1soldier
 ZaryaTokenOverlay: Card 1soldier has Zarya token: undefined
 HarmonyTokenOverlay: Card 1soldier has effects: Array(0)
 HarmonyTokenOverlay: Card 1soldier has Harmony token: undefined
 DiscordTokenOverlay: Card 1soldier has effects: Array(0)
 DiscordTokenOverlay: Card 1soldier has Discord token: undefined
 HealthCounter for 1dva: Object
 HealthCounter: Showing normal HP 2 for 1dva
 ZaryaTokenOverlay: Card 1dva has Zarya token: undefined
 HarmonyTokenOverlay: Card 1dva has effects: Array(0)
 HarmonyTokenOverlay: Card 1dva has Harmony token: undefined
 DiscordTokenOverlay: Card 1dva has effects: Array(0)
 DiscordTokenOverlay: Card 1dva has Discord token: undefined
 HealthCounter for 1moira: Object
 HealthCounter: Showing normal HP 3 for 1moira
 ZaryaTokenOverlay: Card 1moira has Zarya token: undefined
 HarmonyTokenOverlay: Card 1moira has effects: Array(0)
 HarmonyTokenOverlay: Card 1moira has Harmony token: undefined
 DiscordTokenOverlay: Card 1moira has effects: Array(0)
 DiscordTokenOverlay: Card 1moira has Discord token: undefined
 HealthCounter for 1torbjorn: Object
 HealthCounter: Showing normal HP 3 for 1torbjorn
 ZaryaTokenOverlay: Card 1torbjorn has Zarya token: undefined
 HarmonyTokenOverlay: Card 1torbjorn has effects: Array(1)
 HarmonyTokenOverlay: Card 1torbjorn has Harmony token: undefined
 DiscordTokenOverlay: Card 1torbjorn has effects: Array(1)
 DiscordTokenOverlay: Card 1torbjorn has Discord token: undefined
 HealthCounter for 1hazard: Object
 HealthCounter: Showing normal HP 4 for 1hazard
 ZaryaTokenOverlay: Card 1hazard has Zarya token: undefined
 HarmonyTokenOverlay: Card 1hazard has effects: Array(0)
 HarmonyTokenOverlay: Card 1hazard has Harmony token: undefined
 DiscordTokenOverlay: Card 1hazard has effects: Array(0)
 DiscordTokenOverlay: Card 1hazard has Discord token: undefined
 Placement sound played successfully
 HealthCounter for 1hazard: Object
 HealthCounter: Showing normal HP 4 for 1hazard
 ZaryaTokenOverlay: Card 1hazard has Zarya token: undefined
 HarmonyTokenOverlay: Card 1hazard has effects: Array(0)
 HarmonyTokenOverlay: Card 1hazard has Harmony token: undefined
 DiscordTokenOverlay: Card 1hazard has effects: Array(0)
 DiscordTokenOverlay: Card 1hazard has Discord token: undefined
 HealthCounter for 1hazard: Object
 HealthCounter: Showing normal HP 4 for 1hazard
 ZaryaTokenOverlay: Card 1hazard has Zarya token: undefined
 HarmonyTokenOverlay: Card 1hazard has effects: Array(0)
 HarmonyTokenOverlay: Card 1hazard has Harmony token: undefined
 DiscordTokenOverlay: Card 1hazard has effects: Array(0)
 DiscordTokenOverlay: Card 1hazard has Discord token: undefined
 HealthCounter for 1hazard: Object
 HealthCounter: Showing normal HP 4 for 1hazard
 ZaryaTokenOverlay: Card 1hazard has Zarya token: undefined
 HarmonyTokenOverlay: Card 1hazard has effects: Array(0)
 HarmonyTokenOverlay: Card 1hazard has Harmony token: undefined
 DiscordTokenOverlay: Card 1hazard has effects: Array(0)
 DiscordTokenOverlay: Card 1hazard has Discord token: undefined
 HealthCounter for 2sombra: Object
 HealthCounter: Showing normal HP 3 for 2sombra
 ZaryaTokenOverlay: Card 2sombra has Zarya token: undefined
 HarmonyTokenOverlay: Card 2sombra has effects: Array(0)
 HarmonyTokenOverlay: Card 2sombra has Harmony token: undefined
 DiscordTokenOverlay: Card 2sombra has effects: Array(0)
 DiscordTokenOverlay: Card 2sombra has Discord token: undefined
 HealthCounter for 2dva: Object
 HealthCounter: Showing normal HP 2 for 2dva
 ZaryaTokenOverlay: Card 2dva has Zarya token: undefined
 HarmonyTokenOverlay: Card 2dva has effects: Array(0)
 HarmonyTokenOverlay: Card 2dva has Harmony token: undefined
 DiscordTokenOverlay: Card 2dva has effects: Array(0)
 DiscordTokenOverlay: Card 2dva has Discord token: undefined
 HealthCounter for 2moira: Object
 HealthCounter: Showing normal HP 3 for 2moira
 ZaryaTokenOverlay: Card 2moira has Zarya token: undefined
 HarmonyTokenOverlay: Card 2moira has effects: Array(0)
 HarmonyTokenOverlay: Card 2moira has Harmony token: undefined
 DiscordTokenOverlay: Card 2moira has effects: Array(0)
 DiscordTokenOverlay: Card 2moira has Discord token: undefined
 HealthCounter for 2hanzo: Object
 HealthCounter: Showing normal HP 4 for 2hanzo
 ZaryaTokenOverlay: Card 2hanzo has Zarya token: undefined
 HarmonyTokenOverlay: Card 2hanzo has effects: Array(1)
 HarmonyTokenOverlay: Card 2hanzo has Harmony token: undefined
 DiscordTokenOverlay: Card 2hanzo has effects: Array(1)
 DiscordTokenOverlay: Card 2hanzo has Discord token: undefined
 HealthCounter for 2tracer: Object
 HealthCounter: Showing normal HP 3 for 2tracer
 ZaryaTokenOverlay: Card 2tracer has Zarya token: undefined
 HarmonyTokenOverlay: Card 2tracer has effects: Array(0)
 HarmonyTokenOverlay: Card 2tracer has Harmony token: undefined
 DiscordTokenOverlay: Card 2tracer has effects: Array(0)
 DiscordTokenOverlay: Card 2tracer has Discord token: undefined
 Player 2 drew brigitte
 Playing brigitte intro sound...
 TurnEffectsRunner: useEffect triggered Object
 TurnEffectsRunner: Turn change check Object
 TurnEffectsRunner: Turn changed, processing effects
 Lifeweaver: Starting temporary HP cleanup for player 2
 Lifeweaver: No temporary HP effects found to clean up for player 2
 Lifeweaver: Temporary HP cleanup completed
 TurnEffectsRunner: Checking row 2b with 0 ally effects and 0 enemy effects
 TurnEffectsRunner: Checking row 2m with 0 ally effects and 0 enemy effects
 TurnEffectsRunner: Checking row 2f with 0 ally effects and 0 enemy effects
 HealthCounter for 1hazard: Object
 HealthCounter: Showing normal HP 4 for 1hazard
 ZaryaTokenOverlay: Card 1hazard has Zarya token: undefined
 HarmonyTokenOverlay: Card 1hazard has effects: Array(0)
 HarmonyTokenOverlay: Card 1hazard has Harmony token: undefined
 DiscordTokenOverlay: Card 1hazard has effects: Array(0)
 DiscordTokenOverlay: Card 1hazard has Discord token: undefined
 HealthCounter for 2sombra: Object
 HealthCounter: Showing normal HP 3 for 2sombra
 ZaryaTokenOverlay: Card 2sombra has Zarya token: undefined
 HarmonyTokenOverlay: Card 2sombra has effects: Array(0)
 HarmonyTokenOverlay: Card 2sombra has Harmony token: undefined
 DiscordTokenOverlay: Card 2sombra has effects: Array(0)
 DiscordTokenOverlay: Card 2sombra has Discord token: undefined
 HealthCounter for 2dva: Object
 HealthCounter: Showing normal HP 2 for 2dva
 ZaryaTokenOverlay: Card 2dva has Zarya token: undefined
 HarmonyTokenOverlay: Card 2dva has effects: Array(0)
 HarmonyTokenOverlay: Card 2dva has Harmony token: undefined
 DiscordTokenOverlay: Card 2dva has effects: Array(0)
 DiscordTokenOverlay: Card 2dva has Discord token: undefined
 HealthCounter for 2moira: Object
 HealthCounter: Showing normal HP 3 for 2moira
 ZaryaTokenOverlay: Card 2moira has Zarya token: undefined
 HarmonyTokenOverlay: Card 2moira has effects: Array(0)
 HarmonyTokenOverlay: Card 2moira has Harmony token: undefined
 DiscordTokenOverlay: Card 2moira has effects: Array(0)
 DiscordTokenOverlay: Card 2moira has Discord token: undefined
 HealthCounter for 2hanzo: Object
 HealthCounter: Showing normal HP 4 for 2hanzo
 ZaryaTokenOverlay: Card 2hanzo has Zarya token: undefined
 HarmonyTokenOverlay: Card 2hanzo has effects: Array(1)
 HarmonyTokenOverlay: Card 2hanzo has Harmony token: undefined
 DiscordTokenOverlay: Card 2hanzo has effects: Array(1)
 DiscordTokenOverlay: Card 2hanzo has Discord token: undefined
 HealthCounter for 2tracer: Object
 HealthCounter: Showing normal HP 3 for 2tracer
 ZaryaTokenOverlay: Card 2tracer has Zarya token: undefined
 HarmonyTokenOverlay: Card 2tracer has effects: Array(0)
 HarmonyTokenOverlay: Card 2tracer has Harmony token: undefined
 DiscordTokenOverlay: Card 2tracer has effects: Array(0)
 DiscordTokenOverlay: Card 2tracer has Discord token: undefined
 ZaryaTokenOverlay: Card 2brigitte has Zarya token: undefined
 HarmonyTokenOverlay: Card 2brigitte has effects: Array(0)
 HarmonyTokenOverlay: Card 2brigitte has Harmony token: undefined
 DiscordTokenOverlay: Card 2brigitte has effects: Array(0)
 DiscordTokenOverlay: Card 2brigitte has Discord token: undefined
 TurnEffectsRunner: useEffect triggered Object
 TurnEffectsRunner: Turn change check Object
 HealthCounter for 1hazard: Object
 HealthCounter: Showing normal HP 4 for 1hazard
 ZaryaTokenOverlay: Card 1hazard has Zarya token: undefined
 HarmonyTokenOverlay: Card 1hazard has effects: Array(0)
 HarmonyTokenOverlay: Card 1hazard has Harmony token: undefined
 DiscordTokenOverlay: Card 1hazard has effects: Array(0)
 DiscordTokenOverlay: Card 1hazard has Discord token: undefined
 HealthCounter for 2sombra: Object
 HealthCounter: Showing normal HP 3 for 2sombra
 ZaryaTokenOverlay: Card 2sombra has Zarya token: undefined
 HarmonyTokenOverlay: Card 2sombra has effects: Array(0)
 HarmonyTokenOverlay: Card 2sombra has Harmony token: undefined
 DiscordTokenOverlay: Card 2sombra has effects: Array(0)
 DiscordTokenOverlay: Card 2sombra has Discord token: undefined
 HealthCounter for 2dva: Object
 HealthCounter: Showing normal HP 2 for 2dva
 ZaryaTokenOverlay: Card 2dva has Zarya token: undefined
 HarmonyTokenOverlay: Card 2dva has effects: Array(0)
 HarmonyTokenOverlay: Card 2dva has Harmony token: undefined
 DiscordTokenOverlay: Card 2dva has effects: Array(0)
 DiscordTokenOverlay: Card 2dva has Discord token: undefined
 HealthCounter for 2moira: Object
 HealthCounter: Showing normal HP 3 for 2moira
 ZaryaTokenOverlay: Card 2moira has Zarya token: undefined
 HarmonyTokenOverlay: Card 2moira has effects: Array(0)
 HarmonyTokenOverlay: Card 2moira has Harmony token: undefined
 DiscordTokenOverlay: Card 2moira has effects: Array(0)
 DiscordTokenOverlay: Card 2moira has Discord token: undefined
 HealthCounter for 2hanzo: Object
 HealthCounter: Showing normal HP 4 for 2hanzo
 ZaryaTokenOverlay: Card 2hanzo has Zarya token: undefined
 HarmonyTokenOverlay: Card 2hanzo has effects: Array(1)
 HarmonyTokenOverlay: Card 2hanzo has Harmony token: undefined
 DiscordTokenOverlay: Card 2hanzo has effects: Array(1)
 DiscordTokenOverlay: Card 2hanzo has Discord token: undefined
 HealthCounter for 2tracer: Object
 HealthCounter: Showing normal HP 3 for 2tracer
 ZaryaTokenOverlay: Card 2tracer has Zarya token: undefined
 HarmonyTokenOverlay: Card 2tracer has effects: Array(0)
 HarmonyTokenOverlay: Card 2tracer has Harmony token: undefined
 DiscordTokenOverlay: Card 2tracer has effects: Array(0)
 DiscordTokenOverlay: Card 2tracer has Discord token: undefined
 ZaryaTokenOverlay: Card 2brigitte has Zarya token: undefined
 HarmonyTokenOverlay: Card 2brigitte has effects: Array(0)
 HarmonyTokenOverlay: Card 2brigitte has Harmony token: undefined
 DiscordTokenOverlay: Card 2brigitte has effects: Array(0)
 DiscordTokenOverlay: Card 2brigitte has Discord token: undefined
 HealthCounter for 2brigitte: Object
 HealthCounter: Showing normal HP 4 for 2brigitte
 ZaryaTokenOverlay: Card 2brigitte has Zarya token: undefined
 HarmonyTokenOverlay: Card 2brigitte has effects: Array(0)
 HarmonyTokenOverlay: Card 2brigitte has Harmony token: undefined
 DiscordTokenOverlay: Card 2brigitte has effects: Array(0)
 DiscordTokenOverlay: Card 2brigitte has Discord token: undefined
 brigitte intro sound played successfully
 HealthCounter for 1hazard: Object
 HealthCounter: Showing normal HP 4 for 1hazard
 ZaryaTokenOverlay: Card 1hazard has Zarya token: undefined
 HarmonyTokenOverlay: Card 1hazard has effects: Array(0)
 HarmonyTokenOverlay: Card 1hazard has Harmony token: undefined
 DiscordTokenOverlay: Card 1hazard has effects: Array(0)
 DiscordTokenOverlay: Card 1hazard has Discord token: undefined
 HealthCounter for 2sombra: Object
 HealthCounter: Showing normal HP 3 for 2sombra
 ZaryaTokenOverlay: Card 2sombra has Zarya token: undefined
 HarmonyTokenOverlay: Card 2sombra has effects: Array(0)
 HarmonyTokenOverlay: Card 2sombra has Harmony token: undefined
 DiscordTokenOverlay: Card 2sombra has effects: Array(0)
 DiscordTokenOverlay: Card 2sombra has Discord token: undefined
 HealthCounter for 2dva: Object
 HealthCounter: Showing normal HP 2 for 2dva
 ZaryaTokenOverlay: Card 2dva has Zarya token: undefined
 HarmonyTokenOverlay: Card 2dva has effects: Array(0)
 HarmonyTokenOverlay: Card 2dva has Harmony token: undefined
 DiscordTokenOverlay: Card 2dva has effects: Array(0)
 DiscordTokenOverlay: Card 2dva has Discord token: undefined
 HealthCounter for 2moira: Object
 HealthCounter: Showing normal HP 3 for 2moira
 ZaryaTokenOverlay: Card 2moira has Zarya token: undefined
 HarmonyTokenOverlay: Card 2moira has effects: Array(0)
 HarmonyTokenOverlay: Card 2moira has Harmony token: undefined
 DiscordTokenOverlay: Card 2moira has effects: Array(0)
 DiscordTokenOverlay: Card 2moira has Discord token: undefined
 HealthCounter for 2hanzo: Object
 HealthCounter: Showing normal HP 4 for 2hanzo
 ZaryaTokenOverlay: Card 2hanzo has Zarya token: undefined
 HarmonyTokenOverlay: Card 2hanzo has effects: Array(1)
 HarmonyTokenOverlay: Card 2hanzo has Harmony token: undefined
 DiscordTokenOverlay: Card 2hanzo has effects: Array(1)
 DiscordTokenOverlay: Card 2hanzo has Discord token: undefined
 HealthCounter for 2tracer: Object
 HealthCounter: Showing normal HP 3 for 2tracer
 ZaryaTokenOverlay: Card 2tracer has Zarya token: undefined
 HarmonyTokenOverlay: Card 2tracer has effects: Array(0)
 HarmonyTokenOverlay: Card 2tracer has Harmony token: undefined
 DiscordTokenOverlay: Card 2tracer has effects: Array(0)
 DiscordTokenOverlay: Card 2tracer has Discord token: undefined
 HealthCounter for 2brigitte: Object
 HealthCounter: Showing normal HP 4 for 2brigitte
 ZaryaTokenOverlay: Card 2brigitte has Zarya token: undefined
 HarmonyTokenOverlay: Card 2brigitte has effects: Array(0)
 HarmonyTokenOverlay: Card 2brigitte has Harmony token: undefined
 DiscordTokenOverlay: Card 2brigitte has effects: Array(0)
 DiscordTokenOverlay: Card 2brigitte has Discord token: undefined
 Object
 HealthCounter for 2tracer: Object
 HealthCounter: Showing normal HP 3 for 2tracer
 ZaryaTokenOverlay: Card 2tracer has Zarya token: undefined
 HarmonyTokenOverlay: Card 2tracer has effects: Array(0)
 HarmonyTokenOverlay: Card 2tracer has Harmony token: undefined
 DiscordTokenOverlay: Card 2tracer has effects: Array(0)
 DiscordTokenOverlay: Card 2tracer has Discord token: undefined
 HealthCounter for 2tracer: Object
 HealthCounter: Showing normal HP 3 for 2tracer
 ZaryaTokenOverlay: Card 2tracer has Zarya token: undefined
 HarmonyTokenOverlay: Card 2tracer has effects: Array(0)
 HarmonyTokenOverlay: Card 2tracer has Harmony token: undefined
 DiscordTokenOverlay: Card 2tracer has effects: Array(0)
 DiscordTokenOverlay: Card 2tracer has Discord token: undefined
 HealthCounter for 2tracer: Object
 HealthCounter: Showing normal HP 3 for 2tracer
 ZaryaTokenOverlay: Card 2tracer has Zarya token: undefined
 HarmonyTokenOverlay: Card 2tracer has effects: Array(0)
 HarmonyTokenOverlay: Card 2tracer has Harmony token: undefined
 DiscordTokenOverlay: Card 2tracer has effects: Array(0)
 DiscordTokenOverlay: Card 2tracer has Discord token: undefined
 HealthCounter for 2tracer: Object
 HealthCounter: Showing normal HP 3 for 2tracer
 ZaryaTokenOverlay: Card 2tracer has Zarya token: undefined
 HarmonyTokenOverlay: Card 2tracer has effects: Array(0)
 HarmonyTokenOverlay: Card 2tracer has Harmony token: undefined
 DiscordTokenOverlay: Card 2tracer has effects: Array(0)
 DiscordTokenOverlay: Card 2tracer has Discord token: undefined
 HealthCounter for 2tracer: Object
 HealthCounter: Showing normal HP 3 for 2tracer
 ZaryaTokenOverlay: Card 2tracer has Zarya token: undefined
 HarmonyTokenOverlay: Card 2tracer has effects: Array(0)
 HarmonyTokenOverlay: Card 2tracer has Harmony token: undefined
 DiscordTokenOverlay: Card 2tracer has effects: Array(0)
 DiscordTokenOverlay: Card 2tracer has Discord token: undefined
 HealthCounter for 2tracer: Object
 HealthCounter: Showing normal HP 3 for 2tracer
 ZaryaTokenOverlay: Card 2tracer has Zarya token: undefined
 HarmonyTokenOverlay: Card 2tracer has effects: Array(0)
 HarmonyTokenOverlay: Card 2tracer has Harmony token: undefined
 DiscordTokenOverlay: Card 2tracer has effects: Array(0)
 DiscordTokenOverlay: Card 2tracer has Discord token: undefined
 HealthCounter for 2tracer: Object
 HealthCounter: Showing normal HP 3 for 2tracer
 ZaryaTokenOverlay: Card 2tracer has Zarya token: undefined
 HarmonyTokenOverlay: Card 2tracer has effects: Array(0)
 HarmonyTokenOverlay: Card 2tracer has Harmony token: undefined
 DiscordTokenOverlay: Card 2tracer has effects: Array(0)
 DiscordTokenOverlay: Card 2tracer has Discord token: undefined
 HealthCounter for 2tracer: Object
 HealthCounter: Showing normal HP 3 for 2tracer
 ZaryaTokenOverlay: Card 2tracer has Zarya token: undefined
 HarmonyTokenOverlay: Card 2tracer has effects: Array(0)
 HarmonyTokenOverlay: Card 2tracer has Harmony token: undefined
 DiscordTokenOverlay: Card 2tracer has effects: Array(0)
 DiscordTokenOverlay: Card 2tracer has Discord token: undefined
 HealthCounter for 2tracer: Object
 HealthCounter: Showing normal HP 3 for 2tracer
 ZaryaTokenOverlay: Card 2tracer has Zarya token: undefined
 HarmonyTokenOverlay: Card 2tracer has effects: Array(0)
 HarmonyTokenOverlay: Card 2tracer has Harmony token: undefined
 DiscordTokenOverlay: Card 2tracer has effects: Array(0)
 DiscordTokenOverlay: Card 2tracer has Discord token: undefined
 HealthCounter for 2sombra: Object
 HealthCounter: Showing normal HP 3 for 2sombra
 ZaryaTokenOverlay: Card 2sombra has Zarya token: undefined
 HarmonyTokenOverlay: Card 2sombra has effects: Array(0)
 HarmonyTokenOverlay: Card 2sombra has Harmony token: undefined
 DiscordTokenOverlay: Card 2sombra has effects: Array(0)
 DiscordTokenOverlay: Card 2sombra has Discord token: undefined
 HealthCounter for 2dva: Object
 HealthCounter: Showing normal HP 2 for 2dva
 ZaryaTokenOverlay: Card 2dva has Zarya token: undefined
 HarmonyTokenOverlay: Card 2dva has effects: Array(0)
 HarmonyTokenOverlay: Card 2dva has Harmony token: undefined
 DiscordTokenOverlay: Card 2dva has effects: Array(0)
 DiscordTokenOverlay: Card 2dva has Discord token: undefined
 HealthCounter for 2moira: Object
 HealthCounter: Showing normal HP 3 for 2moira
 ZaryaTokenOverlay: Card 2moira has Zarya token: undefined
 HarmonyTokenOverlay: Card 2moira has effects: Array(0)
 HarmonyTokenOverlay: Card 2moira has Harmony token: undefined
 DiscordTokenOverlay: Card 2moira has effects: Array(0)
 DiscordTokenOverlay: Card 2moira has Discord token: undefined
 HealthCounter for 2hanzo: Object
 HealthCounter: Showing normal HP 4 for 2hanzo
 ZaryaTokenOverlay: Card 2hanzo has Zarya token: undefined
 HarmonyTokenOverlay: Card 2hanzo has effects: Array(1)
 HarmonyTokenOverlay: Card 2hanzo has Harmony token: undefined
 DiscordTokenOverlay: Card 2hanzo has effects: Array(1)
 DiscordTokenOverlay: Card 2hanzo has Discord token: undefined
 HealthCounter for 2tracer: Object
 HealthCounter: Showing normal HP 3 for 2tracer
 ZaryaTokenOverlay: Card 2tracer has Zarya token: undefined
 HarmonyTokenOverlay: Card 2tracer has effects: Array(0)
 HarmonyTokenOverlay: Card 2tracer has Harmony token: undefined
 DiscordTokenOverlay: Card 2tracer has effects: Array(0)
 DiscordTokenOverlay: Card 2tracer has Discord token: undefined
 HealthCounter for 2brigitte: Object
 HealthCounter: Showing normal HP 4 for 2brigitte
 ZaryaTokenOverlay: Card 2brigitte has Zarya token: undefined
 HarmonyTokenOverlay: Card 2brigitte has effects: Array(0)
 HarmonyTokenOverlay: Card 2brigitte has Harmony token: undefined
 DiscordTokenOverlay: Card 2brigitte has effects: Array(0)
 DiscordTokenOverlay: Card 2brigitte has Discord token: undefined
 HealthCounter for 2tracer: Object
 HealthCounter: Showing normal HP 3 for 2tracer
 ZaryaTokenOverlay: Card 2tracer has Zarya token: undefined
 HarmonyTokenOverlay: Card 2tracer has effects: Array(0)
 HarmonyTokenOverlay: Card 2tracer has Harmony token: undefined
 DiscordTokenOverlay: Card 2tracer has effects: Array(0)
 DiscordTokenOverlay: Card 2tracer has Discord token: undefined
 HealthCounter for 2tracer: Object
 HealthCounter: Showing normal HP 3 for 2tracer
 ZaryaTokenOverlay: Card 2tracer has Zarya token: undefined
 HarmonyTokenOverlay: Card 2tracer has effects: Array(0)
 HarmonyTokenOverlay: Card 2tracer has Harmony token: undefined
 DiscordTokenOverlay: Card 2tracer has effects: Array(0)
 DiscordTokenOverlay: Card 2tracer has Discord token: undefined
 HealthCounter for 2tracer: Object
 HealthCounter: Showing normal HP 3 for 2tracer
 ZaryaTokenOverlay: Card 2tracer has Zarya token: undefined
 HarmonyTokenOverlay: Card 2tracer has effects: Array(0)
 HarmonyTokenOverlay: Card 2tracer has Harmony token: undefined
 DiscordTokenOverlay: Card 2tracer has effects: Array(0)
 DiscordTokenOverlay: Card 2tracer has Discord token: undefined
 HealthCounter for 2tracer: Object
 HealthCounter: Showing normal HP 3 for 2tracer
 ZaryaTokenOverlay: Card 2tracer has Zarya token: undefined
 HarmonyTokenOverlay: Card 2tracer has effects: Array(0)
 HarmonyTokenOverlay: Card 2tracer has Harmony token: undefined
 DiscordTokenOverlay: Card 2tracer has effects: Array(0)
 DiscordTokenOverlay: Card 2tracer has Discord token: undefined
 HealthCounter for 2tracer: Object
 HealthCounter: Showing normal HP 3 for 2tracer
 ZaryaTokenOverlay: Card 2tracer has Zarya token: undefined
 HarmonyTokenOverlay: Card 2tracer has effects: Array(0)
 HarmonyTokenOverlay: Card 2tracer has Harmony token: undefined
 DiscordTokenOverlay: Card 2tracer has effects: Array(0)
 DiscordTokenOverlay: Card 2tracer has Discord token: undefined
 HealthCounter for 2tracer: Object
 HealthCounter: Showing normal HP 3 for 2tracer
 ZaryaTokenOverlay: Card 2tracer has Zarya token: undefined
 HarmonyTokenOverlay: Card 2tracer has effects: Array(0)
 HarmonyTokenOverlay: Card 2tracer has Harmony token: undefined
 DiscordTokenOverlay: Card 2tracer has effects: Array(0)
 DiscordTokenOverlay: Card 2tracer has Discord token: undefined
 HealthCounter for 2tracer: Object
 HealthCounter: Showing normal HP 3 for 2tracer
 ZaryaTokenOverlay: Card 2tracer has Zarya token: undefined
 HarmonyTokenOverlay: Card 2tracer has effects: Array(0)
 HarmonyTokenOverlay: Card 2tracer has Harmony token: undefined
 DiscordTokenOverlay: Card 2tracer has effects: Array(0)
 DiscordTokenOverlay: Card 2tracer has Discord token: undefined
 HealthCounter for 2tracer: Object
 HealthCounter: Showing normal HP 3 for 2tracer
 ZaryaTokenOverlay: Card 2tracer has Zarya token: undefined
 HarmonyTokenOverlay: Card 2tracer has effects: Array(0)
 HarmonyTokenOverlay: Card 2tracer has Harmony token: undefined
 DiscordTokenOverlay: Card 2tracer has effects: Array(0)
 DiscordTokenOverlay: Card 2tracer has Discord token: undefined
 HealthCounter for 2tracer: Object
 HealthCounter: Showing normal HP 3 for 2tracer
 ZaryaTokenOverlay: Card 2tracer has Zarya token: undefined
 HarmonyTokenOverlay: Card 2tracer has effects: Array(0)
 HarmonyTokenOverlay: Card 2tracer has Harmony token: undefined
 DiscordTokenOverlay: Card 2tracer has effects: Array(0)
 DiscordTokenOverlay: Card 2tracer has Discord token: undefined
 HealthCounter for 2tracer: Object
 HealthCounter: Showing normal HP 3 for 2tracer
 ZaryaTokenOverlay: Card 2tracer has Zarya token: undefined
 HarmonyTokenOverlay: Card 2tracer has effects: Array(0)
 HarmonyTokenOverlay: Card 2tracer has Harmony token: undefined
 DiscordTokenOverlay: Card 2tracer has effects: Array(0)
 DiscordTokenOverlay: Card 2tracer has Discord token: undefined
 HealthCounter for 2tracer: Object
 HealthCounter: Showing normal HP 3 for 2tracer
 ZaryaTokenOverlay: Card 2tracer has Zarya token: undefined
 HarmonyTokenOverlay: Card 2tracer has effects: Array(0)
 HarmonyTokenOverlay: Card 2tracer has Harmony token: undefined
 DiscordTokenOverlay: Card 2tracer has effects: Array(0)
 DiscordTokenOverlay: Card 2tracer has Discord token: undefined
 HealthCounter for 2tracer: Object
 HealthCounter: Showing normal HP 3 for 2tracer
 ZaryaTokenOverlay: Card 2tracer has Zarya token: undefined
 HarmonyTokenOverlay: Card 2tracer has effects: Array(0)
 HarmonyTokenOverlay: Card 2tracer has Harmony token: undefined
 DiscordTokenOverlay: Card 2tracer has effects: Array(0)
 DiscordTokenOverlay: Card 2tracer has Discord token: undefined
 HealthCounter for 2tracer: Object
 HealthCounter: Showing normal HP 3 for 2tracer
 ZaryaTokenOverlay: Card 2tracer has Zarya token: undefined
 HarmonyTokenOverlay: Card 2tracer has effects: Array(0)
 HarmonyTokenOverlay: Card 2tracer has Harmony token: undefined
 DiscordTokenOverlay: Card 2tracer has effects: Array(0)
 DiscordTokenOverlay: Card 2tracer has Discord token: undefined
 HealthCounter for 2tracer: Object
 HealthCounter: Showing normal HP 3 for 2tracer
 ZaryaTokenOverlay: Card 2tracer has Zarya token: undefined
 HarmonyTokenOverlay: Card 2tracer has effects: Array(0)
 HarmonyTokenOverlay: Card 2tracer has Harmony token: undefined
 DiscordTokenOverlay: Card 2tracer has effects: Array(0)
 DiscordTokenOverlay: Card 2tracer has Discord token: undefined
 HealthCounter for 2tracer: Object
 HealthCounter: Showing normal HP 3 for 2tracer
 ZaryaTokenOverlay: Card 2tracer has Zarya token: undefined
 HarmonyTokenOverlay: Card 2tracer has effects: Array(0)
 HarmonyTokenOverlay: Card 2tracer has Harmony token: undefined
 DiscordTokenOverlay: Card 2tracer has effects: Array(0)
 DiscordTokenOverlay: Card 2tracer has Discord token: undefined
 HealthCounter for 2tracer: Object
 HealthCounter: Showing normal HP 3 for 2tracer
 ZaryaTokenOverlay: Card 2tracer has Zarya token: undefined
 HarmonyTokenOverlay: Card 2tracer has effects: Array(0)
 HarmonyTokenOverlay: Card 2tracer has Harmony token: undefined
 DiscordTokenOverlay: Card 2tracer has effects: Array(0)
 DiscordTokenOverlay: Card 2tracer has Discord token: undefined
 HealthCounter for 2tracer: Object
 HealthCounter: Showing normal HP 3 for 2tracer
 ZaryaTokenOverlay: Card 2tracer has Zarya token: undefined
 HarmonyTokenOverlay: Card 2tracer has effects: Array(0)
 HarmonyTokenOverlay: Card 2tracer has Harmony token: undefined
 DiscordTokenOverlay: Card 2tracer has effects: Array(0)
 DiscordTokenOverlay: Card 2tracer has Discord token: undefined
 HealthCounter for 2tracer: Object
 HealthCounter: Showing normal HP 3 for 2tracer
 ZaryaTokenOverlay: Card 2tracer has Zarya token: undefined
 HarmonyTokenOverlay: Card 2tracer has effects: Array(0)
 HarmonyTokenOverlay: Card 2tracer has Harmony token: undefined
 DiscordTokenOverlay: Card 2tracer has effects: Array(0)
 DiscordTokenOverlay: Card 2tracer has Discord token: undefined
 HealthCounter for 2tracer: Object
 HealthCounter: Showing normal HP 3 for 2tracer
 ZaryaTokenOverlay: Card 2tracer has Zarya token: undefined
 HarmonyTokenOverlay: Card 2tracer has effects: Array(0)
 HarmonyTokenOverlay: Card 2tracer has Harmony token: undefined
 DiscordTokenOverlay: Card 2tracer has effects: Array(0)
 DiscordTokenOverlay: Card 2tracer has Discord token: undefined
 HealthCounter for 2tracer: Object
 HealthCounter: Showing normal HP 3 for 2tracer
 ZaryaTokenOverlay: Card 2tracer has Zarya token: undefined
 HarmonyTokenOverlay: Card 2tracer has effects: Array(0)
 HarmonyTokenOverlay: Card 2tracer has Harmony token: undefined
 DiscordTokenOverlay: Card 2tracer has effects: Array(0)
 DiscordTokenOverlay: Card 2tracer has Discord token: undefined
 HealthCounter for 2tracer: Object
 HealthCounter: Showing normal HP 3 for 2tracer
 ZaryaTokenOverlay: Card 2tracer has Zarya token: undefined
 HarmonyTokenOverlay: Card 2tracer has effects: Array(0)
 HarmonyTokenOverlay: Card 2tracer has Harmony token: undefined
 DiscordTokenOverlay: Card 2tracer has effects: Array(0)
 DiscordTokenOverlay: Card 2tracer has Discord token: undefined
 HealthCounter for 2tracer: Object
 HealthCounter: Showing normal HP 3 for 2tracer
 ZaryaTokenOverlay: Card 2tracer has Zarya token: undefined
 HarmonyTokenOverlay: Card 2tracer has effects: Array(0)
 HarmonyTokenOverlay: Card 2tracer has Harmony token: undefined
 DiscordTokenOverlay: Card 2tracer has effects: Array(0)
 DiscordTokenOverlay: Card 2tracer has Discord token: undefined
 HealthCounter for 2tracer: Object
 HealthCounter: Showing normal HP 3 for 2tracer
 ZaryaTokenOverlay: Card 2tracer has Zarya token: undefined
 HarmonyTokenOverlay: Card 2tracer has effects: Array(0)
 HarmonyTokenOverlay: Card 2tracer has Harmony token: undefined
 DiscordTokenOverlay: Card 2tracer has effects: Array(0)
 DiscordTokenOverlay: Card 2tracer has Discord token: undefined
 HealthCounter for 2tracer: Object
 HealthCounter: Showing normal HP 3 for 2tracer
 ZaryaTokenOverlay: Card 2tracer has Zarya token: undefined
 HarmonyTokenOverlay: Card 2tracer has effects: Array(0)
 HarmonyTokenOverlay: Card 2tracer has Harmony token: undefined
 DiscordTokenOverlay: Card 2tracer has effects: Array(0)
 DiscordTokenOverlay: Card 2tracer has Discord token: undefined
 HealthCounter for 2tracer: Object
 HealthCounter: Showing normal HP 3 for 2tracer
 ZaryaTokenOverlay: Card 2tracer has Zarya token: undefined
 HarmonyTokenOverlay: Card 2tracer has effects: Array(0)
 HarmonyTokenOverlay: Card 2tracer has Harmony token: undefined
 DiscordTokenOverlay: Card 2tracer has effects: Array(0)
 DiscordTokenOverlay: Card 2tracer has Discord token: undefined
 HealthCounter for 2tracer: Object
 HealthCounter: Showing normal HP 3 for 2tracer
 ZaryaTokenOverlay: Card 2tracer has Zarya token: undefined
 HarmonyTokenOverlay: Card 2tracer has effects: Array(0)
 HarmonyTokenOverlay: Card 2tracer has Harmony token: undefined
 DiscordTokenOverlay: Card 2tracer has effects: Array(0)
 DiscordTokenOverlay: Card 2tracer has Discord token: undefined
 HealthCounter for 2tracer: Object
 HealthCounter: Showing normal HP 3 for 2tracer
 ZaryaTokenOverlay: Card 2tracer has Zarya token: undefined
 HarmonyTokenOverlay: Card 2tracer has effects: Array(0)
 HarmonyTokenOverlay: Card 2tracer has Harmony token: undefined
 DiscordTokenOverlay: Card 2tracer has effects: Array(0)
 DiscordTokenOverlay: Card 2tracer has Discord token: undefined
 HealthCounter for 2tracer: Object
 HealthCounter: Showing normal HP 3 for 2tracer
 ZaryaTokenOverlay: Card 2tracer has Zarya token: undefined
 HarmonyTokenOverlay: Card 2tracer has effects: Array(0)
 HarmonyTokenOverlay: Card 2tracer has Harmony token: undefined
 DiscordTokenOverlay: Card 2tracer has effects: Array(0)
 DiscordTokenOverlay: Card 2tracer has Discord token: undefined
 HealthCounter for 2tracer: Object
 HealthCounter: Showing normal HP 3 for 2tracer
 ZaryaTokenOverlay: Card 2tracer has Zarya token: undefined
 HarmonyTokenOverlay: Card 2tracer has effects: Array(0)
 HarmonyTokenOverlay: Card 2tracer has Harmony token: undefined
 DiscordTokenOverlay: Card 2tracer has effects: Array(0)
 DiscordTokenOverlay: Card 2tracer has Discord token: undefined
 HealthCounter for 2tracer: Object
 HealthCounter: Showing normal HP 3 for 2tracer
 ZaryaTokenOverlay: Card 2tracer has Zarya token: undefined
 HarmonyTokenOverlay: Card 2tracer has effects: Array(0)
 HarmonyTokenOverlay: Card 2tracer has Harmony token: undefined
 DiscordTokenOverlay: Card 2tracer has effects: Array(0)
 DiscordTokenOverlay: Card 2tracer has Discord token: undefined
 Attempting to play placement sound...
 Placement audio source: /owcardgame/static/media/placement.445605f26d71501234a7.mp3
 Created placement audio object: 
 Playing tracer enter sound...
 HealthCounter for 1hazard: Object
 HealthCounter: Showing normal HP 4 for 1hazard
 ZaryaTokenOverlay: Card 1hazard has Zarya token: undefined
 HarmonyTokenOverlay: Card 1hazard has effects: Array(0)
 HarmonyTokenOverlay: Card 1hazard has Harmony token: undefined
 DiscordTokenOverlay: Card 1hazard has effects: Array(0)
 DiscordTokenOverlay: Card 1hazard has Discord token: undefined
 ZaryaTokenOverlay: Card 2tracer has Zarya token: undefined
 HarmonyTokenOverlay: Card 2tracer has effects: Array(0)
 HarmonyTokenOverlay: Card 2tracer has Harmony token: undefined
 DiscordTokenOverlay: Card 2tracer has effects: Array(0)
 DiscordTokenOverlay: Card 2tracer has Discord token: undefined
 HealthCounter for 2sombra: Object
 HealthCounter: Showing normal HP 3 for 2sombra
 ZaryaTokenOverlay: Card 2sombra has Zarya token: undefined
 HarmonyTokenOverlay: Card 2sombra has effects: Array(0)
 HarmonyTokenOverlay: Card 2sombra has Harmony token: undefined
 DiscordTokenOverlay: Card 2sombra has effects: Array(0)
 DiscordTokenOverlay: Card 2sombra has Discord token: undefined
 HealthCounter for 2dva: Object
 HealthCounter: Showing normal HP 2 for 2dva
 ZaryaTokenOverlay: Card 2dva has Zarya token: undefined
 HarmonyTokenOverlay: Card 2dva has effects: Array(0)
 HarmonyTokenOverlay: Card 2dva has Harmony token: undefined
 DiscordTokenOverlay: Card 2dva has effects: Array(0)
 DiscordTokenOverlay: Card 2dva has Discord token: undefined
 HealthCounter for 2moira: Object
 HealthCounter: Showing normal HP 3 for 2moira
 ZaryaTokenOverlay: Card 2moira has Zarya token: undefined
 HarmonyTokenOverlay: Card 2moira has effects: Array(0)
 HarmonyTokenOverlay: Card 2moira has Harmony token: undefined
 DiscordTokenOverlay: Card 2moira has effects: Array(0)
 DiscordTokenOverlay: Card 2moira has Discord token: undefined
 HealthCounter for 2hanzo: Object
 HealthCounter: Showing normal HP 4 for 2hanzo
 ZaryaTokenOverlay: Card 2hanzo has Zarya token: undefined
 HarmonyTokenOverlay: Card 2hanzo has effects: Array(1)
 HarmonyTokenOverlay: Card 2hanzo has Harmony token: undefined
 DiscordTokenOverlay: Card 2hanzo has effects: Array(1)
 DiscordTokenOverlay: Card 2hanzo has Discord token: undefined
 HealthCounter for 2brigitte: Object
 HealthCounter: Showing normal HP 4 for 2brigitte
 ZaryaTokenOverlay: Card 2brigitte has Zarya token: undefined
 HarmonyTokenOverlay: Card 2brigitte has effects: Array(0)
 HarmonyTokenOverlay: Card 2brigitte has Harmony token: undefined
 DiscordTokenOverlay: Card 2brigitte has effects: Array(0)
 DiscordTokenOverlay: Card 2brigitte has Discord token: undefined
 TurnEffectsRunner: useEffect triggered Object
 TurnEffectsRunner: Turn change check Object
 HealthCounter for 1hazard: Object
 HealthCounter: Showing normal HP 4 for 1hazard
 ZaryaTokenOverlay: Card 1hazard has Zarya token: undefined
 HarmonyTokenOverlay: Card 1hazard has effects: Array(0)
 HarmonyTokenOverlay: Card 1hazard has Harmony token: undefined
 DiscordTokenOverlay: Card 1hazard has effects: Array(0)
 DiscordTokenOverlay: Card 1hazard has Discord token: undefined
 HealthCounter for 2tracer: Object
 HealthCounter: Showing normal HP 3 for 2tracer
 ZaryaTokenOverlay: Card 2tracer has Zarya token: undefined
 HarmonyTokenOverlay: Card 2tracer has effects: Array(0)
 HarmonyTokenOverlay: Card 2tracer has Harmony token: undefined
 DiscordTokenOverlay: Card 2tracer has effects: Array(0)
 DiscordTokenOverlay: Card 2tracer has Discord token: undefined
 HealthCounter for 2sombra: Object
 HealthCounter: Showing normal HP 3 for 2sombra
 ZaryaTokenOverlay: Card 2sombra has Zarya token: undefined
 HarmonyTokenOverlay: Card 2sombra has effects: Array(0)
 HarmonyTokenOverlay: Card 2sombra has Harmony token: undefined
 DiscordTokenOverlay: Card 2sombra has effects: Array(0)
 DiscordTokenOverlay: Card 2sombra has Discord token: undefined
 HealthCounter for 2dva: Object
 HealthCounter: Showing normal HP 2 for 2dva
 ZaryaTokenOverlay: Card 2dva has Zarya token: undefined
 HarmonyTokenOverlay: Card 2dva has effects: Array(0)
 HarmonyTokenOverlay: Card 2dva has Harmony token: undefined
 DiscordTokenOverlay: Card 2dva has effects: Array(0)
 DiscordTokenOverlay: Card 2dva has Discord token: undefined
 HealthCounter for 2moira: Object
 HealthCounter: Showing normal HP 3 for 2moira
 ZaryaTokenOverlay: Card 2moira has Zarya token: undefined
 HarmonyTokenOverlay: Card 2moira has effects: Array(0)
 HarmonyTokenOverlay: Card 2moira has Harmony token: undefined
 DiscordTokenOverlay: Card 2moira has effects: Array(0)
 DiscordTokenOverlay: Card 2moira has Discord token: undefined
 HealthCounter for 2hanzo: Object
 HealthCounter: Showing normal HP 4 for 2hanzo
 ZaryaTokenOverlay: Card 2hanzo has Zarya token: undefined
 HarmonyTokenOverlay: Card 2hanzo has effects: Array(1)
 HarmonyTokenOverlay: Card 2hanzo has Harmony token: undefined
 DiscordTokenOverlay: Card 2hanzo has effects: Array(1)
 DiscordTokenOverlay: Card 2hanzo has Discord token: undefined
 HealthCounter for 2brigitte: Object
 HealthCounter: Showing normal HP 4 for 2brigitte
 ZaryaTokenOverlay: Card 2brigitte has Zarya token: undefined
 HarmonyTokenOverlay: Card 2brigitte has effects: Array(0)
 HarmonyTokenOverlay: Card 2brigitte has Harmony token: undefined
 DiscordTokenOverlay: Card 2brigitte has effects: Array(0)
 DiscordTokenOverlay: Card 2brigitte has Discord token: undefined
 TurnEffectsRunner: useEffect triggered Object
 TurnEffectsRunner: Turn change check Object
 HealthCounter for 1hazard: Object
 HealthCounter: Showing normal HP 4 for 1hazard
 ZaryaTokenOverlay: Card 1hazard has Zarya token: undefined
 HarmonyTokenOverlay: Card 1hazard has effects: Array(0)
 HarmonyTokenOverlay: Card 1hazard has Harmony token: undefined
 DiscordTokenOverlay: Card 1hazard has effects: Array(0)
 DiscordTokenOverlay: Card 1hazard has Discord token: undefined
 HealthCounter for 2tracer: Object
 HealthCounter: Showing normal HP 3 for 2tracer
 ZaryaTokenOverlay: Card 2tracer has Zarya token: undefined
 HarmonyTokenOverlay: Card 2tracer has effects: Array(0)
 HarmonyTokenOverlay: Card 2tracer has Harmony token: undefined
 DiscordTokenOverlay: Card 2tracer has effects: Array(0)
 DiscordTokenOverlay: Card 2tracer has Discord token: undefined
 HealthCounter for 2sombra: Object
 HealthCounter: Showing normal HP 3 for 2sombra
 ZaryaTokenOverlay: Card 2sombra has Zarya token: undefined
 HarmonyTokenOverlay: Card 2sombra has effects: Array(0)
 HarmonyTokenOverlay: Card 2sombra has Harmony token: undefined
 DiscordTokenOverlay: Card 2sombra has effects: Array(0)
 DiscordTokenOverlay: Card 2sombra has Discord token: undefined
 HealthCounter for 2dva: Object
 HealthCounter: Showing normal HP 2 for 2dva
 ZaryaTokenOverlay: Card 2dva has Zarya token: undefined
 HarmonyTokenOverlay: Card 2dva has effects: Array(0)
 HarmonyTokenOverlay: Card 2dva has Harmony token: undefined
 DiscordTokenOverlay: Card 2dva has effects: Array(0)
 DiscordTokenOverlay: Card 2dva has Discord token: undefined
 HealthCounter for 2moira: Object
 HealthCounter: Showing normal HP 3 for 2moira
 ZaryaTokenOverlay: Card 2moira has Zarya token: undefined
 HarmonyTokenOverlay: Card 2moira has effects: Array(0)
 HarmonyTokenOverlay: Card 2moira has Harmony token: undefined
 DiscordTokenOverlay: Card 2moira has effects: Array(0)
 DiscordTokenOverlay: Card 2moira has Discord token: undefined
 HealthCounter for 2hanzo: Object
 HealthCounter: Showing normal HP 4 for 2hanzo
 ZaryaTokenOverlay: Card 2hanzo has Zarya token: undefined
 HarmonyTokenOverlay: Card 2hanzo has effects: Array(1)
 HarmonyTokenOverlay: Card 2hanzo has Harmony token: undefined
 DiscordTokenOverlay: Card 2hanzo has effects: Array(1)
 DiscordTokenOverlay: Card 2hanzo has Discord token: undefined
 HealthCounter for 2brigitte: Object
 HealthCounter: Showing normal HP 4 for 2brigitte
 ZaryaTokenOverlay: Card 2brigitte has Zarya token: undefined
 HarmonyTokenOverlay: Card 2brigitte has effects: Array(0)
 HarmonyTokenOverlay: Card 2brigitte has Harmony token: undefined
 DiscordTokenOverlay: Card 2brigitte has effects: Array(0)
 DiscordTokenOverlay: Card 2brigitte has Discord token: undefined
 Placement sound played successfully
 tracer enter sound played successfully
 HealthCounter for 1hazard: Object
 HealthCounter: Showing normal HP 4 for 1hazard
 ZaryaTokenOverlay: Card 1hazard has Zarya token: undefined
 HarmonyTokenOverlay: Card 1hazard has effects: Array(0)
 HarmonyTokenOverlay: Card 1hazard has Harmony token: undefined
 DiscordTokenOverlay: Card 1hazard has effects: Array(0)
 DiscordTokenOverlay: Card 1hazard has Discord token: undefined
 HealthCounter for 2tracer: Object
 HealthCounter: Showing normal HP 3 for 2tracer
 ZaryaTokenOverlay: Card 2tracer has Zarya token: undefined
 HarmonyTokenOverlay: Card 2tracer has effects: Array(0)
 HarmonyTokenOverlay: Card 2tracer has Harmony token: undefined
 DiscordTokenOverlay: Card 2tracer has effects: Array(0)
 DiscordTokenOverlay: Card 2tracer has Discord token: undefined
 HealthCounter for 2sombra: Object
 HealthCounter: Showing normal HP 3 for 2sombra
 ZaryaTokenOverlay: Card 2sombra has Zarya token: undefined
 HarmonyTokenOverlay: Card 2sombra has effects: Array(0)
 HarmonyTokenOverlay: Card 2sombra has Harmony token: undefined
 DiscordTokenOverlay: Card 2sombra has effects: Array(0)
 DiscordTokenOverlay: Card 2sombra has Discord token: undefined
 HealthCounter for 2dva: Object
 HealthCounter: Showing normal HP 2 for 2dva
 ZaryaTokenOverlay: Card 2dva has Zarya token: undefined
 HarmonyTokenOverlay: Card 2dva has effects: Array(0)
 HarmonyTokenOverlay: Card 2dva has Harmony token: undefined
 DiscordTokenOverlay: Card 2dva has effects: Array(0)
 DiscordTokenOverlay: Card 2dva has Discord token: undefined
 HealthCounter for 2moira: Object
 HealthCounter: Showing normal HP 3 for 2moira
 ZaryaTokenOverlay: Card 2moira has Zarya token: undefined
 HarmonyTokenOverlay: Card 2moira has effects: Array(0)
 HarmonyTokenOverlay: Card 2moira has Harmony token: undefined
 DiscordTokenOverlay: Card 2moira has effects: Array(0)
 DiscordTokenOverlay: Card 2moira has Discord token: undefined
 HealthCounter for 2hanzo: Object
 HealthCounter: Showing normal HP 4 for 2hanzo
 ZaryaTokenOverlay: Card 2hanzo has Zarya token: undefined
 HarmonyTokenOverlay: Card 2hanzo has effects: Array(1)
 HarmonyTokenOverlay: Card 2hanzo has Harmony token: undefined
 DiscordTokenOverlay: Card 2hanzo has effects: Array(1)
 DiscordTokenOverlay: Card 2hanzo has Discord token: undefined
 HealthCounter for 2brigitte: Object
 HealthCounter: Showing normal HP 4 for 2brigitte
 ZaryaTokenOverlay: Card 2brigitte has Zarya token: undefined
 HarmonyTokenOverlay: Card 2brigitte has effects: Array(0)
 HarmonyTokenOverlay: Card 2brigitte has Harmony token: undefined
 DiscordTokenOverlay: Card 2brigitte has effects: Array(0)
 DiscordTokenOverlay: Card 2brigitte has Discord token: undefined
 DamageBus - Checking invulnerability for 1hazard at index 0 in row 1m Object
 DamageBus - Target 1hazard is NOT invulnerable, proceeding with damage
 DamageBus - Publishing damage event: Object
 HealthCounter for 1hazard: Object
 HealthCounter: Showing normal HP 2 for 1hazard
 ZaryaTokenOverlay: Card 1hazard has Zarya token: undefined
 HarmonyTokenOverlay: Card 1hazard has effects: Array(0)
 HarmonyTokenOverlay: Card 1hazard has Harmony token: undefined
 DiscordTokenOverlay: Card 1hazard has effects: Array(0)
DiscordTokenOverlay.js:20 DiscordTokenOverlay: Card 1hazard has Discord token: undefined
HealthCounter.js:6 HealthCounter for 2tracer: Object
HealthCounter.js:25 HealthCounter: Showing normal HP 3 for 2tracer
ZaryaTokenOverlay.js:20 ZaryaTokenOverlay: Card 2tracer has Zarya token: undefined
HarmonyTokenOverlay.js:19 HarmonyTokenOverlay: Card 2tracer has effects: Array(0)
HarmonyTokenOverlay.js:20 HarmonyTokenOverlay: Card 2tracer has Harmony token: undefined
DiscordTokenOverlay.js:19 DiscordTokenOverlay: Card 2tracer has effects: Array(0)
DiscordTokenOverlay.js:20 DiscordTokenOverlay: Card 2tracer has Discord token: undefined
HealthCounter.js:6 HealthCounter for 2sombra: Object
HealthCounter.js:25 HealthCounter: Showing normal HP 3 for 2sombra
ZaryaTokenOverlay.js:20 ZaryaTokenOverlay: Card 2sombra has Zarya token: undefined
HarmonyTokenOverlay.js:19 HarmonyTokenOverlay: Card 2sombra has effects: Array(0)
HarmonyTokenOverlay.js:20 HarmonyTokenOverlay: Card 2sombra has Harmony token: undefined
DiscordTokenOverlay.js:19 DiscordTokenOverlay: Card 2sombra has effects: Array(0)
DiscordTokenOverlay.js:20 DiscordTokenOverlay: Card 2sombra has Discord token: undefined
HealthCounter.js:6 HealthCounter for 2dva: Object
HealthCounter.js:25 HealthCounter: Showing normal HP 2 for 2dva
ZaryaTokenOverlay.js:20 ZaryaTokenOverlay: Card 2dva has Zarya token: undefined
HarmonyTokenOverlay.js:19 HarmonyTokenOverlay: Card 2dva has effects: Array(0)
HarmonyTokenOverlay.js:20 HarmonyTokenOverlay: Card 2dva has Harmony token: undefined
DiscordTokenOverlay.js:19 DiscordTokenOverlay: Card 2dva has effects: Array(0)
DiscordTokenOverlay.js:20 DiscordTokenOverlay: Card 2dva has Discord token: undefined
HealthCounter.js:6 HealthCounter for 2moira: Object
HealthCounter.js:25 HealthCounter: Showing normal HP 3 for 2moira
ZaryaTokenOverlay.js:20 ZaryaTokenOverlay: Card 2moira has Zarya token: undefined
HarmonyTokenOverlay.js:19 HarmonyTokenOverlay: Card 2moira has effects: Array(0)
HarmonyTokenOverlay.js:20 HarmonyTokenOverlay: Card 2moira has Harmony token: undefined
DiscordTokenOverlay.js:19 DiscordTokenOverlay: Card 2moira has effects: Array(0)
DiscordTokenOverlay.js:20 DiscordTokenOverlay: Card 2moira has Discord token: undefined
HealthCounter.js:6 HealthCounter for 2hanzo: Object
HealthCounter.js:25 HealthCounter: Showing normal HP 4 for 2hanzo
ZaryaTokenOverlay.js:20 ZaryaTokenOverlay: Card 2hanzo has Zarya token: undefined
HarmonyTokenOverlay.js:19 HarmonyTokenOverlay: Card 2hanzo has effects: Array(1)
HarmonyTokenOverlay.js:20 HarmonyTokenOverlay: Card 2hanzo has Harmony token: undefined
DiscordTokenOverlay.js:19 DiscordTokenOverlay: Card 2hanzo has effects: Array(1)
DiscordTokenOverlay.js:20 DiscordTokenOverlay: Card 2hanzo has Discord token: undefined
HealthCounter.js:6 HealthCounter for 2brigitte: Object
HealthCounter.js:25 HealthCounter: Showing normal HP 4 for 2brigitte
ZaryaTokenOverlay.js:20 ZaryaTokenOverlay: Card 2brigitte has Zarya token: undefined
HarmonyTokenOverlay.js:19 HarmonyTokenOverlay: Card 2brigitte has effects: Array(0)
HarmonyTokenOverlay.js:20 HarmonyTokenOverlay: Card 2brigitte has Harmony token: undefined
DiscordTokenOverlay.js:19 DiscordTokenOverlay: Card 2brigitte has effects: Array(0)
DiscordTokenOverlay.js:20 DiscordTokenOverlay: Card 2brigitte has Discord token: undefined
TurnEffectsRunner.js:16 TurnEffectsRunner: useEffect triggered Object
TurnEffectsRunner.js:27 TurnEffectsRunner: Turn change check Object
