 Download the React DevTools for a better development experience: https://reactjs.org/link/react-devtools
 Warning: Connect(Droppable): Support for defaultProps will be removed from memo components in a future major release. Use JavaScript default parameters instead.
    at div
    at CardDisplay (http://localhost:3000/owcardgame/static/js/bundle.js:97631:56)
    at div
    at div
    at PlayerArea (http://localhost:3000/owcardgame/static/js/bundle.js:98133:56)
    at div
    at PlayerHalf (http://localhost:3000/owcardgame/static/js/bundle.js:98709:56)
    at Provider (http://localhost:3000/owcardgame/static/js/bundle.js:66820:20)
    at App (http://localhost:3000/owcardgame/static/js/bundle.js:39202:25)
    at ErrorBoundary (http://localhost:3000/owcardgame/static/js/bundle.js:33415:35)
    at DragDropContext (http://localhost:3000/owcardgame/static/js/bundle.js:39326:19)
    at div
    at div
    at App (http://localhost:3000/owcardgame/static/js/bundle.js:78210:82)
printWarning @ bundle.js:40757
 CardDisplay mounted with droppableId: player1hand rowId: player1hand
 CardDisplay mounted with droppableId: 1b rowId: 1b
 CardDisplay mounted with droppableId: 1m rowId: 1m
 CardDisplay mounted with droppableId: 1f rowId: 1f
 CardDisplay mounted with droppableId: 2f rowId: 2f
 CardDisplay mounted with droppableId: 2m rowId: 2m
 CardDisplay mounted with droppableId: 2b rowId: 2b
 CardDisplay mounted with droppableId: player2hand rowId: player2hand
 TurnEffectsRunner: useEffect triggered Object
 TurnEffectsRunner: Turn change check Object
 TurnEffectsRunner: useEffect triggered Object
 TurnEffectsRunner: Turn change check Object
 HealthCounter for 1zarya: Object
 HealthCounter: Showing normal HP 4 for 1zarya
 HealthCounter for 1lifeweaver: Object
 HealthCounter: Showing normal HP 3 for 1lifeweaver
 HealthCounter for 1tracer: Object
 HealthCounter: Showing normal HP 3 for 1tracer
 HealthCounter for 1torbjorn: Object
 HealthCounter: Showing normal HP 3 for 1torbjorn
 HealthCounter for 1tracer: Object
 HealthCounter: Showing normal HP 3 for 1tracer
 HealthCounter for 1zarya: Object
 HealthCounter: Showing normal HP 4 for 1zarya
 HealthCounter for 1lifeweaver: Object
 HealthCounter: Showing normal HP 3 for 1lifeweaver
 HealthCounter for 1torbjorn: Object
 HealthCounter: Showing normal HP 3 for 1torbjorn
 Object
 HealthCounter for 1tracer: Object
 HealthCounter: Showing normal HP 3 for 1tracer
 HealthCounter for 1tracer: Object
 HealthCounter: Showing normal HP 3 for 1tracer
 HealthCounter for 1tracer: Object
 HealthCounter: Showing normal HP 3 for 1tracer
 HealthCounter for 1zarya: Object
 HealthCounter: Showing normal HP 4 for 1zarya
 HealthCounter for 1lifeweaver: Object
 HealthCounter: Showing normal HP 3 for 1lifeweaver
 HealthCounter for 1torbjorn: Object
 HealthCounter: Showing normal HP 3 for 1torbjorn
 HealthCounter for 1tracer: Object
 HealthCounter: Showing normal HP 3 for 1tracer
 HealthCounter for 1tracer: Object
 HealthCounter: Showing normal HP 3 for 1tracer
 HealthCounter for 1tracer: Object
 HealthCounter: Showing normal HP 3 for 1tracer
 HealthCounter for 1tracer: Object
 HealthCounter: Showing normal HP 3 for 1tracer
 HealthCounter for 1tracer: Object
 HealthCounter: Showing normal HP 3 for 1tracer
 HealthCounter for 1tracer: Object
 HealthCounter: Showing normal HP 3 for 1tracer
 HealthCounter for 1tracer: Object
 HealthCounter: Showing normal HP 3 for 1tracer
 HealthCounter for 1tracer: Object
 HealthCounter: Showing normal HP 3 for 1tracer
 HealthCounter for 1tracer: Object
 HealthCounter: Showing normal HP 3 for 1tracer
 HealthCounter for 1tracer: Object
 HealthCounter: Showing normal HP 3 for 1tracer
 Attempting to play placement sound...
 Placement audio source: /owcardgame/static/media/placement.445605f26d71501234a7.mp3
 Created placement audio object: 
 Playing tracer enter sound...
 MOVE_CARD reducer: Moving 1tracer from player1hand:0 to 1m:0
 MOVE_CARD reducer: Start row exists: true, Finish row exists: true
 MOVE_CARD reducer: Start row cards: [1tracer, 1zarya, 1lifeweaver, 1torbjorn]
 MOVE_CARD reducer: Finish row cards: [none]
 MOVE_CARD reducer: New start row cards: [1zarya, 1lifeweaver, 1torbjorn]
 MOVE_CARD reducer: New finish row cards: [1tracer]
 MOVE_CARD reducer: About to update state
 MOVE_CARD reducer: State updated. New finish row cards: [1tracer]
 HealthCounter for 1zarya: Object
 HealthCounter: Showing normal HP 4 for 1zarya
 HealthCounter for 1lifeweaver: Object
 HealthCounter: Showing normal HP 3 for 1lifeweaver
 HealthCounter for 1torbjorn: Object
 HealthCounter: Showing normal HP 3 for 1torbjorn
 TurnEffectsRunner: useEffect triggered Object
 TurnEffectsRunner: Turn change check Object
 HealthCounter for 1zarya: Object
 HealthCounter: Showing normal HP 4 for 1zarya
 HealthCounter for 1lifeweaver: Object
 HealthCounter: Showing normal HP 3 for 1lifeweaver
 HealthCounter for 1torbjorn: Object
 HealthCounter: Showing normal HP 3 for 1torbjorn
 HealthCounter for 1tracer: Object
 HealthCounter: Showing normal HP 3 for 1tracer
 TurnEffectsRunner: useEffect triggered Object
 TurnEffectsRunner: Turn change check Object
 HealthCounter for 1zarya: Object
 HealthCounter: Showing normal HP 4 for 1zarya
 HealthCounter for 1lifeweaver: Object
 HealthCounter: Showing normal HP 3 for 1lifeweaver
 HealthCounter for 1torbjorn: Object
 HealthCounter: Showing normal HP 3 for 1torbjorn
 HealthCounter for 1tracer: Object
 HealthCounter: Showing normal HP 3 for 1tracer
 HealthCounter for 1zarya: Object
 HealthCounter: Showing normal HP 4 for 1zarya
 HealthCounter for 1lifeweaver: Object
 HealthCounter: Showing normal HP 3 for 1lifeweaver
 HealthCounter for 1torbjorn: Object
 HealthCounter: Showing normal HP 3 for 1torbjorn
 HealthCounter for 1tracer: Object
 HealthCounter: Showing normal HP 3 for 1tracer
 Placement sound played successfully
 tracer enter sound played successfully
 HealthCounter for 1tracer: Object
 HealthCounter: Showing normal HP 3 for 1tracer
 HealthCounter for 2genji: Object
 HealthCounter: Showing normal HP 4 for 2genji
 HealthCounter for 2dva: Object
 HealthCounter: Showing normal HP 2 for 2dva
 HealthCounter for 2moira: Object
 HealthCounter: Showing normal HP 3 for 2moira
 HealthCounter for 2bastion: Object
 HealthCounter: Showing normal HP 4 for 2bastion
 Player 2 drew zenyatta
 TurnEffectsRunner: useEffect triggered Object
 TurnEffectsRunner: Turn change check Object
 TurnEffectsRunner: Turn changed, processing effects
 Lifeweaver: Starting temporary HP cleanup for player 2
 Lifeweaver: No temporary HP effects found to clean up for player 2
 Lifeweaver: Temporary HP cleanup completed
 TurnEffectsRunner: Checking row 2b with 0 ally effects and 0 enemy effects
 TurnEffectsRunner: Checking row 2m with 0 ally effects and 0 enemy effects
 TurnEffectsRunner: Checking row 2f with 0 ally effects and 0 enemy effects
 HealthCounter for 1tracer: Object
 HealthCounter: Showing normal HP 3 for 1tracer
 HealthCounter for 2genji: Object
 HealthCounter: Showing normal HP 4 for 2genji
 HealthCounter for 2dva: Object
 HealthCounter: Showing normal HP 2 for 2dva
 HealthCounter for 2moira: Object
 HealthCounter: Showing normal HP 3 for 2moira
 HealthCounter for 2bastion: Object
 HealthCounter: Showing normal HP 4 for 2bastion
 TurnEffectsRunner: useEffect triggered Object
 TurnEffectsRunner: Turn change check Object
 HealthCounter for 1tracer: Object
 HealthCounter: Showing normal HP 3 for 1tracer
 HealthCounter for 2genji: Object
 HealthCounter: Showing normal HP 4 for 2genji
 HealthCounter for 2dva: Object
 HealthCounter: Showing normal HP 2 for 2dva
 HealthCounter for 2moira: Object
 HealthCounter: Showing normal HP 3 for 2moira
 HealthCounter for 2bastion: Object
 HealthCounter: Showing normal HP 4 for 2bastion
 HealthCounter for 2zenyatta: Object
 HealthCounter: Showing normal HP 2 for 2zenyatta
 HealthCounter for 1tracer: Object
 HealthCounter: Showing normal HP 3 for 1tracer
 HealthCounter for 2genji: Object
 HealthCounter: Showing normal HP 4 for 2genji
 HealthCounter for 2dva: Object
 HealthCounter: Showing normal HP 2 for 2dva
 HealthCounter for 2moira: Object
 HealthCounter: Showing normal HP 3 for 2moira
 HealthCounter for 2bastion: Object
 HealthCounter: Showing normal HP 4 for 2bastion
 HealthCounter for 2zenyatta: Object
 HealthCounter: Showing normal HP 2 for 2zenyatta
 Object
 HealthCounter for 2moira: Object
 HealthCounter: Showing normal HP 3 for 2moira
 HealthCounter for 2moira: Object
 HealthCounter: Showing normal HP 3 for 2moira
 HealthCounter for 2moira: Object
 HealthCounter: Showing normal HP 3 for 2moira
 HealthCounter for 2moira: Object
 HealthCounter: Showing normal HP 3 for 2moira
 HealthCounter for 2moira: Object
 HealthCounter: Showing normal HP 3 for 2moira
 HealthCounter for 2moira: Object
 HealthCounter: Showing normal HP 3 for 2moira
 HealthCounter for 2moira: Object
 HealthCounter: Showing normal HP 3 for 2moira
 HealthCounter for 2moira: Object
 HealthCounter: Showing normal HP 3 for 2moira
 HealthCounter for 2moira: Object
 HealthCounter: Showing normal HP 3 for 2moira
 HealthCounter for 2moira: Object
 HealthCounter: Showing normal HP 3 for 2moira
 HealthCounter for 2genji: Object
 HealthCounter: Showing normal HP 4 for 2genji
 HealthCounter for 2dva: Object
 HealthCounter: Showing normal HP 2 for 2dva
 HealthCounter for 2moira: Object
 HealthCounter: Showing normal HP 3 for 2moira
 HealthCounter for 2bastion: Object
 HealthCounter: Showing normal HP 4 for 2bastion
 HealthCounter for 2zenyatta: Object
 HealthCounter: Showing normal HP 2 for 2zenyatta
 HealthCounter for 2moira: Object
 HealthCounter: Showing normal HP 3 for 2moira
 HealthCounter for 2moira: Object
 HealthCounter: Showing normal HP 3 for 2moira
 HealthCounter for 2moira: Object
 HealthCounter: Showing normal HP 3 for 2moira
 HealthCounter for 2moira: Object
 HealthCounter: Showing normal HP 3 for 2moira
 HealthCounter for 2moira: Object
 HealthCounter: Showing normal HP 3 for 2moira
 HealthCounter for 2moira: Object
 HealthCounter: Showing normal HP 3 for 2moira
 HealthCounter for 2moira: Object
 HealthCounter: Showing normal HP 3 for 2moira
 HealthCounter for 2moira: Object
 HealthCounter: Showing normal HP 3 for 2moira
 HealthCounter for 2moira: Object
 HealthCounter: Showing normal HP 3 for 2moira
 HealthCounter for 2moira: Object
 HealthCounter: Showing normal HP 3 for 2moira
 HealthCounter for 2moira: Object
 HealthCounter: Showing normal HP 3 for 2moira
 HealthCounter for 2moira: Object
 HealthCounter: Showing normal HP 3 for 2moira
 HealthCounter for 2moira: Object
 HealthCounter: Showing normal HP 3 for 2moira
 HealthCounter for 2moira: Object
 HealthCounter: Showing normal HP 3 for 2moira
 HealthCounter for 2moira: Object
 HealthCounter: Showing normal HP 3 for 2moira
 HealthCounter for 2moira: Object
 HealthCounter: Showing normal HP 3 for 2moira
 HealthCounter for 2moira: Object
 HealthCounter: Showing normal HP 3 for 2moira
 HealthCounter for 2moira: Object
 HealthCounter: Showing normal HP 3 for 2moira
 HealthCounter for 2moira: Object
 HealthCounter: Showing normal HP 3 for 2moira
 HealthCounter for 2moira: Object
 HealthCounter: Showing normal HP 3 for 2moira
 HealthCounter for 2moira: Object
 HealthCounter: Showing normal HP 3 for 2moira
 HealthCounter for 2moira: Object
 HealthCounter: Showing normal HP 3 for 2moira
 HealthCounter for 2moira: Object
 HealthCounter: Showing normal HP 3 for 2moira
 HealthCounter for 2moira: Object
 HealthCounter: Showing normal HP 3 for 2moira
 HealthCounter for 2moira: Object
 HealthCounter: Showing normal HP 3 for 2moira
 HealthCounter for 2moira: Object
 HealthCounter: Showing normal HP 3 for 2moira
 HealthCounter for 2moira: Object
 HealthCounter: Showing normal HP 3 for 2moira
 HealthCounter for 2moira: Object
 HealthCounter: Showing normal HP 3 for 2moira
 HealthCounter for 2moira: Object
 HealthCounter: Showing normal HP 3 for 2moira
 HealthCounter for 2moira: Object
 HealthCounter: Showing normal HP 3 for 2moira
 HealthCounter for 2moira: Object
 HealthCounter: Showing normal HP 3 for 2moira
 HealthCounter for 2moira: Object
 HealthCounter: Showing normal HP 3 for 2moira
 HealthCounter for 2moira: Object
 HealthCounter: Showing normal HP 3 for 2moira
 HealthCounter for 2moira: Object
 HealthCounter: Showing normal HP 3 for 2moira
 HealthCounter for 2moira: Object
 HealthCounter: Showing normal HP 3 for 2moira
 HealthCounter for 2moira: Object
 HealthCounter: Showing normal HP 3 for 2moira
 HealthCounter for 2moira: Object
 HealthCounter: Showing normal HP 3 for 2moira
 HealthCounter for 2moira: Object
 HealthCounter: Showing normal HP 3 for 2moira
 Attempting to play placement sound...
 Placement audio source: /owcardgame/static/media/placement.445605f26d71501234a7.mp3
 Created placement audio object: 
 Playing moira enter sound...
 MOVE_CARD reducer: Moving 2moira from player2hand:2 to 2m:0
 MOVE_CARD reducer: Start row exists: true, Finish row exists: true
 MOVE_CARD reducer: Start row cards: [2genji, 2dva, 2moira, 2bastion, 2zenyatta]
 MOVE_CARD reducer: Finish row cards: [none]
 MOVE_CARD reducer: New start row cards: [2genji, 2dva, 2bastion, 2zenyatta]
 MOVE_CARD reducer: New finish row cards: [2moira]
 MOVE_CARD reducer: About to update state
 MOVE_CARD reducer: State updated. New finish row cards: [2moira]
 HealthCounter for 1tracer: Object
 HealthCounter: Showing normal HP 3 for 1tracer
 HealthCounter for 2genji: Object
 HealthCounter: Showing normal HP 4 for 2genji
 HealthCounter for 2dva: Object
 HealthCounter: Showing normal HP 2 for 2dva
 HealthCounter for 2bastion: Object
 HealthCounter: Showing normal HP 4 for 2bastion
 HealthCounter for 2zenyatta: Object
 HealthCounter: Showing normal HP 2 for 2zenyatta
 TurnEffectsRunner: useEffect triggered Object
 TurnEffectsRunner: Turn change check Object
 HealthCounter for 1tracer: Object
 HealthCounter: Showing normal HP 3 for 1tracer
 HealthCounter for 2moira: Object
 HealthCounter: Showing normal HP 3 for 2moira
 HealthCounter for 2genji: Object
 HealthCounter: Showing normal HP 4 for 2genji
 HealthCounter for 2dva: Object
 HealthCounter: Showing normal HP 2 for 2dva
 HealthCounter for 2bastion: Object
 HealthCounter: Showing normal HP 4 for 2bastion
 HealthCounter for 2zenyatta: Object
 HealthCounter: Showing normal HP 2 for 2zenyatta
 TurnEffectsRunner: useEffect triggered Object
 TurnEffectsRunner: Turn change check Object
 HealthCounter for 1tracer: Object
 HealthCounter: Showing normal HP 3 for 1tracer
 HealthCounter for 2moira: Object
 HealthCounter: Showing normal HP 3 for 2moira
 HealthCounter for 2genji: Object
 HealthCounter: Showing normal HP 4 for 2genji
 HealthCounter for 2dva: Object
 HealthCounter: Showing normal HP 2 for 2dva
 HealthCounter for 2bastion: Object
 HealthCounter: Showing normal HP 4 for 2bastion
 HealthCounter for 2zenyatta: Object
 HealthCounter: Showing normal HP 2 for 2zenyatta
 Placement sound played successfully
 moira enter sound played successfully
 DamageBus - Checking invulnerability for 1tracer at index 0 in row 1m Object
 DamageBus - Target 1tracer is NOT invulnerable, proceeding with damage
 DamageBus - Tracer check: 1tracer, health: 3, damage: 1, newHealth: 2, shouldRecall: false
 DamageBus - Publishing damage event: Object
 HealthCounter for 1tracer: Object
 HealthCounter: Showing normal HP 2 for 1tracer
 HealthCounter for 2moira: Object
 HealthCounter: Showing normal HP 3 for 2moira
 HealthCounter for 2genji: Object
 HealthCounter: Showing normal HP 4 for 2genji
 HealthCounter for 2dva: Object
 HealthCounter: Showing normal HP 2 for 2dva
 HealthCounter for 2bastion: Object
 HealthCounter: Showing normal HP 4 for 2bastion
 HealthCounter for 2zenyatta: Object
 HealthCounter: Showing normal HP 2 for 2zenyatta
 TurnEffectsRunner: useEffect triggered Object
 TurnEffectsRunner: Turn change check Object
 HealthCounter for 1tracer: Object
 HealthCounter: Showing normal HP 2 for 1tracer
 HealthCounter for 2moira: Object
 HealthCounter: Showing normal HP 3 for 2moira
 HealthCounter for 2genji: Object
 HealthCounter: Showing normal HP 4 for 2genji
 HealthCounter for 2dva: Object
 HealthCounter: Showing normal HP 2 for 2dva
 HealthCounter for 2bastion: Object
 HealthCounter: Showing normal HP 4 for 2bastion
 HealthCounter for 2zenyatta: Object
 HealthCounter: Showing normal HP 2 for 2zenyatta
 HealthCounter for 1tracer: Object
 HealthCounter: Showing normal HP 2 for 1tracer
 HealthCounter for 2moira: Object
 HealthCounter: Showing normal HP 3 for 2moira
 HealthCounter for 2genji: Object
 HealthCounter: Showing normal HP 4 for 2genji
 HealthCounter for 2dva: Object
 HealthCounter: Showing normal HP 2 for 2dva
 HealthCounter for 2bastion: Object
 HealthCounter: Showing normal HP 4 for 2bastion
 HealthCounter for 2zenyatta: Object
 HealthCounter: Showing normal HP 2 for 2zenyatta
 Object
 HealthCounter for 2zenyatta: Object
 HealthCounter: Showing normal HP 2 for 2zenyatta
 HealthCounter for 2zenyatta: Object
 HealthCounter: Showing normal HP 2 for 2zenyatta
 HealthCounter for 2zenyatta: Object
 HealthCounter: Showing normal HP 2 for 2zenyatta
 HealthCounter for 2zenyatta: Object
 HealthCounter: Showing normal HP 2 for 2zenyatta
 HealthCounter for 2zenyatta: Object
 HealthCounter: Showing normal HP 2 for 2zenyatta
 HealthCounter for 2zenyatta: Object
 HealthCounter: Showing normal HP 2 for 2zenyatta
 HealthCounter for 2zenyatta: Object
 HealthCounter: Showing normal HP 2 for 2zenyatta
 HealthCounter for 2zenyatta: Object
 HealthCounter: Showing normal HP 2 for 2zenyatta
 HealthCounter for 2zenyatta: Object
 HealthCounter: Showing normal HP 2 for 2zenyatta
 HealthCounter for 2zenyatta: Object
 HealthCounter: Showing normal HP 2 for 2zenyatta
 HealthCounter for 2zenyatta: Object
 HealthCounter: Showing normal HP 2 for 2zenyatta
 HealthCounter for 2zenyatta: Object
 HealthCounter: Showing normal HP 2 for 2zenyatta
 HealthCounter for 2zenyatta: Object
 HealthCounter: Showing normal HP 2 for 2zenyatta
 HealthCounter for 2zenyatta: Object
 HealthCounter: Showing normal HP 2 for 2zenyatta
 HealthCounter for 2zenyatta: Object
 HealthCounter: Showing normal HP 2 for 2zenyatta
 HealthCounter for 2zenyatta: Object
 HealthCounter: Showing normal HP 2 for 2zenyatta
 HealthCounter for 2zenyatta: Object
 HealthCounter: Showing normal HP 2 for 2zenyatta
 HealthCounter for 2zenyatta: Object
 HealthCounter: Showing normal HP 2 for 2zenyatta
 HealthCounter for 2zenyatta: Object
 HealthCounter: Showing normal HP 2 for 2zenyatta
 HealthCounter for 2zenyatta: Object
 HealthCounter: Showing normal HP 2 for 2zenyatta
 HealthCounter for 2zenyatta: Object
 HealthCounter: Showing normal HP 2 for 2zenyatta
 HealthCounter for 2zenyatta: Object
 HealthCounter: Showing normal HP 2 for 2zenyatta
 HealthCounter for 2zenyatta: Object
 HealthCounter: Showing normal HP 2 for 2zenyatta
 HealthCounter for 2zenyatta: Object
 HealthCounter: Showing normal HP 2 for 2zenyatta
 HealthCounter for 2zenyatta: Object
 HealthCounter: Showing normal HP 2 for 2zenyatta
 HealthCounter for 2zenyatta: Object
 HealthCounter: Showing normal HP 2 for 2zenyatta
 HealthCounter for 2zenyatta: Object
 HealthCounter: Showing normal HP 2 for 2zenyatta
 HealthCounter for 2zenyatta: Object
 HealthCounter: Showing normal HP 2 for 2zenyatta
 HealthCounter for 2zenyatta: Object
 HealthCounter: Showing normal HP 2 for 2zenyatta
 HealthCounter for 1tracer: Object
 HealthCounter: Showing normal HP 2 for 1tracer
 HealthCounter for 2moira: Object
 HealthCounter: Showing normal HP 3 for 2moira
 HealthCounter for 2genji: Object
 HealthCounter: Showing normal HP 4 for 2genji
 HealthCounter for 2dva: Object
 HealthCounter: Showing normal HP 2 for 2dva
 HealthCounter for 2bastion: Object
 HealthCounter: Showing normal HP 4 for 2bastion
 HealthCounter for 2zenyatta: Object
 HealthCounter: Showing normal HP 2 for 2zenyatta
 HealthCounter for 1tracer: Object
 HealthCounter: Showing normal HP 2 for 1tracer
 HealthCounter for 2moira: Object
 HealthCounter: Showing normal HP 3 for 2moira
 HealthCounter for 2genji: Object
 HealthCounter: Showing normal HP 4 for 2genji
 HealthCounter for 2dva: Object
 HealthCounter: Showing normal HP 2 for 2dva
 HealthCounter for 2bastion: Object
 HealthCounter: Showing normal HP 4 for 2bastion
 HealthCounter for 2zenyatta: Object
 HealthCounter: Showing normal HP 2 for 2zenyatta
 Object
 HealthCounter for 2genji: Object
 HealthCounter: Showing normal HP 4 for 2genji
 HealthCounter for 2dva: Object
 HealthCounter: Showing normal HP 2 for 2dva
 HealthCounter for 2bastion: Object
 HealthCounter: Showing normal HP 4 for 2bastion
 HealthCounter for 2bastion: Object
 HealthCounter: Showing normal HP 4 for 2bastion
 HealthCounter for 2bastion: Object
 HealthCounter: Showing normal HP 4 for 2bastion
 HealthCounter for 2bastion: Object
 HealthCounter: Showing normal HP 4 for 2bastion
 HealthCounter for 2bastion: Object
 HealthCounter: Showing normal HP 4 for 2bastion
 HealthCounter for 2bastion: Object
 HealthCounter: Showing normal HP 4 for 2bastion
 HealthCounter for 2bastion: Object
 HealthCounter: Showing normal HP 4 for 2bastion
 HealthCounter for 2bastion: Object
 HealthCounter: Showing normal HP 4 for 2bastion
 HealthCounter for 2genji: Object
 HealthCounter: Showing normal HP 4 for 2genji
 HealthCounter for 2dva: Object
 HealthCounter: Showing normal HP 2 for 2dva
 HealthCounter for 2bastion: Object
 HealthCounter: Showing normal HP 4 for 2bastion
 HealthCounter for 2zenyatta: Object
 HealthCounter: Showing normal HP 2 for 2zenyatta
 HealthCounter for 2bastion: Object
 HealthCounter: Showing normal HP 4 for 2bastion
 HealthCounter for 2bastion: Object
 HealthCounter: Showing normal HP 4 for 2bastion
 HealthCounter for 2bastion: Object
 HealthCounter: Showing normal HP 4 for 2bastion
 HealthCounter for 2bastion: Object
 HealthCounter: Showing normal HP 4 for 2bastion
 HealthCounter for 2bastion: Object
 HealthCounter: Showing normal HP 4 for 2bastion
 HealthCounter for 2bastion: Object
 HealthCounter: Showing normal HP 4 for 2bastion
 HealthCounter for 2bastion: Object
 HealthCounter: Showing normal HP 4 for 2bastion
 HealthCounter for 2bastion: Object
 HealthCounter: Showing normal HP 4 for 2bastion
 HealthCounter for 2bastion: Object
 HealthCounter: Showing normal HP 4 for 2bastion
 HealthCounter for 2bastion: Object
 HealthCounter: Showing normal HP 4 for 2bastion
 HealthCounter for 2bastion: Object
 HealthCounter: Showing normal HP 4 for 2bastion
 HealthCounter for 2bastion: Object
 HealthCounter: Showing normal HP 4 for 2bastion
 HealthCounter for 2moira: Object
 HealthCounter: Showing normal HP 3 for 2moira
 HealthCounter for 2bastion: Object
 HealthCounter: Showing normal HP 4 for 2bastion
 HealthCounter for 2bastion: Object
 HealthCounter: Showing normal HP 4 for 2bastion
 HealthCounter for 2bastion: Object
 HealthCounter: Showing normal HP 4 for 2bastion
 HealthCounter for 2bastion: Object
 HealthCounter: Showing normal HP 4 for 2bastion
 HealthCounter for 2bastion: Object
 HealthCounter: Showing normal HP 4 for 2bastion
 HealthCounter for 2bastion: Object
 HealthCounter: Showing normal HP 4 for 2bastion
 HealthCounter for 2bastion: Object
 HealthCounter: Showing normal HP 4 for 2bastion
 HealthCounter for 2bastion: Object
 HealthCounter: Showing normal HP 4 for 2bastion
 HealthCounter for 2bastion: Object
 HealthCounter: Showing normal HP 4 for 2bastion
 HealthCounter for 2bastion: Object
 HealthCounter: Showing normal HP 4 for 2bastion
 HealthCounter for 2bastion: Object
 HealthCounter: Showing normal HP 4 for 2bastion
 HealthCounter for 2bastion: Object
 HealthCounter: Showing normal HP 4 for 2bastion
 HealthCounter for 2bastion: Object
 HealthCounter: Showing normal HP 4 for 2bastion
 HealthCounter for 2bastion: Object
 HealthCounter: Showing normal HP 4 for 2bastion
 HealthCounter for 2bastion: Object
 HealthCounter: Showing normal HP 4 for 2bastion
 HealthCounter for 2bastion: Object
 HealthCounter: Showing normal HP 4 for 2bastion
 HealthCounter for 2bastion: Object
 HealthCounter: Showing normal HP 4 for 2bastion
 HealthCounter for 2bastion: Object
 HealthCounter: Showing normal HP 4 for 2bastion
 HealthCounter for 2bastion: Object
 HealthCounter: Showing normal HP 4 for 2bastion
 HealthCounter for 2bastion: Object
 HealthCounter: Showing normal HP 4 for 2bastion
 HealthCounter for 2bastion: Object
 HealthCounter: Showing normal HP 4 for 2bastion
 HealthCounter for 2bastion: Object
 HealthCounter: Showing normal HP 4 for 2bastion
 Attempting to play placement sound...
 Placement audio source: /owcardgame/static/media/placement.445605f26d71501234a7.mp3
 Created placement audio object: 
 Playing bastion enter sound...
 MOVE_CARD reducer: Moving 2bastion from player2hand:2 to 2m:0
 MOVE_CARD reducer: Start row exists: true, Finish row exists: true
 MOVE_CARD reducer: Start row cards: [2genji, 2dva, 2bastion, 2zenyatta]
 MOVE_CARD reducer: Finish row cards: [2moira]
 MOVE_CARD reducer: New start row cards: [2genji, 2dva, 2zenyatta]
 MOVE_CARD reducer: New finish row cards: [2bastion, 2moira]
 MOVE_CARD reducer: About to update state
 MOVE_CARD reducer: State updated. New finish row cards: [2bastion, 2moira]
 HealthCounter for 1tracer: Object
 HealthCounter: Showing normal HP 2 for 1tracer
 HealthCounter for 2moira: Object
 HealthCounter: Showing normal HP 3 for 2moira
 HealthCounter for 2genji: Object
 HealthCounter: Showing normal HP 4 for 2genji
 HealthCounter for 2dva: Object
 HealthCounter: Showing normal HP 2 for 2dva
 HealthCounter for 2zenyatta: Object
 HealthCounter: Showing normal HP 2 for 2zenyatta
 TurnEffectsRunner: useEffect triggered Object
 TurnEffectsRunner: Turn change check Object
 HealthCounter for 1tracer: Object
 HealthCounter: Showing normal HP 2 for 1tracer
 HealthCounter for 2bastion: Object
 HealthCounter: Showing normal HP 4 for 2bastion
 HealthCounter for 2moira: Object
 HealthCounter: Showing normal HP 3 for 2moira
 HealthCounter for 2genji: Object
 HealthCounter: Showing normal HP 4 for 2genji
 HealthCounter for 2dva: Object
 HealthCounter: Showing normal HP 2 for 2dva
 HealthCounter for 2zenyatta: Object
 HealthCounter: Showing normal HP 2 for 2zenyatta
 TurnEffectsRunner: useEffect triggered Object
 TurnEffectsRunner: Turn change check Object
 HealthCounter for 1tracer: Object
 HealthCounter: Showing normal HP 2 for 1tracer
 HealthCounter for 2bastion: Object
 HealthCounter: Showing normal HP 4 for 2bastion
 HealthCounter for 2moira: Object
 HealthCounter: Showing normal HP 3 for 2moira
 HealthCounter for 2genji: Object
 HealthCounter: Showing normal HP 4 for 2genji
 HealthCounter for 2dva: Object
 HealthCounter: Showing normal HP 2 for 2dva
 HealthCounter for 2zenyatta: Object
 HealthCounter: Showing normal HP 2 for 2zenyatta
 Placement sound played successfully
 bastion enter sound played successfully
 HealthCounter for 1tracer: Object
 HealthCounter: Showing normal HP 2 for 1tracer
 HealthCounter for 2bastion: Object
 HealthCounter: Showing normal HP 4 for 2bastion
 HealthCounter for 2moira: Object
 HealthCounter: Showing normal HP 3 for 2moira
 HealthCounter for 2genji: Object
 HealthCounter: Showing normal HP 4 for 2genji
 HealthCounter for 2dva: Object
 HealthCounter: Showing normal HP 2 for 2dva
 HealthCounter for 2zenyatta: Object
 HealthCounter: Showing normal HP 2 for 2zenyatta
 DamageBus - Checking invulnerability for 1tracer at index 0 in row 1m Object
 DamageBus - Target 1tracer is NOT invulnerable, proceeding with damage
 DamageBus - Tracer check: 1tracer, health: 2, damage: 1, newHealth: 1, shouldRecall: false
 DamageBus - Publishing damage event: Object
 HealthCounter for 1tracer: Object
 HealthCounter: Showing normal HP 1 for 1tracer
 HealthCounter for 2bastion: Object
 HealthCounter: Showing normal HP 4 for 2bastion
 HealthCounter for 2moira: Object
 HealthCounter: Showing normal HP 3 for 2moira
 HealthCounter for 2genji: Object
 HealthCounter: Showing normal HP 4 for 2genji
 HealthCounter for 2dva: Object
 HealthCounter: Showing normal HP 2 for 2dva
 HealthCounter for 2zenyatta: Object
 HealthCounter: Showing normal HP 2 for 2zenyatta
 TurnEffectsRunner: useEffect triggered Object
 TurnEffectsRunner: Turn change check Object
 HealthCounter for 1tracer: Object
 HealthCounter: Showing normal HP 1 for 1tracer
 HealthCounter for 2bastion: Object
 HealthCounter: Showing normal HP 4 for 2bastion
 HealthCounter for 2moira: Object
 HealthCounter: Showing normal HP 3 for 2moira
 HealthCounter for 2genji: Object
 HealthCounter: Showing normal HP 4 for 2genji
 HealthCounter for 2dva: Object
 HealthCounter: Showing normal HP 2 for 2dva
 HealthCounter for 2zenyatta: Object
 HealthCounter: Showing normal HP 2 for 2zenyatta
 Object
 HealthCounter for 2genji: Object
 HealthCounter: Showing normal HP 4 for 2genji
 HealthCounter for 2genji: Object
 HealthCounter: Showing normal HP 4 for 2genji
 HealthCounter for 2dva: Object
 HealthCounter: Showing normal HP 2 for 2dva
 HealthCounter for 2zenyatta: Object
 HealthCounter: Showing normal HP 2 for 2zenyatta
 HealthCounter for 2genji: Object
 HealthCounter: Showing normal HP 4 for 2genji
 HealthCounter for 2genji: Object
 HealthCounter: Showing normal HP 4 for 2genji
 HealthCounter for 2genji: Object
 HealthCounter: Showing normal HP 4 for 2genji
 HealthCounter for 2bastion: Object
 HealthCounter: Showing normal HP 4 for 2bastion
 HealthCounter for 2moira: Object
 HealthCounter: Showing normal HP 3 for 2moira
 HealthCounter for 2genji: Object
 HealthCounter: Showing normal HP 4 for 2genji
 HealthCounter for 2genji: Object
 HealthCounter: Showing normal HP 4 for 2genji
 HealthCounter for 2genji: Object
 HealthCounter: Showing normal HP 4 for 2genji
 HealthCounter for 2genji: Object
 HealthCounter: Showing normal HP 4 for 2genji
 HealthCounter for 2genji: Object
 HealthCounter: Showing normal HP 4 for 2genji
 HealthCounter for 2genji: Object
 HealthCounter: Showing normal HP 4 for 2genji
 HealthCounter for 2genji: Object
 HealthCounter: Showing normal HP 4 for 2genji
 HealthCounter for 2genji: Object
 HealthCounter: Showing normal HP 4 for 2genji
 HealthCounter for 2genji: Object
 HealthCounter: Showing normal HP 4 for 2genji
 HealthCounter for 2genji: Object
 HealthCounter: Showing normal HP 4 for 2genji
 HealthCounter for 2genji: Object
 HealthCounter: Showing normal HP 4 for 2genji
 HealthCounter for 2genji: Object
 HealthCounter: Showing normal HP 4 for 2genji
 HealthCounter for 2genji: Object
 HealthCounter: Showing normal HP 4 for 2genji
 HealthCounter for 2genji: Object
 HealthCounter: Showing normal HP 4 for 2genji
 HealthCounter for 2genji: Object
HealthCounter.js:25 HealthCounter: Showing normal HP 4 for 2genji
HealthCounter.js:6 HealthCounter for 2genji: Object
HealthCounter.js:25 HealthCounter: Showing normal HP 4 for 2genji
HealthCounter.js:6 HealthCounter for 2genji: Object
HealthCounter.js:25 HealthCounter: Showing normal HP 4 for 2genji
HealthCounter.js:6 HealthCounter for 2genji: Object
HealthCounter.js:25 HealthCounter: Showing normal HP 4 for 2genji
HealthCounter.js:6 HealthCounter for 2genji: Object
HealthCounter.js:25 HealthCounter: Showing normal HP 4 for 2genji
HealthCounter.js:6 HealthCounter for 2genji: Object
HealthCounter.js:25 HealthCounter: Showing normal HP 4 for 2genji
HealthCounter.js:6 HealthCounter for 2genji: Object
HealthCounter.js:25 HealthCounter: Showing normal HP 4 for 2genji
HealthCounter.js:6 HealthCounter for 2genji: Object
HealthCounter.js:25 HealthCounter: Showing normal HP 4 for 2genji
HealthCounter.js:6 HealthCounter for 2genji: Object
HealthCounter.js:25 HealthCounter: Showing normal HP 4 for 2genji
HealthCounter.js:6 HealthCounter for 2genji: Object
HealthCounter.js:25 HealthCounter: Showing normal HP 4 for 2genji
HealthCounter.js:6 HealthCounter for 2genji: Object
HealthCounter.js:25 HealthCounter: Showing normal HP 4 for 2genji
HealthCounter.js:6 HealthCounter for 2genji: Object
HealthCounter.js:25 HealthCounter: Showing normal HP 4 for 2genji
App.js:2307 Attempting to play placement sound...
App.js:2309 Placement audio source: /owcardgame/static/media/placement.445605f26d71501234a7.mp3
App.js:2311 Created placement audio object: <audio preload=​"auto" src=​"/​owcardgame/​static/​media/​placement.445605f26d71501234a7.mp3">​</audio>​media
App.js:2325 Playing genji enter sound...
App.js:267 MOVE_CARD reducer: Moving 2genji from player2hand:0 to 2m:0
App.js:273 MOVE_CARD reducer: Start row exists: true, Finish row exists: true
App.js:274 MOVE_CARD reducer: Start row cards: [2genji, 2dva, 2zenyatta]
App.js:275 MOVE_CARD reducer: Finish row cards: [2bastion, 2moira]
App.js:305 MOVE_CARD reducer: New start row cards: [2dva, 2zenyatta]
App.js:306 MOVE_CARD reducer: New finish row cards: [2genji, 2bastion, 2moira]
App.js:348 MOVE_CARD reducer: About to update state
App.js:353 MOVE_CARD reducer: State updated. New finish row cards: [2genji, 2bastion, 2moira]
HealthCounter.js:6 HealthCounter for 1tracer: Object
HealthCounter.js:25 HealthCounter: Showing normal HP 1 for 1tracer
HealthCounter.js:6 HealthCounter for 2bastion: Object
HealthCounter.js:25 HealthCounter: Showing normal HP 4 for 2bastion
HealthCounter.js:6 HealthCounter for 2moira: Object
HealthCounter.js:25 HealthCounter: Showing normal HP 3 for 2moira
HealthCounter.js:6 HealthCounter for 2dva: Object
HealthCounter.js:25 HealthCounter: Showing normal HP 2 for 2dva
HealthCounter.js:6 HealthCounter for 2zenyatta: Object
HealthCounter.js:25 HealthCounter: Showing normal HP 2 for 2zenyatta
TurnEffectsRunner.js:16 TurnEffectsRunner: useEffect triggered Object
TurnEffectsRunner.js:27 TurnEffectsRunner: Turn change check Object
HealthCounter.js:6 HealthCounter for 1tracer: Object
HealthCounter.js:25 HealthCounter: Showing normal HP 1 for 1tracer
HealthCounter.js:6 HealthCounter for 2genji: Object
HealthCounter.js:25 HealthCounter: Showing normal HP 4 for 2genji
HealthCounter.js:6 HealthCounter for 2bastion: Object
HealthCounter.js:25 HealthCounter: Showing normal HP 4 for 2bastion
HealthCounter.js:6 HealthCounter for 2moira: Object
HealthCounter.js:25 HealthCounter: Showing normal HP 3 for 2moira
HealthCounter.js:6 HealthCounter for 2dva: Object
HealthCounter.js:25 HealthCounter: Showing normal HP 2 for 2dva
HealthCounter.js:6 HealthCounter for 2zenyatta: Object
HealthCounter.js:25 HealthCounter: Showing normal HP 2 for 2zenyatta
TurnEffectsRunner.js:16 TurnEffectsRunner: useEffect triggered Object
TurnEffectsRunner.js:27 TurnEffectsRunner: Turn change check Object
HealthCounter.js:6 HealthCounter for 1tracer: Object
HealthCounter.js:25 HealthCounter: Showing normal HP 1 for 1tracer
HealthCounter.js:6 HealthCounter for 2genji: Object
HealthCounter.js:25 HealthCounter: Showing normal HP 4 for 2genji
HealthCounter.js:6 HealthCounter for 2bastion: Object
HealthCounter.js:25 HealthCounter: Showing normal HP 4 for 2bastion
HealthCounter.js:6 HealthCounter for 2moira: Object
HealthCounter.js:25 HealthCounter: Showing normal HP 3 for 2moira
HealthCounter.js:6 HealthCounter for 2dva: Object
HealthCounter.js:25 HealthCounter: Showing normal HP 2 for 2dva
HealthCounter.js:6 HealthCounter for 2zenyatta: Object
HealthCounter.js:25 HealthCounter: Showing normal HP 2 for 2zenyatta
App.js:2313 Placement sound played successfully
App.js:2328 genji enter sound played successfully
HealthCounter.js:6 HealthCounter for 1tracer: Object
HealthCounter.js:25 HealthCounter: Showing normal HP 1 for 1tracer
HealthCounter.js:6 HealthCounter for 2genji: Object
HealthCounter.js:25 HealthCounter: Showing normal HP 4 for 2genji
HealthCounter.js:6 HealthCounter for 2bastion: Object
HealthCounter.js:25 HealthCounter: Showing normal HP 4 for 2bastion
HealthCounter.js:6 HealthCounter for 2moira: Object
HealthCounter.js:25 HealthCounter: Showing normal HP 3 for 2moira
HealthCounter.js:6 HealthCounter for 2dva: Object
HealthCounter.js:25 HealthCounter: Showing normal HP 2 for 2dva
HealthCounter.js:6 HealthCounter for 2zenyatta: Object
HealthCounter.js:25 HealthCounter: Showing normal HP 2 for 2zenyatta
damageBus.js:24 DamageBus - Checking invulnerability for 1tracer at index 0 in row 1m Object
damageBus.js:33 DamageBus - Target 1tracer is NOT invulnerable, proceeding with damage
damageBus.js:57 DamageBus - Tracer check: 1tracer, health: 1, damage: 1, newHealth: 0, shouldRecall: true
damageBus.js:65 DamageBus - Tracer Recall synergy check: 2 synergy available, need 2
damageBus.js:68 DamageBus - Tracer Smart Recall: 1 damage would bring Tracer to 0 HP - triggering Recall instead
damageBus.js:69 DamageBus - triggerTracerRecall function exists: true
tracer.js:21 Tracer Recall: Function called with 1tracer in row 1m
tracer.js:22 Tracer Recall: Active status: false
tracer.js:33 Tracer Recall: Triggering for 1tracer in row 1m
tracer.js:47 Tracer Recall: Removed 0 effects from 1tracer
tracer.js:54 Tracer Recall: About to dispatch EDIT_CARD action
tracer.js:64 Tracer Recall: EDIT_CARD action dispatched
tracer.js:69 Tracer Recall: Moving 1tracer from 1m to player1hand
tracer.js:70 Tracer Recall: moveCardToRow function exists: true
App.js:1376 moveCardToRow: Moving 1tracer to player1hand
App.js:1381 moveCardToRow: Card exists: true
App.js:1382 moveCardToRow: Target row exists: true
App.js:1390 moveCardToRow: Searching for 1tracer in all rows...
App.js:1395 moveCardToRow: Row 1f has 0 cards: []
App.js:1395 moveCardToRow: Row 1m has 1 cards: [1tracer]
App.js:1399 moveCardToRow: Found 1tracer in 1m at index 0
App.js:1404 moveCardToRow: Final location: 1m at index 0
App.js:1411 moveCardToRow: Target row player1hand has 3 cards: [1zarya, 1lifeweaver, 1torbjorn]
App.js:1412 moveCardToRow: Dispatching move from 1m:0 to player1hand:3
tracer.js:75 Tracer Recall: Move command sent
tracer.js:105 Tracer Recall: Consumed 2 synergy from 1m
tracer.js:115 Tracer Recall: Marked ultimate as used for 1tracer
damageBus.js:74 DamageBus - Recall trigger called
App.js:267 MOVE_CARD reducer: Moving 1tracer from 1m:0 to player1hand:3
App.js:273 MOVE_CARD reducer: Start row exists: true, Finish row exists: true
App.js:274 MOVE_CARD reducer: Start row cards: [1tracer]
App.js:275 MOVE_CARD reducer: Finish row cards: [1zarya, 1lifeweaver, 1torbjorn]
App.js:305 MOVE_CARD reducer: New start row cards: []
App.js:306 MOVE_CARD reducer: New finish row cards: [1zarya, 1lifeweaver, 1torbjorn, 1tracer]
App.js:348 MOVE_CARD reducer: About to update state
App.js:353 MOVE_CARD reducer: State updated. New finish row cards: [1zarya, 1lifeweaver, 1torbjorn, 1tracer]
HealthCounter.js:6 HealthCounter for 2genji: Object
HealthCounter.js:25 HealthCounter: Showing normal HP 4 for 2genji
HealthCounter.js:6 HealthCounter for 2bastion: Object
HealthCounter.js:25 HealthCounter: Showing normal HP 4 for 2bastion
HealthCounter.js:6 HealthCounter for 2moira: Object
HealthCounter.js:25 HealthCounter: Showing normal HP 3 for 2moira
HealthCounter.js:6 HealthCounter for 2dva: Object
HealthCounter.js:25 HealthCounter: Showing normal HP 2 for 2dva
HealthCounter.js:6 HealthCounter for 2zenyatta: Object
HealthCounter.js:25 HealthCounter: Showing normal HP 2 for 2zenyatta
TurnEffectsRunner.js:16 TurnEffectsRunner: useEffect triggered Object
TurnEffectsRunner.js:27 TurnEffectsRunner: Turn change check Object
HealthCounter.js:6 HealthCounter for 2genji: Object
HealthCounter.js:25 HealthCounter: Showing normal HP 4 for 2genji
HealthCounter.js:6 HealthCounter for 2bastion: Object
HealthCounter.js:25 HealthCounter: Showing normal HP 4 for 2bastion
HealthCounter.js:6 HealthCounter for 2moira: Object
HealthCounter.js:25 HealthCounter: Showing normal HP 3 for 2moira
HealthCounter.js:6 HealthCounter for 2dva: Object
HealthCounter.js:25 HealthCounter: Showing normal HP 2 for 2dva
HealthCounter.js:6 HealthCounter for 2zenyatta: Object
HealthCounter.js:25 HealthCounter: Showing normal HP 2 for 2zenyatta
TurnEffectsRunner.js:16 TurnEffectsRunner: useEffect triggered Object
TurnEffectsRunner.js:27 TurnEffectsRunner: Turn change check Object
HealthCounter.js:6 HealthCounter for 1tracer: Object
HealthCounter.js:25 HealthCounter: Showing normal HP 3 for 1tracer
HealthCounter.js:6 HealthCounter for 2genji: Object
HealthCounter.js:25 HealthCounter: Showing normal HP 4 for 2genji
HealthCounter.js:6 HealthCounter for 2bastion: Object
HealthCounter.js:25 HealthCounter: Showing normal HP 4 for 2bastion
HealthCounter.js:6 HealthCounter for 2moira: Object
HealthCounter.js:25 HealthCounter: Showing normal HP 3 for 2moira
HealthCounter.js:6 HealthCounter for 2dva: Object
HealthCounter.js:25 HealthCounter: Showing normal HP 2 for 2dva
HealthCounter.js:6 HealthCounter for 2zenyatta: Object
HealthCounter.js:25 HealthCounter: Showing normal HP 2 for 2zenyatta
tracer.js:80 Tracer Recall: Card after move attempt: Object
tracer.js:82 Tracer Recall: Card location after move: unknown
tracer.js:83 Tracer Recall: Card isPlayed status: true
tracer.js:84 Tracer Recall: Card enteredTurn: 1
tracer.js:85 Tracer Recall: Card effects: Array(1)
tracer.js:92 Tracer Recall: Drag conditions check:
tracer.js:93   - isPlayed: true (should be false)
tracer.js:94   - currentTurn: 2, playerNum: 1 (should match)
tracer.js:95   - isSuitedUp: false (should be false)
tracer.js:96   - isDragDisabled: true
HealthCounter.js:6 HealthCounter for 1tracer: Object
HealthCounter.js:25 HealthCounter: Showing normal HP 3 for 1tracer
HealthCounter.js:6 HealthCounter for 2genji: Object
HealthCounter.js:25 HealthCounter: Showing normal HP 4 for 2genji
HealthCounter.js:6 HealthCounter for 2bastion: Object
HealthCounter.js:25 HealthCounter: Showing normal HP 4 for 2bastion
HealthCounter.js:6 HealthCounter for 2moira: Object
HealthCounter.js:25 HealthCounter: Showing normal HP 3 for 2moira
HealthCounter.js:6 HealthCounter for 2dva: Object
HealthCounter.js:25 HealthCounter: Showing normal HP 2 for 2dva
HealthCounter.js:6 HealthCounter for 2zenyatta: Object
HealthCounter.js:25 HealthCounter: Showing normal HP 2 for 2zenyatta
HealthCounter.js:6 HealthCounter for 1zarya: Object
HealthCounter.js:25 HealthCounter: Showing normal HP 4 for 1zarya
HealthCounter.js:6 HealthCounter for 1lifeweaver: Object
HealthCounter.js:25 HealthCounter: Showing normal HP 3 for 1lifeweaver
HealthCounter.js:6 HealthCounter for 1torbjorn: Object
HealthCounter.js:25 HealthCounter: Showing normal HP 3 for 1torbjorn
HealthCounter.js:6 HealthCounter for 1tracer: Object
HealthCounter.js:25 HealthCounter: Showing normal HP 3 for 1tracer
HealthCounter.js:6 HealthCounter for 2genji: Object
HealthCounter.js:25 HealthCounter: Showing normal HP 4 for 2genji
HealthCounter.js:6 HealthCounter for 2bastion: Object
HealthCounter.js:25 HealthCounter: Showing normal HP 4 for 2bastion
HealthCounter.js:6 HealthCounter for 2moira: Object
HealthCounter.js:25 HealthCounter: Showing normal HP 3 for 2moira
PlayerButtons.js:198 Player 1 drew roadhog
PlayerButtons.js:205 Playing roadhog intro sound...
TurnEffectsRunner.js:16 TurnEffectsRunner: useEffect triggered Object
TurnEffectsRunner.js:27 TurnEffectsRunner: Turn change check Object
TurnEffectsRunner.js:38 TurnEffectsRunner: Turn changed, processing effects
lifeweaver.js:177 Lifeweaver: Starting temporary HP cleanup for player 1
lifeweaver.js:226 Lifeweaver: No temporary HP effects found to clean up for player 1
lifeweaver.js:229 Lifeweaver: Temporary HP cleanup completed
TurnEffectsRunner.js:78 TurnEffectsRunner: Checking row 1b with 0 ally effects and 0 enemy effects
TurnEffectsRunner.js:78 TurnEffectsRunner: Checking row 1m with 0 ally effects and 0 enemy effects
tracer.js:316 Tracer Recall: Effect expired
TurnEffectsRunner.js:78 TurnEffectsRunner: Checking row 1f with 0 ally effects and 0 enemy effects
HealthCounter.js:6 HealthCounter for 1zarya: Object
HealthCounter.js:25 HealthCounter: Showing normal HP 4 for 1zarya
HealthCounter.js:6 HealthCounter for 1lifeweaver: Object
HealthCounter.js:25 HealthCounter: Showing normal HP 3 for 1lifeweaver
HealthCounter.js:6 HealthCounter for 1torbjorn: Object
HealthCounter.js:25 HealthCounter: Showing normal HP 3 for 1torbjorn
HealthCounter.js:6 HealthCounter for 1tracer: Object
HealthCounter.js:25 HealthCounter: Showing normal HP 3 for 1tracer
HealthCounter.js:6 HealthCounter for 2genji: Object
HealthCounter.js:25 HealthCounter: Showing normal HP 4 for 2genji
HealthCounter.js:6 HealthCounter for 2bastion: Object
HealthCounter.js:25 HealthCounter: Showing normal HP 4 for 2bastion
HealthCounter.js:6 HealthCounter for 2moira: Object
HealthCounter.js:25 HealthCounter: Showing normal HP 3 for 2moira
TurnEffectsRunner.js:16 TurnEffectsRunner: useEffect triggered Object
TurnEffectsRunner.js:27 TurnEffectsRunner: Turn change check Object
HealthCounter.js:6 HealthCounter for 1zarya: Object
HealthCounter.js:25 HealthCounter: Showing normal HP 4 for 1zarya
HealthCounter.js:6 HealthCounter for 1lifeweaver: Object
HealthCounter.js:25 HealthCounter: Showing normal HP 3 for 1lifeweaver
HealthCounter.js:6 HealthCounter for 1torbjorn: Object
HealthCounter.js:25 HealthCounter: Showing normal HP 3 for 1torbjorn
HealthCounter.js:6 HealthCounter for 1tracer: Object
HealthCounter.js:25 HealthCounter: Showing normal HP 3 for 1tracer
HealthCounter.js:6 HealthCounter for 2genji: Object
HealthCounter.js:25 HealthCounter: Showing normal HP 4 for 2genji
HealthCounter.js:6 HealthCounter for 2bastion: Object
HealthCounter.js:25 HealthCounter: Showing normal HP 4 for 2bastion
HealthCounter.js:6 HealthCounter for 2moira: Object
HealthCounter.js:25 HealthCounter: Showing normal HP 3 for 2moira
HealthCounter.js:6 HealthCounter for 1roadhog: Object
HealthCounter.js:25 HealthCounter: Showing normal HP 5 for 1roadhog
PlayerButtons.js:208 roadhog intro sound played successfully
