 ZaryaTokenOverlay: Card 1winston has Zarya token: undefined
 HealthCounter for 1lifeweaver: Object
 HealthCounter: Showing normal HP 3 for 1lifeweaver
 ZaryaTokenOverlay: Card 1lifeweaver has Zarya token: undefined
 HealthCounter for 1mei: Object
 HealthCounter: Showing normal HP 4 for 1mei
 ZaryaTokenOverlay: Card 1mei has Zarya token: undefined
 HealthCounter for 1torbjorn: Object
 HealthCounter: Showing normal HP 3 for 1torbjorn
 ZaryaTokenOverlay: Card 1torbjorn has Zarya token: undefined
 HealthCounter for 1turret: Object
 HealthCounter: Showing normal HP 3 for 1turret
 ZaryaTokenOverlay: Card 1turret has Zarya token: undefined
 Placement sound played successfully
 torbjorn enter sound played successfully
 HealthCounter for 1turret: Object
 HealthCounter: Showing normal HP 3 for 1turret
 ZaryaTokenOverlay: Card 1turret has Zarya token: undefined
 HealthCounter for 1echo: Object
 HealthCounter: Showing normal HP 4 for 1echo
 ZaryaTokenOverlay: Card 1echo has Zarya token: undefined
 HealthCounter for 1winston: Object
 HealthCounter: Showing normal HP 4 for 1winston
 ZaryaTokenOverlay: Card 1winston has Zarya token: undefined
 HealthCounter for 1lifeweaver: Object
 HealthCounter: Showing normal HP 3 for 1lifeweaver
 ZaryaTokenOverlay: Card 1lifeweaver has Zarya token: undefined
 HealthCounter for 1mei: Object
 HealthCounter: Showing normal HP 4 for 1mei
 ZaryaTokenOverlay: Card 1mei has Zarya token: undefined
 HealthCounter for 1torbjorn: Object
 HealthCounter: Showing normal HP 3 for 1torbjorn
 ZaryaTokenOverlay: Card 1torbjorn has Zarya token: undefined
 Object
 HealthCounter for 1turret: Object
 HealthCounter: Showing normal HP 3 for 1turret
 ZaryaTokenOverlay: Card 1turret has Zarya token: undefined
 HealthCounter for 1turret: Object
 HealthCounter: Showing normal HP 3 for 1turret
 ZaryaTokenOverlay: Card 1turret has Zarya token: undefined
 HealthCounter for 1turret: Object
 HealthCounter: Showing normal HP 3 for 1turret
 ZaryaTokenOverlay: Card 1turret has Zarya token: undefined
 HealthCounter for 1turret: Object
 HealthCounter: Showing normal HP 3 for 1turret
 ZaryaTokenOverlay: Card 1turret has Zarya token: undefined
 HealthCounter for 1turret: Object
 HealthCounter: Showing normal HP 3 for 1turret
 ZaryaTokenOverlay: Card 1turret has Zarya token: undefined
 HealthCounter for 1turret: Object
 HealthCounter: Showing normal HP 3 for 1turret
 ZaryaTokenOverlay: Card 1turret has Zarya token: undefined
 HealthCounter for 1turret: Object
 HealthCounter: Showing normal HP 3 for 1turret
 ZaryaTokenOverlay: Card 1turret has Zarya token: undefined
 HealthCounter for 1turret: Object
 HealthCounter: Showing normal HP 3 for 1turret
 ZaryaTokenOverlay: Card 1turret has Zarya token: undefined
 HealthCounter for 1turret: Object
 HealthCounter: Showing normal HP 3 for 1turret
 ZaryaTokenOverlay: Card 1turret has Zarya token: undefined
 HealthCounter for 1turret: Object
 HealthCounter: Showing normal HP 3 for 1turret
 ZaryaTokenOverlay: Card 1turret has Zarya token: undefined
 HealthCounter for 1turret: Object
 HealthCounter: Showing normal HP 3 for 1turret
 ZaryaTokenOverlay: Card 1turret has Zarya token: undefined
 HealthCounter for 1turret: Object
 HealthCounter: Showing normal HP 3 for 1turret
 ZaryaTokenOverlay: Card 1turret has Zarya token: undefined
 HealthCounter for 1echo: Object
 HealthCounter: Showing normal HP 4 for 1echo
 ZaryaTokenOverlay: Card 1echo has Zarya token: undefined
 HealthCounter for 1winston: Object
 HealthCounter: Showing normal HP 4 for 1winston
 ZaryaTokenOverlay: Card 1winston has Zarya token: undefined
 HealthCounter for 1lifeweaver: Object
 HealthCounter: Showing normal HP 3 for 1lifeweaver
 ZaryaTokenOverlay: Card 1lifeweaver has Zarya token: undefined
 HealthCounter for 1mei: Object
 HealthCounter: Showing normal HP 4 for 1mei
 ZaryaTokenOverlay: Card 1mei has Zarya token: undefined
 HealthCounter for 1turret: Object
 HealthCounter: Showing normal HP 3 for 1turret
 ZaryaTokenOverlay: Card 1turret has Zarya token: undefined
 HealthCounter for 1turret: Object
 HealthCounter: Showing normal HP 3 for 1turret
 ZaryaTokenOverlay: Card 1turret has Zarya token: undefined
 HealthCounter for 1turret: Object
 HealthCounter: Showing normal HP 3 for 1turret
 ZaryaTokenOverlay: Card 1turret has Zarya token: undefined
 HealthCounter for 1turret: Object
 HealthCounter: Showing normal HP 3 for 1turret
 ZaryaTokenOverlay: Card 1turret has Zarya token: undefined
 HealthCounter for 1turret: Object
 HealthCounter: Showing normal HP 3 for 1turret
 ZaryaTokenOverlay: Card 1turret has Zarya token: undefined
 HealthCounter for 1turret: Object
 HealthCounter: Showing normal HP 3 for 1turret
 ZaryaTokenOverlay: Card 1turret has Zarya token: undefined
 HealthCounter for 1turret: Object
 HealthCounter: Showing normal HP 3 for 1turret
 ZaryaTokenOverlay: Card 1turret has Zarya token: undefined
 HealthCounter for 1turret: Object
 HealthCounter: Showing normal HP 3 for 1turret
 ZaryaTokenOverlay: Card 1turret has Zarya token: undefined
 HealthCounter for 1turret: Object
 HealthCounter: Showing normal HP 3 for 1turret
 ZaryaTokenOverlay: Card 1turret has Zarya token: undefined
 HealthCounter for 1turret: Object
 HealthCounter: Showing normal HP 3 for 1turret
 ZaryaTokenOverlay: Card 1turret has Zarya token: undefined
 HealthCounter for 1turret: Object
 HealthCounter: Showing normal HP 3 for 1turret
 ZaryaTokenOverlay: Card 1turret has Zarya token: undefined
 HealthCounter for 1echo: Object
 HealthCounter: Showing normal HP 4 for 1echo
 ZaryaTokenOverlay: Card 1echo has Zarya token: undefined
 HealthCounter for 1winston: Object
 HealthCounter: Showing normal HP 4 for 1winston
 ZaryaTokenOverlay: Card 1winston has Zarya token: undefined
 HealthCounter for 1lifeweaver: Object
 HealthCounter: Showing normal HP 3 for 1lifeweaver
 ZaryaTokenOverlay: Card 1lifeweaver has Zarya token: undefined
 HealthCounter for 1mei: Object
 HealthCounter: Showing normal HP 4 for 1mei
 ZaryaTokenOverlay: Card 1mei has Zarya token: undefined
 HealthCounter for 1turret: Object
 HealthCounter: Showing normal HP 3 for 1turret
 ZaryaTokenOverlay: Card 1turret has Zarya token: undefined
 HealthCounter for 1turret: Object
 HealthCounter: Showing normal HP 3 for 1turret
 ZaryaTokenOverlay: Card 1turret has Zarya token: undefined
 HealthCounter for 1turret: Object
 HealthCounter: Showing normal HP 3 for 1turret
 ZaryaTokenOverlay: Card 1turret has Zarya token: undefined
 HealthCounter for 1turret: Object
 HealthCounter: Showing normal HP 3 for 1turret
 ZaryaTokenOverlay: Card 1turret has Zarya token: undefined
 HealthCounter for 1turret: Object
 HealthCounter: Showing normal HP 3 for 1turret
 ZaryaTokenOverlay: Card 1turret has Zarya token: undefined
 HealthCounter for 1turret: Object
 HealthCounter: Showing normal HP 3 for 1turret
 ZaryaTokenOverlay: Card 1turret has Zarya token: undefined
 HealthCounter for 1torbjorn: Object
 HealthCounter: Showing normal HP 3 for 1torbjorn
 ZaryaTokenOverlay: Card 1torbjorn has Zarya token: undefined
 HealthCounter for 1turret: Object
 HealthCounter: Showing normal HP 3 for 1turret
 ZaryaTokenOverlay: Card 1turret has Zarya token: undefined
 HealthCounter for 1turret: Object
 HealthCounter: Showing normal HP 3 for 1turret
 ZaryaTokenOverlay: Card 1turret has Zarya token: undefined
 HealthCounter for 1turret: Object
 HealthCounter: Showing normal HP 3 for 1turret
 ZaryaTokenOverlay: Card 1turret has Zarya token: undefined
 HealthCounter for 1turret: Object
 HealthCounter: Showing normal HP 3 for 1turret
 ZaryaTokenOverlay: Card 1turret has Zarya token: undefined
 HealthCounter for 1turret: Object
 HealthCounter: Showing normal HP 3 for 1turret
 ZaryaTokenOverlay: Card 1turret has Zarya token: undefined
 HealthCounter for 1turret: Object
 HealthCounter: Showing normal HP 3 for 1turret
 ZaryaTokenOverlay: Card 1turret has Zarya token: undefined
 HealthCounter for 1turret: Object
 HealthCounter: Showing normal HP 3 for 1turret
 ZaryaTokenOverlay: Card 1turret has Zarya token: undefined
 HealthCounter for 1turret: Object
 HealthCounter: Showing normal HP 3 for 1turret
 ZaryaTokenOverlay: Card 1turret has Zarya token: undefined
 HealthCounter for 1turret: Object
 HealthCounter: Showing normal HP 3 for 1turret
 ZaryaTokenOverlay: Card 1turret has Zarya token: undefined
 HealthCounter for 1turret: Object
 HealthCounter: Showing normal HP 3 for 1turret
 ZaryaTokenOverlay: Card 1turret has Zarya token: undefined
 HealthCounter for 1turret: Object
 HealthCounter: Showing normal HP 3 for 1turret
 ZaryaTokenOverlay: Card 1turret has Zarya token: undefined
 HealthCounter for 1turret: Object
 HealthCounter: Showing normal HP 3 for 1turret
 ZaryaTokenOverlay: Card 1turret has Zarya token: undefined
 HealthCounter for 1turret: Object
 HealthCounter: Showing normal HP 3 for 1turret
 ZaryaTokenOverlay: Card 1turret has Zarya token: undefined
 HealthCounter for 1turret: Object
 HealthCounter: Showing normal HP 3 for 1turret
 ZaryaTokenOverlay: Card 1turret has Zarya token: undefined
 HealthCounter for 1turret: Object
 HealthCounter: Showing normal HP 3 for 1turret
 ZaryaTokenOverlay: Card 1turret has Zarya token: undefined
 HealthCounter for 1turret: Object
 HealthCounter: Showing normal HP 3 for 1turret
 ZaryaTokenOverlay: Card 1turret has Zarya token: undefined
 HealthCounter for 1turret: Object
 HealthCounter: Showing normal HP 3 for 1turret
 ZaryaTokenOverlay: Card 1turret has Zarya token: undefined
 HealthCounter for 1turret: Object
 HealthCounter: Showing normal HP 3 for 1turret
 ZaryaTokenOverlay: Card 1turret has Zarya token: undefined
 HealthCounter for 1turret: Object
 HealthCounter: Showing normal HP 3 for 1turret
 ZaryaTokenOverlay: Card 1turret has Zarya token: undefined
 HealthCounter for 1turret: Object
 HealthCounter: Showing normal HP 3 for 1turret
 ZaryaTokenOverlay: Card 1turret has Zarya token: undefined
 HealthCounter for 1turret: Object
 HealthCounter: Showing normal HP 3 for 1turret
 ZaryaTokenOverlay: Card 1turret has Zarya token: undefined
 HealthCounter for 1turret: Object
 HealthCounter: Showing normal HP 3 for 1turret
 ZaryaTokenOverlay: Card 1turret has Zarya token: undefined
 HealthCounter for 1turret: Object
 HealthCounter: Showing normal HP 3 for 1turret
 ZaryaTokenOverlay: Card 1turret has Zarya token: undefined
 HealthCounter for 1turret: Object
 HealthCounter: Showing normal HP 3 for 1turret
 ZaryaTokenOverlay: Card 1turret has Zarya token: undefined
 HealthCounter for 1turret: Object
 HealthCounter: Showing normal HP 3 for 1turret
 ZaryaTokenOverlay: Card 1turret has Zarya token: undefined
 HealthCounter for 1turret: Object
 HealthCounter: Showing normal HP 3 for 1turret
 ZaryaTokenOverlay: Card 1turret has Zarya token: undefined
 HealthCounter for 1turret: Object
 HealthCounter: Showing normal HP 3 for 1turret
 ZaryaTokenOverlay: Card 1turret has Zarya token: undefined
 HealthCounter for 1turret: Object
 HealthCounter: Showing normal HP 3 for 1turret
 ZaryaTokenOverlay: Card 1turret has Zarya token: undefined
 HealthCounter for 1turret: Object
 HealthCounter: Showing normal HP 3 for 1turret
 ZaryaTokenOverlay: Card 1turret has Zarya token: undefined
 Attempting to play placement sound...
 Placement audio source: /owcardgame/static/media/placement.445605f26d71501234a7.mp3
 Created placement audio object: 
 Playing turret enter sound...
 checkOnEnterAbilities called for turret: Object
 Turret: Deployed at 1m for player 1
 HealthCounter for 1echo: Object
 HealthCounter: Showing normal HP 4 for 1echo
 ZaryaTokenOverlay: Card 1echo has Zarya token: undefined
 HealthCounter for 1winston: Object
 HealthCounter: Showing normal HP 4 for 1winston
 ZaryaTokenOverlay: Card 1winston has Zarya token: undefined
 HealthCounter for 1lifeweaver: Object
 HealthCounter: Showing normal HP 3 for 1lifeweaver
 ZaryaTokenOverlay: Card 1lifeweaver has Zarya token: undefined
 HealthCounter for 1mei: Object
 HealthCounter: Showing normal HP 4 for 1mei
 ZaryaTokenOverlay: Card 1mei has Zarya token: undefined
 ZaryaTokenOverlay: Card 1turret has Zarya token: undefined
 HealthCounter for 1torbjorn: Object
 HealthCounter: Showing normal HP 3 for 1torbjorn
 ZaryaTokenOverlay: Card 1torbjorn has Zarya token: undefined
 TurnEffectsRunner: useEffect triggered Object
 TurnEffectsRunner: Turn change check Object
 HealthCounter for 1echo: Object
 HealthCounter: Showing normal HP 4 for 1echo
 ZaryaTokenOverlay: Card 1echo has Zarya token: undefined
 HealthCounter for 1winston: Object
 HealthCounter: Showing normal HP 4 for 1winston
 ZaryaTokenOverlay: Card 1winston has Zarya token: undefined
 HealthCounter for 1lifeweaver: Object
 HealthCounter: Showing normal HP 3 for 1lifeweaver
 ZaryaTokenOverlay: Card 1lifeweaver has Zarya token: undefined
 HealthCounter for 1mei: Object
 HealthCounter: Showing normal HP 4 for 1mei
 ZaryaTokenOverlay: Card 1mei has Zarya token: undefined
 HealthCounter for 1turret: Object
 HealthCounter: Showing normal HP 3 for 1turret
 ZaryaTokenOverlay: Card 1turret has Zarya token: undefined
 HealthCounter for 1torbjorn: Object
 HealthCounter: Showing normal HP 3 for 1torbjorn
 ZaryaTokenOverlay: Card 1torbjorn has Zarya token: undefined
 Placement sound played successfully
 turret enter sound played successfully
 HealthCounter for 1echo: Object
 HealthCounter: Showing normal HP 4 for 1echo
 ZaryaTokenOverlay: Card 1echo has Zarya token: undefined
 HealthCounter for 1winston: Object
 HealthCounter: Showing normal HP 4 for 1winston
 ZaryaTokenOverlay: Card 1winston has Zarya token: undefined
 HealthCounter for 1lifeweaver: Object
 HealthCounter: Showing normal HP 3 for 1lifeweaver
 ZaryaTokenOverlay: Card 1lifeweaver has Zarya token: undefined
 HealthCounter for 1mei: Object
 HealthCounter: Showing normal HP 4 for 1mei
 ZaryaTokenOverlay: Card 1mei has Zarya token: undefined
 HealthCounter for 1turret: Object
 HealthCounter: Showing normal HP 3 for 1turret
 ZaryaTokenOverlay: Card 1turret has Zarya token: undefined
 HealthCounter for 1torbjorn: Object
 HealthCounter: Showing normal HP 3 for 1torbjorn
 ZaryaTokenOverlay: Card 1torbjorn has Zarya token: undefined
 HealthCounter for 1turret: Object
 HealthCounter: Showing normal HP 3 for 1turret
 ZaryaTokenOverlay: Card 1turret has Zarya token: undefined
 HealthCounter for 1torbjorn: Object
 HealthCounter: Showing normal HP 3 for 1torbjorn
 ZaryaTokenOverlay: Card 1torbjorn has Zarya token: undefined
 HealthCounter for 2ashe: Object
 HealthCounter: Showing normal HP 3 for 2ashe
 ZaryaTokenOverlay: Card 2ashe has Zarya token: undefined
 HealthCounter for 2winston: Object
 HealthCounter: Showing normal HP 4 for 2winston
 ZaryaTokenOverlay: Card 2winston has Zarya token: undefined
 HealthCounter for 2zenyatta: Object
 HealthCounter: Showing normal HP 2 for 2zenyatta
 ZaryaTokenOverlay: Card 2zenyatta has Zarya token: undefined
 HealthCounter for 2bastion: Object
 HealthCounter: Showing normal HP 4 for 2bastion
 ZaryaTokenOverlay: Card 2bastion has Zarya token: undefined
 Player 2 drew reaper
 Playing reaper intro sound...
 TurnEffectsRunner: useEffect triggered Object
 TurnEffectsRunner: Turn change check Object
 TurnEffectsRunner: Turn changed, processing effects
 Lifeweaver: Starting temporary HP cleanup for player 2
 Lifeweaver: No temporary HP effects found to clean up for player 2
 Lifeweaver: Temporary HP cleanup completed
 TurnEffectsRunner: Checking row 2b with 0 ally effects and 0 enemy effects
 TurnEffectsRunner: Checking row 2m with 0 ally effects and 0 enemy effects
 TurnEffectsRunner: Checking row 2f with 0 ally effects and 0 enemy effects
 HealthCounter for 1turret: Object
 HealthCounter: Showing normal HP 3 for 1turret
 ZaryaTokenOverlay: Card 1turret has Zarya token: undefined
 HealthCounter for 1torbjorn: Object
 HealthCounter: Showing normal HP 3 for 1torbjorn
 ZaryaTokenOverlay: Card 1torbjorn has Zarya token: undefined
 HealthCounter for 2ashe: Object
 HealthCounter: Showing normal HP 3 for 2ashe
 ZaryaTokenOverlay: Card 2ashe has Zarya token: undefined
 HealthCounter for 2winston: Object
 HealthCounter: Showing normal HP 4 for 2winston
 ZaryaTokenOverlay: Card 2winston has Zarya token: undefined
 HealthCounter for 2zenyatta: Object
 HealthCounter: Showing normal HP 2 for 2zenyatta
 ZaryaTokenOverlay: Card 2zenyatta has Zarya token: undefined
 HealthCounter for 2bastion: Object
 HealthCounter: Showing normal HP 4 for 2bastion
 ZaryaTokenOverlay: Card 2bastion has Zarya token: undefined
 ZaryaTokenOverlay: Card 2reaper has Zarya token: undefined
 TurnEffectsRunner: useEffect triggered Object
 TurnEffectsRunner: Turn change check Object
 HealthCounter for 1turret: Object
 HealthCounter: Showing normal HP 3 for 1turret
 ZaryaTokenOverlay: Card 1turret has Zarya token: undefined
 HealthCounter for 1torbjorn: Object
 HealthCounter: Showing normal HP 3 for 1torbjorn
 ZaryaTokenOverlay: Card 1torbjorn has Zarya token: undefined
 HealthCounter for 2ashe: Object
 HealthCounter: Showing normal HP 3 for 2ashe
 ZaryaTokenOverlay: Card 2ashe has Zarya token: undefined
 HealthCounter for 2winston: Object
 HealthCounter: Showing normal HP 4 for 2winston
 ZaryaTokenOverlay: Card 2winston has Zarya token: undefined
 HealthCounter for 2zenyatta: Object
 HealthCounter: Showing normal HP 2 for 2zenyatta
 ZaryaTokenOverlay: Card 2zenyatta has Zarya token: undefined
 HealthCounter for 2bastion: Object
 HealthCounter: Showing normal HP 4 for 2bastion
 ZaryaTokenOverlay: Card 2bastion has Zarya token: undefined
 ZaryaTokenOverlay: Card 2reaper has Zarya token: undefined
 HealthCounter for 2reaper: Object
 HealthCounter: Showing normal HP 4 for 2reaper
 ZaryaTokenOverlay: Card 2reaper has Zarya token: undefined
 reaper intro sound played successfully
 HealthCounter for 1turret: Object
 HealthCounter: Showing normal HP 3 for 1turret
 ZaryaTokenOverlay: Card 1turret has Zarya token: undefined
 HealthCounter for 1torbjorn: Object
 HealthCounter: Showing normal HP 3 for 1torbjorn
 ZaryaTokenOverlay: Card 1torbjorn has Zarya token: undefined
 HealthCounter for 2ashe: Object
 HealthCounter: Showing normal HP 3 for 2ashe
 ZaryaTokenOverlay: Card 2ashe has Zarya token: undefined
 HealthCounter for 2winston: Object
 HealthCounter: Showing normal HP 4 for 2winston
 ZaryaTokenOverlay: Card 2winston has Zarya token: undefined
 HealthCounter for 2zenyatta: Object
 HealthCounter: Showing normal HP 2 for 2zenyatta
 ZaryaTokenOverlay: Card 2zenyatta has Zarya token: undefined
 HealthCounter for 2bastion: Object
 HealthCounter: Showing normal HP 4 for 2bastion
 ZaryaTokenOverlay: Card 2bastion has Zarya token: undefined
 HealthCounter for 2reaper: Object
 HealthCounter: Showing normal HP 4 for 2reaper
 ZaryaTokenOverlay: Card 2reaper has Zarya token: undefined
 Object
 HealthCounter for 2ashe: Object
 HealthCounter: Showing normal HP 3 for 2ashe
 ZaryaTokenOverlay: Card 2ashe has Zarya token: undefined
 HealthCounter for 2ashe: Object
 HealthCounter: Showing normal HP 3 for 2ashe
 ZaryaTokenOverlay: Card 2ashe has Zarya token: undefined
 HealthCounter for 2ashe: Object
 HealthCounter: Showing normal HP 3 for 2ashe
 ZaryaTokenOverlay: Card 2ashe has Zarya token: undefined
 HealthCounter for 2ashe: Object
 HealthCounter: Showing normal HP 3 for 2ashe
 ZaryaTokenOverlay: Card 2ashe has Zarya token: undefined
 HealthCounter for 2ashe: Object
 HealthCounter: Showing normal HP 3 for 2ashe
 ZaryaTokenOverlay: Card 2ashe has Zarya token: undefined
 HealthCounter for 2ashe: Object
 HealthCounter: Showing normal HP 3 for 2ashe
 ZaryaTokenOverlay: Card 2ashe has Zarya token: undefined
 HealthCounter for 2ashe: Object
 HealthCounter: Showing normal HP 3 for 2ashe
 ZaryaTokenOverlay: Card 2ashe has Zarya token: undefined
 HealthCounter for 2ashe: Object
 HealthCounter: Showing normal HP 3 for 2ashe
 ZaryaTokenOverlay: Card 2ashe has Zarya token: undefined
 HealthCounter for 2ashe: Object
 HealthCounter: Showing normal HP 3 for 2ashe
 ZaryaTokenOverlay: Card 2ashe has Zarya token: undefined
 HealthCounter for 2ashe: Object
 HealthCounter: Showing normal HP 3 for 2ashe
 ZaryaTokenOverlay: Card 2ashe has Zarya token: undefined
 HealthCounter for 2ashe: Object
 HealthCounter: Showing normal HP 3 for 2ashe
 ZaryaTokenOverlay: Card 2ashe has Zarya token: undefined
 HealthCounter for 2ashe: Object
 HealthCounter: Showing normal HP 3 for 2ashe
 ZaryaTokenOverlay: Card 2ashe has Zarya token: undefined
 HealthCounter for 2ashe: Object
 HealthCounter: Showing normal HP 3 for 2ashe
 ZaryaTokenOverlay: Card 2ashe has Zarya token: undefined
 HealthCounter for 2ashe: Object
 HealthCounter: Showing normal HP 3 for 2ashe
 ZaryaTokenOverlay: Card 2ashe has Zarya token: undefined
 HealthCounter for 2ashe: Object
 HealthCounter: Showing normal HP 3 for 2ashe
 ZaryaTokenOverlay: Card 2ashe has Zarya token: undefined
 HealthCounter for 2ashe: Object
 HealthCounter: Showing normal HP 3 for 2ashe
 ZaryaTokenOverlay: Card 2ashe has Zarya token: undefined
 HealthCounter for 2ashe: Object
 HealthCounter: Showing normal HP 3 for 2ashe
 ZaryaTokenOverlay: Card 2ashe has Zarya token: undefined
 HealthCounter for 2ashe: Object
 HealthCounter: Showing normal HP 3 for 2ashe
 ZaryaTokenOverlay: Card 2ashe has Zarya token: undefined
 HealthCounter for 2winston: Object
 HealthCounter: Showing normal HP 4 for 2winston
 ZaryaTokenOverlay: Card 2winston has Zarya token: undefined
 HealthCounter for 2zenyatta: Object
 HealthCounter: Showing normal HP 2 for 2zenyatta
 ZaryaTokenOverlay: Card 2zenyatta has Zarya token: undefined
 HealthCounter for 2bastion: Object
 HealthCounter: Showing normal HP 4 for 2bastion
 ZaryaTokenOverlay: Card 2bastion has Zarya token: undefined
 HealthCounter for 2reaper: Object
 HealthCounter: Showing normal HP 4 for 2reaper
 ZaryaTokenOverlay: Card 2reaper has Zarya token: undefined
 HealthCounter for 2ashe: Object
 HealthCounter: Showing normal HP 3 for 2ashe
 ZaryaTokenOverlay: Card 2ashe has Zarya token: undefined
 HealthCounter for 2ashe: Object
 HealthCounter: Showing normal HP 3 for 2ashe
 ZaryaTokenOverlay: Card 2ashe has Zarya token: undefined
 HealthCounter for 2ashe: Object
 HealthCounter: Showing normal HP 3 for 2ashe
 ZaryaTokenOverlay: Card 2ashe has Zarya token: undefined
 HealthCounter for 2ashe: Object
 HealthCounter: Showing normal HP 3 for 2ashe
 ZaryaTokenOverlay: Card 2ashe has Zarya token: undefined
 HealthCounter for 2ashe: Object
 HealthCounter: Showing normal HP 3 for 2ashe
 ZaryaTokenOverlay: Card 2ashe has Zarya token: undefined
 HealthCounter for 2ashe: Object
 HealthCounter: Showing normal HP 3 for 2ashe
 ZaryaTokenOverlay: Card 2ashe has Zarya token: undefined
 HealthCounter for 2ashe: Object
 HealthCounter: Showing normal HP 3 for 2ashe
 ZaryaTokenOverlay: Card 2ashe has Zarya token: undefined
 HealthCounter for 2ashe: Object
 HealthCounter: Showing normal HP 3 for 2ashe
 ZaryaTokenOverlay: Card 2ashe has Zarya token: undefined
 HealthCounter for 2ashe: Object
 HealthCounter: Showing normal HP 3 for 2ashe
 ZaryaTokenOverlay: Card 2ashe has Zarya token: undefined
 HealthCounter for 2ashe: Object
 HealthCounter: Showing normal HP 3 for 2ashe
 ZaryaTokenOverlay: Card 2ashe has Zarya token: undefined
 HealthCounter for 2ashe: Object
 HealthCounter: Showing normal HP 3 for 2ashe
 ZaryaTokenOverlay: Card 2ashe has Zarya token: undefined
 HealthCounter for 2ashe: Object
 HealthCounter: Showing normal HP 3 for 2ashe
 ZaryaTokenOverlay: Card 2ashe has Zarya token: undefined
 HealthCounter for 2ashe: Object
 HealthCounter: Showing normal HP 3 for 2ashe
 ZaryaTokenOverlay: Card 2ashe has Zarya token: undefined
 HealthCounter for 2ashe: Object
 HealthCounter: Showing normal HP 3 for 2ashe
 ZaryaTokenOverlay: Card 2ashe has Zarya token: undefined
 HealthCounter for 2ashe: Object
 HealthCounter: Showing normal HP 3 for 2ashe
 ZaryaTokenOverlay: Card 2ashe has Zarya token: undefined
 HealthCounter for 2ashe: Object
 HealthCounter: Showing normal HP 3 for 2ashe
 ZaryaTokenOverlay: Card 2ashe has Zarya token: undefined
 HealthCounter for 2ashe: Object
 HealthCounter: Showing normal HP 3 for 2ashe
 ZaryaTokenOverlay: Card 2ashe has Zarya token: undefined
 HealthCounter for 2ashe: Object
 HealthCounter: Showing normal HP 3 for 2ashe
 ZaryaTokenOverlay: Card 2ashe has Zarya token: undefined
 HealthCounter for 2ashe: Object
 HealthCounter: Showing normal HP 3 for 2ashe
 ZaryaTokenOverlay: Card 2ashe has Zarya token: undefined
 HealthCounter for 2ashe: Object
 HealthCounter: Showing normal HP 3 for 2ashe
 ZaryaTokenOverlay: Card 2ashe has Zarya token: undefined
 Attempting to play placement sound...
 Placement audio source: /owcardgame/static/media/placement.445605f26d71501234a7.mp3
 Created placement audio object: 
 Playing ashe enter sound...
 checkOnEnterAbilities called for ashe: Object
 HealthCounter for 1turret: Object
 HealthCounter: Showing normal HP 3 for 1turret
 ZaryaTokenOverlay: Card 1turret has Zarya token: undefined
 HealthCounter for 1torbjorn: Object
 HealthCounter: Showing normal HP 3 for 1torbjorn
 ZaryaTokenOverlay: Card 1torbjorn has Zarya token: undefined
 ZaryaTokenOverlay: Card 2ashe has Zarya token: undefined
 HealthCounter for 2winston: Object
 HealthCounter: Showing normal HP 4 for 2winston
 ZaryaTokenOverlay: Card 2winston has Zarya token: undefined
 HealthCounter for 2zenyatta: Object
 HealthCounter: Showing normal HP 2 for 2zenyatta
 ZaryaTokenOverlay: Card 2zenyatta has Zarya token: undefined
 HealthCounter for 2bastion: Object
 HealthCounter: Showing normal HP 4 for 2bastion
 ZaryaTokenOverlay: Card 2bastion has Zarya token: undefined
 HealthCounter for 2reaper: Object
 HealthCounter: Showing normal HP 4 for 2reaper
 ZaryaTokenOverlay: Card 2reaper has Zarya token: undefined
 TurnEffectsRunner: useEffect triggered Object
 TurnEffectsRunner: Turn change check Object
 HealthCounter for 1turret: Object
 HealthCounter: Showing normal HP 3 for 1turret
 ZaryaTokenOverlay: Card 1turret has Zarya token: undefined
 HealthCounter for 1torbjorn: Object
 HealthCounter: Showing normal HP 3 for 1torbjorn
 ZaryaTokenOverlay: Card 1torbjorn has Zarya token: undefined
 HealthCounter for 2ashe: Object
 HealthCounter: Showing normal HP 3 for 2ashe
 ZaryaTokenOverlay: Card 2ashe has Zarya token: undefined
 HealthCounter for 2winston: Object
 HealthCounter: Showing normal HP 4 for 2winston
 ZaryaTokenOverlay: Card 2winston has Zarya token: undefined
 HealthCounter for 2zenyatta: Object
 HealthCounter: Showing normal HP 2 for 2zenyatta
 ZaryaTokenOverlay: Card 2zenyatta has Zarya token: undefined
 HealthCounter for 2bastion: Object
 HealthCounter: Showing normal HP 4 for 2bastion
 ZaryaTokenOverlay: Card 2bastion has Zarya token: undefined
 HealthCounter for 2reaper: Object
 HealthCounter: Showing normal HP 4 for 2reaper
 ZaryaTokenOverlay: Card 2reaper has Zarya token: undefined
 TurnEffectsRunner: useEffect triggered Object
 TurnEffectsRunner: Turn change check Object
 HealthCounter for 1turret: Object
 HealthCounter: Showing normal HP 3 for 1turret
 ZaryaTokenOverlay: Card 1turret has Zarya token: undefined
 HealthCounter for 1torbjorn: Object
 HealthCounter: Showing normal HP 3 for 1torbjorn
 ZaryaTokenOverlay: Card 1torbjorn has Zarya token: undefined
 HealthCounter for 2ashe: Object
 HealthCounter: Showing normal HP 3 for 2ashe
 ZaryaTokenOverlay: Card 2ashe has Zarya token: undefined
 HealthCounter for 2winston: Object
 HealthCounter: Showing normal HP 4 for 2winston
 ZaryaTokenOverlay: Card 2winston has Zarya token: undefined
 HealthCounter for 2zenyatta: Object
 HealthCounter: Showing normal HP 2 for 2zenyatta
 ZaryaTokenOverlay: Card 2zenyatta has Zarya token: undefined
 HealthCounter for 2bastion: Object
 HealthCounter: Showing normal HP 4 for 2bastion
 ZaryaTokenOverlay: Card 2bastion has Zarya token: undefined
 HealthCounter for 2reaper: Object
 HealthCounter: Showing normal HP 4 for 2reaper
 ZaryaTokenOverlay: Card 2reaper has Zarya token: undefined
 Placement sound played successfully
 ashe enter sound played successfully
 HealthCounter for 1turret: Object
 HealthCounter: Showing normal HP 3 for 1turret
 ZaryaTokenOverlay: Card 1turret has Zarya token: undefined
 HealthCounter for 1torbjorn: Object
 HealthCounter: Showing normal HP 3 for 1torbjorn
 ZaryaTokenOverlay: Card 1torbjorn has Zarya token: undefined
 HealthCounter for 2ashe: Object
 HealthCounter: Showing normal HP 3 for 2ashe
 ZaryaTokenOverlay: Card 2ashe has Zarya token: undefined
 HealthCounter for 2winston: Object
 HealthCounter: Showing normal HP 4 for 2winston
 ZaryaTokenOverlay: Card 2winston has Zarya token: undefined
 HealthCounter for 2zenyatta: Object
 HealthCounter: Showing normal HP 2 for 2zenyatta
 ZaryaTokenOverlay: Card 2zenyatta has Zarya token: undefined
 HealthCounter for 2bastion: Object
 HealthCounter: Showing normal HP 4 for 2bastion
 ZaryaTokenOverlay: Card 2bastion has Zarya token: undefined
 HealthCounter for 2reaper: Object
 HealthCounter: Showing normal HP 4 for 2reaper
 ZaryaTokenOverlay: Card 2reaper has Zarya token: undefined
 Ashe Ability 1 - Target clicked: Object
 Ashe Ability 1 - Applying damage: Object
 DamageBus - Checking invulnerability for 1turret at index 0 in row 1m Object
 DamageBus - Target 1turret is NOT invulnerable, proceeding with damage
 DamageBus - Publishing damage event: Object
 Playing Ashe ability 1 sound...
 HealthCounter for 1turret: Object
 HealthCounter: Showing normal HP 1 for 1turret
 ZaryaTokenOverlay: Card 1turret has Zarya token: undefined
 HealthCounter for 1torbjorn: Object
 HealthCounter: Showing normal HP 3 for 1torbjorn
 ZaryaTokenOverlay: Card 1torbjorn has Zarya token: undefined
 HealthCounter for 2ashe: Object
 HealthCounter: Showing normal HP 3 for 2ashe
 ZaryaTokenOverlay: Card 2ashe has Zarya token: undefined
 HealthCounter for 2winston: Object
 HealthCounter: Showing normal HP 4 for 2winston
 ZaryaTokenOverlay: Card 2winston has Zarya token: undefined
 HealthCounter for 2zenyatta: Object
 HealthCounter: Showing normal HP 2 for 2zenyatta
 ZaryaTokenOverlay: Card 2zenyatta has Zarya token: undefined
 HealthCounter for 2bastion: Object
 HealthCounter: Showing normal HP 4 for 2bastion
 ZaryaTokenOverlay: Card 2bastion has Zarya token: undefined
 HealthCounter for 2reaper: Object
 HealthCounter: Showing normal HP 4 for 2reaper
 ZaryaTokenOverlay: Card 2reaper has Zarya token: undefined
 TurnEffectsRunner: useEffect triggered Object
 TurnEffectsRunner: Turn change check Object
 Ashe ability 1 sound played successfully
 HealthCounter for 1turret: Object
 HealthCounter: Showing normal HP 1 for 1turret
 ZaryaTokenOverlay: Card 1turret has Zarya token: undefined
 HealthCounter for 1torbjorn: Object
 HealthCounter: Showing normal HP 3 for 1torbjorn
 ZaryaTokenOverlay: Card 1torbjorn has Zarya token: undefined
 HealthCounter for 2ashe: Object
 HealthCounter: Showing normal HP 3 for 2ashe
 ZaryaTokenOverlay: Card 2ashe has Zarya token: undefined
 HealthCounter for 2winston: Object
 HealthCounter: Showing normal HP 4 for 2winston
 ZaryaTokenOverlay: Card 2winston has Zarya token: undefined
 HealthCounter for 2zenyatta: Object
 HealthCounter: Showing normal HP 2 for 2zenyatta
 ZaryaTokenOverlay: Card 2zenyatta has Zarya token: undefined
 HealthCounter for 2bastion: Object
 HealthCounter: Showing normal HP 4 for 2bastion
 ZaryaTokenOverlay: Card 2bastion has Zarya token: undefined
 HealthCounter for 2reaper: Object
 HealthCounter: Showing normal HP 4 for 2reaper
 ZaryaTokenOverlay: Card 2reaper has Zarya token: undefined
 Object
 HealthCounter for 2zenyatta: Object
 HealthCounter: Showing normal HP 2 for 2zenyatta
 ZaryaTokenOverlay: Card 2zenyatta has Zarya token: undefined
 HealthCounter for 2zenyatta: Object
 HealthCounter: Showing normal HP 2 for 2zenyatta
 ZaryaTokenOverlay: Card 2zenyatta has Zarya token: undefined
 HealthCounter for 2zenyatta: Object
 HealthCounter: Showing normal HP 2 for 2zenyatta
 ZaryaTokenOverlay: Card 2zenyatta has Zarya token: undefined
 HealthCounter for 2zenyatta: Object
 HealthCounter: Showing normal HP 2 for 2zenyatta
 ZaryaTokenOverlay: Card 2zenyatta has Zarya token: undefined
 HealthCounter for 2zenyatta: Object
 HealthCounter: Showing normal HP 2 for 2zenyatta
 ZaryaTokenOverlay: Card 2zenyatta has Zarya token: undefined
 HealthCounter for 2zenyatta: Object
 HealthCounter: Showing normal HP 2 for 2zenyatta
 ZaryaTokenOverlay: Card 2zenyatta has Zarya token: undefined
 HealthCounter for 2winston: Object
 HealthCounter: Showing normal HP 4 for 2winston
 ZaryaTokenOverlay: Card 2winston has Zarya token: undefined
 HealthCounter for 2zenyatta: Object
 HealthCounter: Showing normal HP 2 for 2zenyatta
 ZaryaTokenOverlay: Card 2zenyatta has Zarya token: undefined
 HealthCounter for 2bastion: Object
 HealthCounter: Showing normal HP 4 for 2bastion
 ZaryaTokenOverlay: Card 2bastion has Zarya token: undefined
 HealthCounter for 2reaper: Object
 HealthCounter: Showing normal HP 4 for 2reaper
 ZaryaTokenOverlay: Card 2reaper has Zarya token: undefined
 HealthCounter for 2zenyatta: Object
 HealthCounter: Showing normal HP 2 for 2zenyatta
 ZaryaTokenOverlay: Card 2zenyatta has Zarya token: undefined
 HealthCounter for 2zenyatta: Object
 HealthCounter: Showing normal HP 2 for 2zenyatta
 ZaryaTokenOverlay: Card 2zenyatta has Zarya token: undefined
 HealthCounter for 2zenyatta: Object
 HealthCounter: Showing normal HP 2 for 2zenyatta
 ZaryaTokenOverlay: Card 2zenyatta has Zarya token: undefined
 HealthCounter for 2zenyatta: Object
 HealthCounter: Showing normal HP 2 for 2zenyatta
 ZaryaTokenOverlay: Card 2zenyatta has Zarya token: undefined
 HealthCounter for 2zenyatta: Object
 HealthCounter: Showing normal HP 2 for 2zenyatta
 ZaryaTokenOverlay: Card 2zenyatta has Zarya token: undefined
 HealthCounter for 2zenyatta: Object
 HealthCounter: Showing normal HP 2 for 2zenyatta
 ZaryaTokenOverlay: Card 2zenyatta has Zarya token: undefined
 HealthCounter for 2zenyatta: Object
 HealthCounter: Showing normal HP 2 for 2zenyatta
 ZaryaTokenOverlay: Card 2zenyatta has Zarya token: undefined
 HealthCounter for 2zenyatta: Object
 HealthCounter: Showing normal HP 2 for 2zenyatta
 ZaryaTokenOverlay: Card 2zenyatta has Zarya token: undefined
 HealthCounter for 2zenyatta: Object
 HealthCounter: Showing normal HP 2 for 2zenyatta
 ZaryaTokenOverlay: Card 2zenyatta has Zarya token: undefined
 HealthCounter for 2zenyatta: Object
 HealthCounter: Showing normal HP 2 for 2zenyatta
 ZaryaTokenOverlay: Card 2zenyatta has Zarya token: undefined
 HealthCounter for 2zenyatta: Object
 HealthCounter: Showing normal HP 2 for 2zenyatta
 ZaryaTokenOverlay: Card 2zenyatta has Zarya token: undefined
 HealthCounter for 2zenyatta: Object
 HealthCounter: Showing normal HP 2 for 2zenyatta
 ZaryaTokenOverlay: Card 2zenyatta has Zarya token: undefined
 HealthCounter for 2zenyatta: Object
 HealthCounter: Showing normal HP 2 for 2zenyatta
 ZaryaTokenOverlay: Card 2zenyatta has Zarya token: undefined
 HealthCounter for 2zenyatta: Object
 HealthCounter: Showing normal HP 2 for 2zenyatta
 ZaryaTokenOverlay: Card 2zenyatta has Zarya token: undefined
 HealthCounter for 2zenyatta: Object
 HealthCounter: Showing normal HP 2 for 2zenyatta
 ZaryaTokenOverlay: Card 2zenyatta has Zarya token: undefined
 HealthCounter for 2zenyatta: Object
 HealthCounter: Showing normal HP 2 for 2zenyatta
 ZaryaTokenOverlay: Card 2zenyatta has Zarya token: undefined
 HealthCounter for 2zenyatta: Object
 HealthCounter: Showing normal HP 2 for 2zenyatta
 ZaryaTokenOverlay: Card 2zenyatta has Zarya token: undefined
 HealthCounter for 2winston: Object
 HealthCounter: Showing normal HP 4 for 2winston
 ZaryaTokenOverlay: Card 2winston has Zarya token: undefined
 HealthCounter for 2zenyatta: Object
 HealthCounter: Showing normal HP 2 for 2zenyatta
 ZaryaTokenOverlay: Card 2zenyatta has Zarya token: undefined
 HealthCounter for 2bastion: Object
 HealthCounter: Showing normal HP 4 for 2bastion
 ZaryaTokenOverlay: Card 2bastion has Zarya token: undefined
 HealthCounter for 2reaper: Object
 HealthCounter: Showing normal HP 4 for 2reaper
 ZaryaTokenOverlay: Card 2reaper has Zarya token: undefined
 HealthCounter for 2zenyatta: Object
 HealthCounter: Showing normal HP 2 for 2zenyatta
 ZaryaTokenOverlay: Card 2zenyatta has Zarya token: undefined
 HealthCounter for 2zenyatta: Object
 HealthCounter: Showing normal HP 2 for 2zenyatta
 ZaryaTokenOverlay: Card 2zenyatta has Zarya token: undefined
 HealthCounter for 2zenyatta: Object
 HealthCounter: Showing normal HP 2 for 2zenyatta
 ZaryaTokenOverlay: Card 2zenyatta has Zarya token: undefined
 HealthCounter for 2zenyatta: Object
 HealthCounter: Showing normal HP 2 for 2zenyatta
 ZaryaTokenOverlay: Card 2zenyatta has Zarya token: undefined
 HealthCounter for 2zenyatta: Object
 HealthCounter: Showing normal HP 2 for 2zenyatta
 ZaryaTokenOverlay: Card 2zenyatta has Zarya token: undefined
 HealthCounter for 2zenyatta: Object
 HealthCounter: Showing normal HP 2 for 2zenyatta
 ZaryaTokenOverlay: Card 2zenyatta has Zarya token: undefined
 HealthCounter for 2zenyatta: Object
 HealthCounter: Showing normal HP 2 for 2zenyatta
 ZaryaTokenOverlay: Card 2zenyatta has Zarya token: undefined
 HealthCounter for 2zenyatta: Object
 HealthCounter: Showing normal HP 2 for 2zenyatta
 ZaryaTokenOverlay: Card 2zenyatta has Zarya token: undefined
 HealthCounter for 2zenyatta: Object
 HealthCounter: Showing normal HP 2 for 2zenyatta
 ZaryaTokenOverlay: Card 2zenyatta has Zarya token: undefined
 HealthCounter for 2zenyatta: Object
 HealthCounter: Showing normal HP 2 for 2zenyatta
 ZaryaTokenOverlay: Card 2zenyatta has Zarya token: undefined
 HealthCounter for 2zenyatta: Object
 HealthCounter: Showing normal HP 2 for 2zenyatta
 ZaryaTokenOverlay: Card 2zenyatta has Zarya token: undefined
 HealthCounter for 2zenyatta: Object
 HealthCounter: Showing normal HP 2 for 2zenyatta
 ZaryaTokenOverlay: Card 2zenyatta has Zarya token: undefined
 HealthCounter for 2zenyatta: Object
 HealthCounter: Showing normal HP 2 for 2zenyatta
 ZaryaTokenOverlay: Card 2zenyatta has Zarya token: undefined
 HealthCounter for 2zenyatta: Object
 HealthCounter: Showing normal HP 2 for 2zenyatta
 ZaryaTokenOverlay: Card 2zenyatta has Zarya token: undefined
 HealthCounter for 2zenyatta: Object
 HealthCounter: Showing normal HP 2 for 2zenyatta
 ZaryaTokenOverlay: Card 2zenyatta has Zarya token: undefined
 HealthCounter for 2zenyatta: Object
 HealthCounter: Showing normal HP 2 for 2zenyatta
 ZaryaTokenOverlay: Card 2zenyatta has Zarya token: undefined
 HealthCounter for 2zenyatta: Object
 HealthCounter: Showing normal HP 2 for 2zenyatta
 ZaryaTokenOverlay: Card 2zenyatta has Zarya token: undefined
 HealthCounter for 2zenyatta: Object
 HealthCounter: Showing normal HP 2 for 2zenyatta
 ZaryaTokenOverlay: Card 2zenyatta has Zarya token: undefined
 HealthCounter for 2zenyatta: Object
 HealthCounter: Showing normal HP 2 for 2zenyatta
 ZaryaTokenOverlay: Card 2zenyatta has Zarya token: undefined
 HealthCounter for 2zenyatta: Object
 HealthCounter: Showing normal HP 2 for 2zenyatta
 ZaryaTokenOverlay: Card 2zenyatta has Zarya token: undefined
 HealthCounter for 2zenyatta: Object
 HealthCounter: Showing normal HP 2 for 2zenyatta
 ZaryaTokenOverlay: Card 2zenyatta has Zarya token: undefined
 HealthCounter for 2winston: Object
 HealthCounter: Showing normal HP 4 for 2winston
 ZaryaTokenOverlay: Card 2winston has Zarya token: undefined
 HealthCounter for 2zenyatta: Object
 HealthCounter: Showing normal HP 2 for 2zenyatta
 ZaryaTokenOverlay: Card 2zenyatta has Zarya token: undefined
 HealthCounter for 2bastion: Object
 HealthCounter: Showing normal HP 4 for 2bastion
 ZaryaTokenOverlay: Card 2bastion has Zarya token: undefined
 HealthCounter for 2reaper: Object
 HealthCounter: Showing normal HP 4 for 2reaper
 ZaryaTokenOverlay: Card 2reaper has Zarya token: undefined
 HealthCounter for 2zenyatta: Object
 HealthCounter: Showing normal HP 2 for 2zenyatta
 ZaryaTokenOverlay: Card 2zenyatta has Zarya token: undefined
 HealthCounter for 2zenyatta: Object
 HealthCounter: Showing normal HP 2 for 2zenyatta
 ZaryaTokenOverlay: Card 2zenyatta has Zarya token: undefined
 HealthCounter for 2zenyatta: Object
 HealthCounter: Showing normal HP 2 for 2zenyatta
 ZaryaTokenOverlay: Card 2zenyatta has Zarya token: undefined
 HealthCounter for 2zenyatta: Object
 HealthCounter: Showing normal HP 2 for 2zenyatta
 ZaryaTokenOverlay: Card 2zenyatta has Zarya token: undefined
 HealthCounter for 2zenyatta: Object
 HealthCounter: Showing normal HP 2 for 2zenyatta
 ZaryaTokenOverlay: Card 2zenyatta has Zarya token: undefined
 HealthCounter for 2winston: Object
 HealthCounter: Showing normal HP 4 for 2winston
 ZaryaTokenOverlay: Card 2winston has Zarya token: undefined
 HealthCounter for 2zenyatta: Object
 HealthCounter: Showing normal HP 2 for 2zenyatta
 ZaryaTokenOverlay: Card 2zenyatta has Zarya token: undefined
 HealthCounter for 2bastion: Object
 HealthCounter: Showing normal HP 4 for 2bastion
 ZaryaTokenOverlay: Card 2bastion has Zarya token: undefined
 HealthCounter for 2reaper: Object
 HealthCounter: Showing normal HP 4 for 2reaper
 ZaryaTokenOverlay: Card 2reaper has Zarya token: undefined
 HealthCounter for 2zenyatta: Object
 HealthCounter: Showing normal HP 2 for 2zenyatta
 ZaryaTokenOverlay: Card 2zenyatta has Zarya token: undefined
 HealthCounter for 2zenyatta: Object
 HealthCounter: Showing normal HP 2 for 2zenyatta
 ZaryaTokenOverlay: Card 2zenyatta has Zarya token: undefined
 HealthCounter for 2zenyatta: Object
 HealthCounter: Showing normal HP 2 for 2zenyatta
 ZaryaTokenOverlay: Card 2zenyatta has Zarya token: undefined
 HealthCounter for 2zenyatta: Object
 HealthCounter: Showing normal HP 2 for 2zenyatta
 ZaryaTokenOverlay: Card 2zenyatta has Zarya token: undefined
 HealthCounter for 2zenyatta: Object
 HealthCounter: Showing normal HP 2 for 2zenyatta
 ZaryaTokenOverlay: Card 2zenyatta has Zarya token: undefined
 HealthCounter for 2zenyatta: Object
 HealthCounter: Showing normal HP 2 for 2zenyatta
 ZaryaTokenOverlay: Card 2zenyatta has Zarya token: undefined
 HealthCounter for 2zenyatta: Object
 HealthCounter: Showing normal HP 2 for 2zenyatta
 ZaryaTokenOverlay: Card 2zenyatta has Zarya token: undefined
 HealthCounter for 2zenyatta: Object
 HealthCounter: Showing normal HP 2 for 2zenyatta
 ZaryaTokenOverlay: Card 2zenyatta has Zarya token: undefined
 HealthCounter for 2zenyatta: Object
 HealthCounter: Showing normal HP 2 for 2zenyatta
 ZaryaTokenOverlay: Card 2zenyatta has Zarya token: undefined
 HealthCounter for 2zenyatta: Object
 HealthCounter: Showing normal HP 2 for 2zenyatta
 ZaryaTokenOverlay: Card 2zenyatta has Zarya token: undefined
 HealthCounter for 2zenyatta: Object
 HealthCounter: Showing normal HP 2 for 2zenyatta
 ZaryaTokenOverlay: Card 2zenyatta has Zarya token: undefined
 HealthCounter for 2zenyatta: Object
 HealthCounter: Showing normal HP 2 for 2zenyatta
 ZaryaTokenOverlay: Card 2zenyatta has Zarya token: undefined
 HealthCounter for 2zenyatta: Object
 HealthCounter: Showing normal HP 2 for 2zenyatta
 ZaryaTokenOverlay: Card 2zenyatta has Zarya token: undefined
 HealthCounter for 2zenyatta: Object
 HealthCounter: Showing normal HP 2 for 2zenyatta
 ZaryaTokenOverlay: Card 2zenyatta has Zarya token: undefined
 HealthCounter for 2zenyatta: Object
 HealthCounter: Showing normal HP 2 for 2zenyatta
 ZaryaTokenOverlay: Card 2zenyatta has Zarya token: undefined
 HealthCounter for 2zenyatta: Object
 HealthCounter: Showing normal HP 2 for 2zenyatta
 ZaryaTokenOverlay: Card 2zenyatta has Zarya token: undefined
 HealthCounter for 2zenyatta: Object
 HealthCounter: Showing normal HP 2 for 2zenyatta
 ZaryaTokenOverlay: Card 2zenyatta has Zarya token: undefined
 HealthCounter for 2zenyatta: Object
 HealthCounter: Showing normal HP 2 for 2zenyatta
 ZaryaTokenOverlay: Card 2zenyatta has Zarya token: undefined
 HealthCounter for 2zenyatta: Object
 HealthCounter: Showing normal HP 2 for 2zenyatta
 ZaryaTokenOverlay: Card 2zenyatta has Zarya token: undefined
 HealthCounter for 2zenyatta: Object
 HealthCounter: Showing normal HP 2 for 2zenyatta
 ZaryaTokenOverlay: Card 2zenyatta has Zarya token: undefined
 HealthCounter for 2zenyatta: Object
 HealthCounter: Showing normal HP 2 for 2zenyatta
 ZaryaTokenOverlay: Card 2zenyatta has Zarya token: undefined
 HealthCounter for 2zenyatta: Object
 HealthCounter: Showing normal HP 2 for 2zenyatta
 ZaryaTokenOverlay: Card 2zenyatta has Zarya token: undefined
 HealthCounter for 2zenyatta: Object
 HealthCounter: Showing normal HP 2 for 2zenyatta
 ZaryaTokenOverlay: Card 2zenyatta has Zarya token: undefined
 Attempting to play placement sound...
 Placement audio source: /owcardgame/static/media/placement.445605f26d71501234a7.mp3
 Created placement audio object: 
 Playing zenyatta enter sound...
 checkOnEnterAbilities called for zenyatta: Object
 Checking modal choice for zenyatta: Object
 HealthCounter for 1turret: Object
 HealthCounter: Showing normal HP 1 for 1turret
 ZaryaTokenOverlay: Card 1turret has Zarya token: undefined
 HealthCounter for 1torbjorn: Object
 HealthCounter: Showing normal HP 3 for 1torbjorn
 ZaryaTokenOverlay: Card 1torbjorn has Zarya token: undefined
 HealthCounter for 2ashe: Object
 HealthCounter: Showing normal HP 3 for 2ashe
 ZaryaTokenOverlay: Card 2ashe has Zarya token: undefined
 ZaryaTokenOverlay: Card 2zenyatta has Zarya token: undefined
 HealthCounter for 2winston: Object
 HealthCounter: Showing normal HP 4 for 2winston
 ZaryaTokenOverlay: Card 2winston has Zarya token: undefined
 HealthCounter for 2bastion: Object
 HealthCounter: Showing normal HP 4 for 2bastion
 ZaryaTokenOverlay: Card 2bastion has Zarya token: undefined
 HealthCounter for 2reaper: Object
 HealthCounter: Showing normal HP 4 for 2reaper
 ZaryaTokenOverlay: Card 2reaper has Zarya token: undefined
 TurnEffectsRunner: useEffect triggered Object
 TurnEffectsRunner: Turn change check Object
 HealthCounter for 1turret: Object
HealthCounter.js:25 HealthCounter: Showing normal HP 1 for 1turret
ZaryaTokenOverlay.js:20 ZaryaTokenOverlay: Card 1turret has Zarya token: undefined
HealthCounter.js:6 HealthCounter for 1torbjorn: Object
HealthCounter.js:25 HealthCounter: Showing normal HP 3 for 1torbjorn
ZaryaTokenOverlay.js:20 ZaryaTokenOverlay: Card 1torbjorn has Zarya token: undefined
HealthCounter.js:6 HealthCounter for 2ashe: Object
HealthCounter.js:25 HealthCounter: Showing normal HP 3 for 2ashe
ZaryaTokenOverlay.js:20 ZaryaTokenOverlay: Card 2ashe has Zarya token: undefined
HealthCounter.js:6 HealthCounter for 2zenyatta: Object
HealthCounter.js:25 HealthCounter: Showing normal HP 2 for 2zenyatta
ZaryaTokenOverlay.js:20 ZaryaTokenOverlay: Card 2zenyatta has Zarya token: undefined
HealthCounter.js:6 HealthCounter for 2winston: Object
HealthCounter.js:25 HealthCounter: Showing normal HP 4 for 2winston
ZaryaTokenOverlay.js:20 ZaryaTokenOverlay: Card 2winston has Zarya token: undefined
HealthCounter.js:6 HealthCounter for 2bastion: Object
HealthCounter.js:25 HealthCounter: Showing normal HP 4 for 2bastion
ZaryaTokenOverlay.js:20 ZaryaTokenOverlay: Card 2bastion has Zarya token: undefined
HealthCounter.js:6 HealthCounter for 2reaper: Object
HealthCounter.js:25 HealthCounter: Showing normal HP 4 for 2reaper
ZaryaTokenOverlay.js:20 ZaryaTokenOverlay: Card 2reaper has Zarya token: undefined
TurnEffectsRunner.js:16 TurnEffectsRunner: useEffect triggered Object
TurnEffectsRunner.js:27 TurnEffectsRunner: Turn change check Object
HealthCounter.js:6 HealthCounter for 1turret: Object
HealthCounter.js:25 HealthCounter: Showing normal HP 1 for 1turret
ZaryaTokenOverlay.js:20 ZaryaTokenOverlay: Card 1turret has Zarya token: undefined
HealthCounter.js:6 HealthCounter for 1torbjorn: Object
HealthCounter.js:25 HealthCounter: Showing normal HP 3 for 1torbjorn
ZaryaTokenOverlay.js:20 ZaryaTokenOverlay: Card 1torbjorn has Zarya token: undefined
HealthCounter.js:6 HealthCounter for 2ashe: Object
HealthCounter.js:25 HealthCounter: Showing normal HP 3 for 2ashe
ZaryaTokenOverlay.js:20 ZaryaTokenOverlay: Card 2ashe has Zarya token: undefined
HealthCounter.js:6 HealthCounter for 2zenyatta: Object
HealthCounter.js:25 HealthCounter: Showing normal HP 2 for 2zenyatta
ZaryaTokenOverlay.js:20 ZaryaTokenOverlay: Card 2zenyatta has Zarya token: undefined
HealthCounter.js:6 HealthCounter for 2winston: Object
HealthCounter.js:25 HealthCounter: Showing normal HP 4 for 2winston
ZaryaTokenOverlay.js:20 ZaryaTokenOverlay: Card 2winston has Zarya token: undefined
HealthCounter.js:6 HealthCounter for 2bastion: Object
HealthCounter.js:25 HealthCounter: Showing normal HP 4 for 2bastion
ZaryaTokenOverlay.js:20 ZaryaTokenOverlay: Card 2bastion has Zarya token: undefined
HealthCounter.js:6 HealthCounter for 2reaper: Object
HealthCounter.js:25 HealthCounter: Showing normal HP 4 for 2reaper
ZaryaTokenOverlay.js:20 ZaryaTokenOverlay: Card 2reaper has Zarya token: undefined
App.js:2409 Placement sound played successfully
App.js:2424 zenyatta enter sound played successfully
