 HealthCounter: Showing normal HP 4 for 1echo
 ZaryaTokenOverlay: Card 1echo has Zarya token: undefined
 HealthCounter for 1wreckingball: Object
 HealthCounter: Showing normal HP 3 for 1wreckingball
 ZaryaTokenOverlay: Card 1wreckingball has Zarya token: undefined
 HealthCounter for 1baptiste: Object
 HealthCounter: Showing normal HP 3 for 1baptiste
 ZaryaTokenOverlay: Card 1baptiste has Zarya token: undefined
 HealthCounter for 1bastion: Object
 HealthCounter: Showing normal HP 4 for 1bastion
 ZaryaTokenOverlay: Card 1bastion has Zarya token: undefined
 HealthCounter for 1mei: Object
 HealthCounter: Showing normal HP 4 for 1mei
 ZaryaTokenOverlay: Card 1mei has Zarya token: undefined
 HealthCounter for 1hanzo: Object
 HealthCounter: Showing normal HP 4 for 1hanzo
 ZaryaTokenOverlay: Card 1hanzo has Zarya token: undefined
 HealthCounter for 2zarya: Object
 HealthCounter: Showing normal HP 4 for 2zarya
 ZaryaTokenOverlay: Card 2zarya has Zarya token: Object
 ZaryaTokenOverlay: Token amount: 3, type: zarya-shield, hero: zarya
 HealthCounter for 2junkrat: Object
 HealthCounter: Showing normal HP 3 for 2junkrat
 ZaryaTokenOverlay: Card 2junkrat has Zarya token: undefined
 Object
 HealthCounter for 1echo: Object
 HealthCounter: Showing normal HP 4 for 1echo
 ZaryaTokenOverlay: Card 1echo has Zarya token: undefined
 HealthCounter for 1echo: Object
 HealthCounter: Showing normal HP 4 for 1echo
 ZaryaTokenOverlay: Card 1echo has Zarya token: undefined
 HealthCounter for 1echo: Object
 HealthCounter: Showing normal HP 4 for 1echo
 ZaryaTokenOverlay: Card 1echo has Zarya token: undefined
 HealthCounter for 1echo: Object
 HealthCounter: Showing normal HP 4 for 1echo
 ZaryaTokenOverlay: Card 1echo has Zarya token: undefined
 HealthCounter for 1echo: Object
 HealthCounter: Showing normal HP 4 for 1echo
 ZaryaTokenOverlay: Card 1echo has Zarya token: undefined
 HealthCounter for 1echo: Object
 HealthCounter: Showing normal HP 4 for 1echo
 ZaryaTokenOverlay: Card 1echo has Zarya token: undefined
 HealthCounter for 1echo: Object
 HealthCounter: Showing normal HP 4 for 1echo
 ZaryaTokenOverlay: Card 1echo has Zarya token: undefined
 HealthCounter for 1echo: Object
 HealthCounter: Showing normal HP 4 for 1echo
 ZaryaTokenOverlay: Card 1echo has Zarya token: undefined
 HealthCounter for 1echo: Object
 HealthCounter: Showing normal HP 4 for 1echo
 ZaryaTokenOverlay: Card 1echo has Zarya token: undefined
 HealthCounter for 1wreckingball: Object
 HealthCounter: Showing normal HP 3 for 1wreckingball
 ZaryaTokenOverlay: Card 1wreckingball has Zarya token: undefined
 HealthCounter for 1baptiste: Object
 HealthCounter: Showing normal HP 3 for 1baptiste
 ZaryaTokenOverlay: Card 1baptiste has Zarya token: undefined
 HealthCounter for 1bastion: Object
 HealthCounter: Showing normal HP 4 for 1bastion
 ZaryaTokenOverlay: Card 1bastion has Zarya token: undefined
 HealthCounter for 1mei: Object
 HealthCounter: Showing normal HP 4 for 1mei
 ZaryaTokenOverlay: Card 1mei has Zarya token: undefined
 HealthCounter for 1hanzo: Object
 HealthCounter: Showing normal HP 4 for 1hanzo
 ZaryaTokenOverlay: Card 1hanzo has Zarya token: undefined
 HealthCounter for 1echo: Object
 HealthCounter: Showing normal HP 4 for 1echo
 ZaryaTokenOverlay: Card 1echo has Zarya token: undefined
 HealthCounter for 1echo: Object
 HealthCounter: Showing normal HP 4 for 1echo
 ZaryaTokenOverlay: Card 1echo has Zarya token: undefined
 HealthCounter for 1echo: Object
 HealthCounter: Showing normal HP 4 for 1echo
 ZaryaTokenOverlay: Card 1echo has Zarya token: undefined
 HealthCounter for 1echo: Object
 HealthCounter: Showing normal HP 4 for 1echo
 ZaryaTokenOverlay: Card 1echo has Zarya token: undefined
 HealthCounter for 1echo: Object
 HealthCounter: Showing normal HP 4 for 1echo
 ZaryaTokenOverlay: Card 1echo has Zarya token: undefined
 HealthCounter for 1echo: Object
 HealthCounter: Showing normal HP 4 for 1echo
 ZaryaTokenOverlay: Card 1echo has Zarya token: undefined
 HealthCounter for 1echo: Object
 HealthCounter: Showing normal HP 4 for 1echo
 ZaryaTokenOverlay: Card 1echo has Zarya token: undefined
 HealthCounter for 1echo: Object
 HealthCounter: Showing normal HP 4 for 1echo
 ZaryaTokenOverlay: Card 1echo has Zarya token: undefined
 HealthCounter for 1echo: Object
 HealthCounter: Showing normal HP 4 for 1echo
 ZaryaTokenOverlay: Card 1echo has Zarya token: undefined
 HealthCounter for 1echo: Object
 HealthCounter: Showing normal HP 4 for 1echo
 ZaryaTokenOverlay: Card 1echo has Zarya token: undefined
 HealthCounter for 1wreckingball: Object
 HealthCounter: Showing normal HP 3 for 1wreckingball
 ZaryaTokenOverlay: Card 1wreckingball has Zarya token: undefined
 HealthCounter for 1baptiste: Object
 HealthCounter: Showing normal HP 3 for 1baptiste
 ZaryaTokenOverlay: Card 1baptiste has Zarya token: undefined
 HealthCounter for 1bastion: Object
 HealthCounter: Showing normal HP 4 for 1bastion
 ZaryaTokenOverlay: Card 1bastion has Zarya token: undefined
 HealthCounter for 1mei: Object
 HealthCounter: Showing normal HP 4 for 1mei
 ZaryaTokenOverlay: Card 1mei has Zarya token: undefined
 HealthCounter for 1hanzo: Object
 HealthCounter: Showing normal HP 4 for 1hanzo
 ZaryaTokenOverlay: Card 1hanzo has Zarya token: undefined
 HealthCounter for 1echo: Object
 HealthCounter: Showing normal HP 4 for 1echo
 ZaryaTokenOverlay: Card 1echo has Zarya token: undefined
 HealthCounter for 1wreckingball: Object
 HealthCounter: Showing normal HP 3 for 1wreckingball
 ZaryaTokenOverlay: Card 1wreckingball has Zarya token: undefined
 HealthCounter for 1baptiste: Object
 HealthCounter: Showing normal HP 3 for 1baptiste
 ZaryaTokenOverlay: Card 1baptiste has Zarya token: undefined
 HealthCounter for 1bastion: Object
 HealthCounter: Showing normal HP 4 for 1bastion
 ZaryaTokenOverlay: Card 1bastion has Zarya token: undefined
 HealthCounter for 1mei: Object
 HealthCounter: Showing normal HP 4 for 1mei
 ZaryaTokenOverlay: Card 1mei has Zarya token: undefined
 HealthCounter for 1hanzo: Object
 HealthCounter: Showing normal HP 4 for 1hanzo
 ZaryaTokenOverlay: Card 1hanzo has Zarya token: undefined
 HealthCounter for 1echo: Object
 HealthCounter: Showing normal HP 4 for 1echo
 ZaryaTokenOverlay: Card 1echo has Zarya token: undefined
 HealthCounter for 1echo: Object
 HealthCounter: Showing normal HP 4 for 1echo
 ZaryaTokenOverlay: Card 1echo has Zarya token: undefined
 HealthCounter for 1echo: Object
 HealthCounter: Showing normal HP 4 for 1echo
 ZaryaTokenOverlay: Card 1echo has Zarya token: undefined
 HealthCounter for 1echo: Object
 HealthCounter: Showing normal HP 4 for 1echo
 ZaryaTokenOverlay: Card 1echo has Zarya token: undefined
 HealthCounter for 1echo: Object
 HealthCounter: Showing normal HP 4 for 1echo
 ZaryaTokenOverlay: Card 1echo has Zarya token: undefined
 HealthCounter for 1echo: Object
 HealthCounter: Showing normal HP 4 for 1echo
 ZaryaTokenOverlay: Card 1echo has Zarya token: undefined
 HealthCounter for 1echo: Object
 HealthCounter: Showing normal HP 4 for 1echo
 ZaryaTokenOverlay: Card 1echo has Zarya token: undefined
 HealthCounter for 1echo: Object
 HealthCounter: Showing normal HP 4 for 1echo
 ZaryaTokenOverlay: Card 1echo has Zarya token: undefined
 HealthCounter for 1echo: Object
 HealthCounter: Showing normal HP 4 for 1echo
 ZaryaTokenOverlay: Card 1echo has Zarya token: undefined
 HealthCounter for 1echo: Object
 HealthCounter: Showing normal HP 4 for 1echo
 ZaryaTokenOverlay: Card 1echo has Zarya token: undefined
 HealthCounter for 1echo: Object
 HealthCounter: Showing normal HP 4 for 1echo
 ZaryaTokenOverlay: Card 1echo has Zarya token: undefined
 HealthCounter for 1echo: Object
 HealthCounter: Showing normal HP 4 for 1echo
 ZaryaTokenOverlay: Card 1echo has Zarya token: undefined
 HealthCounter for 1echo: Object
 HealthCounter: Showing normal HP 4 for 1echo
 ZaryaTokenOverlay: Card 1echo has Zarya token: undefined
 HealthCounter for 1echo: Object
 HealthCounter: Showing normal HP 4 for 1echo
 ZaryaTokenOverlay: Card 1echo has Zarya token: undefined
 HealthCounter for 1echo: Object
 HealthCounter: Showing normal HP 4 for 1echo
 ZaryaTokenOverlay: Card 1echo has Zarya token: undefined
 HealthCounter for 1echo: Object
 HealthCounter: Showing normal HP 4 for 1echo
 ZaryaTokenOverlay: Card 1echo has Zarya token: undefined
 HealthCounter for 1echo: Object
 HealthCounter: Showing normal HP 4 for 1echo
 ZaryaTokenOverlay: Card 1echo has Zarya token: undefined
 HealthCounter for 1echo: Object
 HealthCounter: Showing normal HP 4 for 1echo
 ZaryaTokenOverlay: Card 1echo has Zarya token: undefined
 HealthCounter for 1echo: Object
 HealthCounter: Showing normal HP 4 for 1echo
 ZaryaTokenOverlay: Card 1echo has Zarya token: undefined
 HealthCounter for 1echo: Object
 HealthCounter: Showing normal HP 4 for 1echo
 ZaryaTokenOverlay: Card 1echo has Zarya token: undefined
 HealthCounter for 1echo: Object
 HealthCounter: Showing normal HP 4 for 1echo
 ZaryaTokenOverlay: Card 1echo has Zarya token: undefined
 HealthCounter for 1echo: Object
 HealthCounter: Showing normal HP 4 for 1echo
 ZaryaTokenOverlay: Card 1echo has Zarya token: undefined
 HealthCounter for 1echo: Object
 HealthCounter: Showing normal HP 4 for 1echo
 ZaryaTokenOverlay: Card 1echo has Zarya token: undefined
 HealthCounter for 1echo: Object
 HealthCounter: Showing normal HP 4 for 1echo
 ZaryaTokenOverlay: Card 1echo has Zarya token: undefined
 HealthCounter for 1echo: Object
 HealthCounter: Showing normal HP 4 for 1echo
 ZaryaTokenOverlay: Card 1echo has Zarya token: undefined
 HealthCounter for 1echo: Object
 HealthCounter: Showing normal HP 4 for 1echo
 ZaryaTokenOverlay: Card 1echo has Zarya token: undefined
 HealthCounter for 1echo: Object
 HealthCounter: Showing normal HP 4 for 1echo
 ZaryaTokenOverlay: Card 1echo has Zarya token: undefined
 HealthCounter for 1echo: Object
 HealthCounter: Showing normal HP 4 for 1echo
 ZaryaTokenOverlay: Card 1echo has Zarya token: undefined
 HealthCounter for 1echo: Object
 HealthCounter: Showing normal HP 4 for 1echo
 ZaryaTokenOverlay: Card 1echo has Zarya token: undefined
 HealthCounter for 1echo: Object
 HealthCounter: Showing normal HP 4 for 1echo
 ZaryaTokenOverlay: Card 1echo has Zarya token: undefined
 HealthCounter for 1echo: Object
 HealthCounter: Showing normal HP 4 for 1echo
 ZaryaTokenOverlay: Card 1echo has Zarya token: undefined
 HealthCounter for 1echo: Object
 HealthCounter: Showing normal HP 4 for 1echo
 ZaryaTokenOverlay: Card 1echo has Zarya token: undefined
 HealthCounter for 1echo: Object
 HealthCounter: Showing normal HP 4 for 1echo
 ZaryaTokenOverlay: Card 1echo has Zarya token: undefined
 HealthCounter for 1echo: Object
 HealthCounter: Showing normal HP 4 for 1echo
 ZaryaTokenOverlay: Card 1echo has Zarya token: undefined
 HealthCounter for 1echo: Object
 HealthCounter: Showing normal HP 4 for 1echo
 ZaryaTokenOverlay: Card 1echo has Zarya token: undefined
 HealthCounter for 1echo: Object
 HealthCounter: Showing normal HP 4 for 1echo
 ZaryaTokenOverlay: Card 1echo has Zarya token: undefined
 HealthCounter for 1echo: Object
 HealthCounter: Showing normal HP 4 for 1echo
 ZaryaTokenOverlay: Card 1echo has Zarya token: undefined
 HealthCounter for 1echo: Object
 HealthCounter: Showing normal HP 4 for 1echo
 ZaryaTokenOverlay: Card 1echo has Zarya token: undefined
 HealthCounter for 1echo: Object
 HealthCounter: Showing normal HP 4 for 1echo
 ZaryaTokenOverlay: Card 1echo has Zarya token: undefined
 HealthCounter for 1echo: Object
 HealthCounter: Showing normal HP 4 for 1echo
 ZaryaTokenOverlay: Card 1echo has Zarya token: undefined
 HealthCounter for 1echo: Object
 HealthCounter: Showing normal HP 4 for 1echo
 ZaryaTokenOverlay: Card 1echo has Zarya token: undefined
 HealthCounter for 1echo: Object
 HealthCounter: Showing normal HP 4 for 1echo
 ZaryaTokenOverlay: Card 1echo has Zarya token: undefined
 HealthCounter for 1echo: Object
 HealthCounter: Showing normal HP 4 for 1echo
 ZaryaTokenOverlay: Card 1echo has Zarya token: undefined
 HealthCounter for 1echo: Object
 HealthCounter: Showing normal HP 4 for 1echo
 ZaryaTokenOverlay: Card 1echo has Zarya token: undefined
 HealthCounter for 1echo: Object
 HealthCounter: Showing normal HP 4 for 1echo
 ZaryaTokenOverlay: Card 1echo has Zarya token: undefined
 Attempting to play placement sound...
 Placement audio source: /owcardgame/static/media/placement.445605f26d71501234a7.mp3
 Created placement audio object: 
 Playing echo enter sound...
 HealthCounter for 1wreckingball: Object
 HealthCounter: Showing normal HP 3 for 1wreckingball
 ZaryaTokenOverlay: Card 1wreckingball has Zarya token: undefined
 HealthCounter for 1baptiste: Object
 HealthCounter: Showing normal HP 3 for 1baptiste
 ZaryaTokenOverlay: Card 1baptiste has Zarya token: undefined
 HealthCounter for 1bastion: Object
 HealthCounter: Showing normal HP 4 for 1bastion
 ZaryaTokenOverlay: Card 1bastion has Zarya token: undefined
 HealthCounter for 1mei: Object
 HealthCounter: Showing normal HP 4 for 1mei
 ZaryaTokenOverlay: Card 1mei has Zarya token: undefined
 HealthCounter for 1hanzo: Object
 HealthCounter: Showing normal HP 4 for 1hanzo
 ZaryaTokenOverlay: Card 1hanzo has Zarya token: undefined
 ZaryaTokenOverlay: Card 1echo has Zarya token: undefined
 HealthCounter for 2zarya: Object
 HealthCounter: Showing normal HP 4 for 2zarya
 ZaryaTokenOverlay: Card 2zarya has Zarya token: Object
 ZaryaTokenOverlay: Token amount: 3, type: zarya-shield, hero: zarya
 HealthCounter for 2junkrat: Object
 HealthCounter: Showing normal HP 3 for 2junkrat
 ZaryaTokenOverlay: Card 2junkrat has Zarya token: undefined
 TurnEffectsRunner: useEffect triggered Object
 TurnEffectsRunner: Turn change check Object
 HealthCounter for 1wreckingball: Object
 HealthCounter: Showing normal HP 3 for 1wreckingball
 ZaryaTokenOverlay: Card 1wreckingball has Zarya token: undefined
 HealthCounter for 1baptiste: Object
 HealthCounter: Showing normal HP 3 for 1baptiste
 ZaryaTokenOverlay: Card 1baptiste has Zarya token: undefined
 HealthCounter for 1bastion: Object
 HealthCounter: Showing normal HP 4 for 1bastion
 ZaryaTokenOverlay: Card 1bastion has Zarya token: undefined
 HealthCounter for 1mei: Object
 HealthCounter: Showing normal HP 4 for 1mei
 ZaryaTokenOverlay: Card 1mei has Zarya token: undefined
 HealthCounter for 1hanzo: Object
 HealthCounter: Showing normal HP 4 for 1hanzo
 ZaryaTokenOverlay: Card 1hanzo has Zarya token: undefined
 HealthCounter for 1echo: Object
 HealthCounter: Showing normal HP 4 for 1echo
 ZaryaTokenOverlay: Card 1echo has Zarya token: undefined
 HealthCounter for 2zarya: Object
 HealthCounter: Showing normal HP 4 for 2zarya
 ZaryaTokenOverlay: Card 2zarya has Zarya token: Object
 ZaryaTokenOverlay: Token amount: 3, type: zarya-shield, hero: zarya
 HealthCounter for 2junkrat: Object
 HealthCounter: Showing normal HP 3 for 2junkrat
 ZaryaTokenOverlay: Card 2junkrat has Zarya token: undefined
 TurnEffectsRunner: useEffect triggered Object
 TurnEffectsRunner: Turn change check Object
 HealthCounter for 1wreckingball: Object
 HealthCounter: Showing normal HP 3 for 1wreckingball
 ZaryaTokenOverlay: Card 1wreckingball has Zarya token: undefined
 HealthCounter for 1baptiste: Object
 HealthCounter: Showing normal HP 3 for 1baptiste
 ZaryaTokenOverlay: Card 1baptiste has Zarya token: undefined
 HealthCounter for 1bastion: Object
 HealthCounter: Showing normal HP 4 for 1bastion
 ZaryaTokenOverlay: Card 1bastion has Zarya token: undefined
 HealthCounter for 1mei: Object
 HealthCounter: Showing normal HP 4 for 1mei
 ZaryaTokenOverlay: Card 1mei has Zarya token: undefined
 HealthCounter for 1hanzo: Object
 HealthCounter: Showing normal HP 4 for 1hanzo
 ZaryaTokenOverlay: Card 1hanzo has Zarya token: undefined
 HealthCounter for 1echo: Object
 HealthCounter: Showing normal HP 4 for 1echo
 ZaryaTokenOverlay: Card 1echo has Zarya token: undefined
 HealthCounter for 2zarya: Object
 HealthCounter: Showing normal HP 4 for 2zarya
 ZaryaTokenOverlay: Card 2zarya has Zarya token: Object
 ZaryaTokenOverlay: Token amount: 3, type: zarya-shield, hero: zarya
 HealthCounter for 2junkrat: Object
 HealthCounter: Showing normal HP 3 for 2junkrat
 ZaryaTokenOverlay: Card 2junkrat has Zarya token: undefined
 Placement sound played successfully
 echo enter sound played successfully
 HealthCounter for 1wreckingball: Object
 HealthCounter: Showing normal HP 3 for 1wreckingball
 ZaryaTokenOverlay: Card 1wreckingball has Zarya token: undefined
 HealthCounter for 1baptiste: Object
 HealthCounter: Showing normal HP 3 for 1baptiste
 ZaryaTokenOverlay: Card 1baptiste has Zarya token: undefined
 HealthCounter for 1bastion: Object
 HealthCounter: Showing normal HP 4 for 1bastion
 ZaryaTokenOverlay: Card 1bastion has Zarya token: undefined
 HealthCounter for 1mei: Object
 HealthCounter: Showing normal HP 4 for 1mei
 ZaryaTokenOverlay: Card 1mei has Zarya token: undefined
 HealthCounter for 1hanzo: Object
 HealthCounter: Showing normal HP 4 for 1hanzo
 ZaryaTokenOverlay: Card 1hanzo has Zarya token: undefined
 HealthCounter for 1echo: Object
 HealthCounter: Showing normal HP 4 for 1echo
 ZaryaTokenOverlay: Card 1echo has Zarya token: undefined
 HealthCounter for 2zarya: Object
 HealthCounter: Showing normal HP 4 for 2zarya
 ZaryaTokenOverlay: Card 2zarya has Zarya token: Object
 ZaryaTokenOverlay: Token amount: 3, type: zarya-shield, hero: zarya
 HealthCounter for 2junkrat: Object
 HealthCounter: Showing normal HP 3 for 2junkrat
 ZaryaTokenOverlay: Card 2junkrat has Zarya token: undefined
 HealthCounter for 1wreckingball: Object
 HealthCounter: Showing normal HP 3 for 1wreckingball
 ZaryaTokenOverlay: Card 1wreckingball has Zarya token: undefined
 HealthCounter for 1baptiste: Object
 HealthCounter: Showing normal HP 3 for 1baptiste
 ZaryaTokenOverlay: Card 1baptiste has Zarya token: undefined
 HealthCounter for 1bastion: Object
 HealthCounter: Showing normal HP 4 for 1bastion
 ZaryaTokenOverlay: Card 1bastion has Zarya token: undefined
 HealthCounter for 1mei: Object
 HealthCounter: Showing normal HP 4 for 1mei
 ZaryaTokenOverlay: Card 1mei has Zarya token: undefined
 HealthCounter for 1hanzo: Object
 HealthCounter: Showing normal HP 4 for 1hanzo
 ZaryaTokenOverlay: Card 1hanzo has Zarya token: undefined
 HealthCounter for 1echo: Object
 HealthCounter: Showing normal HP 4 for 1echo
 ZaryaTokenOverlay: Card 1echo has Zarya token: undefined
 HealthCounter for 2zarya: Object
 HealthCounter: Showing normal HP 4 for 2zarya
 ZaryaTokenOverlay: Card 2zarya has Zarya token: Object
 ZaryaTokenOverlay: Token amount: 3, type: zarya-shield, hero: zarya
 HealthCounter for 2junkrat: Object
 HealthCounter: Showing normal HP 3 for 2junkrat
 ZaryaTokenOverlay: Card 2junkrat has Zarya token: undefined
 Object
 HealthCounter for 1baptiste: Object
 HealthCounter: Showing normal HP 3 for 1baptiste
 ZaryaTokenOverlay: Card 1baptiste has Zarya token: undefined
 HealthCounter for 1baptiste: Object
 HealthCounter: Showing normal HP 3 for 1baptiste
 ZaryaTokenOverlay: Card 1baptiste has Zarya token: undefined
 HealthCounter for 1baptiste: Object
 HealthCounter: Showing normal HP 3 for 1baptiste
 ZaryaTokenOverlay: Card 1baptiste has Zarya token: undefined
 HealthCounter for 1baptiste: Object
 HealthCounter: Showing normal HP 3 for 1baptiste
 ZaryaTokenOverlay: Card 1baptiste has Zarya token: undefined
 HealthCounter for 1baptiste: Object
 HealthCounter: Showing normal HP 3 for 1baptiste
 ZaryaTokenOverlay: Card 1baptiste has Zarya token: undefined
 HealthCounter for 1baptiste: Object
 HealthCounter: Showing normal HP 3 for 1baptiste
 ZaryaTokenOverlay: Card 1baptiste has Zarya token: undefined
 HealthCounter for 1baptiste: Object
 HealthCounter: Showing normal HP 3 for 1baptiste
 ZaryaTokenOverlay: Card 1baptiste has Zarya token: undefined
 HealthCounter for 1baptiste: Object
 HealthCounter: Showing normal HP 3 for 1baptiste
 ZaryaTokenOverlay: Card 1baptiste has Zarya token: undefined
 HealthCounter for 1baptiste: Object
 HealthCounter: Showing normal HP 3 for 1baptiste
 ZaryaTokenOverlay: Card 1baptiste has Zarya token: undefined
 HealthCounter for 1baptiste: Object
 HealthCounter: Showing normal HP 3 for 1baptiste
 ZaryaTokenOverlay: Card 1baptiste has Zarya token: undefined
 HealthCounter for 1baptiste: Object
 HealthCounter: Showing normal HP 3 for 1baptiste
 ZaryaTokenOverlay: Card 1baptiste has Zarya token: undefined
 HealthCounter for 1baptiste: Object
 HealthCounter: Showing normal HP 3 for 1baptiste
 ZaryaTokenOverlay: Card 1baptiste has Zarya token: undefined
 HealthCounter for 1baptiste: Object
 HealthCounter: Showing normal HP 3 for 1baptiste
 ZaryaTokenOverlay: Card 1baptiste has Zarya token: undefined
 HealthCounter for 1baptiste: Object
 HealthCounter: Showing normal HP 3 for 1baptiste
 ZaryaTokenOverlay: Card 1baptiste has Zarya token: undefined
 HealthCounter for 1baptiste: Object
 HealthCounter: Showing normal HP 3 for 1baptiste
 ZaryaTokenOverlay: Card 1baptiste has Zarya token: undefined
 HealthCounter for 1wreckingball: Object
 HealthCounter: Showing normal HP 3 for 1wreckingball
 ZaryaTokenOverlay: Card 1wreckingball has Zarya token: undefined
 HealthCounter for 1baptiste: Object
 HealthCounter: Showing normal HP 3 for 1baptiste
 ZaryaTokenOverlay: Card 1baptiste has Zarya token: undefined
 HealthCounter for 1bastion: Object
 HealthCounter: Showing normal HP 4 for 1bastion
 ZaryaTokenOverlay: Card 1bastion has Zarya token: undefined
 HealthCounter for 1mei: Object
 HealthCounter: Showing normal HP 4 for 1mei
 ZaryaTokenOverlay: Card 1mei has Zarya token: undefined
 HealthCounter for 1hanzo: Object
 HealthCounter: Showing normal HP 4 for 1hanzo
 ZaryaTokenOverlay: Card 1hanzo has Zarya token: undefined
 HealthCounter for 1baptiste: Object
 HealthCounter: Showing normal HP 3 for 1baptiste
 ZaryaTokenOverlay: Card 1baptiste has Zarya token: undefined
 HealthCounter for 1baptiste: Object
 HealthCounter: Showing normal HP 3 for 1baptiste
 ZaryaTokenOverlay: Card 1baptiste has Zarya token: undefined
 HealthCounter for 1baptiste: Object
 HealthCounter: Showing normal HP 3 for 1baptiste
 ZaryaTokenOverlay: Card 1baptiste has Zarya token: undefined
 HealthCounter for 1baptiste: Object
 HealthCounter: Showing normal HP 3 for 1baptiste
 ZaryaTokenOverlay: Card 1baptiste has Zarya token: undefined
 HealthCounter for 1baptiste: Object
 HealthCounter: Showing normal HP 3 for 1baptiste
 ZaryaTokenOverlay: Card 1baptiste has Zarya token: undefined
 HealthCounter for 1wreckingball: Object
 HealthCounter: Showing normal HP 3 for 1wreckingball
 ZaryaTokenOverlay: Card 1wreckingball has Zarya token: undefined
 HealthCounter for 1baptiste: Object
 HealthCounter: Showing normal HP 3 for 1baptiste
 ZaryaTokenOverlay: Card 1baptiste has Zarya token: undefined
 HealthCounter for 1bastion: Object
 HealthCounter: Showing normal HP 4 for 1bastion
 ZaryaTokenOverlay: Card 1bastion has Zarya token: undefined
 HealthCounter for 1mei: Object
 HealthCounter: Showing normal HP 4 for 1mei
 ZaryaTokenOverlay: Card 1mei has Zarya token: undefined
 HealthCounter for 1hanzo: Object
 HealthCounter: Showing normal HP 4 for 1hanzo
 ZaryaTokenOverlay: Card 1hanzo has Zarya token: undefined
 HealthCounter for 1echo: Object
 HealthCounter: Showing normal HP 4 for 1echo
 ZaryaTokenOverlay: Card 1echo has Zarya token: undefined
 HealthCounter for 2zarya: Object
 HealthCounter: Showing normal HP 4 for 2zarya
 ZaryaTokenOverlay: Card 2zarya has Zarya token: Object
 ZaryaTokenOverlay: Token amount: 3, type: zarya-shield, hero: zarya
 HealthCounter for 2junkrat: Object
 HealthCounter: Showing normal HP 3 for 2junkrat
 ZaryaTokenOverlay: Card 2junkrat has Zarya token: undefined
 HealthCounter for 1baptiste: Object
 HealthCounter: Showing normal HP 3 for 1baptiste
 ZaryaTokenOverlay: Card 1baptiste has Zarya token: undefined
 HealthCounter for 1baptiste: Object
 HealthCounter: Showing normal HP 3 for 1baptiste
 ZaryaTokenOverlay: Card 1baptiste has Zarya token: undefined
 HealthCounter for 1baptiste: Object
 HealthCounter: Showing normal HP 3 for 1baptiste
 ZaryaTokenOverlay: Card 1baptiste has Zarya token: undefined
 HealthCounter for 1baptiste: Object
 HealthCounter: Showing normal HP 3 for 1baptiste
 ZaryaTokenOverlay: Card 1baptiste has Zarya token: undefined
 HealthCounter for 1baptiste: Object
 HealthCounter: Showing normal HP 3 for 1baptiste
 ZaryaTokenOverlay: Card 1baptiste has Zarya token: undefined
 HealthCounter for 1baptiste: Object
 HealthCounter: Showing normal HP 3 for 1baptiste
 ZaryaTokenOverlay: Card 1baptiste has Zarya token: undefined
 HealthCounter for 1baptiste: Object
 HealthCounter: Showing normal HP 3 for 1baptiste
 ZaryaTokenOverlay: Card 1baptiste has Zarya token: undefined
 HealthCounter for 1baptiste: Object
 HealthCounter: Showing normal HP 3 for 1baptiste
 ZaryaTokenOverlay: Card 1baptiste has Zarya token: undefined
 HealthCounter for 1baptiste: Object
 HealthCounter: Showing normal HP 3 for 1baptiste
 ZaryaTokenOverlay: Card 1baptiste has Zarya token: undefined
 HealthCounter for 1baptiste: Object
 HealthCounter: Showing normal HP 3 for 1baptiste
 ZaryaTokenOverlay: Card 1baptiste has Zarya token: undefined
 HealthCounter for 1baptiste: Object
 HealthCounter: Showing normal HP 3 for 1baptiste
 ZaryaTokenOverlay: Card 1baptiste has Zarya token: undefined
 HealthCounter for 1baptiste: Object
 HealthCounter: Showing normal HP 3 for 1baptiste
 ZaryaTokenOverlay: Card 1baptiste has Zarya token: undefined
 HealthCounter for 1baptiste: Object
 HealthCounter: Showing normal HP 3 for 1baptiste
 ZaryaTokenOverlay: Card 1baptiste has Zarya token: undefined
 Attempting to play placement sound...
 Placement audio source: /owcardgame/static/media/placement.445605f26d71501234a7.mp3
 Created placement audio object: 
 Playing baptiste enter sound...
 HealthCounter for 1wreckingball: Object
 HealthCounter: Showing normal HP 3 for 1wreckingball
 ZaryaTokenOverlay: Card 1wreckingball has Zarya token: undefined
 HealthCounter for 1bastion: Object
 HealthCounter: Showing normal HP 4 for 1bastion
 ZaryaTokenOverlay: Card 1bastion has Zarya token: undefined
 HealthCounter for 1mei: Object
 HealthCounter: Showing normal HP 4 for 1mei
 ZaryaTokenOverlay: Card 1mei has Zarya token: undefined
 HealthCounter for 1hanzo: Object
 HealthCounter: Showing normal HP 4 for 1hanzo
 ZaryaTokenOverlay: Card 1hanzo has Zarya token: undefined
 ZaryaTokenOverlay: Card 1baptiste has Zarya token: undefined
 HealthCounter for 1echo: Object
 HealthCounter: Showing normal HP 4 for 1echo
 ZaryaTokenOverlay: Card 1echo has Zarya token: undefined
 HealthCounter for 2zarya: Object
 HealthCounter: Showing normal HP 4 for 2zarya
 ZaryaTokenOverlay: Card 2zarya has Zarya token: Object
 ZaryaTokenOverlay: Token amount: 3, type: zarya-shield, hero: zarya
 HealthCounter for 2junkrat: Object
 HealthCounter: Showing normal HP 3 for 2junkrat
 ZaryaTokenOverlay: Card 2junkrat has Zarya token: undefined
 TurnEffectsRunner: useEffect triggered Object
 TurnEffectsRunner: Turn change check Object
 HealthCounter for 1wreckingball: Object
 HealthCounter: Showing normal HP 3 for 1wreckingball
 ZaryaTokenOverlay: Card 1wreckingball has Zarya token: undefined
 HealthCounter for 1bastion: Object
 HealthCounter: Showing normal HP 4 for 1bastion
 ZaryaTokenOverlay: Card 1bastion has Zarya token: undefined
 HealthCounter for 1mei: Object
 HealthCounter: Showing normal HP 4 for 1mei
 ZaryaTokenOverlay: Card 1mei has Zarya token: undefined
 HealthCounter for 1hanzo: Object
 HealthCounter: Showing normal HP 4 for 1hanzo
 ZaryaTokenOverlay: Card 1hanzo has Zarya token: undefined
 HealthCounter for 1baptiste: Object
 HealthCounter: Showing normal HP 3 for 1baptiste
 ZaryaTokenOverlay: Card 1baptiste has Zarya token: undefined
 HealthCounter for 1echo: Object
 HealthCounter: Showing normal HP 4 for 1echo
 ZaryaTokenOverlay: Card 1echo has Zarya token: undefined
 HealthCounter for 2zarya: Object
 HealthCounter: Showing normal HP 4 for 2zarya
 ZaryaTokenOverlay: Card 2zarya has Zarya token: Object
 ZaryaTokenOverlay: Token amount: 3, type: zarya-shield, hero: zarya
 HealthCounter for 2junkrat: Object
 HealthCounter: Showing normal HP 3 for 2junkrat
 ZaryaTokenOverlay: Card 2junkrat has Zarya token: undefined
 TurnEffectsRunner: useEffect triggered Object
 TurnEffectsRunner: Turn change check Object
 HealthCounter for 1wreckingball: Object
 HealthCounter: Showing normal HP 3 for 1wreckingball
 ZaryaTokenOverlay: Card 1wreckingball has Zarya token: undefined
 HealthCounter for 1bastion: Object
 HealthCounter: Showing normal HP 4 for 1bastion
 ZaryaTokenOverlay: Card 1bastion has Zarya token: undefined
 HealthCounter for 1mei: Object
 HealthCounter: Showing normal HP 4 for 1mei
 ZaryaTokenOverlay: Card 1mei has Zarya token: undefined
 HealthCounter for 1hanzo: Object
 HealthCounter: Showing normal HP 4 for 1hanzo
 ZaryaTokenOverlay: Card 1hanzo has Zarya token: undefined
 HealthCounter for 1baptiste: Object
 HealthCounter: Showing normal HP 3 for 1baptiste
 ZaryaTokenOverlay: Card 1baptiste has Zarya token: undefined
 HealthCounter for 1echo: Object
 HealthCounter: Showing normal HP 4 for 1echo
 ZaryaTokenOverlay: Card 1echo has Zarya token: undefined
 HealthCounter for 2zarya: Object
 HealthCounter: Showing normal HP 4 for 2zarya
 ZaryaTokenOverlay: Card 2zarya has Zarya token: Object
 ZaryaTokenOverlay: Token amount: 3, type: zarya-shield, hero: zarya
 HealthCounter for 2junkrat: Object
 HealthCounter: Showing normal HP 3 for 2junkrat
 ZaryaTokenOverlay: Card 2junkrat has Zarya token: undefined
 Placement sound played successfully
 baptiste enter sound played successfully
 HealthCounter for 1wreckingball: Object
 HealthCounter: Showing normal HP 3 for 1wreckingball
 ZaryaTokenOverlay: Card 1wreckingball has Zarya token: undefined
 HealthCounter for 1bastion: Object
 HealthCounter: Showing normal HP 4 for 1bastion
 ZaryaTokenOverlay: Card 1bastion has Zarya token: undefined
 HealthCounter for 1mei: Object
 HealthCounter: Showing normal HP 4 for 1mei
 ZaryaTokenOverlay: Card 1mei has Zarya token: undefined
 HealthCounter for 1hanzo: Object
 HealthCounter: Showing normal HP 4 for 1hanzo
 ZaryaTokenOverlay: Card 1hanzo has Zarya token: undefined
 HealthCounter for 1baptiste: Object
 HealthCounter: Showing normal HP 3 for 1baptiste
 ZaryaTokenOverlay: Card 1baptiste has Zarya token: undefined
 HealthCounter for 1echo: Object
 HealthCounter: Showing normal HP 4 for 1echo
 ZaryaTokenOverlay: Card 1echo has Zarya token: undefined
 HealthCounter for 2zarya: Object
 HealthCounter: Showing normal HP 4 for 2zarya
 ZaryaTokenOverlay: Card 2zarya has Zarya token: Object
 ZaryaTokenOverlay: Token amount: 3, type: zarya-shield, hero: zarya
 HealthCounter for 2junkrat: Object
 HealthCounter: Showing normal HP 3 for 2junkrat
 ZaryaTokenOverlay: Card 2junkrat has Zarya token: undefined
 HealthCounter for 1baptiste: Object
 HealthCounter: Showing normal HP 3 for 1baptiste
 ZaryaTokenOverlay: Card 1baptiste has Zarya token: undefined
 HealthCounter for 1echo: Object
 HealthCounter: Showing normal HP 4 for 1echo
 ZaryaTokenOverlay: Card 1echo has Zarya token: undefined
 HealthCounter for 2zarya: Object
 HealthCounter: Showing normal HP 4 for 2zarya
 ZaryaTokenOverlay: Card 2zarya has Zarya token: Object
 ZaryaTokenOverlay: Token amount: 3, type: zarya-shield, hero: zarya
 HealthCounter for 2junkrat: Object
 HealthCounter: Showing normal HP 3 for 2junkrat
 ZaryaTokenOverlay: Card 2junkrat has Zarya token: undefined
 HealthCounter for 2pharah: Object
 HealthCounter: Showing normal HP 4 for 2pharah
 ZaryaTokenOverlay: Card 2pharah has Zarya token: undefined
 HealthCounter for 2moira: Object
 HealthCounter: Showing normal HP 3 for 2moira
 ZaryaTokenOverlay: Card 2moira has Zarya token: undefined
 HealthCounter for 2zenyatta: Object
 HealthCounter: Showing normal HP 2 for 2zenyatta
 ZaryaTokenOverlay: Card 2zenyatta has Zarya token: undefined
 Player 2 drew mei
 Playing mei intro sound...
 TurnEffectsRunner: useEffect triggered Object
 TurnEffectsRunner: Turn change check Object
 TurnEffectsRunner: Turn changed, processing effects
 Lifeweaver: Starting temporary HP cleanup for player 2
 Lifeweaver: No temporary HP effects found to clean up for player 2
 Lifeweaver: Temporary HP cleanup completed
 TurnEffectsRunner: Checking row 2b with 0 ally effects and 0 enemy effects
 TurnEffectsRunner: Processing Zenyatta token effects for player 2
 Zenyatta processTurnEffects called for player 2
 TurnEffectsRunner: Checking row 2m with 0 ally effects and 0 enemy effects
 TurnEffectsRunner: Checking row 2f with 0 ally effects and 0 enemy effects
 HealthCounter for 1baptiste: Object
 HealthCounter: Showing normal HP 3 for 1baptiste
 ZaryaTokenOverlay: Card 1baptiste has Zarya token: undefined
 HealthCounter for 1echo: Object
 HealthCounter: Showing normal HP 4 for 1echo
 ZaryaTokenOverlay: Card 1echo has Zarya token: undefined
 HealthCounter for 2zarya: Object
 HealthCounter: Showing normal HP 4 for 2zarya
 ZaryaTokenOverlay: Card 2zarya has Zarya token: Object
 ZaryaTokenOverlay: Token amount: 3, type: zarya-shield, hero: zarya
 HealthCounter for 2junkrat: Object
 HealthCounter: Showing normal HP 3 for 2junkrat
 ZaryaTokenOverlay: Card 2junkrat has Zarya token: undefined
 HealthCounter for 2pharah: Object
 HealthCounter: Showing normal HP 4 for 2pharah
 ZaryaTokenOverlay: Card 2pharah has Zarya token: undefined
 HealthCounter for 2moira: Object
 HealthCounter: Showing normal HP 3 for 2moira
 ZaryaTokenOverlay: Card 2moira has Zarya token: undefined
 HealthCounter for 2zenyatta: Object
 HealthCounter: Showing normal HP 2 for 2zenyatta
 ZaryaTokenOverlay: Card 2zenyatta has Zarya token: undefined
 ZaryaTokenOverlay: Card 2mei has Zarya token: undefined
 TurnEffectsRunner: useEffect triggered Object
 TurnEffectsRunner: Turn change check Object
 HealthCounter for 1baptiste: Object
 HealthCounter: Showing normal HP 3 for 1baptiste
 ZaryaTokenOverlay: Card 1baptiste has Zarya token: undefined
 HealthCounter for 1echo: Object
 HealthCounter: Showing normal HP 4 for 1echo
 ZaryaTokenOverlay: Card 1echo has Zarya token: undefined
 HealthCounter for 2zarya: Object
 HealthCounter: Showing normal HP 4 for 2zarya
 ZaryaTokenOverlay: Card 2zarya has Zarya token: Object
 ZaryaTokenOverlay: Token amount: 3, type: zarya-shield, hero: zarya
 HealthCounter for 2junkrat: Object
 HealthCounter: Showing normal HP 3 for 2junkrat
 ZaryaTokenOverlay: Card 2junkrat has Zarya token: undefined
 HealthCounter for 2pharah: Object
 HealthCounter: Showing normal HP 4 for 2pharah
 ZaryaTokenOverlay: Card 2pharah has Zarya token: undefined
 HealthCounter for 2moira: Object
 HealthCounter: Showing normal HP 3 for 2moira
 ZaryaTokenOverlay: Card 2moira has Zarya token: undefined
 HealthCounter for 2zenyatta: Object
 HealthCounter: Showing normal HP 2 for 2zenyatta
 ZaryaTokenOverlay: Card 2zenyatta has Zarya token: undefined
 HealthCounter for 2mei: Object
 HealthCounter: Showing normal HP 4 for 2mei
 ZaryaTokenOverlay: Card 2mei has Zarya token: undefined
 mei intro sound played successfully
 HealthCounter for 1baptiste: Object
 HealthCounter: Showing normal HP 3 for 1baptiste
 ZaryaTokenOverlay: Card 1baptiste has Zarya token: undefined
 HealthCounter for 1echo: Object
 HealthCounter: Showing normal HP 4 for 1echo
 ZaryaTokenOverlay: Card 1echo has Zarya token: undefined
 HealthCounter for 2zarya: Object
 HealthCounter: Showing normal HP 4 for 2zarya
 ZaryaTokenOverlay: Card 2zarya has Zarya token: Object
 ZaryaTokenOverlay: Token amount: 3, type: zarya-shield, hero: zarya
 HealthCounter for 2junkrat: Object
 HealthCounter: Showing normal HP 3 for 2junkrat
 ZaryaTokenOverlay: Card 2junkrat has Zarya token: undefined
 HealthCounter for 2pharah: Object
 HealthCounter: Showing normal HP 4 for 2pharah
 ZaryaTokenOverlay: Card 2pharah has Zarya token: undefined
 HealthCounter for 2moira: Object
 HealthCounter: Showing normal HP 3 for 2moira
 ZaryaTokenOverlay: Card 2moira has Zarya token: undefined
 HealthCounter for 2zenyatta: Object
 HealthCounter: Showing normal HP 2 for 2zenyatta
 ZaryaTokenOverlay: Card 2zenyatta has Zarya token: undefined
 HealthCounter for 2mei: Object
 HealthCounter: Showing normal HP 4 for 2mei
 ZaryaTokenOverlay: Card 2mei has Zarya token: undefined
 Object
 HealthCounter for 2zenyatta: Object
 HealthCounter: Showing normal HP 2 for 2zenyatta
 ZaryaTokenOverlay: Card 2zenyatta has Zarya token: undefined
 HealthCounter for 2zenyatta: Object
 HealthCounter: Showing normal HP 2 for 2zenyatta
 ZaryaTokenOverlay: Card 2zenyatta has Zarya token: undefined
 HealthCounter for 2zenyatta: Object
 HealthCounter: Showing normal HP 2 for 2zenyatta
 ZaryaTokenOverlay: Card 2zenyatta has Zarya token: undefined
 HealthCounter for 2zenyatta: Object
 HealthCounter: Showing normal HP 2 for 2zenyatta
 ZaryaTokenOverlay: Card 2zenyatta has Zarya token: undefined
 HealthCounter for 2zenyatta: Object
 HealthCounter: Showing normal HP 2 for 2zenyatta
 ZaryaTokenOverlay: Card 2zenyatta has Zarya token: undefined
 HealthCounter for 2zenyatta: Object
 HealthCounter: Showing normal HP 2 for 2zenyatta
 ZaryaTokenOverlay: Card 2zenyatta has Zarya token: undefined
 HealthCounter for 2zenyatta: Object
 HealthCounter: Showing normal HP 2 for 2zenyatta
 ZaryaTokenOverlay: Card 2zenyatta has Zarya token: undefined
 HealthCounter for 2zenyatta: Object
 HealthCounter: Showing normal HP 2 for 2zenyatta
 ZaryaTokenOverlay: Card 2zenyatta has Zarya token: undefined
 HealthCounter for 2zenyatta: Object
 HealthCounter: Showing normal HP 2 for 2zenyatta
 ZaryaTokenOverlay: Card 2zenyatta has Zarya token: undefined
 HealthCounter for 2zenyatta: Object
 HealthCounter: Showing normal HP 2 for 2zenyatta
 ZaryaTokenOverlay: Card 2zenyatta has Zarya token: undefined
 HealthCounter for 2zenyatta: Object
 HealthCounter: Showing normal HP 2 for 2zenyatta
 ZaryaTokenOverlay: Card 2zenyatta has Zarya token: undefined
 HealthCounter for 2zenyatta: Object
 HealthCounter: Showing normal HP 2 for 2zenyatta
 ZaryaTokenOverlay: Card 2zenyatta has Zarya token: undefined
 HealthCounter for 2zenyatta: Object
 HealthCounter: Showing normal HP 2 for 2zenyatta
 ZaryaTokenOverlay: Card 2zenyatta has Zarya token: undefined
 HealthCounter for 2zenyatta: Object
 HealthCounter: Showing normal HP 2 for 2zenyatta
 ZaryaTokenOverlay: Card 2zenyatta has Zarya token: undefined
 HealthCounter for 2zenyatta: Object
 HealthCounter: Showing normal HP 2 for 2zenyatta
 ZaryaTokenOverlay: Card 2zenyatta has Zarya token: undefined
 HealthCounter for 2zenyatta: Object
 HealthCounter: Showing normal HP 2 for 2zenyatta
 ZaryaTokenOverlay: Card 2zenyatta has Zarya token: undefined
 HealthCounter for 2zenyatta: Object
 HealthCounter: Showing normal HP 2 for 2zenyatta
 ZaryaTokenOverlay: Card 2zenyatta has Zarya token: undefined
 HealthCounter for 2zenyatta: Object
 HealthCounter: Showing normal HP 2 for 2zenyatta
 ZaryaTokenOverlay: Card 2zenyatta has Zarya token: undefined
 HealthCounter for 2zenyatta: Object
 HealthCounter: Showing normal HP 2 for 2zenyatta
 ZaryaTokenOverlay: Card 2zenyatta has Zarya token: undefined
 HealthCounter for 2zenyatta: Object
 HealthCounter: Showing normal HP 2 for 2zenyatta
 ZaryaTokenOverlay: Card 2zenyatta has Zarya token: undefined
 HealthCounter for 2zenyatta: Object
 HealthCounter: Showing normal HP 2 for 2zenyatta
 ZaryaTokenOverlay: Card 2zenyatta has Zarya token: undefined
 HealthCounter for 2zenyatta: Object
 HealthCounter: Showing normal HP 2 for 2zenyatta
 ZaryaTokenOverlay: Card 2zenyatta has Zarya token: undefined
 HealthCounter for 2zenyatta: Object
 HealthCounter: Showing normal HP 2 for 2zenyatta
 ZaryaTokenOverlay: Card 2zenyatta has Zarya token: undefined
 HealthCounter for 2pharah: Object
 HealthCounter: Showing normal HP 4 for 2pharah
 ZaryaTokenOverlay: Card 2pharah has Zarya token: undefined
 HealthCounter for 2moira: Object
 HealthCounter: Showing normal HP 3 for 2moira
 ZaryaTokenOverlay: Card 2moira has Zarya token: undefined
 HealthCounter for 2zenyatta: Object
 HealthCounter: Showing normal HP 2 for 2zenyatta
 ZaryaTokenOverlay: Card 2zenyatta has Zarya token: undefined
 HealthCounter for 2mei: Object
 HealthCounter: Showing normal HP 4 for 2mei
 ZaryaTokenOverlay: Card 2mei has Zarya token: undefined
 HealthCounter for 2zenyatta: Object
 HealthCounter: Showing normal HP 2 for 2zenyatta
 ZaryaTokenOverlay: Card 2zenyatta has Zarya token: undefined
 HealthCounter for 2zenyatta: Object
 HealthCounter: Showing normal HP 2 for 2zenyatta
 ZaryaTokenOverlay: Card 2zenyatta has Zarya token: undefined
 HealthCounter for 2zenyatta: Object
 HealthCounter: Showing normal HP 2 for 2zenyatta
 ZaryaTokenOverlay: Card 2zenyatta has Zarya token: undefined
 HealthCounter for 2zenyatta: Object
 HealthCounter: Showing normal HP 2 for 2zenyatta
 ZaryaTokenOverlay: Card 2zenyatta has Zarya token: undefined
 HealthCounter for 2zenyatta: Object
 HealthCounter: Showing normal HP 2 for 2zenyatta
 ZaryaTokenOverlay: Card 2zenyatta has Zarya token: undefined
 HealthCounter for 2zenyatta: Object
 HealthCounter: Showing normal HP 2 for 2zenyatta
 ZaryaTokenOverlay: Card 2zenyatta has Zarya token: undefined
 HealthCounter for 2zenyatta: Object
 HealthCounter: Showing normal HP 2 for 2zenyatta
 ZaryaTokenOverlay: Card 2zenyatta has Zarya token: undefined
 HealthCounter for 2zenyatta: Object
 HealthCounter: Showing normal HP 2 for 2zenyatta
 ZaryaTokenOverlay: Card 2zenyatta has Zarya token: undefined
 HealthCounter for 2zenyatta: Object
 HealthCounter: Showing normal HP 2 for 2zenyatta
 ZaryaTokenOverlay: Card 2zenyatta has Zarya token: undefined
 HealthCounter for 2zenyatta: Object
 HealthCounter: Showing normal HP 2 for 2zenyatta
 ZaryaTokenOverlay: Card 2zenyatta has Zarya token: undefined
 HealthCounter for 2zenyatta: Object
 HealthCounter: Showing normal HP 2 for 2zenyatta
 ZaryaTokenOverlay: Card 2zenyatta has Zarya token: undefined
 HealthCounter for 2zenyatta: Object
 HealthCounter: Showing normal HP 2 for 2zenyatta
 ZaryaTokenOverlay: Card 2zenyatta has Zarya token: undefined
 HealthCounter for 2zenyatta: Object
 HealthCounter: Showing normal HP 2 for 2zenyatta
 ZaryaTokenOverlay: Card 2zenyatta has Zarya token: undefined
 HealthCounter for 2zenyatta: Object
 HealthCounter: Showing normal HP 2 for 2zenyatta
 ZaryaTokenOverlay: Card 2zenyatta has Zarya token: undefined
 HealthCounter for 2zenyatta: Object
 HealthCounter: Showing normal HP 2 for 2zenyatta
 ZaryaTokenOverlay: Card 2zenyatta has Zarya token: undefined
 HealthCounter for 2zenyatta: Object
 HealthCounter: Showing normal HP 2 for 2zenyatta
 ZaryaTokenOverlay: Card 2zenyatta has Zarya token: undefined
 HealthCounter for 2zenyatta: Object
 HealthCounter: Showing normal HP 2 for 2zenyatta
 ZaryaTokenOverlay: Card 2zenyatta has Zarya token: undefined
 HealthCounter for 2zenyatta: Object
 HealthCounter: Showing normal HP 2 for 2zenyatta
 ZaryaTokenOverlay: Card 2zenyatta has Zarya token: undefined
 HealthCounter for 2zenyatta: Object
 HealthCounter: Showing normal HP 2 for 2zenyatta
 ZaryaTokenOverlay: Card 2zenyatta has Zarya token: undefined
 HealthCounter for 2zenyatta: Object
 HealthCounter: Showing normal HP 2 for 2zenyatta
 ZaryaTokenOverlay: Card 2zenyatta has Zarya token: undefined
 HealthCounter for 2zenyatta: Object
 HealthCounter: Showing normal HP 2 for 2zenyatta
 ZaryaTokenOverlay: Card 2zenyatta has Zarya token: undefined
 HealthCounter for 2zenyatta: Object
 HealthCounter: Showing normal HP 2 for 2zenyatta
 ZaryaTokenOverlay: Card 2zenyatta has Zarya token: undefined
 HealthCounter for 2zenyatta: Object
 HealthCounter: Showing normal HP 2 for 2zenyatta
 ZaryaTokenOverlay: Card 2zenyatta has Zarya token: undefined
 HealthCounter for 2zenyatta: Object
 HealthCounter: Showing normal HP 2 for 2zenyatta
 ZaryaTokenOverlay: Card 2zenyatta has Zarya token: undefined
 HealthCounter for 2zenyatta: Object
 HealthCounter: Showing normal HP 2 for 2zenyatta
 ZaryaTokenOverlay: Card 2zenyatta has Zarya token: undefined
 HealthCounter for 2zenyatta: Object
 HealthCounter: Showing normal HP 2 for 2zenyatta
 ZaryaTokenOverlay: Card 2zenyatta has Zarya token: undefined
 Attempting to play placement sound...
 Placement audio source: /owcardgame/static/media/placement.445605f26d71501234a7.mp3
 Created placement audio object: 
 Playing zenyatta enter sound...
 HealthCounter for 1baptiste: Object
 HealthCounter: Showing normal HP 3 for 1baptiste
 ZaryaTokenOverlay: Card 1baptiste has Zarya token: undefined
 HealthCounter for 1echo: Object
 HealthCounter: Showing normal HP 4 for 1echo
 ZaryaTokenOverlay: Card 1echo has Zarya token: undefined
 HealthCounter for 2zarya: Object
 HealthCounter: Showing normal HP 4 for 2zarya
 ZaryaTokenOverlay: Card 2zarya has Zarya token: Object
 ZaryaTokenOverlay: Token amount: 3, type: zarya-shield, hero: zarya
 HealthCounter for 2junkrat: Object
 HealthCounter: Showing normal HP 3 for 2junkrat
 ZaryaTokenOverlay: Card 2junkrat has Zarya token: undefined
 ZaryaTokenOverlay: Card 2zenyatta has Zarya token: undefined
 HealthCounter for 2pharah: Object
 HealthCounter: Showing normal HP 4 for 2pharah
 ZaryaTokenOverlay: Card 2pharah has Zarya token: undefined
 HealthCounter for 2moira: Object
 HealthCounter: Showing normal HP 3 for 2moira
 ZaryaTokenOverlay: Card 2moira has Zarya token: undefined
 HealthCounter for 2mei: Object
 HealthCounter: Showing normal HP 4 for 2mei
 ZaryaTokenOverlay: Card 2mei has Zarya token: undefined
 TurnEffectsRunner: useEffect triggered Object
 TurnEffectsRunner: Turn change check Object
 HealthCounter for 1baptiste: Object
 HealthCounter: Showing normal HP 3 for 1baptiste
 ZaryaTokenOverlay: Card 1baptiste has Zarya token: undefined
 HealthCounter for 1echo: Object
 HealthCounter: Showing normal HP 4 for 1echo
 ZaryaTokenOverlay: Card 1echo has Zarya token: undefined
 HealthCounter for 2zarya: Object
 HealthCounter: Showing normal HP 4 for 2zarya
 ZaryaTokenOverlay: Card 2zarya has Zarya token: Object
ZaryaTokenOverlay.js:22 ZaryaTokenOverlay: Token amount: 3, type: zarya-shield, hero: zarya
HealthCounter.js:6 HealthCounter for 2junkrat: Object
HealthCounter.js:25 HealthCounter: Showing normal HP 3 for 2junkrat
ZaryaTokenOverlay.js:20 ZaryaTokenOverlay: Card 2junkrat has Zarya token: undefined
HealthCounter.js:6 HealthCounter for 2zenyatta: Object
HealthCounter.js:25 HealthCounter: Showing normal HP 2 for 2zenyatta
ZaryaTokenOverlay.js:20 ZaryaTokenOverlay: Card 2zenyatta has Zarya token: undefined
HealthCounter.js:6 HealthCounter for 2pharah: Object
HealthCounter.js:25 HealthCounter: Showing normal HP 4 for 2pharah
ZaryaTokenOverlay.js:20 ZaryaTokenOverlay: Card 2pharah has Zarya token: undefined
HealthCounter.js:6 HealthCounter for 2moira: Object
HealthCounter.js:25 HealthCounter: Showing normal HP 3 for 2moira
ZaryaTokenOverlay.js:20 ZaryaTokenOverlay: Card 2moira has Zarya token: undefined
HealthCounter.js:6 HealthCounter for 2mei: Object
HealthCounter.js:25 HealthCounter: Showing normal HP 4 for 2mei
ZaryaTokenOverlay.js:20 ZaryaTokenOverlay: Card 2mei has Zarya token: undefined
TurnEffectsRunner.js:16 TurnEffectsRunner: useEffect triggered Object
TurnEffectsRunner.js:27 TurnEffectsRunner: Turn change check Object
HealthCounter.js:6 HealthCounter for 1baptiste: Object
HealthCounter.js:25 HealthCounter: Showing normal HP 3 for 1baptiste
ZaryaTokenOverlay.js:20 ZaryaTokenOverlay: Card 1baptiste has Zarya token: undefined
HealthCounter.js:6 HealthCounter for 1echo: Object
HealthCounter.js:25 HealthCounter: Showing normal HP 4 for 1echo
ZaryaTokenOverlay.js:20 ZaryaTokenOverlay: Card 1echo has Zarya token: undefined
HealthCounter.js:6 HealthCounter for 2zarya: Object
HealthCounter.js:25 HealthCounter: Showing normal HP 4 for 2zarya
ZaryaTokenOverlay.js:20 ZaryaTokenOverlay: Card 2zarya has Zarya token: Object
ZaryaTokenOverlay.js:22 ZaryaTokenOverlay: Token amount: 3, type: zarya-shield, hero: zarya
HealthCounter.js:6 HealthCounter for 2junkrat: Object
HealthCounter.js:25 HealthCounter: Showing normal HP 3 for 2junkrat
ZaryaTokenOverlay.js:20 ZaryaTokenOverlay: Card 2junkrat has Zarya token: undefined
HealthCounter.js:6 HealthCounter for 2zenyatta: Object
HealthCounter.js:25 HealthCounter: Showing normal HP 2 for 2zenyatta
ZaryaTokenOverlay.js:20 ZaryaTokenOverlay: Card 2zenyatta has Zarya token: undefined
HealthCounter.js:6 HealthCounter for 2pharah: Object
HealthCounter.js:25 HealthCounter: Showing normal HP 4 for 2pharah
ZaryaTokenOverlay.js:20 ZaryaTokenOverlay: Card 2pharah has Zarya token: undefined
HealthCounter.js:6 HealthCounter for 2moira: Object
HealthCounter.js:25 HealthCounter: Showing normal HP 3 for 2moira
ZaryaTokenOverlay.js:20 ZaryaTokenOverlay: Card 2moira has Zarya token: undefined
HealthCounter.js:6 HealthCounter for 2mei: Object
HealthCounter.js:25 HealthCounter: Showing normal HP 4 for 2mei
ZaryaTokenOverlay.js:20 ZaryaTokenOverlay: Card 2mei has Zarya token: undefined
App.js:2401 Placement sound played successfully
App.js:2416 zenyatta enter sound played successfully
