 Download the React DevTools for a better development experience: https://reactjs.org/link/react-devtools
 Warning: Connect(Droppable): Support for defaultProps will be removed from memo components in a future major release. Use JavaScript default parameters instead.
    at div
    at CardDisplay (http://localhost:3000/owcardgame/static/js/bundle.js:97641:56)
    at div
    at div
    at PlayerArea (http://localhost:3000/owcardgame/static/js/bundle.js:98143:56)
    at div
    at PlayerHalf (http://localhost:3000/owcardgame/static/js/bundle.js:98719:56)
    at Provider (http://localhost:3000/owcardgame/static/js/bundle.js:66820:20)
    at App (http://localhost:3000/owcardgame/static/js/bundle.js:39202:25)
    at ErrorBoundary (http://localhost:3000/owcardgame/static/js/bundle.js:33415:35)
    at DragDropContext (http://localhost:3000/owcardgame/static/js/bundle.js:39326:19)
    at div
    at div
    at App (http://localhost:3000/owcardgame/static/js/bundle.js:78220:82)
printWarning @ bundle.js:40757
 CardDisplay mounted with droppableId: player1hand rowId: player1hand
 CardDisplay mounted with droppableId: 1b rowId: 1b
 CardDisplay mounted with droppableId: 1m rowId: 1m
 CardDisplay mounted with droppableId: 1f rowId: 1f
 CardDisplay mounted with droppableId: 2f rowId: 2f
 CardDisplay mounted with droppableId: 2m rowId: 2m
 CardDisplay mounted with droppableId: 2b rowId: 2b
 CardDisplay mounted with droppableId: player2hand rowId: player2hand
 TurnEffectsRunner: useEffect triggered Object
 TurnEffectsRunner: Turn change check Object
 TurnEffectsRunner: useEffect triggered Object
 TurnEffectsRunner: Turn change check Object
 HealthCounter for 1tracer: Object
 HealthCounter: Showing normal HP 3 for 1tracer
 HealthCounter for 1ramattra: Object
 HealthCounter: Showing normal HP 4 for 1ramattra
 HealthCounter for 1baptiste: Object
 HealthCounter: Showing normal HP 3 for 1baptiste
 HealthCounter for 1junkrat: Object
 HealthCounter: Showing normal HP 3 for 1junkrat
 HealthCounter for 1tracer: Object
 HealthCounter: Showing normal HP 3 for 1tracer
 HealthCounter for 1ramattra: Object
 HealthCounter: Showing normal HP 4 for 1ramattra
 HealthCounter for 1baptiste: Object
 HealthCounter: Showing normal HP 3 for 1baptiste
 HealthCounter for 1junkrat: Object
 HealthCounter: Showing normal HP 3 for 1junkrat
 Object
 HealthCounter for 1tracer: Object
 HealthCounter: Showing normal HP 3 for 1tracer
 HealthCounter for 1tracer: Object
 HealthCounter: Showing normal HP 3 for 1tracer
 HealthCounter for 1tracer: Object
 HealthCounter: Showing normal HP 3 for 1tracer
 HealthCounter for 1tracer: Object
 HealthCounter: Showing normal HP 3 for 1tracer
 HealthCounter for 1tracer: Object
 HealthCounter: Showing normal HP 3 for 1tracer
 HealthCounter for 1tracer: Object
 HealthCounter: Showing normal HP 3 for 1tracer
 HealthCounter for 1ramattra: Object
 HealthCounter: Showing normal HP 4 for 1ramattra
 HealthCounter for 1baptiste: Object
 HealthCounter: Showing normal HP 3 for 1baptiste
 HealthCounter for 1junkrat: Object
 HealthCounter: Showing normal HP 3 for 1junkrat
 HealthCounter for 1tracer: Object
 HealthCounter: Showing normal HP 3 for 1tracer
 HealthCounter for 1tracer: Object
 HealthCounter: Showing normal HP 3 for 1tracer
 HealthCounter for 1tracer: Object
 HealthCounter: Showing normal HP 3 for 1tracer
 HealthCounter for 1tracer: Object
 HealthCounter: Showing normal HP 3 for 1tracer
 HealthCounter for 1tracer: Object
 HealthCounter: Showing normal HP 3 for 1tracer
 HealthCounter for 1tracer: Object
 HealthCounter: Showing normal HP 3 for 1tracer
 HealthCounter for 1tracer: Object
 HealthCounter: Showing normal HP 3 for 1tracer
 HealthCounter for 1tracer: Object
 HealthCounter: Showing normal HP 3 for 1tracer
 HealthCounter for 1tracer: Object
 HealthCounter: Showing normal HP 3 for 1tracer
 HealthCounter for 1tracer: Object
 HealthCounter: Showing normal HP 3 for 1tracer
 HealthCounter for 1tracer: Object
 HealthCounter: Showing normal HP 3 for 1tracer
 HealthCounter for 1tracer: Object
 HealthCounter: Showing normal HP 3 for 1tracer
 HealthCounter for 1ramattra: Object
 HealthCounter: Showing normal HP 4 for 1ramattra
 HealthCounter for 1baptiste: Object
 HealthCounter: Showing normal HP 3 for 1baptiste
 HealthCounter for 1junkrat: Object
 HealthCounter: Showing normal HP 3 for 1junkrat
 HealthCounter for 1tracer: Object
 HealthCounter: Showing normal HP 3 for 1tracer
 HealthCounter for 1tracer: Object
 HealthCounter: Showing normal HP 3 for 1tracer
 HealthCounter for 1tracer: Object
 HealthCounter: Showing normal HP 3 for 1tracer
 HealthCounter for 1ramattra: Object
 HealthCounter: Showing normal HP 4 for 1ramattra
 HealthCounter for 1baptiste: Object
 HealthCounter: Showing normal HP 3 for 1baptiste
 HealthCounter for 1junkrat: Object
 HealthCounter: Showing normal HP 3 for 1junkrat
 HealthCounter for 1tracer: Object
 HealthCounter: Showing normal HP 3 for 1tracer
 HealthCounter for 1ramattra: Object
 HealthCounter: Showing normal HP 4 for 1ramattra
 HealthCounter for 1baptiste: Object
 HealthCounter: Showing normal HP 3 for 1baptiste
 HealthCounter for 1junkrat: Object
 HealthCounter: Showing normal HP 3 for 1junkrat
 HealthCounter for 1tracer: Object
 HealthCounter: Showing normal HP 3 for 1tracer
 HealthCounter for 1tracer: Object
 HealthCounter: Showing normal HP 3 for 1tracer
 HealthCounter for 1tracer: Object
 HealthCounter: Showing normal HP 3 for 1tracer
 HealthCounter for 1tracer: Object
 HealthCounter: Showing normal HP 3 for 1tracer
 HealthCounter for 1tracer: Object
 HealthCounter: Showing normal HP 3 for 1tracer
 HealthCounter for 1tracer: Object
 HealthCounter: Showing normal HP 3 for 1tracer
 HealthCounter for 1tracer: Object
 HealthCounter: Showing normal HP 3 for 1tracer
 HealthCounter for 1tracer: Object
 HealthCounter: Showing normal HP 3 for 1tracer
 HealthCounter for 1tracer: Object
 HealthCounter: Showing normal HP 3 for 1tracer
 HealthCounter for 1tracer: Object
 HealthCounter: Showing normal HP 3 for 1tracer
 HealthCounter for 1tracer: Object
 HealthCounter: Showing normal HP 3 for 1tracer
 Attempting to play placement sound...
 Placement audio source: /owcardgame/static/media/placement.445605f26d71501234a7.mp3
 Created placement audio object: 
 Playing tracer enter sound...
 MOVE_CARD reducer: Moving 1tracer from player1hand:0 to 1m:0
 MOVE_CARD reducer: Start row exists: true, Finish row exists: true
 MOVE_CARD reducer: Start row cards: [1tracer, 1ramattra, 1baptiste, 1junkrat]
 MOVE_CARD reducer: Finish row cards: [none]
 MOVE_CARD reducer: New start row cards: [1ramattra, 1baptiste, 1junkrat]
 MOVE_CARD reducer: New finish row cards: [1tracer]
 MOVE_CARD reducer: About to update state
 MOVE_CARD reducer: State updated. New finish row cards: [1tracer]
 EDIT_CARD reducer: Editing 1tracer for player 1
 EDIT_CARD reducer: Keys: [isPlayed, enteredTurn, synergy], Values: [true, 1, [object Object]]
 EDIT_CARD reducer: Target card found: true
 EDIT_CARD reducer: Before edit - isPlayed: false, enteredTurn: undefined
 EDIT_CARD reducer: Set isPlayed = true
 EDIT_CARD reducer: Set enteredTurn = 1
 EDIT_CARD reducer: Set synergy = [object Object]
 EDIT_CARD reducer: After edit - isPlayed: true, enteredTurn: 1
 HealthCounter for 1ramattra: Object
 HealthCounter: Showing normal HP 4 for 1ramattra
 HealthCounter for 1baptiste: Object
 HealthCounter: Showing normal HP 3 for 1baptiste
 HealthCounter for 1junkrat: Object
 HealthCounter: Showing normal HP 3 for 1junkrat
 TurnEffectsRunner: useEffect triggered Object
 TurnEffectsRunner: Turn change check Object
 HealthCounter for 1ramattra: Object
 HealthCounter: Showing normal HP 4 for 1ramattra
 HealthCounter for 1baptiste: Object
 HealthCounter: Showing normal HP 3 for 1baptiste
 HealthCounter for 1junkrat: Object
 HealthCounter: Showing normal HP 3 for 1junkrat
 HealthCounter for 1tracer: Object
 HealthCounter: Showing normal HP 3 for 1tracer
 TurnEffectsRunner: useEffect triggered Object
 TurnEffectsRunner: Turn change check Object
 HealthCounter for 1ramattra: Object
 HealthCounter: Showing normal HP 4 for 1ramattra
 HealthCounter for 1baptiste: Object
 HealthCounter: Showing normal HP 3 for 1baptiste
 HealthCounter for 1junkrat: Object
 HealthCounter: Showing normal HP 3 for 1junkrat
 HealthCounter for 1tracer: Object
 HealthCounter: Showing normal HP 3 for 1tracer
 HealthCounter for 1ramattra: Object
 HealthCounter: Showing normal HP 4 for 1ramattra
 HealthCounter for 1baptiste: Object
 HealthCounter: Showing normal HP 3 for 1baptiste
 HealthCounter for 1junkrat: Object
 HealthCounter: Showing normal HP 3 for 1junkrat
 HealthCounter for 1tracer: Object
 HealthCounter: Showing normal HP 3 for 1tracer
 Placement sound played successfully
 tracer enter sound played successfully
 HealthCounter for 1tracer: Object
 HealthCounter: Showing normal HP 3 for 1tracer
 HealthCounter for 2reaper: Object
 HealthCounter: Showing normal HP 4 for 2reaper
 HealthCounter for 2ramattra: Object
 HealthCounter: Showing normal HP 4 for 2ramattra
 HealthCounter for 2brigitte: Object
 HealthCounter: Showing normal HP 4 for 2brigitte
 HealthCounter for 2symmetra: Object
 HealthCounter: Showing normal HP 3 for 2symmetra
 Player 2 drew torbjorn
 Playing torbjorn intro sound...
 TurnEffectsRunner: useEffect triggered Object
 TurnEffectsRunner: Turn change check Object
 TurnEffectsRunner: Turn changed, processing effects
 Lifeweaver: Starting temporary HP cleanup for player 2
 Lifeweaver: No temporary HP effects found to clean up for player 2
 Lifeweaver: Temporary HP cleanup completed
 TurnEffectsRunner: Checking row 2b with 0 ally effects and 0 enemy effects
 TurnEffectsRunner: Checking row 2m with 0 ally effects and 0 enemy effects
 TurnEffectsRunner: Checking row 2f with 0 ally effects and 0 enemy effects
 HealthCounter for 1tracer: Object
 HealthCounter: Showing normal HP 3 for 1tracer
 HealthCounter for 2reaper: Object
 HealthCounter: Showing normal HP 4 for 2reaper
 HealthCounter for 2ramattra: Object
 HealthCounter: Showing normal HP 4 for 2ramattra
 HealthCounter for 2brigitte: Object
 HealthCounter: Showing normal HP 4 for 2brigitte
 HealthCounter for 2symmetra: Object
 HealthCounter: Showing normal HP 3 for 2symmetra
 TurnEffectsRunner: useEffect triggered Object
 TurnEffectsRunner: Turn change check Object
 HealthCounter for 1tracer: Object
 HealthCounter: Showing normal HP 3 for 1tracer
 HealthCounter for 2reaper: Object
 HealthCounter: Showing normal HP 4 for 2reaper
 HealthCounter for 2ramattra: Object
 HealthCounter: Showing normal HP 4 for 2ramattra
 HealthCounter for 2brigitte: Object
 HealthCounter: Showing normal HP 4 for 2brigitte
 HealthCounter for 2symmetra: Object
 HealthCounter: Showing normal HP 3 for 2symmetra
 HealthCounter for 2torbjorn: Object
 HealthCounter: Showing normal HP 3 for 2torbjorn
 torbjorn intro sound played successfully
 HealthCounter for 1ramattra: Object
 HealthCounter: Showing normal HP 4 for 1ramattra
 HealthCounter for 1baptiste: Object
 HealthCounter: Showing normal HP 3 for 1baptiste
 HealthCounter for 1junkrat: Object
 HealthCounter: Showing normal HP 3 for 1junkrat
 HealthCounter for 1tracer: Object
 HealthCounter: Showing normal HP 3 for 1tracer
 Player 1 drew doomfist
 Playing doomfist intro sound...
 TurnEffectsRunner: useEffect triggered Object
 TurnEffectsRunner: Turn change check Object
 TurnEffectsRunner: Turn changed, processing effects
 Lifeweaver: Starting temporary HP cleanup for player 1
 Lifeweaver: No temporary HP effects found to clean up for player 1
 Lifeweaver: Temporary HP cleanup completed
 TurnEffectsRunner: Checking row 1b with 0 ally effects and 0 enemy effects
 TurnEffectsRunner: Checking row 1m with 0 ally effects and 0 enemy effects
 TurnEffectsRunner: Checking row 1f with 0 ally effects and 0 enemy effects
 HealthCounter for 1ramattra: Object
 HealthCounter: Showing normal HP 4 for 1ramattra
 HealthCounter for 1baptiste: Object
 HealthCounter: Showing normal HP 3 for 1baptiste
 HealthCounter for 1junkrat: Object
 HealthCounter: Showing normal HP 3 for 1junkrat
 HealthCounter for 1tracer: Object
 HealthCounter: Showing normal HP 3 for 1tracer
 TurnEffectsRunner: useEffect triggered Object
 TurnEffectsRunner: Turn change check Object
 HealthCounter for 1ramattra: Object
 HealthCounter: Showing normal HP 4 for 1ramattra
 HealthCounter for 1baptiste: Object
 HealthCounter: Showing normal HP 3 for 1baptiste
 HealthCounter for 1junkrat: Object
 HealthCounter: Showing normal HP 3 for 1junkrat
 HealthCounter for 1tracer: Object
 HealthCounter: Showing normal HP 3 for 1tracer
 HealthCounter for 1doomfist: Object
 HealthCounter: Showing normal HP 4 for 1doomfist
 doomfist intro sound played successfully
 HealthCounter for 1tracer: Object
 HealthCounter: Showing normal HP 3 for 1tracer
 HealthCounter for 2reaper: Object
 HealthCounter: Showing normal HP 4 for 2reaper
 HealthCounter for 2ramattra: Object
 HealthCounter: Showing normal HP 4 for 2ramattra
 HealthCounter for 2brigitte: Object
 HealthCounter: Showing normal HP 4 for 2brigitte
 HealthCounter for 2symmetra: Object
 HealthCounter: Showing normal HP 3 for 2symmetra
 HealthCounter for 2torbjorn: Object
 HealthCounter: Showing normal HP 3 for 2torbjorn
 Player 2 drew ana
 Playing ana intro sound...
 TurnEffectsRunner: useEffect triggered Object
 TurnEffectsRunner: Turn change check Object
 TurnEffectsRunner: Turn changed, processing effects
 Lifeweaver: Starting temporary HP cleanup for player 2
 Lifeweaver: No temporary HP effects found to clean up for player 2
 Lifeweaver: Temporary HP cleanup completed
 TurnEffectsRunner: Checking row 2b with 0 ally effects and 0 enemy effects
 TurnEffectsRunner: Checking row 2m with 0 ally effects and 0 enemy effects
 TurnEffectsRunner: Checking row 2f with 0 ally effects and 0 enemy effects
 HealthCounter for 1tracer: Object
 HealthCounter: Showing normal HP 3 for 1tracer
 HealthCounter for 2reaper: Object
 HealthCounter: Showing normal HP 4 for 2reaper
 HealthCounter for 2ramattra: Object
 HealthCounter: Showing normal HP 4 for 2ramattra
 HealthCounter for 2brigitte: Object
 HealthCounter: Showing normal HP 4 for 2brigitte
 HealthCounter for 2symmetra: Object
 HealthCounter: Showing normal HP 3 for 2symmetra
 HealthCounter for 2torbjorn: Object
 HealthCounter: Showing normal HP 3 for 2torbjorn
 TurnEffectsRunner: useEffect triggered Object
 TurnEffectsRunner: Turn change check Object
 HealthCounter for 1tracer: Object
 HealthCounter: Showing normal HP 3 for 1tracer
 HealthCounter for 2reaper: Object
 HealthCounter: Showing normal HP 4 for 2reaper
 HealthCounter for 2ramattra: Object
 HealthCounter: Showing normal HP 4 for 2ramattra
 HealthCounter for 2brigitte: Object
 HealthCounter: Showing normal HP 4 for 2brigitte
 HealthCounter for 2symmetra: Object
 HealthCounter: Showing normal HP 3 for 2symmetra
 HealthCounter for 2torbjorn: Object
 HealthCounter: Showing normal HP 3 for 2torbjorn
 HealthCounter for 2ana: Object
 HealthCounter: Showing normal HP 3 for 2ana
 ana intro sound played successfully
 HealthCounter for 1ramattra: Object
 HealthCounter: Showing normal HP 4 for 1ramattra
 HealthCounter for 1baptiste: Object
 HealthCounter: Showing normal HP 3 for 1baptiste
 HealthCounter for 1junkrat: Object
 HealthCounter: Showing normal HP 3 for 1junkrat
 HealthCounter for 1doomfist: Object
 HealthCounter: Showing normal HP 4 for 1doomfist
 HealthCounter for 1tracer: Object
 HealthCounter: Showing normal HP 3 for 1tracer
 Player 1 drew widowmaker
 TurnEffectsRunner: useEffect triggered Object
 TurnEffectsRunner: Turn change check Object
 TurnEffectsRunner: Turn changed, processing effects
 Lifeweaver: Starting temporary HP cleanup for player 1
 Lifeweaver: No temporary HP effects found to clean up for player 1
 Lifeweaver: Temporary HP cleanup completed
 TurnEffectsRunner: Checking row 1b with 0 ally effects and 0 enemy effects
 TurnEffectsRunner: Checking row 1m with 0 ally effects and 0 enemy effects
 TurnEffectsRunner: Checking row 1f with 0 ally effects and 0 enemy effects
 HealthCounter for 1ramattra: Object
 HealthCounter: Showing normal HP 4 for 1ramattra
 HealthCounter for 1baptiste: Object
 HealthCounter: Showing normal HP 3 for 1baptiste
 HealthCounter for 1junkrat: Object
 HealthCounter: Showing normal HP 3 for 1junkrat
 HealthCounter for 1doomfist: Object
 HealthCounter: Showing normal HP 4 for 1doomfist
 HealthCounter for 1tracer: Object
 HealthCounter: Showing normal HP 3 for 1tracer
 TurnEffectsRunner: useEffect triggered Object
 TurnEffectsRunner: Turn change check Object
 HealthCounter for 1ramattra: Object
 HealthCounter: Showing normal HP 4 for 1ramattra
 HealthCounter for 1baptiste: Object
 HealthCounter: Showing normal HP 3 for 1baptiste
 HealthCounter for 1junkrat: Object
 HealthCounter: Showing normal HP 3 for 1junkrat
 HealthCounter for 1doomfist: Object
 HealthCounter: Showing normal HP 4 for 1doomfist
 HealthCounter for 1tracer: Object
 HealthCounter: Showing normal HP 3 for 1tracer
 HealthCounter for 1widowmaker: Object
 HealthCounter: Showing normal HP 3 for 1widowmaker
 HealthCounter for 1tracer: Object
 HealthCounter: Showing normal HP 3 for 1tracer
 HealthCounter for 2reaper: Object
 HealthCounter: Showing normal HP 4 for 2reaper
 HealthCounter for 2ramattra: Object
 HealthCounter: Showing normal HP 4 for 2ramattra
 HealthCounter for 2brigitte: Object
 HealthCounter: Showing normal HP 4 for 2brigitte
 HealthCounter for 2symmetra: Object
 HealthCounter: Showing normal HP 3 for 2symmetra
 HealthCounter for 2torbjorn: Object
 HealthCounter: Showing normal HP 3 for 2torbjorn
 HealthCounter for 2ana: Object
 HealthCounter: Showing normal HP 3 for 2ana
 TurnEffectsRunner: useEffect triggered Object
 TurnEffectsRunner: Turn change check Object
 TurnEffectsRunner: Turn changed, processing effects
 Lifeweaver: Starting temporary HP cleanup for player 2
 Lifeweaver: No temporary HP effects found to clean up for player 2
 Lifeweaver: Temporary HP cleanup completed
 TurnEffectsRunner: Checking row 2b with 0 ally effects and 0 enemy effects
 TurnEffectsRunner: Checking row 2m with 0 ally effects and 0 enemy effects
 TurnEffectsRunner: Checking row 2f with 0 ally effects and 0 enemy effects
 HealthCounter for 1tracer: Object
 HealthCounter: Showing normal HP 3 for 1tracer
 HealthCounter for 2reaper: Object
 HealthCounter: Showing normal HP 4 for 2reaper
 HealthCounter for 2ramattra: Object
 HealthCounter: Showing normal HP 4 for 2ramattra
 HealthCounter for 2brigitte: Object
 HealthCounter: Showing normal HP 4 for 2brigitte
 HealthCounter for 2symmetra: Object
 HealthCounter: Showing normal HP 3 for 2symmetra
 HealthCounter for 2torbjorn: Object
 HealthCounter: Showing normal HP 3 for 2torbjorn
 HealthCounter for 2ana: Object
 HealthCounter: Showing normal HP 3 for 2ana
 HealthCounter for 1ramattra: Object
 HealthCounter: Showing normal HP 4 for 1ramattra
 HealthCounter for 1baptiste: Object
 HealthCounter: Showing normal HP 3 for 1baptiste
 HealthCounter for 1junkrat: Object
 HealthCounter: Showing normal HP 3 for 1junkrat
 HealthCounter for 1doomfist: Object
 HealthCounter: Showing normal HP 4 for 1doomfist
 HealthCounter for 1widowmaker: Object
 HealthCounter: Showing normal HP 3 for 1widowmaker
 HealthCounter for 1tracer: Object
 HealthCounter: Showing normal HP 3 for 1tracer
 Player 1 drew mei
 Playing mei intro sound...
 TurnEffectsRunner: useEffect triggered Object
 TurnEffectsRunner: Turn change check Object
 TurnEffectsRunner: Turn changed, processing effects
 Lifeweaver: Starting temporary HP cleanup for player 1
 Lifeweaver: No temporary HP effects found to clean up for player 1
 Lifeweaver: Temporary HP cleanup completed
 TurnEffectsRunner: Checking row 1b with 0 ally effects and 0 enemy effects
 TurnEffectsRunner: Checking row 1m with 0 ally effects and 0 enemy effects
 TurnEffectsRunner: Checking row 1f with 0 ally effects and 0 enemy effects
 HealthCounter for 1ramattra: Object
 HealthCounter: Showing normal HP 4 for 1ramattra
 HealthCounter for 1baptiste: Object
 HealthCounter: Showing normal HP 3 for 1baptiste
 HealthCounter for 1junkrat: Object
 HealthCounter: Showing normal HP 3 for 1junkrat
 HealthCounter for 1doomfist: Object
 HealthCounter: Showing normal HP 4 for 1doomfist
 HealthCounter for 1widowmaker: Object
 HealthCounter: Showing normal HP 3 for 1widowmaker
 HealthCounter for 1tracer: Object
 HealthCounter: Showing normal HP 3 for 1tracer
 TurnEffectsRunner: useEffect triggered Object
 TurnEffectsRunner: Turn change check Object
 HealthCounter for 1ramattra: Object
 HealthCounter: Showing normal HP 4 for 1ramattra
 HealthCounter for 1baptiste: Object
 HealthCounter: Showing normal HP 3 for 1baptiste
 HealthCounter for 1junkrat: Object
 HealthCounter: Showing normal HP 3 for 1junkrat
 HealthCounter for 1doomfist: Object
 HealthCounter: Showing normal HP 4 for 1doomfist
 HealthCounter for 1widowmaker: Object
 HealthCounter: Showing normal HP 3 for 1widowmaker
 HealthCounter for 1tracer: Object
 HealthCounter: Showing normal HP 3 for 1tracer
 HealthCounter for 1mei: Object
 HealthCounter: Showing normal HP 4 for 1mei
 mei intro sound played successfully
 HealthCounter for 1tracer: Object
 HealthCounter: Showing normal HP 3 for 1tracer
 HealthCounter for 2reaper: Object
 HealthCounter: Showing normal HP 4 for 2reaper
 HealthCounter for 2ramattra: Object
 HealthCounter: Showing normal HP 4 for 2ramattra
 HealthCounter for 2brigitte: Object
 HealthCounter: Showing normal HP 4 for 2brigitte
 HealthCounter for 2symmetra: Object
 HealthCounter: Showing normal HP 3 for 2symmetra
 HealthCounter for 2torbjorn: Object
 HealthCounter: Showing normal HP 3 for 2torbjorn
 HealthCounter for 2ana: Object
 HealthCounter: Showing normal HP 3 for 2ana
 TurnEffectsRunner: useEffect triggered Object
 TurnEffectsRunner: Turn change check Object
 TurnEffectsRunner: Turn changed, processing effects
 Lifeweaver: Starting temporary HP cleanup for player 2
 Lifeweaver: No temporary HP effects found to clean up for player 2
 Lifeweaver: Temporary HP cleanup completed
 TurnEffectsRunner: Checking row 2b with 0 ally effects and 0 enemy effects
 TurnEffectsRunner: Checking row 2m with 0 ally effects and 0 enemy effects
 TurnEffectsRunner: Checking row 2f with 0 ally effects and 0 enemy effects
 HealthCounter for 1tracer: Object
 HealthCounter: Showing normal HP 3 for 1tracer
 HealthCounter for 2reaper: Object
 HealthCounter: Showing normal HP 4 for 2reaper
 HealthCounter for 2ramattra: Object
 HealthCounter: Showing normal HP 4 for 2ramattra
 HealthCounter for 2brigitte: Object
 HealthCounter: Showing normal HP 4 for 2brigitte
 HealthCounter for 2symmetra: Object
 HealthCounter: Showing normal HP 3 for 2symmetra
 HealthCounter for 2torbjorn: Object
 HealthCounter: Showing normal HP 3 for 2torbjorn
 HealthCounter for 2ana: Object
 HealthCounter: Showing normal HP 3 for 2ana
 HealthCounter for 1tracer: Object
 HealthCounter: Showing normal HP 3 for 1tracer
 HealthCounter for 2reaper: Object
 HealthCounter: Showing normal HP 4 for 2reaper
 HealthCounter for 2ramattra: Object
 HealthCounter: Showing normal HP 4 for 2ramattra
 HealthCounter for 2brigitte: Object
 HealthCounter: Showing normal HP 4 for 2brigitte
 HealthCounter for 2symmetra: Object
 HealthCounter: Showing normal HP 3 for 2symmetra
 HealthCounter for 2torbjorn: Object
 HealthCounter: Showing normal HP 3 for 2torbjorn
 HealthCounter for 2ana: Object
 HealthCounter: Showing normal HP 3 for 2ana
 Object
 HealthCounter for 2reaper: Object
 HealthCounter: Showing normal HP 4 for 2reaper
 HealthCounter for 2reaper: Object
 HealthCounter: Showing normal HP 4 for 2reaper
 HealthCounter for 2reaper: Object
 HealthCounter: Showing normal HP 4 for 2reaper
 HealthCounter for 2reaper: Object
 HealthCounter: Showing normal HP 4 for 2reaper
 HealthCounter for 2reaper: Object
 HealthCounter: Showing normal HP 4 for 2reaper
 HealthCounter for 2reaper: Object
 HealthCounter: Showing normal HP 4 for 2reaper
 HealthCounter for 2reaper: Object
 HealthCounter: Showing normal HP 4 for 2reaper
 HealthCounter for 2reaper: Object
 HealthCounter: Showing normal HP 4 for 2reaper
 HealthCounter for 2reaper: Object
 HealthCounter: Showing normal HP 4 for 2reaper
 HealthCounter for 2reaper: Object
 HealthCounter: Showing normal HP 4 for 2reaper
 HealthCounter for 2reaper: Object
 HealthCounter: Showing normal HP 4 for 2reaper
 HealthCounter for 2reaper: Object
 HealthCounter: Showing normal HP 4 for 2reaper
 HealthCounter for 2reaper: Object
 HealthCounter: Showing normal HP 4 for 2reaper
 HealthCounter for 2reaper: Object
 HealthCounter: Showing normal HP 4 for 2reaper
 HealthCounter for 2ramattra: Object
 HealthCounter: Showing normal HP 4 for 2ramattra
 HealthCounter for 2brigitte: Object
 HealthCounter: Showing normal HP 4 for 2brigitte
 HealthCounter for 2symmetra: Object
 HealthCounter: Showing normal HP 3 for 2symmetra
 HealthCounter for 2torbjorn: Object
 HealthCounter: Showing normal HP 3 for 2torbjorn
 HealthCounter for 2ana: Object
 HealthCounter: Showing normal HP 3 for 2ana
 HealthCounter for 2reaper: Object
 HealthCounter: Showing normal HP 4 for 2reaper
 HealthCounter for 2reaper: Object
 HealthCounter: Showing normal HP 4 for 2reaper
 HealthCounter for 2reaper: Object
 HealthCounter: Showing normal HP 4 for 2reaper
 HealthCounter for 2reaper: Object
 HealthCounter: Showing normal HP 4 for 2reaper
 HealthCounter for 2reaper: Object
 HealthCounter: Showing normal HP 4 for 2reaper
 HealthCounter for 2reaper: Object
 HealthCounter: Showing normal HP 4 for 2reaper
 HealthCounter for 2reaper: Object
 HealthCounter: Showing normal HP 4 for 2reaper
 HealthCounter for 2reaper: Object
 HealthCounter: Showing normal HP 4 for 2reaper
 HealthCounter for 2reaper: Object
 HealthCounter: Showing normal HP 4 for 2reaper
 HealthCounter for 2reaper: Object
 HealthCounter: Showing normal HP 4 for 2reaper
 HealthCounter for 2reaper: Object
 HealthCounter: Showing normal HP 4 for 2reaper
 HealthCounter for 2reaper: Object
 HealthCounter: Showing normal HP 4 for 2reaper
 HealthCounter for 2reaper: Object
 HealthCounter: Showing normal HP 4 for 2reaper
 HealthCounter for 2reaper: Object
 HealthCounter: Showing normal HP 4 for 2reaper
 HealthCounter for 2reaper: Object
 HealthCounter: Showing normal HP 4 for 2reaper
 HealthCounter for 2reaper: Object
 HealthCounter: Showing normal HP 4 for 2reaper
 HealthCounter for 2reaper: Object
 HealthCounter: Showing normal HP 4 for 2reaper
 HealthCounter for 2reaper: Object
 HealthCounter: Showing normal HP 4 for 2reaper
 HealthCounter for 2reaper: Object
 HealthCounter: Showing normal HP 4 for 2reaper
 HealthCounter for 2reaper: Object
 HealthCounter: Showing normal HP 4 for 2reaper
 HealthCounter for 2reaper: Object
 HealthCounter: Showing normal HP 4 for 2reaper
 HealthCounter for 2reaper: Object
 HealthCounter: Showing normal HP 4 for 2reaper
 HealthCounter for 2reaper: Object
 HealthCounter: Showing normal HP 4 for 2reaper
 HealthCounter for 2reaper: Object
 HealthCounter: Showing normal HP 4 for 2reaper
 HealthCounter for 2reaper: Object
 HealthCounter: Showing normal HP 4 for 2reaper
 HealthCounter for 2reaper: Object
 HealthCounter: Showing normal HP 4 for 2reaper
 HealthCounter for 2reaper: Object
 HealthCounter: Showing normal HP 4 for 2reaper
 HealthCounter for 2reaper: Object
 HealthCounter: Showing normal HP 4 for 2reaper
 HealthCounter for 2reaper: Object
 HealthCounter: Showing normal HP 4 for 2reaper
 HealthCounter for 2reaper: Object
 HealthCounter: Showing normal HP 4 for 2reaper
 HealthCounter for 2reaper: Object
 HealthCounter: Showing normal HP 4 for 2reaper
 HealthCounter for 2reaper: Object
 HealthCounter: Showing normal HP 4 for 2reaper
 HealthCounter for 2reaper: Object
 HealthCounter: Showing normal HP 4 for 2reaper
 HealthCounter for 2reaper: Object
 HealthCounter: Showing normal HP 4 for 2reaper
 HealthCounter for 2reaper: Object
 HealthCounter: Showing normal HP 4 for 2reaper
 Attempting to play placement sound...
 Placement audio source: /owcardgame/static/media/placement.445605f26d71501234a7.mp3
 Created placement audio object: 
 Playing reaper enter sound...
 MOVE_CARD reducer: Moving 2reaper from player2hand:0 to 2m:0
 MOVE_CARD reducer: Start row exists: true, Finish row exists: true
 MOVE_CARD reducer: Start row cards: [2reaper, 2ramattra, 2brigitte, 2symmetra, 2torbjorn, 2ana]
 MOVE_CARD reducer: Finish row cards: [none]
 MOVE_CARD reducer: New start row cards: [2ramattra, 2brigitte, 2symmetra, 2torbjorn, 2ana]
 MOVE_CARD reducer: New finish row cards: [2reaper]
 MOVE_CARD reducer: About to update state
 MOVE_CARD reducer: State updated. New finish row cards: [2reaper]
 EDIT_CARD reducer: Editing 2reaper for player 2
 EDIT_CARD reducer: Keys: [isPlayed, enteredTurn, synergy], Values: [true, 8, [object Object]]
 EDIT_CARD reducer: Target card found: true
 EDIT_CARD reducer: Before edit - isPlayed: false, enteredTurn: undefined
 EDIT_CARD reducer: Set isPlayed = true
 EDIT_CARD reducer: Set enteredTurn = 8
 EDIT_CARD reducer: Set synergy = [object Object]
 EDIT_CARD reducer: After edit - isPlayed: true, enteredTurn: 8
 HealthCounter for 1tracer: Object
 HealthCounter: Showing normal HP 3 for 1tracer
 HealthCounter for 2ramattra: Object
 HealthCounter: Showing normal HP 4 for 2ramattra
 HealthCounter for 2brigitte: Object
 HealthCounter: Showing normal HP 4 for 2brigitte
 HealthCounter for 2symmetra: Object
 HealthCounter: Showing normal HP 3 for 2symmetra
 HealthCounter for 2torbjorn: Object
 HealthCounter: Showing normal HP 3 for 2torbjorn
 HealthCounter for 2ana: Object
 HealthCounter: Showing normal HP 3 for 2ana
 TurnEffectsRunner: useEffect triggered Object
 TurnEffectsRunner: Turn change check Object
 HealthCounter for 1tracer: Object
 HealthCounter: Showing normal HP 3 for 1tracer
 HealthCounter for 2reaper: Object
 HealthCounter: Showing normal HP 4 for 2reaper
 HealthCounter for 2ramattra: Object
 HealthCounter: Showing normal HP 4 for 2ramattra
 HealthCounter for 2brigitte: Object
 HealthCounter: Showing normal HP 4 for 2brigitte
 HealthCounter for 2symmetra: Object
 HealthCounter: Showing normal HP 3 for 2symmetra
 HealthCounter for 2torbjorn: Object
 HealthCounter: Showing normal HP 3 for 2torbjorn
 HealthCounter for 2ana: Object
 HealthCounter: Showing normal HP 3 for 2ana
 TurnEffectsRunner: useEffect triggered Object
 TurnEffectsRunner: Turn change check Object
 HealthCounter for 1tracer: Object
 HealthCounter: Showing normal HP 3 for 1tracer
 HealthCounter for 2reaper: Object
 HealthCounter: Showing normal HP 4 for 2reaper
 HealthCounter for 2ramattra: Object
 HealthCounter: Showing normal HP 4 for 2ramattra
 HealthCounter for 2brigitte: Object
 HealthCounter: Showing normal HP 4 for 2brigitte
 HealthCounter for 2symmetra: Object
 HealthCounter: Showing normal HP 3 for 2symmetra
 HealthCounter for 2torbjorn: Object
 HealthCounter: Showing normal HP 3 for 2torbjorn
 HealthCounter for 2ana: Object
 HealthCounter: Showing normal HP 3 for 2ana
 Placement sound played successfully
 reaper enter sound played successfully
 DamageBus - Checking invulnerability for 1tracer at index 0 in row 1m Object
 DamageBus - Target 1tracer is NOT invulnerable, proceeding with damage
 DamageBus - Tracer check: 1tracer, health: 3, damage: 3, newHealth: 0, shouldRecall: true
 DamageBus - Tracer Recall synergy check: 2 synergy available, need 2
 DamageBus - Tracer Smart Recall: 3 damage would bring Tracer to 0 HP - triggering Recall instead
 DamageBus - triggerTracerRecall function exists: true
 Tracer Recall: Function called with 1tracer in row 1m
 Tracer Recall: Active status: false
 Tracer Recall: Triggering for 1tracer in row 1m
 Tracer Recall: Removed 0 effects from 1tracer
 Tracer Recall: About to dispatch EDIT_CARD action
 Tracer Recall: EDIT_CARD action dispatched
 Tracer Recall: Moving 1tracer from 1m to player1hand
 Tracer Recall: moveCardToRow function exists: true
 moveCardToRow: Moving 1tracer to player1hand
 moveCardToRow: Card exists: true
 moveCardToRow: Target row exists: true
 moveCardToRow: Searching for 1tracer in all rows...
 moveCardToRow: Row 1f has 0 cards: []
 moveCardToRow: Row 1m has 1 cards: [1tracer]
 moveCardToRow: Found 1tracer in 1m at index 0
 moveCardToRow: Final location: 1m at index 0
 moveCardToRow: Target row player1hand has 6 cards: [1ramattra, 1baptiste, 1junkrat, 1doomfist, 1widowmaker, 1mei]
 moveCardToRow: Dispatching move from 1m:0 to player1hand:6
 Tracer Recall: Move command sent
 Tracer Recall: Consumed 2 synergy from 1m
 Tracer Recall: Marked ultimate as used for 1tracer
 DamageBus - Recall trigger called
 MOVE_CARD reducer: Moving 1tracer from 1m:0 to player1hand:6
 MOVE_CARD reducer: Start row exists: true, Finish row exists: true
 MOVE_CARD reducer: Start row cards: [1tracer]
 MOVE_CARD reducer: Finish row cards: [1ramattra, 1baptiste, 1junkrat, 1doomfist, 1widowmaker, 1mei]
 MOVE_CARD reducer: Destination full (6/6), canceling move
 EDIT_CARD reducer: Editing 1tracer for player 1
 EDIT_CARD reducer: Keys: [effects], Values: [[object Object]]
 EDIT_CARD reducer: Target card found: true
 EDIT_CARD reducer: Before edit - isPlayed: true, enteredTurn: 1
 EDIT_CARD reducer: Set effects = [object Object]
 EDIT_CARD reducer: After edit - isPlayed: true, enteredTurn: 1
 HealthCounter for 1tracer: Object
 HealthCounter: Showing normal HP 3 for 1tracer
 HealthCounter for 2reaper: Object
 HealthCounter: Showing normal HP 4 for 2reaper
 HealthCounter for 2ramattra: Object
 HealthCounter: Showing normal HP 4 for 2ramattra
 HealthCounter for 2brigitte: Object
 HealthCounter: Showing normal HP 4 for 2brigitte
 HealthCounter for 2symmetra: Object
HealthCounter.js:25 HealthCounter: Showing normal HP 3 for 2symmetra
HealthCounter.js:6 HealthCounter for 2torbjorn: Object
HealthCounter.js:25 HealthCounter: Showing normal HP 3 for 2torbjorn
HealthCounter.js:6 HealthCounter for 2ana: Object
HealthCounter.js:25 HealthCounter: Showing normal HP 3 for 2ana
TurnEffectsRunner.js:16 TurnEffectsRunner: useEffect triggered Object
TurnEffectsRunner.js:27 TurnEffectsRunner: Turn change check Object
HealthCounter.js:6 HealthCounter for 1tracer: Object
HealthCounter.js:25 HealthCounter: Showing normal HP 3 for 1tracer
HealthCounter.js:6 HealthCounter for 2reaper: Object
HealthCounter.js:25 HealthCounter: Showing normal HP 4 for 2reaper
HealthCounter.js:6 HealthCounter for 2ramattra: Object
HealthCounter.js:25 HealthCounter: Showing normal HP 4 for 2ramattra
HealthCounter.js:6 HealthCounter for 2brigitte: Object
HealthCounter.js:25 HealthCounter: Showing normal HP 4 for 2brigitte
HealthCounter.js:6 HealthCounter for 2symmetra: Object
HealthCounter.js:25 HealthCounter: Showing normal HP 3 for 2symmetra
HealthCounter.js:6 HealthCounter for 2torbjorn: Object
HealthCounter.js:25 HealthCounter: Showing normal HP 3 for 2torbjorn
HealthCounter.js:6 HealthCounter for 2ana: Object
HealthCounter.js:25 HealthCounter: Showing normal HP 3 for 2ana
tracer.js:80 Tracer Recall: Card after move attempt: Object
tracer.js:82 Tracer Recall: Card location after move: unknown
tracer.js:83 Tracer Recall: Card isPlayed status: true
tracer.js:84 Tracer Recall: Card enteredTurn: 1
tracer.js:85 Tracer Recall: Card effects: Array(1)
tracer.js:92 Tracer Recall: Drag conditions check:
tracer.js:93   - isPlayed: true (should be false)
tracer.js:94   - currentTurn: 2, playerNum: 1 (should match)
tracer.js:95   - isSuitedUp: false (should be false)
tracer.js:96   - isDragDisabled: true
HealthCounter.js:6 HealthCounter for 1tracer: Object
HealthCounter.js:25 HealthCounter: Showing normal HP 3 for 1tracer
HealthCounter.js:6 HealthCounter for 2reaper: Object
HealthCounter.js:25 HealthCounter: Showing normal HP 4 for 2reaper
HealthCounter.js:6 HealthCounter for 2ramattra: Object
HealthCounter.js:25 HealthCounter: Showing normal HP 4 for 2ramattra
HealthCounter.js:6 HealthCounter for 2brigitte: Object
HealthCounter.js:25 HealthCounter: Showing normal HP 4 for 2brigitte
HealthCounter.js:6 HealthCounter for 2symmetra: Object
HealthCounter.js:25 HealthCounter: Showing normal HP 3 for 2symmetra
HealthCounter.js:6 HealthCounter for 2torbjorn: Object
HealthCounter.js:25 HealthCounter: Showing normal HP 3 for 2torbjorn
HealthCounter.js:6 HealthCounter for 2ana: Object
HealthCounter.js:25 HealthCounter: Showing normal HP 3 for 2ana
