HealthCounter.js:6 HealthCounter for 2soldier: Object
HealthCounter.js:25 HealthCounter: Showing normal HP 4 for 2soldier
ZaryaTokenOverlay.js:19 ZaryaTokenOverlay: Card 2soldier has Zarya token: undefined
HealthCounter.js:6 HealthCounter for 2zarya: Object
HealthCounter.js:25 HealthCounter: Showing normal HP 4 for 2zarya
ZaryaTokenOverlay.js:19 ZaryaTokenOverlay: Card 2zarya has Zarya token: undefined
HealthCounter.js:6 HealthCounter for 2brigitte: Object
HealthCounter.js:25 HealthCounter: Showing normal HP 4 for 2brigitte
ZaryaTokenOverlay.js:19 ZaryaTokenOverlay: Card 2brigitte has Zarya token: undefined
HealthCounter.js:6 HealthCounter for 2torbjorn: Object
HealthCounter.js:25 HealthCounter: Showing normal HP 3 for 2torbjorn
ZaryaTokenOverlay.js:19 ZaryaTokenOverlay: Card 2torbjorn has Zarya token: undefined
HealthCounter.js:6 HealthCounter for 2zarya: Object
HealthCounter.js:25 HealthCounter: Showing normal HP 4 for 2zarya
ZaryaTokenOverlay.js:19 ZaryaTokenOverlay: Card 2zarya has Zarya token: undefined
HealthCounter.js:6 HealthCounter for 2zarya: Object
HealthCounter.js:25 HealthCounter: Showing normal HP 4 for 2zarya
ZaryaTokenOverlay.js:19 ZaryaTokenOverlay: Card 2zarya has Zarya token: undefined
HealthCounter.js:6 HealthCounter for 2zarya: Object
HealthCounter.js:25 HealthCounter: Showing normal HP 4 for 2zarya
ZaryaTokenOverlay.js:19 ZaryaTokenOverlay: Card 2zarya has Zarya token: undefined
HealthCounter.js:6 HealthCounter for 2zarya: Object
HealthCounter.js:25 HealthCounter: Showing normal HP 4 for 2zarya
ZaryaTokenOverlay.js:19 ZaryaTokenOverlay: Card 2zarya has Zarya token: undefined
HealthCounter.js:6 HealthCounter for 2soldier: Object
HealthCounter.js:25 HealthCounter: Showing normal HP 4 for 2soldier
ZaryaTokenOverlay.js:19 ZaryaTokenOverlay: Card 2soldier has Zarya token: undefined
HealthCounter.js:6 HealthCounter for 2zarya: Object
HealthCounter.js:25 HealthCounter: Showing normal HP 4 for 2zarya
ZaryaTokenOverlay.js:19 ZaryaTokenOverlay: Card 2zarya has Zarya token: undefined
HealthCounter.js:6 HealthCounter for 2brigitte: Object
HealthCounter.js:25 HealthCounter: Showing normal HP 4 for 2brigitte
ZaryaTokenOverlay.js:19 ZaryaTokenOverlay: Card 2brigitte has Zarya token: undefined
HealthCounter.js:6 HealthCounter for 2torbjorn: Object
HealthCounter.js:25 HealthCounter: Showing normal HP 3 for 2torbjorn
ZaryaTokenOverlay.js:19 ZaryaTokenOverlay: Card 2torbjorn has Zarya token: undefined
HealthCounter.js:6 HealthCounter for 2zarya: Object
HealthCounter.js:25 HealthCounter: Showing normal HP 4 for 2zarya
ZaryaTokenOverlay.js:19 ZaryaTokenOverlay: Card 2zarya has Zarya token: undefined
HealthCounter.js:6 HealthCounter for 2zarya: Object
HealthCounter.js:25 HealthCounter: Showing normal HP 4 for 2zarya
ZaryaTokenOverlay.js:19 ZaryaTokenOverlay: Card 2zarya has Zarya token: undefined
HealthCounter.js:6 HealthCounter for 2zarya: Object
HealthCounter.js:25 HealthCounter: Showing normal HP 4 for 2zarya
ZaryaTokenOverlay.js:19 ZaryaTokenOverlay: Card 2zarya has Zarya token: undefined
 HealthCounter for 2zarya: Object
 HealthCounter: Showing normal HP 4 for 2zarya
 ZaryaTokenOverlay: Card 2zarya has Zarya token: undefined
 HealthCounter for 2zarya: Object
 HealthCounter: Showing normal HP 4 for 2zarya
 ZaryaTokenOverlay: Card 2zarya has Zarya token: undefined
 HealthCounter for 2zarya: Object
 HealthCounter: Showing normal HP 4 for 2zarya
 ZaryaTokenOverlay: Card 2zarya has Zarya token: undefined
 HealthCounter for 2zarya: Object
 HealthCounter: Showing normal HP 4 for 2zarya
 ZaryaTokenOverlay: Card 2zarya has Zarya token: undefined
 HealthCounter for 2zarya: Object
 HealthCounter: Showing normal HP 4 for 2zarya
 ZaryaTokenOverlay: Card 2zarya has Zarya token: undefined
 HealthCounter for 2zarya: Object
 HealthCounter: Showing normal HP 4 for 2zarya
 ZaryaTokenOverlay: Card 2zarya has Zarya token: undefined
 HealthCounter for 2zarya: Object
 HealthCounter: Showing normal HP 4 for 2zarya
 ZaryaTokenOverlay: Card 2zarya has Zarya token: undefined
 HealthCounter for 2zarya: Object
 HealthCounter: Showing normal HP 4 for 2zarya
 ZaryaTokenOverlay: Card 2zarya has Zarya token: undefined
 HealthCounter for 2zarya: Object
 HealthCounter: Showing normal HP 4 for 2zarya
 ZaryaTokenOverlay: Card 2zarya has Zarya token: undefined
 HealthCounter for 2zarya: Object
 HealthCounter: Showing normal HP 4 for 2zarya
 ZaryaTokenOverlay: Card 2zarya has Zarya token: undefined
 HealthCounter for 2zarya: Object
 HealthCounter: Showing normal HP 4 for 2zarya
 ZaryaTokenOverlay: Card 2zarya has Zarya token: undefined
 HealthCounter for 2zarya: Object
 HealthCounter: Showing normal HP 4 for 2zarya
 ZaryaTokenOverlay: Card 2zarya has Zarya token: undefined
 HealthCounter for 2zarya: Object
 HealthCounter: Showing normal HP 4 for 2zarya
 ZaryaTokenOverlay: Card 2zarya has Zarya token: undefined
 HealthCounter for 2zarya: Object
 HealthCounter: Showing normal HP 4 for 2zarya
 ZaryaTokenOverlay: Card 2zarya has Zarya token: undefined
 HealthCounter for 2zarya: Object
 HealthCounter: Showing normal HP 4 for 2zarya
 ZaryaTokenOverlay: Card 2zarya has Zarya token: undefined
 HealthCounter for 2zarya: Object
 HealthCounter: Showing normal HP 4 for 2zarya
 ZaryaTokenOverlay: Card 2zarya has Zarya token: undefined
 HealthCounter for 2zarya: Object
 HealthCounter: Showing normal HP 4 for 2zarya
 ZaryaTokenOverlay: Card 2zarya has Zarya token: undefined
 HealthCounter for 2zarya: Object
 HealthCounter: Showing normal HP 4 for 2zarya
 ZaryaTokenOverlay: Card 2zarya has Zarya token: undefined
 HealthCounter for 2zarya: Object
 HealthCounter: Showing normal HP 4 for 2zarya
 ZaryaTokenOverlay: Card 2zarya has Zarya token: undefined
 HealthCounter for 2zarya: Object
 HealthCounter: Showing normal HP 4 for 2zarya
 ZaryaTokenOverlay: Card 2zarya has Zarya token: undefined
 HealthCounter for 2zarya: Object
 HealthCounter: Showing normal HP 4 for 2zarya
 ZaryaTokenOverlay: Card 2zarya has Zarya token: undefined
 HealthCounter for 2zarya: Object
 HealthCounter: Showing normal HP 4 for 2zarya
 ZaryaTokenOverlay: Card 2zarya has Zarya token: undefined
 HealthCounter for 2zarya: Object
 HealthCounter: Showing normal HP 4 for 2zarya
 ZaryaTokenOverlay: Card 2zarya has Zarya token: undefined
 HealthCounter for 2zarya: Object
 HealthCounter: Showing normal HP 4 for 2zarya
 ZaryaTokenOverlay: Card 2zarya has Zarya token: undefined
 HealthCounter for 2zarya: Object
 HealthCounter: Showing normal HP 4 for 2zarya
 ZaryaTokenOverlay: Card 2zarya has Zarya token: undefined
 HealthCounter for 2zarya: Object
 HealthCounter: Showing normal HP 4 for 2zarya
 ZaryaTokenOverlay: Card 2zarya has Zarya token: undefined
 HealthCounter for 2zarya: Object
 HealthCounter: Showing normal HP 4 for 2zarya
 ZaryaTokenOverlay: Card 2zarya has Zarya token: undefined
 HealthCounter for 2zarya: Object
 HealthCounter: Showing normal HP 4 for 2zarya
 ZaryaTokenOverlay: Card 2zarya has Zarya token: undefined
 HealthCounter for 2zarya: Object
 HealthCounter: Showing normal HP 4 for 2zarya
 ZaryaTokenOverlay: Card 2zarya has Zarya token: undefined
 HealthCounter for 2zarya: Object
 HealthCounter: Showing normal HP 4 for 2zarya
 ZaryaTokenOverlay: Card 2zarya has Zarya token: undefined
 HealthCounter for 2zarya: Object
 HealthCounter: Showing normal HP 4 for 2zarya
 ZaryaTokenOverlay: Card 2zarya has Zarya token: undefined
 HealthCounter for 2zarya: Object
 HealthCounter: Showing normal HP 4 for 2zarya
 ZaryaTokenOverlay: Card 2zarya has Zarya token: undefined
 HealthCounter for 2zarya: Object
 HealthCounter: Showing normal HP 4 for 2zarya
 ZaryaTokenOverlay: Card 2zarya has Zarya token: undefined
 Attempting to play placement sound...
 Placement audio source: /owcardgame/static/media/placement.445605f26d71501234a7.mp3
 Created placement audio object: 
 Playing zarya enter sound...
 ZaryaTokenOverlay: Card 2zarya has Zarya token: undefined
 HealthCounter for 2soldier: Object
 HealthCounter: Showing normal HP 4 for 2soldier
 ZaryaTokenOverlay: Card 2soldier has Zarya token: undefined
 HealthCounter for 2brigitte: Object
 HealthCounter: Showing normal HP 4 for 2brigitte
 ZaryaTokenOverlay: Card 2brigitte has Zarya token: undefined
 HealthCounter for 2torbjorn: Object
 HealthCounter: Showing normal HP 3 for 2torbjorn
 ZaryaTokenOverlay: Card 2torbjorn has Zarya token: undefined
 TurnEffectsRunner: useEffect triggered Object
 TurnEffectsRunner: Turn change check Object
 HealthCounter for 2zarya: Object
 HealthCounter: Showing normal HP 4 for 2zarya
 ZaryaTokenOverlay: Card 2zarya has Zarya token: undefined
 HealthCounter for 2soldier: Object
 HealthCounter: Showing normal HP 4 for 2soldier
 ZaryaTokenOverlay: Card 2soldier has Zarya token: undefined
 HealthCounter for 2brigitte: Object
 HealthCounter: Showing normal HP 4 for 2brigitte
 ZaryaTokenOverlay: Card 2brigitte has Zarya token: undefined
 HealthCounter for 2torbjorn: Object
 HealthCounter: Showing normal HP 3 for 2torbjorn
 ZaryaTokenOverlay: Card 2torbjorn has Zarya token: undefined
 TurnEffectsRunner: useEffect triggered Object
 TurnEffectsRunner: Turn change check Object
 HealthCounter for 2zarya: Object
 HealthCounter: Showing normal HP 4 for 2zarya
 ZaryaTokenOverlay: Card 2zarya has Zarya token: undefined
 HealthCounter for 2soldier: Object
 HealthCounter: Showing normal HP 4 for 2soldier
 ZaryaTokenOverlay: Card 2soldier has Zarya token: undefined
 HealthCounter for 2brigitte: Object
 HealthCounter: Showing normal HP 4 for 2brigitte
 ZaryaTokenOverlay: Card 2brigitte has Zarya token: undefined
 HealthCounter for 2torbjorn: Object
 HealthCounter: Showing normal HP 3 for 2torbjorn
 ZaryaTokenOverlay: Card 2torbjorn has Zarya token: undefined
 Placement sound played successfully
 zarya enter sound played successfully
 HealthCounter for 2zarya: Object
 HealthCounter: Showing normal HP 4 for 2zarya
 ZaryaTokenOverlay: Card 2zarya has Zarya token: Object
 ZaryaTokenOverlay: Token amount: 3, type: zarya-shield, hero: zarya
 HealthCounter for 2soldier: Object
 HealthCounter: Showing normal HP 4 for 2soldier
 ZaryaTokenOverlay: Card 2soldier has Zarya token: undefined
 HealthCounter for 2brigitte: Object
 HealthCounter: Showing normal HP 4 for 2brigitte
 ZaryaTokenOverlay: Card 2brigitte has Zarya token: undefined
 HealthCounter for 2torbjorn: Object
 HealthCounter: Showing normal HP 3 for 2torbjorn
 ZaryaTokenOverlay: Card 2torbjorn has Zarya token: undefined
 TurnEffectsRunner: useEffect triggered Object
 TurnEffectsRunner: Turn change check Object
 HealthCounter for 2zarya: Object
 HealthCounter: Showing normal HP 4 for 2zarya
 ZaryaTokenOverlay: Card 2zarya has Zarya token: Object
 ZaryaTokenOverlay: Token amount: 3, type: zarya-shield, hero: zarya
 HealthCounter for 2soldier: Object
 HealthCounter: Showing normal HP 4 for 2soldier
 ZaryaTokenOverlay: Card 2soldier has Zarya token: undefined
 HealthCounter for 2brigitte: Object
 HealthCounter: Showing normal HP 4 for 2brigitte
 ZaryaTokenOverlay: Card 2brigitte has Zarya token: undefined
 HealthCounter for 2torbjorn: Object
 HealthCounter: Showing normal HP 3 for 2torbjorn
 ZaryaTokenOverlay: Card 2torbjorn has Zarya token: undefined
 HealthCounter for 1ashe: Object
 HealthCounter: Showing normal HP 3 for 1ashe
 ZaryaTokenOverlay: Card 1ashe has Zarya token: undefined
 HealthCounter for 1orisa: Object
 HealthCounter: Showing normal HP 5 for 1orisa
 ZaryaTokenOverlay: Card 1orisa has Zarya token: undefined
 HealthCounter for 1brigitte: Object
 HealthCounter: Showing normal HP 4 for 1brigitte
 ZaryaTokenOverlay: Card 1brigitte has Zarya token: undefined
 HealthCounter for 1widowmaker: Object
 HealthCounter: Showing normal HP 3 for 1widowmaker
 ZaryaTokenOverlay: Card 1widowmaker has Zarya token: undefined
 HealthCounter for 2zarya: Object
 HealthCounter: Showing normal HP 4 for 2zarya
 ZaryaTokenOverlay: Card 2zarya has Zarya token: Object
 ZaryaTokenOverlay: Token amount: 3, type: zarya-shield, hero: zarya
 Player 1 drew mei
 Playing mei intro sound...
 TurnEffectsRunner: useEffect triggered Object
 TurnEffectsRunner: Turn change check Object
 TurnEffectsRunner: Turn changed, processing effects
 Lifeweaver: Starting temporary HP cleanup for player 1
 Lifeweaver: No temporary HP effects found to clean up for player 1
 Lifeweaver: Temporary HP cleanup completed
 TurnEffectsRunner: Checking row 1b with 0 ally effects and 0 enemy effects
 TurnEffectsRunner: Checking row 1m with 0 ally effects and 0 enemy effects
 TurnEffectsRunner: Checking row 1f with 0 ally effects and 0 enemy effects
 HealthCounter for 1ashe: Object
 HealthCounter: Showing normal HP 3 for 1ashe
 ZaryaTokenOverlay: Card 1ashe has Zarya token: undefined
 HealthCounter for 1orisa: Object
 HealthCounter: Showing normal HP 5 for 1orisa
 ZaryaTokenOverlay: Card 1orisa has Zarya token: undefined
 HealthCounter for 1brigitte: Object
 HealthCounter: Showing normal HP 4 for 1brigitte
 ZaryaTokenOverlay: Card 1brigitte has Zarya token: undefined
 HealthCounter for 1widowmaker: Object
 HealthCounter: Showing normal HP 3 for 1widowmaker
 ZaryaTokenOverlay: Card 1widowmaker has Zarya token: undefined
 ZaryaTokenOverlay: Card 1mei has Zarya token: undefined
 HealthCounter for 2zarya: Object
 HealthCounter: Showing normal HP 4 for 2zarya
 ZaryaTokenOverlay: Card 2zarya has Zarya token: Object
 ZaryaTokenOverlay: Token amount: 3, type: zarya-shield, hero: zarya
 TurnEffectsRunner: useEffect triggered Object
 TurnEffectsRunner: Turn change check Object
 HealthCounter for 1ashe: Object
 HealthCounter: Showing normal HP 3 for 1ashe
 ZaryaTokenOverlay: Card 1ashe has Zarya token: undefined
 HealthCounter for 1orisa: Object
 HealthCounter: Showing normal HP 5 for 1orisa
 ZaryaTokenOverlay: Card 1orisa has Zarya token: undefined
 HealthCounter for 1brigitte: Object
 HealthCounter: Showing normal HP 4 for 1brigitte
 ZaryaTokenOverlay: Card 1brigitte has Zarya token: undefined
 HealthCounter for 1widowmaker: Object
 HealthCounter: Showing normal HP 3 for 1widowmaker
 ZaryaTokenOverlay: Card 1widowmaker has Zarya token: undefined
 ZaryaTokenOverlay: Card 1mei has Zarya token: undefined
 HealthCounter for 2zarya: Object
 HealthCounter: Showing normal HP 4 for 2zarya
 ZaryaTokenOverlay: Card 2zarya has Zarya token: Object
 ZaryaTokenOverlay: Token amount: 3, type: zarya-shield, hero: zarya
 HealthCounter for 1mei: Object
 HealthCounter: Showing normal HP 4 for 1mei
 ZaryaTokenOverlay: Card 1mei has Zarya token: undefined
 mei intro sound played successfully
 HealthCounter for 2zarya: Object
 HealthCounter: Showing normal HP 4 for 2zarya
 ZaryaTokenOverlay: Card 2zarya has Zarya token: Object
 ZaryaTokenOverlay: Token amount: 3, type: zarya-shield, hero: zarya
 HealthCounter for 2soldier: Object
 HealthCounter: Showing normal HP 4 for 2soldier
 ZaryaTokenOverlay: Card 2soldier has Zarya token: undefined
 HealthCounter for 2brigitte: Object
 HealthCounter: Showing normal HP 4 for 2brigitte
 ZaryaTokenOverlay: Card 2brigitte has Zarya token: undefined
 HealthCounter for 2torbjorn: Object
 HealthCounter: Showing normal HP 3 for 2torbjorn
 ZaryaTokenOverlay: Card 2torbjorn has Zarya token: undefined
 Player 2 drew bastion
 Playing bastion intro sound...
 TurnEffectsRunner: useEffect triggered Object
 TurnEffectsRunner: Turn change check Object
 TurnEffectsRunner: Turn changed, processing effects
 Lifeweaver: Starting temporary HP cleanup for player 2
 Lifeweaver: No temporary HP effects found to clean up for player 2
 Lifeweaver: Temporary HP cleanup completed
 TurnEffectsRunner: Checking row 2b with 0 ally effects and 0 enemy effects
 TurnEffectsRunner: Checking row 2m with 0 ally effects and 0 enemy effects
 TurnEffectsRunner: Checking row 2f with 0 ally effects and 0 enemy effects
 HealthCounter for 2zarya: Object
 HealthCounter: Showing normal HP 4 for 2zarya
 ZaryaTokenOverlay: Card 2zarya has Zarya token: Object
 ZaryaTokenOverlay: Token amount: 3, type: zarya-shield, hero: zarya
 HealthCounter for 2soldier: Object
 HealthCounter: Showing normal HP 4 for 2soldier
 ZaryaTokenOverlay: Card 2soldier has Zarya token: undefined
 HealthCounter for 2brigitte: Object
 HealthCounter: Showing normal HP 4 for 2brigitte
 ZaryaTokenOverlay: Card 2brigitte has Zarya token: undefined
 HealthCounter for 2torbjorn: Object
 HealthCounter: Showing normal HP 3 for 2torbjorn
 ZaryaTokenOverlay: Card 2torbjorn has Zarya token: undefined
 ZaryaTokenOverlay: Card 2bastion has Zarya token: undefined
 TurnEffectsRunner: useEffect triggered Object
 TurnEffectsRunner: Turn change check Object
 HealthCounter for 2zarya: Object
 HealthCounter: Showing normal HP 4 for 2zarya
 ZaryaTokenOverlay: Card 2zarya has Zarya token: Object
 ZaryaTokenOverlay: Token amount: 3, type: zarya-shield, hero: zarya
 HealthCounter for 2soldier: Object
 HealthCounter: Showing normal HP 4 for 2soldier
 ZaryaTokenOverlay: Card 2soldier has Zarya token: undefined
 HealthCounter for 2brigitte: Object
 HealthCounter: Showing normal HP 4 for 2brigitte
 ZaryaTokenOverlay: Card 2brigitte has Zarya token: undefined
 HealthCounter for 2torbjorn: Object
 HealthCounter: Showing normal HP 3 for 2torbjorn
 ZaryaTokenOverlay: Card 2torbjorn has Zarya token: undefined
 ZaryaTokenOverlay: Card 2bastion has Zarya token: undefined
 HealthCounter for 2bastion: Object
 HealthCounter: Showing normal HP 4 for 2bastion
 ZaryaTokenOverlay: Card 2bastion has Zarya token: undefined
 bastion intro sound played successfully
 HealthCounter for 1ashe: Object
 HealthCounter: Showing normal HP 3 for 1ashe
 ZaryaTokenOverlay: Card 1ashe has Zarya token: undefined
 HealthCounter for 1orisa: Object
 HealthCounter: Showing normal HP 5 for 1orisa
 ZaryaTokenOverlay: Card 1orisa has Zarya token: undefined
 HealthCounter for 1brigitte: Object
 HealthCounter: Showing normal HP 4 for 1brigitte
 ZaryaTokenOverlay: Card 1brigitte has Zarya token: undefined
 HealthCounter for 1widowmaker: Object
 HealthCounter: Showing normal HP 3 for 1widowmaker
 ZaryaTokenOverlay: Card 1widowmaker has Zarya token: undefined
 HealthCounter for 1mei: Object
 HealthCounter: Showing normal HP 4 for 1mei
 ZaryaTokenOverlay: Card 1mei has Zarya token: undefined
 HealthCounter for 2zarya: Object
 HealthCounter: Showing normal HP 4 for 2zarya
 ZaryaTokenOverlay: Card 2zarya has Zarya token: Object
 ZaryaTokenOverlay: Token amount: 3, type: zarya-shield, hero: zarya
 Player 1 drew bastion
 Playing bastion intro sound...
 TurnEffectsRunner: useEffect triggered Object
 TurnEffectsRunner: Turn change check Object
 TurnEffectsRunner: Turn changed, processing effects
 Lifeweaver: Starting temporary HP cleanup for player 1
 Lifeweaver: No temporary HP effects found to clean up for player 1
 Lifeweaver: Temporary HP cleanup completed
 TurnEffectsRunner: Checking row 1b with 0 ally effects and 0 enemy effects
 TurnEffectsRunner: Checking row 1m with 0 ally effects and 0 enemy effects
 TurnEffectsRunner: Checking row 1f with 0 ally effects and 0 enemy effects
 HealthCounter for 1ashe: Object
 HealthCounter: Showing normal HP 3 for 1ashe
 ZaryaTokenOverlay: Card 1ashe has Zarya token: undefined
 HealthCounter for 1orisa: Object
 HealthCounter: Showing normal HP 5 for 1orisa
 ZaryaTokenOverlay: Card 1orisa has Zarya token: undefined
 HealthCounter for 1brigitte: Object
 HealthCounter: Showing normal HP 4 for 1brigitte
 ZaryaTokenOverlay: Card 1brigitte has Zarya token: undefined
 HealthCounter for 1widowmaker: Object
 HealthCounter: Showing normal HP 3 for 1widowmaker
 ZaryaTokenOverlay: Card 1widowmaker has Zarya token: undefined
 HealthCounter for 1mei: Object
 HealthCounter: Showing normal HP 4 for 1mei
 ZaryaTokenOverlay: Card 1mei has Zarya token: undefined
 ZaryaTokenOverlay: Card 1bastion has Zarya token: undefined
 HealthCounter for 2zarya: Object
 HealthCounter: Showing normal HP 4 for 2zarya
 ZaryaTokenOverlay: Card 2zarya has Zarya token: Object
 ZaryaTokenOverlay: Token amount: 3, type: zarya-shield, hero: zarya
 TurnEffectsRunner: useEffect triggered Object
 TurnEffectsRunner: Turn change check Object
 HealthCounter for 1ashe: Object
 HealthCounter: Showing normal HP 3 for 1ashe
 ZaryaTokenOverlay: Card 1ashe has Zarya token: undefined
 HealthCounter for 1orisa: Object
 HealthCounter: Showing normal HP 5 for 1orisa
 ZaryaTokenOverlay: Card 1orisa has Zarya token: undefined
 HealthCounter for 1brigitte: Object
 HealthCounter: Showing normal HP 4 for 1brigitte
 ZaryaTokenOverlay: Card 1brigitte has Zarya token: undefined
 HealthCounter for 1widowmaker: Object
 HealthCounter: Showing normal HP 3 for 1widowmaker
 ZaryaTokenOverlay: Card 1widowmaker has Zarya token: undefined
 HealthCounter for 1mei: Object
 HealthCounter: Showing normal HP 4 for 1mei
 ZaryaTokenOverlay: Card 1mei has Zarya token: undefined
 HealthCounter for 1bastion: Object
 HealthCounter: Showing normal HP 4 for 1bastion
 ZaryaTokenOverlay: Card 1bastion has Zarya token: undefined
 HealthCounter for 2zarya: Object
 HealthCounter: Showing normal HP 4 for 2zarya
 ZaryaTokenOverlay: Card 2zarya has Zarya token: Object
 ZaryaTokenOverlay: Token amount: 3, type: zarya-shield, hero: zarya
 bastion intro sound played successfully
 HealthCounter for 1ashe: Object
 HealthCounter: Showing normal HP 3 for 1ashe
 ZaryaTokenOverlay: Card 1ashe has Zarya token: undefined
 HealthCounter for 1orisa: Object
 HealthCounter: Showing normal HP 5 for 1orisa
 ZaryaTokenOverlay: Card 1orisa has Zarya token: undefined
 HealthCounter for 1brigitte: Object
 HealthCounter: Showing normal HP 4 for 1brigitte
 ZaryaTokenOverlay: Card 1brigitte has Zarya token: undefined
 HealthCounter for 1widowmaker: Object
 HealthCounter: Showing normal HP 3 for 1widowmaker
 ZaryaTokenOverlay: Card 1widowmaker has Zarya token: undefined
 HealthCounter for 1mei: Object
 HealthCounter: Showing normal HP 4 for 1mei
 ZaryaTokenOverlay: Card 1mei has Zarya token: undefined
 HealthCounter for 1bastion: Object
 HealthCounter: Showing normal HP 4 for 1bastion
 ZaryaTokenOverlay: Card 1bastion has Zarya token: undefined
 HealthCounter for 2zarya: Object
 HealthCounter: Showing normal HP 4 for 2zarya
 ZaryaTokenOverlay: Card 2zarya has Zarya token: Object
 ZaryaTokenOverlay: Token amount: 3, type: zarya-shield, hero: zarya
 Object
 HealthCounter for 1bastion: Object
 HealthCounter: Showing normal HP 4 for 1bastion
 ZaryaTokenOverlay: Card 1bastion has Zarya token: undefined
 HealthCounter for 1bastion: Object
 HealthCounter: Showing normal HP 4 for 1bastion
 ZaryaTokenOverlay: Card 1bastion has Zarya token: undefined
 HealthCounter for 1bastion: Object
 HealthCounter: Showing normal HP 4 for 1bastion
 ZaryaTokenOverlay: Card 1bastion has Zarya token: undefined
 HealthCounter for 1bastion: Object
 HealthCounter: Showing normal HP 4 for 1bastion
 ZaryaTokenOverlay: Card 1bastion has Zarya token: undefined
 HealthCounter for 1ashe: Object
 HealthCounter: Showing normal HP 3 for 1ashe
 ZaryaTokenOverlay: Card 1ashe has Zarya token: undefined
 HealthCounter for 1orisa: Object
 HealthCounter: Showing normal HP 5 for 1orisa
 ZaryaTokenOverlay: Card 1orisa has Zarya token: undefined
 HealthCounter for 1brigitte: Object
 HealthCounter: Showing normal HP 4 for 1brigitte
 ZaryaTokenOverlay: Card 1brigitte has Zarya token: undefined
 HealthCounter for 1widowmaker: Object
 HealthCounter: Showing normal HP 3 for 1widowmaker
 ZaryaTokenOverlay: Card 1widowmaker has Zarya token: undefined
 HealthCounter for 1mei: Object
 HealthCounter: Showing normal HP 4 for 1mei
 ZaryaTokenOverlay: Card 1mei has Zarya token: undefined
 HealthCounter for 1bastion: Object
 HealthCounter: Showing normal HP 4 for 1bastion
 ZaryaTokenOverlay: Card 1bastion has Zarya token: undefined
 HealthCounter for 1bastion: Object
 HealthCounter: Showing normal HP 4 for 1bastion
 ZaryaTokenOverlay: Card 1bastion has Zarya token: undefined
 HealthCounter for 1bastion: Object
 HealthCounter: Showing normal HP 4 for 1bastion
 ZaryaTokenOverlay: Card 1bastion has Zarya token: undefined
 HealthCounter for 1bastion: Object
 HealthCounter: Showing normal HP 4 for 1bastion
 ZaryaTokenOverlay: Card 1bastion has Zarya token: undefined
 HealthCounter for 1bastion: Object
 HealthCounter: Showing normal HP 4 for 1bastion
 ZaryaTokenOverlay: Card 1bastion has Zarya token: undefined
 HealthCounter for 1bastion: Object
 HealthCounter: Showing normal HP 4 for 1bastion
 ZaryaTokenOverlay: Card 1bastion has Zarya token: undefined
 HealthCounter for 1bastion: Object
 HealthCounter: Showing normal HP 4 for 1bastion
 ZaryaTokenOverlay: Card 1bastion has Zarya token: undefined
 HealthCounter for 1ashe: Object
 HealthCounter: Showing normal HP 3 for 1ashe
 ZaryaTokenOverlay: Card 1ashe has Zarya token: undefined
 HealthCounter for 1orisa: Object
 HealthCounter: Showing normal HP 5 for 1orisa
 ZaryaTokenOverlay: Card 1orisa has Zarya token: undefined
 HealthCounter for 1brigitte: Object
 HealthCounter: Showing normal HP 4 for 1brigitte
 ZaryaTokenOverlay: Card 1brigitte has Zarya token: undefined
 HealthCounter for 1widowmaker: Object
 HealthCounter: Showing normal HP 3 for 1widowmaker
 ZaryaTokenOverlay: Card 1widowmaker has Zarya token: undefined
 HealthCounter for 1mei: Object
 HealthCounter: Showing normal HP 4 for 1mei
 ZaryaTokenOverlay: Card 1mei has Zarya token: undefined
 HealthCounter for 1bastion: Object
 HealthCounter: Showing normal HP 4 for 1bastion
 ZaryaTokenOverlay: Card 1bastion has Zarya token: undefined
 HealthCounter for 1bastion: Object
 HealthCounter: Showing normal HP 4 for 1bastion
 ZaryaTokenOverlay: Card 1bastion has Zarya token: undefined
 HealthCounter for 1ashe: Object
 HealthCounter: Showing normal HP 3 for 1ashe
 ZaryaTokenOverlay: Card 1ashe has Zarya token: undefined
 HealthCounter for 1orisa: Object
 HealthCounter: Showing normal HP 5 for 1orisa
 ZaryaTokenOverlay: Card 1orisa has Zarya token: undefined
 HealthCounter for 1brigitte: Object
 HealthCounter: Showing normal HP 4 for 1brigitte
 ZaryaTokenOverlay: Card 1brigitte has Zarya token: undefined
 HealthCounter for 1widowmaker: Object
 HealthCounter: Showing normal HP 3 for 1widowmaker
 ZaryaTokenOverlay: Card 1widowmaker has Zarya token: undefined
 HealthCounter for 1mei: Object
 HealthCounter: Showing normal HP 4 for 1mei
 ZaryaTokenOverlay: Card 1mei has Zarya token: undefined
 HealthCounter for 1bastion: Object
 HealthCounter: Showing normal HP 4 for 1bastion
 ZaryaTokenOverlay: Card 1bastion has Zarya token: undefined
 HealthCounter for 1bastion: Object
 HealthCounter: Showing normal HP 4 for 1bastion
 ZaryaTokenOverlay: Card 1bastion has Zarya token: undefined
 HealthCounter for 1bastion: Object
 HealthCounter: Showing normal HP 4 for 1bastion
 ZaryaTokenOverlay: Card 1bastion has Zarya token: undefined
 HealthCounter for 1bastion: Object
 HealthCounter: Showing normal HP 4 for 1bastion
 ZaryaTokenOverlay: Card 1bastion has Zarya token: undefined
 HealthCounter for 1bastion: Object
 HealthCounter: Showing normal HP 4 for 1bastion
 ZaryaTokenOverlay: Card 1bastion has Zarya token: undefined
 HealthCounter for 1bastion: Object
 HealthCounter: Showing normal HP 4 for 1bastion
 ZaryaTokenOverlay: Card 1bastion has Zarya token: undefined
 HealthCounter for 1bastion: Object
 HealthCounter: Showing normal HP 4 for 1bastion
 ZaryaTokenOverlay: Card 1bastion has Zarya token: undefined
 HealthCounter for 1bastion: Object
 HealthCounter: Showing normal HP 4 for 1bastion
 ZaryaTokenOverlay: Card 1bastion has Zarya token: undefined
 Attempting to play placement sound...
 Placement audio source: /owcardgame/static/media/placement.445605f26d71501234a7.mp3
 Created placement audio object: 
 Playing bastion enter sound...
 HealthCounter for 1ashe: Object
 HealthCounter: Showing normal HP 3 for 1ashe
 ZaryaTokenOverlay: Card 1ashe has Zarya token: undefined
 HealthCounter for 1orisa: Object
 HealthCounter: Showing normal HP 5 for 1orisa
 ZaryaTokenOverlay: Card 1orisa has Zarya token: undefined
 HealthCounter for 1brigitte: Object
 HealthCounter: Showing normal HP 4 for 1brigitte
 ZaryaTokenOverlay: Card 1brigitte has Zarya token: undefined
 HealthCounter for 1widowmaker: Object
 HealthCounter: Showing normal HP 3 for 1widowmaker
 ZaryaTokenOverlay: Card 1widowmaker has Zarya token: undefined
 HealthCounter for 1mei: Object
 HealthCounter: Showing normal HP 4 for 1mei
 ZaryaTokenOverlay: Card 1mei has Zarya token: undefined
 ZaryaTokenOverlay: Card 1bastion has Zarya token: undefined
 HealthCounter for 2zarya: Object
 HealthCounter: Showing normal HP 4 for 2zarya
 ZaryaTokenOverlay: Card 2zarya has Zarya token: Object
 ZaryaTokenOverlay: Token amount: 3, type: zarya-shield, hero: zarya
 TurnEffectsRunner: useEffect triggered Object
 TurnEffectsRunner: Turn change check Object
 HealthCounter for 1ashe: Object
 HealthCounter: Showing normal HP 3 for 1ashe
 ZaryaTokenOverlay: Card 1ashe has Zarya token: undefined
 HealthCounter for 1orisa: Object
 HealthCounter: Showing normal HP 5 for 1orisa
 ZaryaTokenOverlay: Card 1orisa has Zarya token: undefined
 HealthCounter for 1brigitte: Object
 HealthCounter: Showing normal HP 4 for 1brigitte
 ZaryaTokenOverlay: Card 1brigitte has Zarya token: undefined
 HealthCounter for 1widowmaker: Object
 HealthCounter: Showing normal HP 3 for 1widowmaker
 ZaryaTokenOverlay: Card 1widowmaker has Zarya token: undefined
 HealthCounter for 1mei: Object
 HealthCounter: Showing normal HP 4 for 1mei
 ZaryaTokenOverlay: Card 1mei has Zarya token: undefined
 HealthCounter for 1bastion: Object
 HealthCounter: Showing normal HP 4 for 1bastion
 ZaryaTokenOverlay: Card 1bastion has Zarya token: undefined
 HealthCounter for 2zarya: Object
 HealthCounter: Showing normal HP 4 for 2zarya
 ZaryaTokenOverlay: Card 2zarya has Zarya token: Object
 ZaryaTokenOverlay: Token amount: 3, type: zarya-shield, hero: zarya
 TurnEffectsRunner: useEffect triggered Object
 TurnEffectsRunner: Turn change check Object
 HealthCounter for 1ashe: Object
 HealthCounter: Showing normal HP 3 for 1ashe
 ZaryaTokenOverlay: Card 1ashe has Zarya token: undefined
 HealthCounter for 1orisa: Object
 HealthCounter: Showing normal HP 5 for 1orisa
 ZaryaTokenOverlay: Card 1orisa has Zarya token: undefined
 HealthCounter for 1brigitte: Object
 HealthCounter: Showing normal HP 4 for 1brigitte
 ZaryaTokenOverlay: Card 1brigitte has Zarya token: undefined
 HealthCounter for 1widowmaker: Object
 HealthCounter: Showing normal HP 3 for 1widowmaker
 ZaryaTokenOverlay: Card 1widowmaker has Zarya token: undefined
 HealthCounter for 1mei: Object
 HealthCounter: Showing normal HP 4 for 1mei
 ZaryaTokenOverlay: Card 1mei has Zarya token: undefined
 HealthCounter for 1bastion: Object
 HealthCounter: Showing normal HP 4 for 1bastion
 ZaryaTokenOverlay: Card 1bastion has Zarya token: undefined
 HealthCounter for 2zarya: Object
 HealthCounter: Showing normal HP 4 for 2zarya
 ZaryaTokenOverlay: Card 2zarya has Zarya token: Object
 ZaryaTokenOverlay: Token amount: 3, type: zarya-shield, hero: zarya
 Placement sound played successfully
 bastion enter sound played successfully
 HealthCounter for 1ashe: Object
 HealthCounter: Showing normal HP 3 for 1ashe
 ZaryaTokenOverlay: Card 1ashe has Zarya token: undefined
 HealthCounter for 1orisa: Object
 HealthCounter: Showing normal HP 5 for 1orisa
 ZaryaTokenOverlay: Card 1orisa has Zarya token: undefined
 HealthCounter for 1brigitte: Object
 HealthCounter: Showing normal HP 4 for 1brigitte
 ZaryaTokenOverlay: Card 1brigitte has Zarya token: undefined
 HealthCounter for 1widowmaker: Object
 HealthCounter: Showing normal HP 3 for 1widowmaker
 ZaryaTokenOverlay: Card 1widowmaker has Zarya token: undefined
 HealthCounter for 1mei: Object
 HealthCounter: Showing normal HP 4 for 1mei
 ZaryaTokenOverlay: Card 1mei has Zarya token: undefined
 HealthCounter for 1bastion: Object
 HealthCounter: Showing normal HP 4 for 1bastion
 ZaryaTokenOverlay: Card 1bastion has Zarya token: undefined
 HealthCounter for 2zarya: Object
 HealthCounter: Showing normal HP 4 for 2zarya
 ZaryaTokenOverlay: Card 2zarya has Zarya token: Object
 ZaryaTokenOverlay: Token amount: 3, type: zarya-shield, hero: zarya
 DamageBus - Checking invulnerability for 2zarya at index 0 in row 2f Object
 DamageBus - Target 2zarya is NOT invulnerable, proceeding with damage
 DamageBus - Zarya Token on 2zarya absorbed 1 damage for 2zarya, remaining tokens: 2
 DamageBus - Removing old token with ID: zarya-token-1759097894598
 DamageBus - Publishing damage event: Object
 HealthCounter for 1ashe: Object
 HealthCounter: Showing normal HP 3 for 1ashe
 ZaryaTokenOverlay: Card 1ashe has Zarya token: undefined
 HealthCounter for 1orisa: Object
 HealthCounter: Showing normal HP 5 for 1orisa
 ZaryaTokenOverlay: Card 1orisa has Zarya token: undefined
 HealthCounter for 1brigitte: Object
 HealthCounter: Showing normal HP 4 for 1brigitte
 ZaryaTokenOverlay: Card 1brigitte has Zarya token: undefined
 HealthCounter for 1widowmaker: Object
 HealthCounter: Showing normal HP 3 for 1widowmaker
 ZaryaTokenOverlay: Card 1widowmaker has Zarya token: undefined
 HealthCounter for 1mei: Object
 HealthCounter: Showing normal HP 4 for 1mei
 ZaryaTokenOverlay: Card 1mei has Zarya token: undefined
 HealthCounter for 1bastion: Object
 HealthCounter: Showing normal HP 4 for 1bastion
 ZaryaTokenOverlay: Card 1bastion has Zarya token: undefined
 HealthCounter for 2zarya: Object
 HealthCounter: Showing normal HP 4 for 2zarya
 ZaryaTokenOverlay: Card 2zarya has Zarya token: undefined
 TurnEffectsRunner: useEffect triggered Object
 TurnEffectsRunner: Turn change check Object
 DamageBus - Adding updated token: Object
 DamageBus - Updated Zarya token on 2zarya to 2 charges
 HealthCounter for 1ashe: Object
 HealthCounter: Showing normal HP 3 for 1ashe
 ZaryaTokenOverlay: Card 1ashe has Zarya token: undefined
 HealthCounter for 1orisa: Object
 HealthCounter: Showing normal HP 5 for 1orisa
 ZaryaTokenOverlay: Card 1orisa has Zarya token: undefined
 HealthCounter for 1brigitte: Object
 HealthCounter: Showing normal HP 4 for 1brigitte
 ZaryaTokenOverlay: Card 1brigitte has Zarya token: undefined
 HealthCounter for 1widowmaker: Object
 HealthCounter: Showing normal HP 3 for 1widowmaker
 ZaryaTokenOverlay: Card 1widowmaker has Zarya token: undefined
 HealthCounter for 1mei: Object
 HealthCounter: Showing normal HP 4 for 1mei
 ZaryaTokenOverlay: Card 1mei has Zarya token: undefined
 HealthCounter for 1bastion: Object
 HealthCounter: Showing normal HP 4 for 1bastion
 ZaryaTokenOverlay: Card 1bastion has Zarya token: undefined
 HealthCounter for 2zarya: Object
 HealthCounter: Showing normal HP 4 for 2zarya
 ZaryaTokenOverlay: Card 2zarya has Zarya token: Object
 ZaryaTokenOverlay: Token amount: 2, type: zarya-shield, hero: zarya
 TurnEffectsRunner: useEffect triggered Object
 TurnEffectsRunner: Turn change check Object
 HealthCounter for 1ashe: Object
 HealthCounter: Showing normal HP 3 for 1ashe
 ZaryaTokenOverlay: Card 1ashe has Zarya token: undefined
 HealthCounter for 1orisa: Object
 HealthCounter: Showing normal HP 5 for 1orisa
 ZaryaTokenOverlay: Card 1orisa has Zarya token: undefined
 HealthCounter for 1brigitte: Object
 HealthCounter: Showing normal HP 4 for 1brigitte
 ZaryaTokenOverlay: Card 1brigitte has Zarya token: undefined
 HealthCounter for 1widowmaker: Object
 HealthCounter: Showing normal HP 3 for 1widowmaker
 ZaryaTokenOverlay: Card 1widowmaker has Zarya token: undefined
 HealthCounter for 1mei: Object
 HealthCounter: Showing normal HP 4 for 1mei
 ZaryaTokenOverlay: Card 1mei has Zarya token: undefined
 HealthCounter for 1bastion: Object
 HealthCounter: Showing normal HP 4 for 1bastion
 ZaryaTokenOverlay: Card 1bastion has Zarya token: undefined
 HealthCounter for 2zarya: Object
 HealthCounter: Showing normal HP 4 for 2zarya
 ZaryaTokenOverlay: Card 2zarya has Zarya token: Object
 ZaryaTokenOverlay: Token amount: 2, type: zarya-shield, hero: zarya
 HealthCounter for 1ashe: Object
 HealthCounter: Showing normal HP 3 for 1ashe
 ZaryaTokenOverlay: Card 1ashe has Zarya token: undefined
 HealthCounter for 1orisa: Object
 HealthCounter: Showing normal HP 5 for 1orisa
 ZaryaTokenOverlay: Card 1orisa has Zarya token: undefined
 HealthCounter for 1brigitte: Object
 HealthCounter: Showing normal HP 4 for 1brigitte
 ZaryaTokenOverlay: Card 1brigitte has Zarya token: undefined
 HealthCounter for 1widowmaker: Object
 HealthCounter: Showing normal HP 3 for 1widowmaker
 ZaryaTokenOverlay: Card 1widowmaker has Zarya token: undefined
 HealthCounter for 1mei: Object
 HealthCounter: Showing normal HP 4 for 1mei
 ZaryaTokenOverlay: Card 1mei has Zarya token: undefined
 HealthCounter for 1bastion: Object
 HealthCounter: Showing normal HP 4 for 1bastion
 ZaryaTokenOverlay: Card 1bastion has Zarya token: undefined
 HealthCounter for 2zarya: Object
 HealthCounter: Showing normal HP 4 for 2zarya
 ZaryaTokenOverlay: Card 2zarya has Zarya token: Object
 ZaryaTokenOverlay: Token amount: 2, type: zarya-shield, hero: zarya
 Object
 HealthCounter for 1ashe: Object
 HealthCounter: Showing normal HP 3 for 1ashe
 ZaryaTokenOverlay: Card 1ashe has Zarya token: undefined
 HealthCounter for 1ashe: Object
 HealthCounter: Showing normal HP 3 for 1ashe
 ZaryaTokenOverlay: Card 1ashe has Zarya token: undefined
 HealthCounter for 1orisa: Object
 HealthCounter: Showing normal HP 5 for 1orisa
 ZaryaTokenOverlay: Card 1orisa has Zarya token: undefined
 HealthCounter for 1brigitte: Object
 HealthCounter: Showing normal HP 4 for 1brigitte
 ZaryaTokenOverlay: Card 1brigitte has Zarya token: undefined
 HealthCounter for 1widowmaker: Object
 HealthCounter: Showing normal HP 3 for 1widowmaker
 ZaryaTokenOverlay: Card 1widowmaker has Zarya token: undefined
 HealthCounter for 1mei: Object
 HealthCounter: Showing normal HP 4 for 1mei
 ZaryaTokenOverlay: Card 1mei has Zarya token: undefined
 HealthCounter for 1ashe: Object
 HealthCounter: Showing normal HP 3 for 1ashe
 ZaryaTokenOverlay: Card 1ashe has Zarya token: undefined
 HealthCounter for 1ashe: Object
 HealthCounter: Showing normal HP 3 for 1ashe
 ZaryaTokenOverlay: Card 1ashe has Zarya token: undefined
 HealthCounter for 1ashe: Object
 HealthCounter: Showing normal HP 3 for 1ashe
 ZaryaTokenOverlay: Card 1ashe has Zarya token: undefined
 HealthCounter for 1orisa: Object
 HealthCounter: Showing normal HP 5 for 1orisa
 ZaryaTokenOverlay: Card 1orisa has Zarya token: undefined
 HealthCounter for 1brigitte: Object
 HealthCounter: Showing normal HP 4 for 1brigitte
 ZaryaTokenOverlay: Card 1brigitte has Zarya token: undefined
 HealthCounter for 1widowmaker: Object
 HealthCounter: Showing normal HP 3 for 1widowmaker
 ZaryaTokenOverlay: Card 1widowmaker has Zarya token: undefined
 HealthCounter for 1mei: Object
 HealthCounter: Showing normal HP 4 for 1mei
 ZaryaTokenOverlay: Card 1mei has Zarya token: undefined
 HealthCounter for 1bastion: Object
 HealthCounter: Showing normal HP 4 for 1bastion
 ZaryaTokenOverlay: Card 1bastion has Zarya token: undefined
 HealthCounter for 1ashe: Object
 HealthCounter: Showing normal HP 3 for 1ashe
 ZaryaTokenOverlay: Card 1ashe has Zarya token: undefined
 HealthCounter for 1ashe: Object
 HealthCounter: Showing normal HP 3 for 1ashe
 ZaryaTokenOverlay: Card 1ashe has Zarya token: undefined
 HealthCounter for 1ashe: Object
 HealthCounter: Showing normal HP 3 for 1ashe
 ZaryaTokenOverlay: Card 1ashe has Zarya token: undefined
 HealthCounter for 1ashe: Object
 HealthCounter: Showing normal HP 3 for 1ashe
 ZaryaTokenOverlay: Card 1ashe has Zarya token: undefined
 HealthCounter for 1ashe: Object
 HealthCounter: Showing normal HP 3 for 1ashe
 ZaryaTokenOverlay: Card 1ashe has Zarya token: undefined
 HealthCounter for 1ashe: Object
 HealthCounter: Showing normal HP 3 for 1ashe
 ZaryaTokenOverlay: Card 1ashe has Zarya token: undefined
 HealthCounter for 1ashe: Object
 HealthCounter: Showing normal HP 3 for 1ashe
 ZaryaTokenOverlay: Card 1ashe has Zarya token: undefined
 HealthCounter for 1ashe: Object
 HealthCounter: Showing normal HP 3 for 1ashe
 ZaryaTokenOverlay: Card 1ashe has Zarya token: undefined
 HealthCounter for 1ashe: Object
 HealthCounter: Showing normal HP 3 for 1ashe
 ZaryaTokenOverlay: Card 1ashe has Zarya token: undefined
 HealthCounter for 1ashe: Object
 HealthCounter: Showing normal HP 3 for 1ashe
 ZaryaTokenOverlay: Card 1ashe has Zarya token: undefined
 HealthCounter for 1ashe: Object
 HealthCounter: Showing normal HP 3 for 1ashe
 ZaryaTokenOverlay: Card 1ashe has Zarya token: undefined
 HealthCounter for 1ashe: Object
 HealthCounter: Showing normal HP 3 for 1ashe
 ZaryaTokenOverlay: Card 1ashe has Zarya token: undefined
 HealthCounter for 1ashe: Object
 HealthCounter: Showing normal HP 3 for 1ashe
 ZaryaTokenOverlay: Card 1ashe has Zarya token: undefined
 HealthCounter for 1ashe: Object
 HealthCounter: Showing normal HP 3 for 1ashe
 ZaryaTokenOverlay: Card 1ashe has Zarya token: undefined
 HealthCounter for 1ashe: Object
 HealthCounter: Showing normal HP 3 for 1ashe
 ZaryaTokenOverlay: Card 1ashe has Zarya token: undefined
 HealthCounter for 1ashe: Object
 HealthCounter: Showing normal HP 3 for 1ashe
 ZaryaTokenOverlay: Card 1ashe has Zarya token: undefined
 HealthCounter for 1ashe: Object
 HealthCounter: Showing normal HP 3 for 1ashe
 ZaryaTokenOverlay: Card 1ashe has Zarya token: undefined
 HealthCounter for 1ashe: Object
 HealthCounter: Showing normal HP 3 for 1ashe
 ZaryaTokenOverlay: Card 1ashe has Zarya token: undefined
 HealthCounter for 1ashe: Object
 HealthCounter: Showing normal HP 3 for 1ashe
 ZaryaTokenOverlay: Card 1ashe has Zarya token: undefined
 HealthCounter for 1ashe: Object
 HealthCounter: Showing normal HP 3 for 1ashe
 ZaryaTokenOverlay: Card 1ashe has Zarya token: undefined
 HealthCounter for 1ashe: Object
 HealthCounter: Showing normal HP 3 for 1ashe
 ZaryaTokenOverlay: Card 1ashe has Zarya token: undefined
 HealthCounter for 1ashe: Object
 HealthCounter: Showing normal HP 3 for 1ashe
 ZaryaTokenOverlay: Card 1ashe has Zarya token: undefined
 HealthCounter for 1ashe: Object
 HealthCounter: Showing normal HP 3 for 1ashe
 ZaryaTokenOverlay: Card 1ashe has Zarya token: undefined
 HealthCounter for 1ashe: Object
 HealthCounter: Showing normal HP 3 for 1ashe
 ZaryaTokenOverlay: Card 1ashe has Zarya token: undefined
 HealthCounter for 1ashe: Object
 HealthCounter: Showing normal HP 3 for 1ashe
 ZaryaTokenOverlay: Card 1ashe has Zarya token: undefined
 HealthCounter for 1ashe: Object
 HealthCounter: Showing normal HP 3 for 1ashe
 ZaryaTokenOverlay: Card 1ashe has Zarya token: undefined
 HealthCounter for 1ashe: Object
 HealthCounter: Showing normal HP 3 for 1ashe
 ZaryaTokenOverlay: Card 1ashe has Zarya token: undefined
 HealthCounter for 1ashe: Object
 HealthCounter: Showing normal HP 3 for 1ashe
 ZaryaTokenOverlay: Card 1ashe has Zarya token: undefined
 HealthCounter for 1ashe: Object
 HealthCounter: Showing normal HP 3 for 1ashe
 ZaryaTokenOverlay: Card 1ashe has Zarya token: undefined
 Attempting to play placement sound...
 Placement audio source: /owcardgame/static/media/placement.445605f26d71501234a7.mp3
 Created placement audio object: 
 Playing ashe enter sound...
 HealthCounter for 1orisa: Object
 HealthCounter: Showing normal HP 5 for 1orisa
 ZaryaTokenOverlay: Card 1orisa has Zarya token: undefined
 HealthCounter for 1brigitte: Object
 HealthCounter: Showing normal HP 4 for 1brigitte
 ZaryaTokenOverlay: Card 1brigitte has Zarya token: undefined
 HealthCounter for 1widowmaker: Object
 HealthCounter: Showing normal HP 3 for 1widowmaker
 ZaryaTokenOverlay: Card 1widowmaker has Zarya token: undefined
 HealthCounter for 1mei: Object
 HealthCounter: Showing normal HP 4 for 1mei
 ZaryaTokenOverlay: Card 1mei has Zarya token: undefined
 ZaryaTokenOverlay: Card 1ashe has Zarya token: undefined
 HealthCounter for 1bastion: Object
 HealthCounter: Showing normal HP 4 for 1bastion
 ZaryaTokenOverlay: Card 1bastion has Zarya token: undefined
 HealthCounter for 2zarya: Object
 HealthCounter: Showing normal HP 4 for 2zarya
 ZaryaTokenOverlay: Card 2zarya has Zarya token: Object
 ZaryaTokenOverlay: Token amount: 2, type: zarya-shield, hero: zarya
 TurnEffectsRunner: useEffect triggered Object
 TurnEffectsRunner: Turn change check Object
 HealthCounter for 1orisa: Object
 HealthCounter: Showing normal HP 5 for 1orisa
 ZaryaTokenOverlay: Card 1orisa has Zarya token: undefined
 HealthCounter for 1brigitte: Object
 HealthCounter: Showing normal HP 4 for 1brigitte
 ZaryaTokenOverlay: Card 1brigitte has Zarya token: undefined
 HealthCounter for 1widowmaker: Object
 HealthCounter: Showing normal HP 3 for 1widowmaker
 ZaryaTokenOverlay: Card 1widowmaker has Zarya token: undefined
 HealthCounter for 1mei: Object
 HealthCounter: Showing normal HP 4 for 1mei
 ZaryaTokenOverlay: Card 1mei has Zarya token: undefined
 HealthCounter for 1ashe: Object
 HealthCounter: Showing normal HP 3 for 1ashe
 ZaryaTokenOverlay: Card 1ashe has Zarya token: undefined
 HealthCounter for 1bastion: Object
 HealthCounter: Showing normal HP 4 for 1bastion
 ZaryaTokenOverlay: Card 1bastion has Zarya token: undefined
 HealthCounter for 2zarya: Object
 HealthCounter: Showing normal HP 4 for 2zarya
 ZaryaTokenOverlay: Card 2zarya has Zarya token: Object
 ZaryaTokenOverlay: Token amount: 2, type: zarya-shield, hero: zarya
 TurnEffectsRunner: useEffect triggered Object
 TurnEffectsRunner: Turn change check Object
 HealthCounter for 1orisa: Object
 HealthCounter: Showing normal HP 5 for 1orisa
 ZaryaTokenOverlay: Card 1orisa has Zarya token: undefined
 HealthCounter for 1brigitte: Object
 HealthCounter: Showing normal HP 4 for 1brigitte
 ZaryaTokenOverlay: Card 1brigitte has Zarya token: undefined
 HealthCounter for 1widowmaker: Object
 HealthCounter: Showing normal HP 3 for 1widowmaker
 ZaryaTokenOverlay: Card 1widowmaker has Zarya token: undefined
 HealthCounter for 1mei: Object
 HealthCounter: Showing normal HP 4 for 1mei
 ZaryaTokenOverlay: Card 1mei has Zarya token: undefined
 HealthCounter for 1ashe: Object
 HealthCounter: Showing normal HP 3 for 1ashe
 ZaryaTokenOverlay: Card 1ashe has Zarya token: undefined
 HealthCounter for 1bastion: Object
 HealthCounter: Showing normal HP 4 for 1bastion
 ZaryaTokenOverlay: Card 1bastion has Zarya token: undefined
 HealthCounter for 2zarya: Object
 HealthCounter: Showing normal HP 4 for 2zarya
 ZaryaTokenOverlay: Card 2zarya has Zarya token: Object
 ZaryaTokenOverlay: Token amount: 2, type: zarya-shield, hero: zarya
 Placement sound played successfully
 ashe enter sound played successfully
 HealthCounter for 1orisa: Object
 HealthCounter: Showing normal HP 5 for 1orisa
 ZaryaTokenOverlay: Card 1orisa has Zarya token: undefined
 HealthCounter for 1brigitte: Object
 HealthCounter: Showing normal HP 4 for 1brigitte
 ZaryaTokenOverlay: Card 1brigitte has Zarya token: undefined
 HealthCounter for 1widowmaker: Object
 HealthCounter: Showing normal HP 3 for 1widowmaker
 ZaryaTokenOverlay: Card 1widowmaker has Zarya token: undefined
 HealthCounter for 1mei: Object
 HealthCounter: Showing normal HP 4 for 1mei
 ZaryaTokenOverlay: Card 1mei has Zarya token: undefined
 HealthCounter for 1ashe: Object
 HealthCounter: Showing normal HP 3 for 1ashe
 ZaryaTokenOverlay: Card 1ashe has Zarya token: undefined
 HealthCounter for 1bastion: Object
 HealthCounter: Showing normal HP 4 for 1bastion
 ZaryaTokenOverlay: Card 1bastion has Zarya token: undefined
 HealthCounter for 2zarya: Object
 HealthCounter: Showing normal HP 4 for 2zarya
 ZaryaTokenOverlay: Card 2zarya has Zarya token: Object
 ZaryaTokenOverlay: Token amount: 2, type: zarya-shield, hero: zarya
 Ashe Ability 1 - Target clicked: Object
 Ashe Ability 1 - Applying damage: Object
 DamageBus - Checking invulnerability for 2zarya at index 0 in row 2f Object
 DamageBus - Target 2zarya is NOT invulnerable, proceeding with damage
 DamageBus - Zarya Token on 2zarya absorbed 2 damage for 2zarya, remaining tokens: 0
 DamageBus - Removing token with ID: zarya-token-1759097894598
 DamageBus - Removed depleted Zarya token from 2zarya
 DamageBus - Publishing damage event: Object
 Playing Ashe ability 1 sound...
 HealthCounter for 1orisa: Object
 HealthCounter: Showing normal HP 5 for 1orisa
 ZaryaTokenOverlay: Card 1orisa has Zarya token: undefined
 HealthCounter for 1brigitte: Object
 HealthCounter: Showing normal HP 4 for 1brigitte
 ZaryaTokenOverlay: Card 1brigitte has Zarya token: undefined
 HealthCounter for 1widowmaker: Object
 HealthCounter: Showing normal HP 3 for 1widowmaker
 ZaryaTokenOverlay: Card 1widowmaker has Zarya token: undefined
 HealthCounter for 1mei: Object
 HealthCounter: Showing normal HP 4 for 1mei
 ZaryaTokenOverlay: Card 1mei has Zarya token: undefined
 HealthCounter for 1ashe: Object
 HealthCounter: Showing normal HP 3 for 1ashe
 ZaryaTokenOverlay: Card 1ashe has Zarya token: undefined
 HealthCounter for 1bastion: Object
 HealthCounter: Showing normal HP 4 for 1bastion
 ZaryaTokenOverlay: Card 1bastion has Zarya token: undefined
 HealthCounter for 2zarya: Object
 HealthCounter: Showing normal HP 4 for 2zarya
 ZaryaTokenOverlay: Card 2zarya has Zarya token: undefined
 TurnEffectsRunner: useEffect triggered Object
 TurnEffectsRunner: Turn change check Object
 Ashe ability 1 sound played successfully
