 TurnEffectsRunner: Checking row 1b with 0 ally effects and 0 enemy effects
 TurnEffectsRunner: Checking row 1m with 0 ally effects and 0 enemy effects
 TurnEffectsRunner: Checking row 1f with 0 ally effects and 0 enemy effects
 HealthCounter for 1echo: Object
 HealthCounter: Showing normal HP 4 for 1echo
 HealthCounter for 1brigitte: Object
 HealthCounter: Showing normal HP 4 for 1brigitte
 HealthCounter for 1bastion: Object
 HealthCounter: Showing normal HP 4 for 1bastion
 HealthCounter for 1dva: Object
 HealthCounter: Showing normal HP 2 for 1dva
 HealthCounter for 2tracer: Object
 HealthCounter: Showing normal HP 3 for 2tracer
 TurnEffectsRunner: useEffect triggered Object
 TurnEffectsRunner: Turn change check Object
 HealthCounter for 1echo: Object
 HealthCounter: Showing normal HP 4 for 1echo
 HealthCounter for 1brigitte: Object
 HealthCounter: Showing normal HP 4 for 1brigitte
 HealthCounter for 1bastion: Object
 HealthCounter: Showing normal HP 4 for 1bastion
 HealthCounter for 1dva: Object
 HealthCounter: Showing normal HP 2 for 1dva
 HealthCounter for 2tracer: Object
 HealthCounter: Showing normal HP 3 for 2tracer
 HealthCounter for 1reinhardt: Object
 HealthCounter: Showing normal HP 4 for 1reinhardt
 reinhardt intro sound played successfully
 HealthCounter for 1echo: Object
 HealthCounter: Showing normal HP 4 for 1echo
 HealthCounter for 1brigitte: Object
 HealthCounter: Showing normal HP 4 for 1brigitte
 HealthCounter for 1bastion: Object
 HealthCounter: Showing normal HP 4 for 1bastion
 HealthCounter for 1reinhardt: Object
 HealthCounter: Showing normal HP 4 for 1reinhardt
 HealthCounter for 1dva: Object
 HealthCounter: Showing normal HP 2 for 1dva
 HealthCounter for 2tracer: Object
 HealthCounter: Showing normal HP 3 for 2tracer
 Object
 HealthCounter for 1brigitte: Object
 HealthCounter: Showing normal HP 4 for 1brigitte
 HealthCounter for 1bastion: Object
 HealthCounter: Showing normal HP 4 for 1bastion
 HealthCounter for 1reinhardt: Object
 HealthCounter: Showing normal HP 4 for 1reinhardt
 HealthCounter for 1reinhardt: Object
 HealthCounter: Showing normal HP 4 for 1reinhardt
 HealthCounter for 1reinhardt: Object
 HealthCounter: Showing normal HP 4 for 1reinhardt
 HealthCounter for 1reinhardt: Object
 HealthCounter: Showing normal HP 4 for 1reinhardt
 HealthCounter for 1reinhardt: Object
 HealthCounter: Showing normal HP 4 for 1reinhardt
 HealthCounter for 1reinhardt: Object
 HealthCounter: Showing normal HP 4 for 1reinhardt
 HealthCounter for 1reinhardt: Object
 HealthCounter: Showing normal HP 4 for 1reinhardt
 HealthCounter for 1reinhardt: Object
 HealthCounter: Showing normal HP 4 for 1reinhardt
 HealthCounter for 1reinhardt: Object
 HealthCounter: Showing normal HP 4 for 1reinhardt
 HealthCounter for 1reinhardt: Object
 HealthCounter: Showing normal HP 4 for 1reinhardt
 HealthCounter for 1reinhardt: Object
 HealthCounter: Showing normal HP 4 for 1reinhardt
 HealthCounter for 1echo: Object
 HealthCounter: Showing normal HP 4 for 1echo
 HealthCounter for 1brigitte: Object
 HealthCounter: Showing normal HP 4 for 1brigitte
 HealthCounter for 1bastion: Object
 HealthCounter: Showing normal HP 4 for 1bastion
 HealthCounter for 1reinhardt: Object
 HealthCounter: Showing normal HP 4 for 1reinhardt
 HealthCounter for 1reinhardt: Object
 HealthCounter: Showing normal HP 4 for 1reinhardt
 HealthCounter for 1reinhardt: Object
 HealthCounter: Showing normal HP 4 for 1reinhardt
 HealthCounter for 1reinhardt: Object
 HealthCounter: Showing normal HP 4 for 1reinhardt
 HealthCounter for 1reinhardt: Object
 HealthCounter: Showing normal HP 4 for 1reinhardt
 HealthCounter for 1reinhardt: Object
 HealthCounter: Showing normal HP 4 for 1reinhardt
 HealthCounter for 1reinhardt: Object
 HealthCounter: Showing normal HP 4 for 1reinhardt
 HealthCounter for 1reinhardt: Object
 HealthCounter: Showing normal HP 4 for 1reinhardt
 HealthCounter for 1reinhardt: Object
 HealthCounter: Showing normal HP 4 for 1reinhardt
 HealthCounter for 1reinhardt: Object
 HealthCounter: Showing normal HP 4 for 1reinhardt
 HealthCounter for 1dva: Object
 HealthCounter: Showing normal HP 2 for 1dva
 HealthCounter for 1reinhardt: Object
 HealthCounter: Showing normal HP 4 for 1reinhardt
 HealthCounter for 1reinhardt: Object
 HealthCounter: Showing normal HP 4 for 1reinhardt
 HealthCounter for 1reinhardt: Object
 HealthCounter: Showing normal HP 4 for 1reinhardt
 HealthCounter for 1reinhardt: Object
 HealthCounter: Showing normal HP 4 for 1reinhardt
 HealthCounter for 1reinhardt: Object
 HealthCounter: Showing normal HP 4 for 1reinhardt
 HealthCounter for 1reinhardt: Object
 HealthCounter: Showing normal HP 4 for 1reinhardt
 HealthCounter for 1reinhardt: Object
 HealthCounter: Showing normal HP 4 for 1reinhardt
 HealthCounter for 1reinhardt: Object
 HealthCounter: Showing normal HP 4 for 1reinhardt
 HealthCounter for 1reinhardt: Object
 HealthCounter: Showing normal HP 4 for 1reinhardt
 HealthCounter for 1reinhardt: Object
 HealthCounter: Showing normal HP 4 for 1reinhardt
 HealthCounter for 1reinhardt: Object
 HealthCounter: Showing normal HP 4 for 1reinhardt
 HealthCounter for 1reinhardt: Object
 HealthCounter: Showing normal HP 4 for 1reinhardt
 HealthCounter for 1reinhardt: Object
 HealthCounter: Showing normal HP 4 for 1reinhardt
 HealthCounter for 1reinhardt: Object
 HealthCounter: Showing normal HP 4 for 1reinhardt
 HealthCounter for 1reinhardt: Object
 HealthCounter: Showing normal HP 4 for 1reinhardt
 HealthCounter for 1reinhardt: Object
 HealthCounter: Showing normal HP 4 for 1reinhardt
 HealthCounter for 1reinhardt: Object
 HealthCounter: Showing normal HP 4 for 1reinhardt
 HealthCounter for 1reinhardt: Object
 HealthCounter: Showing normal HP 4 for 1reinhardt
 HealthCounter for 1reinhardt: Object
 HealthCounter: Showing normal HP 4 for 1reinhardt
 HealthCounter for 1reinhardt: Object
 HealthCounter: Showing normal HP 4 for 1reinhardt
 HealthCounter for 1reinhardt: Object
 HealthCounter: Showing normal HP 4 for 1reinhardt
 HealthCounter for 1reinhardt: Object
 HealthCounter: Showing normal HP 4 for 1reinhardt
 HealthCounter for 1reinhardt: Object
 HealthCounter: Showing normal HP 4 for 1reinhardt
 HealthCounter for 1reinhardt: Object
 HealthCounter: Showing normal HP 4 for 1reinhardt
 HealthCounter for 1reinhardt: Object
 HealthCounter: Showing normal HP 4 for 1reinhardt
 HealthCounter for 1reinhardt: Object
 HealthCounter: Showing normal HP 4 for 1reinhardt
 HealthCounter for 1reinhardt: Object
 HealthCounter: Showing normal HP 4 for 1reinhardt
 HealthCounter for 1reinhardt: Object
 HealthCounter: Showing normal HP 4 for 1reinhardt
 HealthCounter for 1reinhardt: Object
 HealthCounter: Showing normal HP 4 for 1reinhardt
 HealthCounter for 1reinhardt: Object
 HealthCounter: Showing normal HP 4 for 1reinhardt
 HealthCounter for 1reinhardt: Object
 HealthCounter: Showing normal HP 4 for 1reinhardt
 HealthCounter for 1reinhardt: Object
 HealthCounter: Showing normal HP 4 for 1reinhardt
 Attempting to play placement sound...
 Placement audio source: /owcardgame/static/media/placement.445605f26d71501234a7.mp3
 Created placement audio object: 
 Playing reinhardt enter sound...
 MOVE_CARD reducer: Moving 1reinhardt from player1hand:3 to 1m:0
 MOVE_CARD reducer: Start row exists: true, Finish row exists: true
 MOVE_CARD reducer: Start row cards: [1echo, 1brigitte, 1bastion, 1reinhardt]
 MOVE_CARD reducer: Finish row cards: [1dva]
 MOVE_CARD reducer: New start row cards: [1echo, 1brigitte, 1bastion]
 MOVE_CARD reducer: New finish row cards: [1reinhardt, 1dva]
 MOVE_CARD reducer: About to update state
 MOVE_CARD reducer: State updated. New finish row cards: [1reinhardt, 1dva]
 HealthCounter for 1echo: Object
 HealthCounter: Showing normal HP 4 for 1echo
 HealthCounter for 1brigitte: Object
 HealthCounter: Showing normal HP 4 for 1brigitte
 HealthCounter for 1bastion: Object
 HealthCounter: Showing normal HP 4 for 1bastion
 HealthCounter for 1dva: Object
 HealthCounter: Showing normal HP 2 for 1dva
 HealthCounter for 2tracer: Object
 HealthCounter: Showing normal HP 3 for 2tracer
 TurnEffectsRunner: useEffect triggered Object
 TurnEffectsRunner: Turn change check Object
 HealthCounter for 1echo: Object
 HealthCounter: Showing normal HP 4 for 1echo
 HealthCounter for 1brigitte: Object
 HealthCounter: Showing normal HP 4 for 1brigitte
 HealthCounter for 1bastion: Object
 HealthCounter: Showing normal HP 4 for 1bastion
 HealthCounter for 1reinhardt: Object
 HealthCounter: Showing normal HP 4 for 1reinhardt
 HealthCounter for 1dva: Object
 HealthCounter: Showing normal HP 2 for 1dva
 HealthCounter for 2tracer: Object
 HealthCounter: Showing normal HP 3 for 2tracer
 TurnEffectsRunner: useEffect triggered Object
 TurnEffectsRunner: Turn change check Object
 HealthCounter for 1echo: Object
 HealthCounter: Showing normal HP 4 for 1echo
 HealthCounter for 1brigitte: Object
 HealthCounter: Showing normal HP 4 for 1brigitte
 HealthCounter for 1bastion: Object
 HealthCounter: Showing normal HP 4 for 1bastion
 HealthCounter for 1reinhardt: Object
 HealthCounter: Showing normal HP 4 for 1reinhardt
 HealthCounter for 1dva: Object
 HealthCounter: Showing normal HP 2 for 1dva
 HealthCounter for 2tracer: Object
 HealthCounter: Showing normal HP 3 for 2tracer
 Placement sound played successfully
 reinhardt enter sound played successfully
 HealthCounter for 1dva: Object
 HealthCounter: Showing normal HP 2 for 1dva
 addSpecialCardToHand called with: Object
 ADD_SPECIAL_CARD_TO_HAND reducer called with: Object
 ADD_SPECIAL_CARD_TO_HAND: Attempting to play intro sound for dvameka
 ADD_SPECIAL_CARD_TO_HAND: Intro audio src for dvameka: /owcardgame/static/media/dvameka-intro.c8de29c2b5b7f153991f.mp3
 Playing dvameka intro sound...
 HealthCounter for 1echo: Object
 HealthCounter: Showing normal HP 4 for 1echo
 HealthCounter for 1brigitte: Object
 HealthCounter: Showing normal HP 4 for 1brigitte
 HealthCounter for 1bastion: Object
 HealthCounter: Showing normal HP 4 for 1bastion
 HealthCounter for 1reinhardt: Object
 HealthCounter: Showing normal HP 4 for 1reinhardt
 HealthCounter for 2tracer: Object
 HealthCounter: Showing normal HP 3 for 2tracer
 TurnEffectsRunner: useEffect triggered Object
 TurnEffectsRunner: Turn change check Object
 HealthCounter for 1echo: Object
 HealthCounter: Showing normal HP 4 for 1echo
 HealthCounter for 1brigitte: Object
 HealthCounter: Showing normal HP 4 for 1brigitte
 HealthCounter for 1bastion: Object
 HealthCounter: Showing normal HP 4 for 1bastion
 HealthCounter for 1reinhardt: Object
 HealthCounter: Showing normal HP 4 for 1reinhardt
 HealthCounter for 2tracer: Object
 HealthCounter: Showing normal HP 3 for 2tracer
 TurnEffectsRunner: useEffect triggered Object
 TurnEffectsRunner: Turn change check Object
 HealthCounter for 1dva: Object
 HealthCounter: Showing normal HP 2 for 1dva
 HealthCounter for 1echo: Object
 HealthCounter: Showing normal HP 4 for 1echo
 HealthCounter for 1brigitte: Object
 HealthCounter: Showing normal HP 4 for 1brigitte
 HealthCounter for 1bastion: Object
 HealthCounter: Showing normal HP 4 for 1bastion
 HealthCounter for 1reinhardt: Object
 HealthCounter: Showing normal HP 4 for 1reinhardt
 HealthCounter for 2tracer: Object
 HealthCounter: Showing normal HP 3 for 2tracer
 HealthCounter for 1dvameka: Object
 HealthCounter: Showing normal HP 4 for 1dvameka
 dvameka intro sound played successfully
 HealthCounter for 1dvameka: Object
 HealthCounter: Showing normal HP 4 for 1dvameka
 HealthCounter for 1dva: Object
 HealthCounter: Showing normal HP 2 for 1dva
 HealthCounter for 1echo: Object
 HealthCounter: Showing normal HP 4 for 1echo
 HealthCounter for 1brigitte: Object
 HealthCounter: Showing normal HP 4 for 1brigitte
 HealthCounter for 1bastion: Object
 HealthCounter: Showing normal HP 4 for 1bastion
 HealthCounter for 1reinhardt: Object
 HealthCounter: Showing normal HP 4 for 1reinhardt
 HealthCounter for 2tracer: Object
 HealthCounter: Showing normal HP 3 for 2tracer
 HealthCounter for 1dvameka: Object
 HealthCounter: Showing normal HP 4 for 1dvameka
 HealthCounter for 1dva: Object
 HealthCounter: Showing normal HP 2 for 1dva
 HealthCounter for 1echo: Object
 HealthCounter: Showing normal HP 4 for 1echo
 HealthCounter for 1brigitte: Object
 HealthCounter: Showing normal HP 4 for 1brigitte
 HealthCounter for 1bastion: Object
 HealthCounter: Showing normal HP 4 for 1bastion
 HealthCounter for 1reinhardt: Object
 HealthCounter: Showing normal HP 4 for 1reinhardt
 HealthCounter for 2tracer: Object
 HealthCounter: Showing normal HP 3 for 2tracer
 Object
 HealthCounter for 1dvameka: Object
 HealthCounter: Showing normal HP 4 for 1dvameka
 HealthCounter for 1dvameka: Object
 HealthCounter: Showing normal HP 4 for 1dvameka
 HealthCounter for 1dvameka: Object
 HealthCounter: Showing normal HP 4 for 1dvameka
 HealthCounter for 1dvameka: Object
 HealthCounter: Showing normal HP 4 for 1dvameka
 HealthCounter for 1dvameka: Object
 HealthCounter: Showing normal HP 4 for 1dvameka
 HealthCounter for 1dvameka: Object
 HealthCounter: Showing normal HP 4 for 1dvameka
 HealthCounter for 1dvameka: Object
 HealthCounter: Showing normal HP 4 for 1dvameka
 HealthCounter for 1dvameka: Object
 HealthCounter: Showing normal HP 4 for 1dvameka
 HealthCounter for 1dvameka: Object
 HealthCounter: Showing normal HP 4 for 1dvameka
 HealthCounter for 1dva: Object
 HealthCounter: Showing normal HP 2 for 1dva
 HealthCounter for 1echo: Object
 HealthCounter: Showing normal HP 4 for 1echo
 HealthCounter for 1brigitte: Object
 HealthCounter: Showing normal HP 4 for 1brigitte
 HealthCounter for 1bastion: Object
 HealthCounter: Showing normal HP 4 for 1bastion
 HealthCounter for 1dvameka: Object
 HealthCounter: Showing normal HP 4 for 1dvameka
 HealthCounter for 1dvameka: Object
 HealthCounter: Showing normal HP 4 for 1dvameka
 HealthCounter for 1dvameka: Object
 HealthCounter: Showing normal HP 4 for 1dvameka
 HealthCounter for 1dvameka: Object
 HealthCounter: Showing normal HP 4 for 1dvameka
 HealthCounter for 1dvameka: Object
 HealthCounter: Showing normal HP 4 for 1dvameka
 HealthCounter for 1dvameka: Object
 HealthCounter: Showing normal HP 4 for 1dvameka
 HealthCounter for 1dvameka: Object
 HealthCounter: Showing normal HP 4 for 1dvameka
 HealthCounter for 1dvameka: Object
 HealthCounter: Showing normal HP 4 for 1dvameka
 HealthCounter for 1dvameka: Object
 HealthCounter: Showing normal HP 4 for 1dvameka
 HealthCounter for 1dvameka: Object
 HealthCounter: Showing normal HP 4 for 1dvameka
 HealthCounter for 1dvameka: Object
 HealthCounter: Showing normal HP 4 for 1dvameka
 HealthCounter for 1dvameka: Object
 HealthCounter: Showing normal HP 4 for 1dvameka
 HealthCounter for 1dvameka: Object
 HealthCounter: Showing normal HP 4 for 1dvameka
 HealthCounter for 1dvameka: Object
 HealthCounter: Showing normal HP 4 for 1dvameka
 HealthCounter for 1dvameka: Object
 HealthCounter: Showing normal HP 4 for 1dvameka
 HealthCounter for 1dva: Object
 HealthCounter: Showing normal HP 2 for 1dva
 HealthCounter for 1echo: Object
 HealthCounter: Showing normal HP 4 for 1echo
 HealthCounter for 1brigitte: Object
 HealthCounter: Showing normal HP 4 for 1brigitte
 HealthCounter for 1bastion: Object
 HealthCounter: Showing normal HP 4 for 1bastion
 HealthCounter for 1dvameka: Object
 HealthCounter: Showing normal HP 4 for 1dvameka
 HealthCounter for 1dvameka: Object
 HealthCounter: Showing normal HP 4 for 1dvameka
 HealthCounter for 1dva: Object
 HealthCounter: Showing normal HP 2 for 1dva
 HealthCounter for 1echo: Object
 HealthCounter: Showing normal HP 4 for 1echo
 HealthCounter for 1brigitte: Object
 HealthCounter: Showing normal HP 4 for 1brigitte
 HealthCounter for 1bastion: Object
 HealthCounter: Showing normal HP 4 for 1bastion
 HealthCounter for 1dvameka: Object
 HealthCounter: Showing normal HP 4 for 1dvameka
 HealthCounter for 1dva: Object
 HealthCounter: Showing normal HP 2 for 1dva
 HealthCounter for 1echo: Object
 HealthCounter: Showing normal HP 4 for 1echo
 HealthCounter for 1brigitte: Object
 HealthCounter: Showing normal HP 4 for 1brigitte
 HealthCounter for 1bastion: Object
 HealthCounter: Showing normal HP 4 for 1bastion
 HealthCounter for 1dvameka: Object
 HealthCounter: Showing normal HP 4 for 1dvameka
 HealthCounter for 1dvameka: Object
 HealthCounter: Showing normal HP 4 for 1dvameka
 HealthCounter for 1dvameka: Object
 HealthCounter: Showing normal HP 4 for 1dvameka
 HealthCounter for 1dvameka: Object
 HealthCounter: Showing normal HP 4 for 1dvameka
 HealthCounter for 1dvameka: Object
 HealthCounter: Showing normal HP 4 for 1dvameka
 HealthCounter for 1dvameka: Object
 HealthCounter: Showing normal HP 4 for 1dvameka
 HealthCounter for 1dvameka: Object
 HealthCounter: Showing normal HP 4 for 1dvameka
 HealthCounter for 1dvameka: Object
 HealthCounter: Showing normal HP 4 for 1dvameka
 HealthCounter for 1dvameka: Object
 HealthCounter: Showing normal HP 4 for 1dvameka
 HealthCounter for 1dvameka: Object
 HealthCounter: Showing normal HP 4 for 1dvameka
 Attempting to play placement sound...
 Placement audio source: /owcardgame/static/media/placement.445605f26d71501234a7.mp3
 Created placement audio object: 
 Playing dvameka enter sound...
 MOVE_CARD reducer: Moving 1dvameka from player1hand:0 to 1b:0
 MOVE_CARD reducer: Start row exists: true, Finish row exists: true
 MOVE_CARD reducer: Start row cards: [1dvameka, 1dva, 1echo, 1brigitte, 1bastion]
 MOVE_CARD reducer: Finish row cards: [none]
 MOVE_CARD reducer: New start row cards: [1dva, 1echo, 1brigitte, 1bastion]
 MOVE_CARD reducer: New finish row cards: [1dvameka]
 MOVE_CARD reducer: About to update state
 MOVE_CARD reducer: State updated. New finish row cards: [1dvameka]
 HealthCounter for 1dva: Object
 HealthCounter: Showing normal HP 2 for 1dva
 HealthCounter for 1echo: Object
 HealthCounter: Showing normal HP 4 for 1echo
 HealthCounter for 1brigitte: Object
 HealthCounter: Showing normal HP 4 for 1brigitte
 HealthCounter for 1bastion: Object
 HealthCounter: Showing normal HP 4 for 1bastion
 HealthCounter for 1reinhardt: Object
 HealthCounter: Showing normal HP 4 for 1reinhardt
 HealthCounter for 2tracer: Object
 HealthCounter: Showing normal HP 3 for 2tracer
 TurnEffectsRunner: useEffect triggered Object
 TurnEffectsRunner: Turn change check Object
 HealthCounter for 1dva: Object
 HealthCounter: Showing normal HP 2 for 1dva
 HealthCounter for 1echo: Object
 HealthCounter: Showing normal HP 4 for 1echo
 HealthCounter for 1brigitte: Object
 HealthCounter: Showing normal HP 4 for 1brigitte
 HealthCounter for 1bastion: Object
 HealthCounter: Showing normal HP 4 for 1bastion
 HealthCounter for 1dvameka: Object
 HealthCounter: Showing normal HP 4 for 1dvameka
 HealthCounter for 1reinhardt: Object
 HealthCounter: Showing normal HP 4 for 1reinhardt
 HealthCounter for 2tracer: Object
 HealthCounter: Showing normal HP 3 for 2tracer
 TurnEffectsRunner: useEffect triggered Object
 TurnEffectsRunner: Turn change check Object
 HealthCounter for 1dva: Object
 HealthCounter: Showing normal HP 2 for 1dva
 HealthCounter for 1echo: Object
 HealthCounter: Showing normal HP 4 for 1echo
 HealthCounter for 1brigitte: Object
 HealthCounter: Showing normal HP 4 for 1brigitte
 HealthCounter for 1bastion: Object
 HealthCounter: Showing normal HP 4 for 1bastion
 HealthCounter for 1dvameka: Object
 HealthCounter: Showing normal HP 4 for 1dvameka
 HealthCounter for 1reinhardt: Object
 HealthCounter: Showing normal HP 4 for 1reinhardt
 HealthCounter for 2tracer: Object
 HealthCounter: Showing normal HP 3 for 2tracer
 Placement sound played successfully
 dvameka enter sound played successfully
 HealthCounter for 1dva: Object
 HealthCounter: Showing normal HP 2 for 1dva
 HealthCounter for 1echo: Object
 HealthCounter: Showing normal HP 4 for 1echo
 HealthCounter for 1brigitte: Object
 HealthCounter: Showing normal HP 4 for 1brigitte
 HealthCounter for 1bastion: Object
 HealthCounter: Showing normal HP 4 for 1bastion
 HealthCounter for 1dvameka: Object
 HealthCounter: Showing normal HP 4 for 1dvameka
 HealthCounter for 1reinhardt: Object
 HealthCounter: Showing normal HP 4 for 1reinhardt
 HealthCounter for 2tracer: Object
 HealthCounter: Showing normal HP 3 for 2tracer
 HealthCounter for 1dvameka: Object
 HealthCounter: Showing normal HP 4 for 1dvameka
 HealthCounter for 1reinhardt: Object
 HealthCounter: Showing normal HP 4 for 1reinhardt
 HealthCounter for 2tracer: Object
 HealthCounter: Showing normal HP 3 for 2tracer
 HealthCounter for 2sigma: Object
 HealthCounter: Showing normal HP 4 for 2sigma
 HealthCounter for 2mercy: Object
 HealthCounter: Showing normal HP 3 for 2mercy
 HealthCounter for 2bastion: Object
 HealthCounter: Showing normal HP 4 for 2bastion
 HealthCounter for 2roadhog: Object
 HealthCounter: Showing normal HP 5 for 2roadhog
 Player 2 drew widowmaker
 TurnEffectsRunner: useEffect triggered Object
 TurnEffectsRunner: Turn change check Object
 TurnEffectsRunner: Turn changed, processing effects
 Lifeweaver: Starting temporary HP cleanup for player 2
 Lifeweaver: No temporary HP effects found to clean up for player 2
 Lifeweaver: Temporary HP cleanup completed
 TurnEffectsRunner: Checking row 2b with 0 ally effects and 0 enemy effects
 TurnEffectsRunner: Checking row 2m with 0 ally effects and 0 enemy effects
 TurnEffectsRunner: Checking row 2f with 0 ally effects and 0 enemy effects
 HealthCounter for 1dvameka: Object
 HealthCounter: Showing normal HP 4 for 1dvameka
 HealthCounter for 1reinhardt: Object
 HealthCounter: Showing normal HP 4 for 1reinhardt
 HealthCounter for 2tracer: Object
 HealthCounter: Showing normal HP 3 for 2tracer
 HealthCounter for 2sigma: Object
 HealthCounter: Showing normal HP 4 for 2sigma
 HealthCounter for 2mercy: Object
 HealthCounter: Showing normal HP 3 for 2mercy
 HealthCounter for 2bastion: Object
 HealthCounter: Showing normal HP 4 for 2bastion
 HealthCounter for 2roadhog: Object
 HealthCounter: Showing normal HP 5 for 2roadhog
 TurnEffectsRunner: useEffect triggered Object
 TurnEffectsRunner: Turn change check Object
 HealthCounter for 1dvameka: Object
 HealthCounter: Showing normal HP 4 for 1dvameka
 HealthCounter for 1reinhardt: Object
 HealthCounter: Showing normal HP 4 for 1reinhardt
 HealthCounter for 2tracer: Object
 HealthCounter: Showing normal HP 3 for 2tracer
 HealthCounter for 2sigma: Object
 HealthCounter: Showing normal HP 4 for 2sigma
 HealthCounter for 2mercy: Object
 HealthCounter: Showing normal HP 3 for 2mercy
 HealthCounter for 2bastion: Object
 HealthCounter: Showing normal HP 4 for 2bastion
 HealthCounter for 2roadhog: Object
 HealthCounter: Showing normal HP 5 for 2roadhog
 HealthCounter for 2widowmaker: Object
 HealthCounter: Showing normal HP 3 for 2widowmaker
 HealthCounter for 1dva: Object
 HealthCounter: Showing normal HP 2 for 1dva
 HealthCounter for 1echo: Object
 HealthCounter: Showing normal HP 4 for 1echo
 HealthCounter for 1brigitte: Object
 HealthCounter: Showing normal HP 4 for 1brigitte
 HealthCounter for 1bastion: Object
 HealthCounter: Showing normal HP 4 for 1bastion
 HealthCounter for 1dvameka: Object
 HealthCounter: Showing normal HP 4 for 1dvameka
 HealthCounter for 1reinhardt: Object
 HealthCounter: Showing normal HP 4 for 1reinhardt
 HealthCounter for 2tracer: Object
 HealthCounter: Showing normal HP 3 for 2tracer
 Player 1 drew reaper
 Playing reaper intro sound...
 TurnEffectsRunner: useEffect triggered Object
 TurnEffectsRunner: Turn change check Object
 TurnEffectsRunner: Turn changed, processing effects
 Lifeweaver: Starting temporary HP cleanup for player 1
 Lifeweaver: No temporary HP effects found to clean up for player 1
 Lifeweaver: Temporary HP cleanup completed
 TurnEffectsRunner: Checking row 1b with 0 ally effects and 0 enemy effects
 TurnEffectsRunner: Checking row 1m with 0 ally effects and 0 enemy effects
 TurnEffectsRunner: Checking row 1f with 0 ally effects and 0 enemy effects
 HealthCounter for 1dva: Object
 HealthCounter: Showing normal HP 2 for 1dva
 HealthCounter for 1echo: Object
 HealthCounter: Showing normal HP 4 for 1echo
 HealthCounter for 1brigitte: Object
 HealthCounter: Showing normal HP 4 for 1brigitte
 HealthCounter for 1bastion: Object
 HealthCounter: Showing normal HP 4 for 1bastion
 HealthCounter for 1dvameka: Object
 HealthCounter: Showing normal HP 4 for 1dvameka
 HealthCounter for 1reinhardt: Object
 HealthCounter: Showing normal HP 4 for 1reinhardt
 HealthCounter for 2tracer: Object
 HealthCounter: Showing normal HP 3 for 2tracer
 TurnEffectsRunner: useEffect triggered Object
 TurnEffectsRunner: Turn change check Object
 HealthCounter for 1dva: Object
 HealthCounter: Showing normal HP 2 for 1dva
 HealthCounter for 1echo: Object
 HealthCounter: Showing normal HP 4 for 1echo
 HealthCounter for 1brigitte: Object
 HealthCounter: Showing normal HP 4 for 1brigitte
 HealthCounter for 1bastion: Object
 HealthCounter: Showing normal HP 4 for 1bastion
 HealthCounter for 1dvameka: Object
 HealthCounter: Showing normal HP 4 for 1dvameka
 HealthCounter for 1reinhardt: Object
 HealthCounter: Showing normal HP 4 for 1reinhardt
 HealthCounter for 2tracer: Object
 HealthCounter: Showing normal HP 3 for 2tracer
 HealthCounter for 1reaper: Object
 HealthCounter: Showing normal HP 4 for 1reaper
 reaper intro sound played successfully
 HealthCounter for 1dva: Object
 HealthCounter: Showing normal HP 2 for 1dva
 HealthCounter for 1echo: Object
 HealthCounter: Showing normal HP 4 for 1echo
 HealthCounter for 1brigitte: Object
 HealthCounter: Showing normal HP 4 for 1brigitte
 HealthCounter for 1bastion: Object
 HealthCounter: Showing normal HP 4 for 1bastion
 HealthCounter for 1reaper: Object
 HealthCounter: Showing normal HP 4 for 1reaper
 HealthCounter for 1dvameka: Object
 HealthCounter: Showing normal HP 4 for 1dvameka
 HealthCounter for 1reinhardt: Object
 HealthCounter: Showing normal HP 4 for 1reinhardt
 HealthCounter for 2tracer: Object
 HealthCounter: Showing normal HP 3 for 2tracer
 Object
 HealthCounter for 1reaper: Object
 HealthCounter: Showing normal HP 4 for 1reaper
 HealthCounter for 1reaper: Object
 HealthCounter: Showing normal HP 4 for 1reaper
 HealthCounter for 1dva: Object
 HealthCounter: Showing normal HP 2 for 1dva
 HealthCounter for 1reaper: Object
 HealthCounter: Showing normal HP 4 for 1reaper
 HealthCounter for 1reaper: Object
 HealthCounter: Showing normal HP 4 for 1reaper
 HealthCounter for 1reaper: Object
 HealthCounter: Showing normal HP 4 for 1reaper
 HealthCounter for 1reaper: Object
 HealthCounter: Showing normal HP 4 for 1reaper
 HealthCounter for 1reaper: Object
 HealthCounter: Showing normal HP 4 for 1reaper
 HealthCounter for 1reaper: Object
 HealthCounter: Showing normal HP 4 for 1reaper
 HealthCounter for 1reaper: Object
 HealthCounter: Showing normal HP 4 for 1reaper
 HealthCounter for 1reaper: Object
 HealthCounter: Showing normal HP 4 for 1reaper
 HealthCounter for 1dva: Object
 HealthCounter: Showing normal HP 2 for 1dva
 HealthCounter for 1echo: Object
 HealthCounter: Showing normal HP 4 for 1echo
 HealthCounter for 1brigitte: Object
 HealthCounter: Showing normal HP 4 for 1brigitte
 HealthCounter for 1bastion: Object
 HealthCounter: Showing normal HP 4 for 1bastion
 HealthCounter for 1reaper: Object
 HealthCounter: Showing normal HP 4 for 1reaper
 HealthCounter for 1dvameka: Object
 HealthCounter: Showing normal HP 4 for 1dvameka
 HealthCounter for 1reaper: Object
 HealthCounter: Showing normal HP 4 for 1reaper
 HealthCounter for 1reaper: Object
 HealthCounter: Showing normal HP 4 for 1reaper
 HealthCounter for 1reaper: Object
 HealthCounter: Showing normal HP 4 for 1reaper
 HealthCounter for 1reaper: Object
 HealthCounter: Showing normal HP 4 for 1reaper
 HealthCounter for 1dvameka: Object
 HealthCounter: Showing normal HP 4 for 1dvameka
 HealthCounter for 1reaper: Object
 HealthCounter: Showing normal HP 4 for 1reaper
 HealthCounter for 1reaper: Object
 HealthCounter: Showing normal HP 4 for 1reaper
 HealthCounter for 1dvameka: Object
 HealthCounter: Showing normal HP 4 for 1dvameka
 HealthCounter for 1reinhardt: Object
 HealthCounter: Showing normal HP 4 for 1reinhardt
 HealthCounter for 1reaper: Object
 HealthCounter: Showing normal HP 4 for 1reaper
 HealthCounter for 1reaper: Object
 HealthCounter: Showing normal HP 4 for 1reaper
 HealthCounter for 1reaper: Object
 HealthCounter: Showing normal HP 4 for 1reaper
 HealthCounter for 1reaper: Object
 HealthCounter: Showing normal HP 4 for 1reaper
 HealthCounter for 1reaper: Object
 HealthCounter: Showing normal HP 4 for 1reaper
 HealthCounter for 1reaper: Object
 HealthCounter: Showing normal HP 4 for 1reaper
 HealthCounter for 1reaper: Object
 HealthCounter: Showing normal HP 4 for 1reaper
 HealthCounter for 1reaper: Object
 HealthCounter: Showing normal HP 4 for 1reaper
 HealthCounter for 1dvameka: Object
 HealthCounter: Showing normal HP 4 for 1dvameka
 HealthCounter for 1reinhardt: Object
 HealthCounter: Showing normal HP 4 for 1reinhardt
 HealthCounter for 1reaper: Object
 HealthCounter: Showing normal HP 4 for 1reaper
 HealthCounter for 1reaper: Object
 HealthCounter: Showing normal HP 4 for 1reaper
 HealthCounter for 1reaper: Object
 HealthCounter: Showing normal HP 4 for 1reaper
 HealthCounter for 1reaper: Object
 HealthCounter: Showing normal HP 4 for 1reaper
 HealthCounter for 1reaper: Object
 HealthCounter: Showing normal HP 4 for 1reaper
 HealthCounter for 1reaper: Object
 HealthCounter: Showing normal HP 4 for 1reaper
 HealthCounter for 1reaper: Object
 HealthCounter: Showing normal HP 4 for 1reaper
 HealthCounter for 1reaper: Object
 HealthCounter: Showing normal HP 4 for 1reaper
 HealthCounter for 1reaper: Object
 HealthCounter: Showing normal HP 4 for 1reaper
 HealthCounter for 1reaper: Object
 HealthCounter: Showing normal HP 4 for 1reaper
 HealthCounter for 1reaper: Object
 HealthCounter: Showing normal HP 4 for 1reaper
 HealthCounter for 1reaper: Object
 HealthCounter: Showing normal HP 4 for 1reaper
 HealthCounter for 1reaper: Object
 HealthCounter: Showing normal HP 4 for 1reaper
 HealthCounter for 1reaper: Object
 HealthCounter: Showing normal HP 4 for 1reaper
 HealthCounter for 1dva: Object
 HealthCounter: Showing normal HP 2 for 1dva
 HealthCounter for 1echo: Object
 HealthCounter: Showing normal HP 4 for 1echo
 HealthCounter for 1brigitte: Object
 HealthCounter: Showing normal HP 4 for 1brigitte
 HealthCounter for 1bastion: Object
 HealthCounter: Showing normal HP 4 for 1bastion
 HealthCounter for 1reaper: Object
 HealthCounter: Showing normal HP 4 for 1reaper
 HealthCounter for 1dvameka: Object
 HealthCounter: Showing normal HP 4 for 1dvameka
 HealthCounter for 1reaper: Object
 HealthCounter: Showing normal HP 4 for 1reaper
 HealthCounter for 1reaper: Object
 HealthCounter: Showing normal HP 4 for 1reaper
 HealthCounter for 1reaper: Object
 HealthCounter: Showing normal HP 4 for 1reaper
 HealthCounter for 1reaper: Object
 HealthCounter: Showing normal HP 4 for 1reaper
 HealthCounter for 1reaper: Object
 HealthCounter: Showing normal HP 4 for 1reaper
 HealthCounter for 1reaper: Object
 HealthCounter: Showing normal HP 4 for 1reaper
 HealthCounter for 1dva: Object
 HealthCounter: Showing normal HP 2 for 1dva
 HealthCounter for 1echo: Object
 HealthCounter: Showing normal HP 4 for 1echo
 HealthCounter for 1brigitte: Object
 HealthCounter: Showing normal HP 4 for 1brigitte
 HealthCounter for 1bastion: Object
 HealthCounter: Showing normal HP 4 for 1bastion
 HealthCounter for 1reaper: Object
 HealthCounter: Showing normal HP 4 for 1reaper
 HealthCounter for 1dvameka: Object
 HealthCounter: Showing normal HP 4 for 1dvameka
 HealthCounter for 1reaper: Object
 HealthCounter: Showing normal HP 4 for 1reaper
 HealthCounter for 1reaper: Object
 HealthCounter: Showing normal HP 4 for 1reaper
 HealthCounter for 1reaper: Object
 HealthCounter: Showing normal HP 4 for 1reaper
 HealthCounter for 1reaper: Object
 HealthCounter: Showing normal HP 4 for 1reaper
 HealthCounter for 1reaper: Object
 HealthCounter: Showing normal HP 4 for 1reaper
 HealthCounter for 1reaper: Object
 HealthCounter: Showing normal HP 4 for 1reaper
 HealthCounter for 1reaper: Object
 HealthCounter: Showing normal HP 4 for 1reaper
 HealthCounter for 1reaper: Object
 HealthCounter: Showing normal HP 4 for 1reaper
 HealthCounter for 1reaper: Object
 HealthCounter: Showing normal HP 4 for 1reaper
 HealthCounter for 1dvameka: Object
 HealthCounter: Showing normal HP 4 for 1dvameka
 HealthCounter for 1reinhardt: Object
 HealthCounter: Showing normal HP 4 for 1reinhardt
 HealthCounter for 1reaper: Object
 HealthCounter: Showing normal HP 4 for 1reaper
 HealthCounter for 1reaper: Object
 HealthCounter: Showing normal HP 4 for 1reaper
 HealthCounter for 1reaper: Object
 HealthCounter: Showing normal HP 4 for 1reaper
 HealthCounter for 1reaper: Object
 HealthCounter: Showing normal HP 4 for 1reaper
 HealthCounter for 1reaper: Object
 HealthCounter: Showing normal HP 4 for 1reaper
 HealthCounter for 1reaper: Object
 HealthCounter: Showing normal HP 4 for 1reaper
 HealthCounter for 1reaper: Object
 HealthCounter: Showing normal HP 4 for 1reaper
 HealthCounter for 1reaper: Object
 HealthCounter: Showing normal HP 4 for 1reaper
 HealthCounter for 1reaper: Object
 HealthCounter: Showing normal HP 4 for 1reaper
 HealthCounter for 1reaper: Object
 HealthCounter: Showing normal HP 4 for 1reaper
 HealthCounter for 1reaper: Object
 HealthCounter: Showing normal HP 4 for 1reaper
 HealthCounter for 1reaper: Object
 HealthCounter: Showing normal HP 4 for 1reaper
 HealthCounter for 1reaper: Object
 HealthCounter: Showing normal HP 4 for 1reaper
 HealthCounter for 1reaper: Object
 HealthCounter: Showing normal HP 4 for 1reaper
 HealthCounter for 1reaper: Object
 HealthCounter: Showing normal HP 4 for 1reaper
 HealthCounter for 1reaper: Object
 HealthCounter: Showing normal HP 4 for 1reaper
 HealthCounter for 1reaper: Object
 HealthCounter: Showing normal HP 4 for 1reaper
 HealthCounter for 1reaper: Object
 HealthCounter: Showing normal HP 4 for 1reaper
 HealthCounter for 1reaper: Object
 HealthCounter: Showing normal HP 4 for 1reaper
 HealthCounter for 1reaper: Object
 HealthCounter: Showing normal HP 4 for 1reaper
 HealthCounter for 1reaper: Object
 HealthCounter: Showing normal HP 4 for 1reaper
 HealthCounter for 1reaper: Object
 HealthCounter: Showing normal HP 4 for 1reaper
 HealthCounter for 1reaper: Object
 HealthCounter: Showing normal HP 4 for 1reaper
 HealthCounter for 1reaper: Object
 HealthCounter: Showing normal HP 4 for 1reaper
 HealthCounter for 1reaper: Object
 HealthCounter: Showing normal HP 4 for 1reaper
 HealthCounter for 1reaper: Object
 HealthCounter: Showing normal HP 4 for 1reaper
 HealthCounter for 1reaper: Object
 HealthCounter: Showing normal HP 4 for 1reaper
 HealthCounter for 1reaper: Object
 HealthCounter: Showing normal HP 4 for 1reaper
 HealthCounter for 1reaper: Object
 HealthCounter: Showing normal HP 4 for 1reaper
 HealthCounter for 1reaper: Object
 HealthCounter: Showing normal HP 4 for 1reaper
 HealthCounter for 1reaper: Object
 HealthCounter: Showing normal HP 4 for 1reaper
 HealthCounter for 1reaper: Object
 HealthCounter: Showing normal HP 4 for 1reaper
 HealthCounter for 1reaper: Object
 HealthCounter: Showing normal HP 4 for 1reaper
 HealthCounter for 1reaper: Object
 HealthCounter: Showing normal HP 4 for 1reaper
 HealthCounter for 1reaper: Object
 HealthCounter: Showing normal HP 4 for 1reaper
 HealthCounter for 1reaper: Object
 HealthCounter: Showing normal HP 4 for 1reaper
 HealthCounter for 1reaper: Object
 HealthCounter: Showing normal HP 4 for 1reaper
 HealthCounter for 1reaper: Object
 HealthCounter: Showing normal HP 4 for 1reaper
 HealthCounter for 1reaper: Object
 HealthCounter: Showing normal HP 4 for 1reaper
 HealthCounter for 1reaper: Object
 HealthCounter: Showing normal HP 4 for 1reaper
 HealthCounter for 1reaper: Object
 HealthCounter: Showing normal HP 4 for 1reaper
 HealthCounter for 1reaper: Object
 HealthCounter: Showing normal HP 4 for 1reaper
 HealthCounter for 1reaper: Object
 HealthCounter: Showing normal HP 4 for 1reaper
 HealthCounter for 1reaper: Object
 HealthCounter: Showing normal HP 4 for 1reaper
 HealthCounter for 1reaper: Object
 HealthCounter: Showing normal HP 4 for 1reaper
 HealthCounter for 1reaper: Object
 HealthCounter: Showing normal HP 4 for 1reaper
 HealthCounter for 1reaper: Object
 HealthCounter: Showing normal HP 4 for 1reaper
 HealthCounter for 1reaper: Object
 HealthCounter: Showing normal HP 4 for 1reaper
 HealthCounter for 1reaper: Object
 HealthCounter: Showing normal HP 4 for 1reaper
 HealthCounter for 1reaper: Object
 HealthCounter: Showing normal HP 4 for 1reaper
 HealthCounter for 1reaper: Object
 HealthCounter: Showing normal HP 4 for 1reaper
 HealthCounter for 1reaper: Object
 HealthCounter: Showing normal HP 4 for 1reaper
 HealthCounter for 1reaper: Object
 HealthCounter: Showing normal HP 4 for 1reaper
 HealthCounter for 1reaper: Object
 HealthCounter: Showing normal HP 4 for 1reaper
 HealthCounter for 1reaper: Object
 HealthCounter: Showing normal HP 4 for 1reaper
 HealthCounter for 1reaper: Object
 HealthCounter: Showing normal HP 4 for 1reaper
 HealthCounter for 1reaper: Object
 HealthCounter: Showing normal HP 4 for 1reaper
 HealthCounter for 1reaper: Object
 HealthCounter: Showing normal HP 4 for 1reaper
 HealthCounter for 1reaper: Object
 HealthCounter: Showing normal HP 4 for 1reaper
 HealthCounter for 1reaper: Object
 HealthCounter: Showing normal HP 4 for 1reaper
 HealthCounter for 1reaper: Object
 HealthCounter: Showing normal HP 4 for 1reaper
 HealthCounter for 1reaper: Object
 HealthCounter: Showing normal HP 4 for 1reaper
 HealthCounter for 1reaper: Object
 HealthCounter: Showing normal HP 4 for 1reaper
 HealthCounter for 1reaper: Object
 HealthCounter: Showing normal HP 4 for 1reaper
 HealthCounter for 1reaper: Object
 HealthCounter: Showing normal HP 4 for 1reaper
 HealthCounter for 1reaper: Object
 HealthCounter: Showing normal HP 4 for 1reaper
 HealthCounter for 1reaper: Object
 HealthCounter: Showing normal HP 4 for 1reaper
 HealthCounter for 1reaper: Object
 HealthCounter: Showing normal HP 4 for 1reaper
 HealthCounter for 1reaper: Object
 HealthCounter: Showing normal HP 4 for 1reaper
 HealthCounter for 1reaper: Object
 HealthCounter: Showing normal HP 4 for 1reaper
 Attempting to play placement sound...
 Placement audio source: /owcardgame/static/media/placement.445605f26d71501234a7.mp3
 Created placement audio object: 
 Playing reaper enter sound...
 MOVE_CARD reducer: Moving 1reaper from player1hand:4 to 1m:0
 MOVE_CARD reducer: Start row exists: true, Finish row exists: true
 MOVE_CARD reducer: Start row cards: [1dva, 1echo, 1brigitte, 1bastion, 1reaper]
 MOVE_CARD reducer: Finish row cards: [1reinhardt]
 MOVE_CARD reducer: New start row cards: [1dva, 1echo, 1brigitte, 1bastion]
 MOVE_CARD reducer: New finish row cards: [1reaper, 1reinhardt]
 MOVE_CARD reducer: About to update state
 MOVE_CARD reducer: State updated. New finish row cards: [1reaper, 1reinhardt]
 HealthCounter for 1dva: Object
 HealthCounter: Showing normal HP 2 for 1dva
 HealthCounter for 1echo: Object
 HealthCounter: Showing normal HP 4 for 1echo
 HealthCounter for 1brigitte: Object
 HealthCounter: Showing normal HP 4 for 1brigitte
 HealthCounter for 1bastion: Object
 HealthCounter: Showing normal HP 4 for 1bastion
 HealthCounter for 1dvameka: Object
 HealthCounter: Showing normal HP 4 for 1dvameka
 HealthCounter for 1reinhardt: Object
 HealthCounter: Showing normal HP 4 for 1reinhardt
 HealthCounter for 2tracer: Object
 HealthCounter: Showing normal HP 3 for 2tracer
 TurnEffectsRunner: useEffect triggered Object
 TurnEffectsRunner: Turn change check Object
 HealthCounter for 1dva: Object
 HealthCounter: Showing normal HP 2 for 1dva
 HealthCounter for 1echo: Object
 HealthCounter: Showing normal HP 4 for 1echo
 HealthCounter for 1brigitte: Object
 HealthCounter: Showing normal HP 4 for 1brigitte
 HealthCounter for 1bastion: Object
 HealthCounter: Showing normal HP 4 for 1bastion
 HealthCounter for 1dvameka: Object
 HealthCounter: Showing normal HP 4 for 1dvameka
 HealthCounter for 1reaper: Object
 HealthCounter: Showing normal HP 4 for 1reaper
 HealthCounter for 1reinhardt: Object
 HealthCounter: Showing normal HP 4 for 1reinhardt
 HealthCounter for 2tracer: Object
 HealthCounter: Showing normal HP 3 for 2tracer
 TurnEffectsRunner: useEffect triggered Object
 TurnEffectsRunner: Turn change check Object
 HealthCounter for 1dva: Object
 HealthCounter: Showing normal HP 2 for 1dva
 HealthCounter for 1echo: Object
 HealthCounter: Showing normal HP 4 for 1echo
 HealthCounter for 1brigitte: Object
 HealthCounter: Showing normal HP 4 for 1brigitte
 HealthCounter for 1bastion: Object
 HealthCounter: Showing normal HP 4 for 1bastion
 HealthCounter for 1dvameka: Object
 HealthCounter: Showing normal HP 4 for 1dvameka
 HealthCounter for 1reaper: Object
 HealthCounter: Showing normal HP 4 for 1reaper
 HealthCounter for 1reinhardt: Object
 HealthCounter: Showing normal HP 4 for 1reinhardt
 HealthCounter for 2tracer: Object
 HealthCounter: Showing normal HP 3 for 2tracer
App.js:2313 Placement sound played successfully
App.js:2328 reaper enter sound played successfully
damageBus.js:24 DamageBus - Checking invulnerability for 2tracer at index 0 in row 2m Object
damageBus.js:33 DamageBus - Target 2tracer is NOT invulnerable, proceeding with damage
damageBus.js:57 DamageBus - Tracer check: 2tracer, health: 3, damage: 3, newHealth: 0, shouldRecall: true
damageBus.js:65 DamageBus - Tracer Recall synergy check: 2 synergy available, need 2
damageBus.js:68 DamageBus - Tracer Smart Recall: 3 damage would bring Tracer to 0 HP - triggering Recall instead
damageBus.js:69 DamageBus - triggerTracerRecall function exists: true
tracer.js:21 Tracer Recall: Function called with 2tracer in row 2m
tracer.js:22 Tracer Recall: Active status: false
tracer.js:33 Tracer Recall: Triggering for 2tracer in row 2m
tracer.js:47 Tracer Recall: Removed 0 effects from 2tracer
reaper.js:90 Reaper single target error: TypeError: Cannot assign to read only property 'isPlayed' of object '#<Object>'
    at triggerTracerRecall (tracer.js:56:1)
    at dealDamage (damageBus.js:73:1)
    at handleSingleTarget (reaper.js:84:1)
    at reaper.js:31:1
    at onSelect (App.js:2440:1)
    at handleSelect (ChoiceModal.js:9:1)
    at HTMLUnknownElement.callCallback (react-dom.development.js:4164:1)
    at Object.invokeGuardedCallbackDev (react-dom.development.js:4213:1)
    at invokeGuardedCallback (react-dom.development.js:4277:1)
    at invokeGuardedCallbackAndCatchFirstError (react-dom.development.js:4291:1)
handleSingleTarget @ reaper.js:90
HealthCounter.js:6 HealthCounter for 1dva: Object
HealthCounter.js:25 HealthCounter: Showing normal HP 2 for 1dva
HealthCounter.js:6 HealthCounter for 1echo: Object
HealthCounter.js:25 HealthCounter: Showing normal HP 4 for 1echo
HealthCounter.js:6 HealthCounter for 1brigitte: Object
HealthCounter.js:25 HealthCounter: Showing normal HP 4 for 1brigitte
HealthCounter.js:6 HealthCounter for 1bastion: Object
HealthCounter.js:25 HealthCounter: Showing normal HP 4 for 1bastion
HealthCounter.js:6 HealthCounter for 1dvameka: Object
HealthCounter.js:25 HealthCounter: Showing normal HP 4 for 1dvameka
HealthCounter.js:6 HealthCounter for 1reaper: Object
HealthCounter.js:25 HealthCounter: Showing normal HP 4 for 1reaper
HealthCounter.js:6 HealthCounter for 1reinhardt: Object
HealthCounter.js:25 HealthCounter: Showing normal HP 4 for 1reinhardt
HealthCounter.js:6 HealthCounter for 2tracer: Object
HealthCounter.js:25 HealthCounter: Showing normal HP 3 for 2tracer
HealthCounter.js:6 HealthCounter for 1dva: Object
HealthCounter.js:25 HealthCounter: Showing normal HP 2 for 1dva
HealthCounter.js:6 HealthCounter for 1echo: Object
HealthCounter.js:25 HealthCounter: Showing normal HP 4 for 1echo
HealthCounter.js:6 HealthCounter for 1brigitte: Object
HealthCounter.js:25 HealthCounter: Showing normal HP 4 for 1brigitte
HealthCounter.js:6 HealthCounter for 1bastion: Object
HealthCounter.js:25 HealthCounter: Showing normal HP 4 for 1bastion
HealthCounter.js:6 HealthCounter for 1dvameka: Object
HealthCounter.js:25 HealthCounter: Showing normal HP 4 for 1dvameka
HealthCounter.js:6 HealthCounter for 1reaper: Object
HealthCounter.js:25 HealthCounter: Showing normal HP 4 for 1reaper
HealthCounter.js:6 HealthCounter for 1reinhardt: Object
HealthCounter.js:25 HealthCounter: Showing normal HP 4 for 1reinhardt
HealthCounter.js:6 HealthCounter for 2tracer: Object
HealthCounter.js:25 HealthCounter: Showing normal HP 3 for 2tracer
