 HealthCounter for 1zenyatta: Object
 HealthCounter: Showing normal HP 2 for 1zenyatta
 ZaryaTokenOverlay: Card 1zenyatta has Zarya token: undefined
 HealthCounter for 1zenyatta: Object
 HealthCounter: Showing normal HP 2 for 1zenyatta
 ZaryaTokenOverlay: Card 1zenyatta has Zarya token: undefined
 HealthCounter for 1zenyatta: Object
 HealthCounter: Showing normal HP 2 for 1zenyatta
 ZaryaTokenOverlay: Card 1zenyatta has Zarya token: undefined
 HealthCounter for 1zenyatta: Object
 HealthCounter: Showing normal HP 2 for 1zenyatta
 ZaryaTokenOverlay: Card 1zenyatta has Zarya token: undefined
 HealthCounter for 1zenyatta: Object
 HealthCounter: Showing normal HP 2 for 1zenyatta
 ZaryaTokenOverlay: Card 1zenyatta has Zarya token: undefined
 HealthCounter for 1zenyatta: Object
 HealthCounter: Showing normal HP 2 for 1zenyatta
 ZaryaTokenOverlay: Card 1zenyatta has Zarya token: undefined
 HealthCounter for 1zenyatta: Object
 HealthCounter: Showing normal HP 2 for 1zenyatta
 ZaryaTokenOverlay: Card 1zenyatta has Zarya token: undefined
 HealthCounter for 1zenyatta: Object
 HealthCounter: Showing normal HP 2 for 1zenyatta
 ZaryaTokenOverlay: Card 1zenyatta has Zarya token: undefined
 HealthCounter for 1zenyatta: Object
 HealthCounter: Showing normal HP 2 for 1zenyatta
 ZaryaTokenOverlay: Card 1zenyatta has Zarya token: undefined
 HealthCounter for 1reinhardt: Object
 HealthCounter: Showing normal HP 4 for 1reinhardt
 ZaryaTokenOverlay: Card 1reinhardt has Zarya token: undefined
 HealthCounter for 1zenyatta: Object
 HealthCounter: Showing normal HP 2 for 1zenyatta
 ZaryaTokenOverlay: Card 1zenyatta has Zarya token: undefined
 HealthCounter for 1zenyatta: Object
 HealthCounter: Showing normal HP 2 for 1zenyatta
 ZaryaTokenOverlay: Card 1zenyatta has Zarya token: undefined
 HealthCounter for 1zenyatta: Object
 HealthCounter: Showing normal HP 2 for 1zenyatta
 ZaryaTokenOverlay: Card 1zenyatta has Zarya token: undefined
 HealthCounter for 1zenyatta: Object
 HealthCounter: Showing normal HP 2 for 1zenyatta
 ZaryaTokenOverlay: Card 1zenyatta has Zarya token: undefined
 HealthCounter for 1zenyatta: Object
 HealthCounter: Showing normal HP 2 for 1zenyatta
 ZaryaTokenOverlay: Card 1zenyatta has Zarya token: undefined
 HealthCounter for 1zenyatta: Object
 HealthCounter: Showing normal HP 2 for 1zenyatta
 ZaryaTokenOverlay: Card 1zenyatta has Zarya token: undefined
 HealthCounter for 1zenyatta: Object
 HealthCounter: Showing normal HP 2 for 1zenyatta
 ZaryaTokenOverlay: Card 1zenyatta has Zarya token: undefined
 HealthCounter for 1zenyatta: Object
 HealthCounter: Showing normal HP 2 for 1zenyatta
 ZaryaTokenOverlay: Card 1zenyatta has Zarya token: undefined
 HealthCounter for 1zenyatta: Object
 HealthCounter: Showing normal HP 2 for 1zenyatta
 ZaryaTokenOverlay: Card 1zenyatta has Zarya token: undefined
 HealthCounter for 1zenyatta: Object
 HealthCounter: Showing normal HP 2 for 1zenyatta
 ZaryaTokenOverlay: Card 1zenyatta has Zarya token: undefined
 HealthCounter for 1zenyatta: Object
 HealthCounter: Showing normal HP 2 for 1zenyatta
 ZaryaTokenOverlay: Card 1zenyatta has Zarya token: undefined
 HealthCounter for 1zenyatta: Object
 HealthCounter: Showing normal HP 2 for 1zenyatta
 ZaryaTokenOverlay: Card 1zenyatta has Zarya token: undefined
 HealthCounter for 1zenyatta: Object
 HealthCounter: Showing normal HP 2 for 1zenyatta
 ZaryaTokenOverlay: Card 1zenyatta has Zarya token: undefined
 HealthCounter for 1zenyatta: Object
 HealthCounter: Showing normal HP 2 for 1zenyatta
 ZaryaTokenOverlay: Card 1zenyatta has Zarya token: undefined
 HealthCounter for 1zenyatta: Object
 HealthCounter: Showing normal HP 2 for 1zenyatta
 ZaryaTokenOverlay: Card 1zenyatta has Zarya token: undefined
 HealthCounter for 1zenyatta: Object
 HealthCounter: Showing normal HP 2 for 1zenyatta
 ZaryaTokenOverlay: Card 1zenyatta has Zarya token: undefined
 HealthCounter for 1zenyatta: Object
 HealthCounter: Showing normal HP 2 for 1zenyatta
 ZaryaTokenOverlay: Card 1zenyatta has Zarya token: undefined
 HealthCounter for 1zenyatta: Object
 HealthCounter: Showing normal HP 2 for 1zenyatta
 ZaryaTokenOverlay: Card 1zenyatta has Zarya token: undefined
 HealthCounter for 1zenyatta: Object
 HealthCounter: Showing normal HP 2 for 1zenyatta
 ZaryaTokenOverlay: Card 1zenyatta has Zarya token: undefined
 HealthCounter for 1zenyatta: Object
 HealthCounter: Showing normal HP 2 for 1zenyatta
 ZaryaTokenOverlay: Card 1zenyatta has Zarya token: undefined
 HealthCounter for 1zenyatta: Object
 HealthCounter: Showing normal HP 2 for 1zenyatta
 ZaryaTokenOverlay: Card 1zenyatta has Zarya token: undefined
 HealthCounter for 1zenyatta: Object
 HealthCounter: Showing normal HP 2 for 1zenyatta
 ZaryaTokenOverlay: Card 1zenyatta has Zarya token: undefined
 HealthCounter for 1zenyatta: Object
 HealthCounter: Showing normal HP 2 for 1zenyatta
 ZaryaTokenOverlay: Card 1zenyatta has Zarya token: undefined
 HealthCounter for 1zenyatta: Object
 HealthCounter: Showing normal HP 2 for 1zenyatta
 ZaryaTokenOverlay: Card 1zenyatta has Zarya token: undefined
 HealthCounter for 1zenyatta: Object
 HealthCounter: Showing normal HP 2 for 1zenyatta
 ZaryaTokenOverlay: Card 1zenyatta has Zarya token: undefined
 HealthCounter for 1zenyatta: Object
 HealthCounter: Showing normal HP 2 for 1zenyatta
 ZaryaTokenOverlay: Card 1zenyatta has Zarya token: undefined
 HealthCounter for 1zenyatta: Object
 HealthCounter: Showing normal HP 2 for 1zenyatta
 ZaryaTokenOverlay: Card 1zenyatta has Zarya token: undefined
 HealthCounter for 1zenyatta: Object
 HealthCounter: Showing normal HP 2 for 1zenyatta
 ZaryaTokenOverlay: Card 1zenyatta has Zarya token: undefined
 HealthCounter for 1zenyatta: Object
 HealthCounter: Showing normal HP 2 for 1zenyatta
 ZaryaTokenOverlay: Card 1zenyatta has Zarya token: undefined
 HealthCounter for 1zenyatta: Object
 HealthCounter: Showing normal HP 2 for 1zenyatta
 ZaryaTokenOverlay: Card 1zenyatta has Zarya token: undefined
 HealthCounter for 1zenyatta: Object
 HealthCounter: Showing normal HP 2 for 1zenyatta
 ZaryaTokenOverlay: Card 1zenyatta has Zarya token: undefined
 HealthCounter for 1zenyatta: Object
 HealthCounter: Showing normal HP 2 for 1zenyatta
 ZaryaTokenOverlay: Card 1zenyatta has Zarya token: undefined
 HealthCounter for 1zenyatta: Object
 HealthCounter: Showing normal HP 2 for 1zenyatta
 ZaryaTokenOverlay: Card 1zenyatta has Zarya token: undefined
 HealthCounter for 1zenyatta: Object
 HealthCounter: Showing normal HP 2 for 1zenyatta
 ZaryaTokenOverlay: Card 1zenyatta has Zarya token: undefined
 HealthCounter for 1zenyatta: Object
 HealthCounter: Showing normal HP 2 for 1zenyatta
 ZaryaTokenOverlay: Card 1zenyatta has Zarya token: undefined
 HealthCounter for 1zenyatta: Object
 HealthCounter: Showing normal HP 2 for 1zenyatta
 ZaryaTokenOverlay: Card 1zenyatta has Zarya token: undefined
 HealthCounter for 1zenyatta: Object
 HealthCounter: Showing normal HP 2 for 1zenyatta
 ZaryaTokenOverlay: Card 1zenyatta has Zarya token: undefined
 HealthCounter for 1zenyatta: Object
 HealthCounter: Showing normal HP 2 for 1zenyatta
 ZaryaTokenOverlay: Card 1zenyatta has Zarya token: undefined
 HealthCounter for 1zenyatta: Object
 HealthCounter: Showing normal HP 2 for 1zenyatta
 ZaryaTokenOverlay: Card 1zenyatta has Zarya token: undefined
 HealthCounter for 1zenyatta: Object
 HealthCounter: Showing normal HP 2 for 1zenyatta
 ZaryaTokenOverlay: Card 1zenyatta has Zarya token: undefined
 HealthCounter for 1zenyatta: Object
 HealthCounter: Showing normal HP 2 for 1zenyatta
 ZaryaTokenOverlay: Card 1zenyatta has Zarya token: undefined
 HealthCounter for 1zenyatta: Object
 HealthCounter: Showing normal HP 2 for 1zenyatta
 ZaryaTokenOverlay: Card 1zenyatta has Zarya token: undefined
 HealthCounter for 1zenyatta: Object
 HealthCounter: Showing normal HP 2 for 1zenyatta
 ZaryaTokenOverlay: Card 1zenyatta has Zarya token: undefined
 HealthCounter for 1zenyatta: Object
 HealthCounter: Showing normal HP 2 for 1zenyatta
 ZaryaTokenOverlay: Card 1zenyatta has Zarya token: undefined
 HealthCounter for 1zenyatta: Object
 HealthCounter: Showing normal HP 2 for 1zenyatta
 ZaryaTokenOverlay: Card 1zenyatta has Zarya token: undefined
 HealthCounter for 1zenyatta: Object
 HealthCounter: Showing normal HP 2 for 1zenyatta
 ZaryaTokenOverlay: Card 1zenyatta has Zarya token: undefined
 HealthCounter for 1zenyatta: Object
 HealthCounter: Showing normal HP 2 for 1zenyatta
 ZaryaTokenOverlay: Card 1zenyatta has Zarya token: undefined
 Attempting to play placement sound...
 Placement audio source: /owcardgame/static/media/placement.445605f26d71501234a7.mp3
 Created placement audio object: 
 Playing zenyatta enter sound...
 HealthCounter for 1reinhardt: Object
 HealthCounter: Showing normal HP 4 for 1reinhardt
 ZaryaTokenOverlay: Card 1reinhardt has Zarya token: undefined
 ZaryaTokenOverlay: Card 1zenyatta has Zarya token: undefined
 HealthCounter for 1pharah: Object
 HealthCounter: Showing normal HP 4 for 1pharah
 ZaryaTokenOverlay: Card 1pharah has Zarya token: undefined
 HealthCounter for 1symmetra: Object
 HealthCounter: Showing normal HP 3 for 1symmetra
 ZaryaTokenOverlay: Card 1symmetra has Zarya token: undefined
 TurnEffectsRunner: useEffect triggered Object
 TurnEffectsRunner: Turn change check Object
 HealthCounter for 1reinhardt: Object
 HealthCounter: Showing normal HP 4 for 1reinhardt
 ZaryaTokenOverlay: Card 1reinhardt has Zarya token: undefined
 HealthCounter for 1zenyatta: Object
 HealthCounter: Showing normal HP 2 for 1zenyatta
 ZaryaTokenOverlay: Card 1zenyatta has Zarya token: undefined
 HealthCounter for 1pharah: Object
 HealthCounter: Showing normal HP 4 for 1pharah
 ZaryaTokenOverlay: Card 1pharah has Zarya token: undefined
 HealthCounter for 1symmetra: Object
 HealthCounter: Showing normal HP 3 for 1symmetra
 ZaryaTokenOverlay: Card 1symmetra has Zarya token: undefined
 TurnEffectsRunner: useEffect triggered Object
 TurnEffectsRunner: Turn change check Object
 HealthCounter for 1reinhardt: Object
 HealthCounter: Showing normal HP 4 for 1reinhardt
 ZaryaTokenOverlay: Card 1reinhardt has Zarya token: undefined
 HealthCounter for 1zenyatta: Object
 HealthCounter: Showing normal HP 2 for 1zenyatta
 ZaryaTokenOverlay: Card 1zenyatta has Zarya token: undefined
 HealthCounter for 1pharah: Object
 HealthCounter: Showing normal HP 4 for 1pharah
 ZaryaTokenOverlay: Card 1pharah has Zarya token: undefined
 HealthCounter for 1symmetra: Object
 HealthCounter: Showing normal HP 3 for 1symmetra
 ZaryaTokenOverlay: Card 1symmetra has Zarya token: undefined
 Placement sound played successfully
 zenyatta enter sound played successfully
 Zenyatta Harmony Error: 
onEnter @ bundle.js:90483
 HealthCounter for 1reinhardt: Object
 HealthCounter: Showing normal HP 4 for 1reinhardt
 ZaryaTokenOverlay: Card 1reinhardt has Zarya token: undefined
 HealthCounter for 1zenyatta: Object
 HealthCounter: Showing normal HP 2 for 1zenyatta
 ZaryaTokenOverlay: Card 1zenyatta has Zarya token: undefined
 HealthCounter for 1pharah: Object
 HealthCounter: Showing normal HP 4 for 1pharah
 ZaryaTokenOverlay: Card 1pharah has Zarya token: undefined
 HealthCounter for 1symmetra: Object
 HealthCounter: Showing normal HP 3 for 1symmetra
 ZaryaTokenOverlay: Card 1symmetra has Zarya token: undefined
 TurnEffectsRunner: useEffect triggered Object
 TurnEffectsRunner: Turn change check Object
 HealthCounter for 1zenyatta: Object
 HealthCounter: Showing normal HP 2 for 1zenyatta
 ZaryaTokenOverlay: Card 1zenyatta has Zarya token: undefined
 HealthCounter for 1pharah: Object
 HealthCounter: Showing normal HP 4 for 1pharah
 ZaryaTokenOverlay: Card 1pharah has Zarya token: undefined
 HealthCounter for 1symmetra: Object
 HealthCounter: Showing normal HP 3 for 1symmetra
 ZaryaTokenOverlay: Card 1symmetra has Zarya token: undefined
 HealthCounter for 2sombra: Object
 HealthCounter: Showing normal HP 3 for 2sombra
 ZaryaTokenOverlay: Card 2sombra has Zarya token: undefined
 HealthCounter for 2sigma: Object
 HealthCounter: Showing normal HP 4 for 2sigma
 ZaryaTokenOverlay: Card 2sigma has Zarya token: undefined
 HealthCounter for 2lifeweaver: Object
 HealthCounter: Showing normal HP 3 for 2lifeweaver
 ZaryaTokenOverlay: Card 2lifeweaver has Zarya token: undefined
 HealthCounter for 2symmetra: Object
 HealthCounter: Showing normal HP 3 for 2symmetra
 ZaryaTokenOverlay: Card 2symmetra has Zarya token: undefined
 Player 2 drew genji
 Playing genji intro sound...
 TurnEffectsRunner: useEffect triggered Object
 TurnEffectsRunner: Turn change check Object
 TurnEffectsRunner: Turn changed, processing effects
 Lifeweaver: Starting temporary HP cleanup for player 2
 Lifeweaver: No temporary HP effects found to clean up for player 2
 Lifeweaver: Temporary HP cleanup completed
 TurnEffectsRunner: Checking row 2b with 0 ally effects and 0 enemy effects
 TurnEffectsRunner: Processing Zenyatta token effects for player 2
 TurnEffectsRunner: Checking row 2m with 0 ally effects and 0 enemy effects
 TurnEffectsRunner: Processing Zenyatta token effects for player 2
 TurnEffectsRunner: Checking row 2f with 0 ally effects and 0 enemy effects
 TurnEffectsRunner: Processing Zenyatta token effects for player 2
 HealthCounter for 1zenyatta: Object
 HealthCounter: Showing normal HP 2 for 1zenyatta
 ZaryaTokenOverlay: Card 1zenyatta has Zarya token: undefined
 HealthCounter for 1pharah: Object
 HealthCounter: Showing normal HP 4 for 1pharah
 ZaryaTokenOverlay: Card 1pharah has Zarya token: undefined
 HealthCounter for 1symmetra: Object
 HealthCounter: Showing normal HP 3 for 1symmetra
 ZaryaTokenOverlay: Card 1symmetra has Zarya token: undefined
 HealthCounter for 2sombra: Object
 HealthCounter: Showing normal HP 3 for 2sombra
 ZaryaTokenOverlay: Card 2sombra has Zarya token: undefined
 HealthCounter for 2sigma: Object
 HealthCounter: Showing normal HP 4 for 2sigma
 ZaryaTokenOverlay: Card 2sigma has Zarya token: undefined
 HealthCounter for 2lifeweaver: Object
 HealthCounter: Showing normal HP 3 for 2lifeweaver
 ZaryaTokenOverlay: Card 2lifeweaver has Zarya token: undefined
 HealthCounter for 2symmetra: Object
 HealthCounter: Showing normal HP 3 for 2symmetra
 ZaryaTokenOverlay: Card 2symmetra has Zarya token: undefined
 ZaryaTokenOverlay: Card 2genji has Zarya token: undefined
 TurnEffectsRunner: useEffect triggered Object
 TurnEffectsRunner: Turn change check Object
 HealthCounter for 1zenyatta: Object
 HealthCounter: Showing normal HP 2 for 1zenyatta
 ZaryaTokenOverlay: Card 1zenyatta has Zarya token: undefined
 HealthCounter for 1pharah: Object
 HealthCounter: Showing normal HP 4 for 1pharah
 ZaryaTokenOverlay: Card 1pharah has Zarya token: undefined
 HealthCounter for 1symmetra: Object
 HealthCounter: Showing normal HP 3 for 1symmetra
 ZaryaTokenOverlay: Card 1symmetra has Zarya token: undefined
 HealthCounter for 2sombra: Object
 HealthCounter: Showing normal HP 3 for 2sombra
 ZaryaTokenOverlay: Card 2sombra has Zarya token: undefined
 HealthCounter for 2sigma: Object
 HealthCounter: Showing normal HP 4 for 2sigma
 ZaryaTokenOverlay: Card 2sigma has Zarya token: undefined
 HealthCounter for 2lifeweaver: Object
 HealthCounter: Showing normal HP 3 for 2lifeweaver
 ZaryaTokenOverlay: Card 2lifeweaver has Zarya token: undefined
 HealthCounter for 2symmetra: Object
 HealthCounter: Showing normal HP 3 for 2symmetra
 ZaryaTokenOverlay: Card 2symmetra has Zarya token: undefined
 ZaryaTokenOverlay: Card 2genji has Zarya token: undefined
 HealthCounter for 2genji: Object
 HealthCounter: Showing normal HP 4 for 2genji
 ZaryaTokenOverlay: Card 2genji has Zarya token: undefined
 genji intro sound played successfully
 HealthCounter for 1zenyatta: Object
 HealthCounter: Showing normal HP 2 for 1zenyatta
 ZaryaTokenOverlay: Card 1zenyatta has Zarya token: undefined
 HealthCounter for 1pharah: Object
 HealthCounter: Showing normal HP 4 for 1pharah
 ZaryaTokenOverlay: Card 1pharah has Zarya token: undefined
 HealthCounter for 1symmetra: Object
 HealthCounter: Showing normal HP 3 for 1symmetra
 ZaryaTokenOverlay: Card 1symmetra has Zarya token: undefined
 HealthCounter for 2sombra: Object
 HealthCounter: Showing normal HP 3 for 2sombra
 ZaryaTokenOverlay: Card 2sombra has Zarya token: undefined
 HealthCounter for 2sigma: Object
 HealthCounter: Showing normal HP 4 for 2sigma
 ZaryaTokenOverlay: Card 2sigma has Zarya token: undefined
 HealthCounter for 2lifeweaver: Object
 HealthCounter: Showing normal HP 3 for 2lifeweaver
 ZaryaTokenOverlay: Card 2lifeweaver has Zarya token: undefined
 HealthCounter for 2symmetra: Object
 HealthCounter: Showing normal HP 3 for 2symmetra
 ZaryaTokenOverlay: Card 2symmetra has Zarya token: undefined
 HealthCounter for 2genji: Object
 HealthCounter: Showing normal HP 4 for 2genji
 ZaryaTokenOverlay: Card 2genji has Zarya token: undefined
 Object
 HealthCounter for 2symmetra: Object
 HealthCounter: Showing normal HP 3 for 2symmetra
 ZaryaTokenOverlay: Card 2symmetra has Zarya token: undefined
 HealthCounter for 2sombra: Object
 HealthCounter: Showing normal HP 3 for 2sombra
 ZaryaTokenOverlay: Card 2sombra has Zarya token: undefined
 HealthCounter for 2symmetra: Object
 HealthCounter: Showing normal HP 3 for 2symmetra
 ZaryaTokenOverlay: Card 2symmetra has Zarya token: undefined
 HealthCounter for 2symmetra: Object
 HealthCounter: Showing normal HP 3 for 2symmetra
 ZaryaTokenOverlay: Card 2symmetra has Zarya token: undefined
 HealthCounter for 2symmetra: Object
 HealthCounter: Showing normal HP 3 for 2symmetra
 ZaryaTokenOverlay: Card 2symmetra has Zarya token: undefined
 HealthCounter for 2symmetra: Object
 HealthCounter: Showing normal HP 3 for 2symmetra
 ZaryaTokenOverlay: Card 2symmetra has Zarya token: undefined
 HealthCounter for 2symmetra: Object
 HealthCounter: Showing normal HP 3 for 2symmetra
 ZaryaTokenOverlay: Card 2symmetra has Zarya token: undefined
 HealthCounter for 2symmetra: Object
 HealthCounter: Showing normal HP 3 for 2symmetra
 ZaryaTokenOverlay: Card 2symmetra has Zarya token: undefined
 HealthCounter for 2symmetra: Object
 HealthCounter: Showing normal HP 3 for 2symmetra
 ZaryaTokenOverlay: Card 2symmetra has Zarya token: undefined
 HealthCounter for 2symmetra: Object
 HealthCounter: Showing normal HP 3 for 2symmetra
 ZaryaTokenOverlay: Card 2symmetra has Zarya token: undefined
 HealthCounter for 2sombra: Object
 HealthCounter: Showing normal HP 3 for 2sombra
 ZaryaTokenOverlay: Card 2sombra has Zarya token: undefined
 HealthCounter for 2sigma: Object
 HealthCounter: Showing normal HP 4 for 2sigma
 ZaryaTokenOverlay: Card 2sigma has Zarya token: undefined
 HealthCounter for 2lifeweaver: Object
 HealthCounter: Showing normal HP 3 for 2lifeweaver
 ZaryaTokenOverlay: Card 2lifeweaver has Zarya token: undefined
 HealthCounter for 2symmetra: Object
 HealthCounter: Showing normal HP 3 for 2symmetra
 ZaryaTokenOverlay: Card 2symmetra has Zarya token: undefined
 HealthCounter for 2genji: Object
 HealthCounter: Showing normal HP 4 for 2genji
 ZaryaTokenOverlay: Card 2genji has Zarya token: undefined
 HealthCounter for 2symmetra: Object
 HealthCounter: Showing normal HP 3 for 2symmetra
 ZaryaTokenOverlay: Card 2symmetra has Zarya token: undefined
 HealthCounter for 2symmetra: Object
 HealthCounter: Showing normal HP 3 for 2symmetra
 ZaryaTokenOverlay: Card 2symmetra has Zarya token: undefined
 HealthCounter for 2symmetra: Object
 HealthCounter: Showing normal HP 3 for 2symmetra
 ZaryaTokenOverlay: Card 2symmetra has Zarya token: undefined
 HealthCounter for 2symmetra: Object
 HealthCounter: Showing normal HP 3 for 2symmetra
 ZaryaTokenOverlay: Card 2symmetra has Zarya token: undefined
 HealthCounter for 2symmetra: Object
 HealthCounter: Showing normal HP 3 for 2symmetra
 ZaryaTokenOverlay: Card 2symmetra has Zarya token: undefined
 HealthCounter for 2symmetra: Object
 HealthCounter: Showing normal HP 3 for 2symmetra
 ZaryaTokenOverlay: Card 2symmetra has Zarya token: undefined
 HealthCounter for 2symmetra: Object
 HealthCounter: Showing normal HP 3 for 2symmetra
 ZaryaTokenOverlay: Card 2symmetra has Zarya token: undefined
 HealthCounter for 2symmetra: Object
 HealthCounter: Showing normal HP 3 for 2symmetra
 ZaryaTokenOverlay: Card 2symmetra has Zarya token: undefined
 HealthCounter for 2symmetra: Object
 HealthCounter: Showing normal HP 3 for 2symmetra
 ZaryaTokenOverlay: Card 2symmetra has Zarya token: undefined
 HealthCounter for 2symmetra: Object
 HealthCounter: Showing normal HP 3 for 2symmetra
 ZaryaTokenOverlay: Card 2symmetra has Zarya token: undefined
 HealthCounter for 2symmetra: Object
 HealthCounter: Showing normal HP 3 for 2symmetra
 ZaryaTokenOverlay: Card 2symmetra has Zarya token: undefined
 HealthCounter for 2symmetra: Object
 HealthCounter: Showing normal HP 3 for 2symmetra
 ZaryaTokenOverlay: Card 2symmetra has Zarya token: undefined
 HealthCounter for 2symmetra: Object
 HealthCounter: Showing normal HP 3 for 2symmetra
 ZaryaTokenOverlay: Card 2symmetra has Zarya token: undefined
 HealthCounter for 2symmetra: Object
 HealthCounter: Showing normal HP 3 for 2symmetra
 ZaryaTokenOverlay: Card 2symmetra has Zarya token: undefined
 Attempting to play placement sound...
 Placement audio source: /owcardgame/static/media/placement.445605f26d71501234a7.mp3
 Created placement audio object: 
 Playing symmetra enter sound...
 HealthCounter for 1zenyatta: Object
 HealthCounter: Showing normal HP 2 for 1zenyatta
 ZaryaTokenOverlay: Card 1zenyatta has Zarya token: undefined
 HealthCounter for 1pharah: Object
 HealthCounter: Showing normal HP 4 for 1pharah
 ZaryaTokenOverlay: Card 1pharah has Zarya token: undefined
 HealthCounter for 1symmetra: Object
 HealthCounter: Showing normal HP 3 for 1symmetra
 ZaryaTokenOverlay: Card 1symmetra has Zarya token: undefined
 ZaryaTokenOverlay: Card 2symmetra has Zarya token: undefined
 HealthCounter for 2sombra: Object
 HealthCounter: Showing normal HP 3 for 2sombra
 ZaryaTokenOverlay: Card 2sombra has Zarya token: undefined
 HealthCounter for 2sigma: Object
 HealthCounter: Showing normal HP 4 for 2sigma
 ZaryaTokenOverlay: Card 2sigma has Zarya token: undefined
 HealthCounter for 2lifeweaver: Object
 HealthCounter: Showing normal HP 3 for 2lifeweaver
 ZaryaTokenOverlay: Card 2lifeweaver has Zarya token: undefined
 HealthCounter for 2genji: Object
 HealthCounter: Showing normal HP 4 for 2genji
 ZaryaTokenOverlay: Card 2genji has Zarya token: undefined
 TurnEffectsRunner: useEffect triggered Object
 TurnEffectsRunner: Turn change check Object
 HealthCounter for 1zenyatta: Object
 HealthCounter: Showing normal HP 2 for 1zenyatta
 ZaryaTokenOverlay: Card 1zenyatta has Zarya token: undefined
 HealthCounter for 1pharah: Object
 HealthCounter: Showing normal HP 4 for 1pharah
 ZaryaTokenOverlay: Card 1pharah has Zarya token: undefined
 HealthCounter for 1symmetra: Object
 HealthCounter: Showing normal HP 3 for 1symmetra
 ZaryaTokenOverlay: Card 1symmetra has Zarya token: undefined
 HealthCounter for 2symmetra: Object
 HealthCounter: Showing normal HP 3 for 2symmetra
 ZaryaTokenOverlay: Card 2symmetra has Zarya token: undefined
 HealthCounter for 2sombra: Object
 HealthCounter: Showing normal HP 3 for 2sombra
 ZaryaTokenOverlay: Card 2sombra has Zarya token: undefined
 HealthCounter for 2sigma: Object
 HealthCounter: Showing normal HP 4 for 2sigma
 ZaryaTokenOverlay: Card 2sigma has Zarya token: undefined
 HealthCounter for 2lifeweaver: Object
 HealthCounter: Showing normal HP 3 for 2lifeweaver
 ZaryaTokenOverlay: Card 2lifeweaver has Zarya token: undefined
 HealthCounter for 2genji: Object
 HealthCounter: Showing normal HP 4 for 2genji
 ZaryaTokenOverlay: Card 2genji has Zarya token: undefined
 TurnEffectsRunner: useEffect triggered Object
 TurnEffectsRunner: Turn change check Object
 HealthCounter for 1zenyatta: Object
 HealthCounter: Showing normal HP 2 for 1zenyatta
 ZaryaTokenOverlay: Card 1zenyatta has Zarya token: undefined
 HealthCounter for 1pharah: Object
 HealthCounter: Showing normal HP 4 for 1pharah
 ZaryaTokenOverlay: Card 1pharah has Zarya token: undefined
 HealthCounter for 1symmetra: Object
 HealthCounter: Showing normal HP 3 for 1symmetra
 ZaryaTokenOverlay: Card 1symmetra has Zarya token: undefined
 HealthCounter for 2symmetra: Object
 HealthCounter: Showing normal HP 3 for 2symmetra
 ZaryaTokenOverlay: Card 2symmetra has Zarya token: undefined
 HealthCounter for 2sombra: Object
 HealthCounter: Showing normal HP 3 for 2sombra
 ZaryaTokenOverlay: Card 2sombra has Zarya token: undefined
 HealthCounter for 2sigma: Object
 HealthCounter: Showing normal HP 4 for 2sigma
 ZaryaTokenOverlay: Card 2sigma has Zarya token: undefined
 HealthCounter for 2lifeweaver: Object
 HealthCounter: Showing normal HP 3 for 2lifeweaver
 ZaryaTokenOverlay: Card 2lifeweaver has Zarya token: undefined
 HealthCounter for 2genji: Object
 HealthCounter: Showing normal HP 4 for 2genji
 ZaryaTokenOverlay: Card 2genji has Zarya token: undefined
 Placement sound played successfully
 symmetra enter sound played successfully
 HealthCounter for 1zenyatta: Object
 HealthCounter: Showing normal HP 2 for 1zenyatta
 ZaryaTokenOverlay: Card 1zenyatta has Zarya token: undefined
 HealthCounter for 1pharah: Object
 HealthCounter: Showing normal HP 4 for 1pharah
 ZaryaTokenOverlay: Card 1pharah has Zarya token: undefined
 HealthCounter for 1symmetra: Object
 HealthCounter: Showing normal HP 3 for 1symmetra
 ZaryaTokenOverlay: Card 1symmetra has Zarya token: undefined
 HealthCounter for 2symmetra: Object
 HealthCounter: Showing normal HP 3 for 2symmetra
 ZaryaTokenOverlay: Card 2symmetra has Zarya token: undefined
 HealthCounter for 2sombra: Object
 HealthCounter: Showing normal HP 3 for 2sombra
 ZaryaTokenOverlay: Card 2sombra has Zarya token: undefined
 HealthCounter for 2sigma: Object
 HealthCounter: Showing normal HP 4 for 2sigma
 ZaryaTokenOverlay: Card 2sigma has Zarya token: undefined
 HealthCounter for 2lifeweaver: Object
 HealthCounter: Showing normal HP 3 for 2lifeweaver
 ZaryaTokenOverlay: Card 2lifeweaver has Zarya token: undefined
 HealthCounter for 2genji: Object
 HealthCounter: Showing normal HP 4 for 2genji
 ZaryaTokenOverlay: Card 2genji has Zarya token: undefined
 HealthCounter for 1zenyatta: Object
 HealthCounter: Showing normal HP 2 for 1zenyatta
 ZaryaTokenOverlay: Card 1zenyatta has Zarya token: undefined
 HealthCounter for 1pharah: Object
 HealthCounter: Showing normal HP 4 for 1pharah
 ZaryaTokenOverlay: Card 1pharah has Zarya token: undefined
 HealthCounter for 1symmetra: Object
 HealthCounter: Showing normal HP 3 for 1symmetra
 ZaryaTokenOverlay: Card 1symmetra has Zarya token: undefined
 HealthCounter for 2symmetra: Object
 HealthCounter: Showing normal HP 3 for 2symmetra
 ZaryaTokenOverlay: Card 2symmetra has Zarya token: undefined
 HealthCounter for 2sombra: Object
 HealthCounter: Showing normal HP 3 for 2sombra
 ZaryaTokenOverlay: Card 2sombra has Zarya token: undefined
 HealthCounter for 2sigma: Object
 HealthCounter: Showing normal HP 4 for 2sigma
 ZaryaTokenOverlay: Card 2sigma has Zarya token: undefined
 HealthCounter for 2lifeweaver: Object
 HealthCounter: Showing normal HP 3 for 2lifeweaver
 ZaryaTokenOverlay: Card 2lifeweaver has Zarya token: undefined
 HealthCounter for 2genji: Object
 HealthCounter: Showing normal HP 4 for 2genji
 ZaryaTokenOverlay: Card 2genji has Zarya token: undefined
 HealthCounter for 1reinhardt: Object
 HealthCounter: Showing normal HP 4 for 1reinhardt
 ZaryaTokenOverlay: Card 1reinhardt has Zarya token: undefined
 HealthCounter for 1zenyatta: Object
 HealthCounter: Showing normal HP 2 for 1zenyatta
 ZaryaTokenOverlay: Card 1zenyatta has Zarya token: undefined
 HealthCounter for 1pharah: Object
 HealthCounter: Showing normal HP 4 for 1pharah
 ZaryaTokenOverlay: Card 1pharah has Zarya token: undefined
 HealthCounter for 1symmetra: Object
 HealthCounter: Showing normal HP 3 for 1symmetra
 ZaryaTokenOverlay: Card 1symmetra has Zarya token: undefined
 HealthCounter for 2symmetra: Object
 HealthCounter: Showing normal HP 3 for 2symmetra
 ZaryaTokenOverlay: Card 2symmetra has Zarya token: undefined
 Player 1 drew orisa
 Playing orisa intro sound...
 TurnEffectsRunner: useEffect triggered Object
 TurnEffectsRunner: Turn change check Object
 TurnEffectsRunner: Turn changed, processing effects
 Lifeweaver: Starting temporary HP cleanup for player 1
 Lifeweaver: No temporary HP effects found to clean up for player 1
 Lifeweaver: Temporary HP cleanup completed
 TurnEffectsRunner: Checking row 1b with 0 ally effects and 0 enemy effects
 TurnEffectsRunner: Processing Zenyatta token effects for player 1
 Harmony jumped from 1pharah to 1symmetra
 TurnEffectsRunner: Checking row 1m with 0 ally effects and 0 enemy effects
 TurnEffectsRunner: Processing Zenyatta token effects for player 1
 Harmony jumped from 1pharah to 1symmetra
 TurnEffectsRunner: Found Harmony token on card 1pharah
 TurnEffectsRunner: Checking row 1f with 0 ally effects and 0 enemy effects
 TurnEffectsRunner: Processing Zenyatta token effects for player 1
 Harmony jumped from 1pharah to 1zenyatta
 HealthCounter for 1reinhardt: Object
 HealthCounter: Showing normal HP 4 for 1reinhardt
 ZaryaTokenOverlay: Card 1reinhardt has Zarya token: undefined
 ZaryaTokenOverlay: Card 1orisa has Zarya token: undefined
 HealthCounter for 1zenyatta: Object
 HealthCounter: Showing normal HP 2 for 1zenyatta
 ZaryaTokenOverlay: Card 1zenyatta has Zarya token: undefined
 HealthCounter for 1pharah: Object
 HealthCounter: Showing normal HP 4 for 1pharah
 ZaryaTokenOverlay: Card 1pharah has Zarya token: undefined
 HealthCounter for 1symmetra: Object
 HealthCounter: Showing normal HP 3 for 1symmetra
 ZaryaTokenOverlay: Card 1symmetra has Zarya token: undefined
 HealthCounter for 2symmetra: Object
 HealthCounter: Showing normal HP 3 for 2symmetra
 ZaryaTokenOverlay: Card 2symmetra has Zarya token: undefined
 TurnEffectsRunner: useEffect triggered Object
 TurnEffectsRunner: Turn change check Object
 HealthCounter for 1reinhardt: Object
 HealthCounter: Showing normal HP 4 for 1reinhardt
 ZaryaTokenOverlay: Card 1reinhardt has Zarya token: undefined
 ZaryaTokenOverlay: Card 1orisa has Zarya token: undefined
 HealthCounter for 1zenyatta: Object
 HealthCounter: Showing normal HP 2 for 1zenyatta
 ZaryaTokenOverlay: Card 1zenyatta has Zarya token: undefined
 HealthCounter for 1pharah: Object
 HealthCounter: Showing normal HP 4 for 1pharah
 ZaryaTokenOverlay: Card 1pharah has Zarya token: undefined
 HealthCounter for 1symmetra: Object
 HealthCounter: Showing normal HP 3 for 1symmetra
 ZaryaTokenOverlay: Card 1symmetra has Zarya token: undefined
 HealthCounter for 2symmetra: Object
 HealthCounter: Showing normal HP 3 for 2symmetra
 ZaryaTokenOverlay: Card 2symmetra has Zarya token: undefined
 HealthCounter for 1orisa: Object
 HealthCounter: Showing normal HP 5 for 1orisa
 ZaryaTokenOverlay: Card 1orisa has Zarya token: undefined
 orisa intro sound played successfully
 HealthCounter for 1zenyatta: Object
 HealthCounter: Showing normal HP 2 for 1zenyatta
 ZaryaTokenOverlay: Card 1zenyatta has Zarya token: undefined
 HealthCounter for 1pharah: Object
 HealthCounter: Showing normal HP 4 for 1pharah
 ZaryaTokenOverlay: Card 1pharah has Zarya token: undefined
 HealthCounter for 1symmetra: Object
 HealthCounter: Showing normal HP 3 for 1symmetra
 ZaryaTokenOverlay: Card 1symmetra has Zarya token: undefined
 HealthCounter for 2symmetra: Object
 HealthCounter: Showing normal HP 3 for 2symmetra
 ZaryaTokenOverlay: Card 2symmetra has Zarya token: undefined
 HealthCounter for 2sombra: Object
 HealthCounter: Showing normal HP 3 for 2sombra
 ZaryaTokenOverlay: Card 2sombra has Zarya token: undefined
 HealthCounter for 2sigma: Object
 HealthCounter: Showing normal HP 4 for 2sigma
 ZaryaTokenOverlay: Card 2sigma has Zarya token: undefined
 HealthCounter for 2lifeweaver: Object
 HealthCounter: Showing normal HP 3 for 2lifeweaver
 ZaryaTokenOverlay: Card 2lifeweaver has Zarya token: undefined
 HealthCounter for 2genji: Object
 HealthCounter: Showing normal HP 4 for 2genji
 ZaryaTokenOverlay: Card 2genji has Zarya token: undefined
 Player 2 drew wreckingball
 Playing wreckingball intro sound...
 TurnEffectsRunner: useEffect triggered Object
 TurnEffectsRunner: Turn change check Object
 TurnEffectsRunner: Turn changed, processing effects
 Lifeweaver: Starting temporary HP cleanup for player 2
 Lifeweaver: No temporary HP effects found to clean up for player 2
 Lifeweaver: Temporary HP cleanup completed
 TurnEffectsRunner: Checking row 2b with 0 ally effects and 0 enemy effects
 TurnEffectsRunner: Processing Zenyatta token effects for player 2
 TurnEffectsRunner: Checking row 2m with 0 ally effects and 0 enemy effects
 TurnEffectsRunner: Processing Zenyatta token effects for player 2
 TurnEffectsRunner: Checking row 2f with 0 ally effects and 0 enemy effects
 TurnEffectsRunner: Processing Zenyatta token effects for player 2
 HealthCounter for 1zenyatta: Object
 HealthCounter: Showing normal HP 2 for 1zenyatta
 ZaryaTokenOverlay: Card 1zenyatta has Zarya token: undefined
 HealthCounter for 1pharah: Object
 HealthCounter: Showing normal HP 4 for 1pharah
 ZaryaTokenOverlay: Card 1pharah has Zarya token: undefined
 HealthCounter for 1symmetra: Object
 HealthCounter: Showing normal HP 3 for 1symmetra
 ZaryaTokenOverlay: Card 1symmetra has Zarya token: undefined
 HealthCounter for 2symmetra: Object
 HealthCounter: Showing normal HP 3 for 2symmetra
 ZaryaTokenOverlay: Card 2symmetra has Zarya token: undefined
 HealthCounter for 2sombra: Object
 HealthCounter: Showing normal HP 3 for 2sombra
 ZaryaTokenOverlay: Card 2sombra has Zarya token: undefined
 HealthCounter for 2sigma: Object
 HealthCounter: Showing normal HP 4 for 2sigma
 ZaryaTokenOverlay: Card 2sigma has Zarya token: undefined
 HealthCounter for 2lifeweaver: Object
 HealthCounter: Showing normal HP 3 for 2lifeweaver
 ZaryaTokenOverlay: Card 2lifeweaver has Zarya token: undefined
 HealthCounter for 2genji: Object
 HealthCounter: Showing normal HP 4 for 2genji
 ZaryaTokenOverlay: Card 2genji has Zarya token: undefined
 ZaryaTokenOverlay: Card 2wreckingball has Zarya token: undefined
 TurnEffectsRunner: useEffect triggered Object
 TurnEffectsRunner: Turn change check Object
 HealthCounter for 1zenyatta: Object
 HealthCounter: Showing normal HP 2 for 1zenyatta
 ZaryaTokenOverlay: Card 1zenyatta has Zarya token: undefined
 HealthCounter for 1pharah: Object
 HealthCounter: Showing normal HP 4 for 1pharah
 ZaryaTokenOverlay: Card 1pharah has Zarya token: undefined
 HealthCounter for 1symmetra: Object
 HealthCounter: Showing normal HP 3 for 1symmetra
 ZaryaTokenOverlay: Card 1symmetra has Zarya token: undefined
 HealthCounter for 2symmetra: Object
 HealthCounter: Showing normal HP 3 for 2symmetra
 ZaryaTokenOverlay: Card 2symmetra has Zarya token: undefined
 HealthCounter for 2sombra: Object
 HealthCounter: Showing normal HP 3 for 2sombra
 ZaryaTokenOverlay: Card 2sombra has Zarya token: undefined
 HealthCounter for 2sigma: Object
 HealthCounter: Showing normal HP 4 for 2sigma
 ZaryaTokenOverlay: Card 2sigma has Zarya token: undefined
 HealthCounter for 2lifeweaver: Object
 HealthCounter: Showing normal HP 3 for 2lifeweaver
 ZaryaTokenOverlay: Card 2lifeweaver has Zarya token: undefined
 HealthCounter for 2genji: Object
 HealthCounter: Showing normal HP 4 for 2genji
 ZaryaTokenOverlay: Card 2genji has Zarya token: undefined
 ZaryaTokenOverlay: Card 2wreckingball has Zarya token: undefined
 HealthCounter for 2wreckingball: Object
 HealthCounter: Showing normal HP 3 for 2wreckingball
 ZaryaTokenOverlay: Card 2wreckingball has Zarya token: undefined
 wreckingball intro sound played successfully
 HealthCounter for 1reinhardt: Object
 HealthCounter: Showing normal HP 4 for 1reinhardt
 ZaryaTokenOverlay: Card 1reinhardt has Zarya token: undefined
 HealthCounter for 1orisa: Object
 HealthCounter: Showing normal HP 5 for 1orisa
 ZaryaTokenOverlay: Card 1orisa has Zarya token: undefined
 HealthCounter for 1zenyatta: Object
 HealthCounter: Showing normal HP 2 for 1zenyatta
 ZaryaTokenOverlay: Card 1zenyatta has Zarya token: undefined
 HealthCounter for 1pharah: Object
 HealthCounter: Showing normal HP 4 for 1pharah
 ZaryaTokenOverlay: Card 1pharah has Zarya token: undefined
 HealthCounter for 1symmetra: Object
 HealthCounter: Showing normal HP 3 for 1symmetra
 ZaryaTokenOverlay: Card 1symmetra has Zarya token: undefined
 HealthCounter for 2symmetra: Object
 HealthCounter: Showing normal HP 3 for 2symmetra
 ZaryaTokenOverlay: Card 2symmetra has Zarya token: undefined
 Player 1 drew reaper
 Playing reaper intro sound...
 TurnEffectsRunner: useEffect triggered Object
 TurnEffectsRunner: Turn change check Object
 TurnEffectsRunner: Turn changed, processing effects
 Lifeweaver: Starting temporary HP cleanup for player 1
 Lifeweaver: No temporary HP effects found to clean up for player 1
 Lifeweaver: Temporary HP cleanup completed
 TurnEffectsRunner: Checking row 1b with 0 ally effects and 0 enemy effects
 TurnEffectsRunner: Processing Zenyatta token effects for player 1
 Harmony jumped from 1symmetra to 1zenyatta
 Harmony jumped from 1zenyatta to 1pharah
 TurnEffectsRunner: Found Harmony token on card 1zenyatta
 TurnEffectsRunner: Checking row 1m with 0 ally effects and 0 enemy effects
 TurnEffectsRunner: Processing Zenyatta token effects for player 1
 Harmony jumped from 1symmetra to 1zenyatta
 Harmony jumped from 1zenyatta to 1symmetra
 TurnEffectsRunner: Found Harmony token on card 1symmetra
 TurnEffectsRunner: Checking row 1f with 0 ally effects and 0 enemy effects
 TurnEffectsRunner: Processing Zenyatta token effects for player 1
 Harmony jumped from 1symmetra to 1pharah
 Harmony jumped from 1zenyatta to 1symmetra
 HealthCounter for 1reinhardt: Object
 HealthCounter: Showing normal HP 4 for 1reinhardt
 ZaryaTokenOverlay: Card 1reinhardt has Zarya token: undefined
 HealthCounter for 1orisa: Object
 HealthCounter: Showing normal HP 5 for 1orisa
 ZaryaTokenOverlay: Card 1orisa has Zarya token: undefined
 ZaryaTokenOverlay: Card 1reaper has Zarya token: undefined
 HealthCounter for 1zenyatta: Object
 HealthCounter: Showing normal HP 2 for 1zenyatta
 ZaryaTokenOverlay: Card 1zenyatta has Zarya token: undefined
 HealthCounter for 1pharah: Object
 HealthCounter: Showing normal HP 4 for 1pharah
 ZaryaTokenOverlay: Card 1pharah has Zarya token: undefined
 HealthCounter for 1symmetra: Object
 HealthCounter: Showing normal HP 3 for 1symmetra
 ZaryaTokenOverlay: Card 1symmetra has Zarya token: undefined
 HealthCounter for 2symmetra: Object
 HealthCounter: Showing normal HP 3 for 2symmetra
 ZaryaTokenOverlay: Card 2symmetra has Zarya token: undefined
 TurnEffectsRunner: useEffect triggered Object
 TurnEffectsRunner: Turn change check Object
 HealthCounter for 1reinhardt: Object
 HealthCounter: Showing normal HP 4 for 1reinhardt
 ZaryaTokenOverlay: Card 1reinhardt has Zarya token: undefined
 HealthCounter for 1orisa: Object
 HealthCounter: Showing normal HP 5 for 1orisa
 ZaryaTokenOverlay: Card 1orisa has Zarya token: undefined
 ZaryaTokenOverlay: Card 1reaper has Zarya token: undefined
 HealthCounter for 1zenyatta: Object
 HealthCounter: Showing normal HP 2 for 1zenyatta
 ZaryaTokenOverlay: Card 1zenyatta has Zarya token: undefined
 HealthCounter for 1pharah: Object
 HealthCounter: Showing normal HP 4 for 1pharah
 ZaryaTokenOverlay: Card 1pharah has Zarya token: undefined
 HealthCounter for 1symmetra: Object
 HealthCounter: Showing normal HP 3 for 1symmetra
 ZaryaTokenOverlay: Card 1symmetra has Zarya token: undefined
 HealthCounter for 2symmetra: Object
 HealthCounter: Showing normal HP 3 for 2symmetra
 ZaryaTokenOverlay: Card 2symmetra has Zarya token: undefined
 HealthCounter for 1reaper: Object
 HealthCounter: Showing normal HP 4 for 1reaper
 ZaryaTokenOverlay: Card 1reaper has Zarya token: undefined
 reaper intro sound played successfully
 HealthCounter for 1zenyatta: Object
 HealthCounter: Showing normal HP 2 for 1zenyatta
 ZaryaTokenOverlay: Card 1zenyatta has Zarya token: undefined
 HealthCounter for 1pharah: Object
 HealthCounter: Showing normal HP 4 for 1pharah
 ZaryaTokenOverlay: Card 1pharah has Zarya token: undefined
 HealthCounter for 1symmetra: Object
 HealthCounter: Showing normal HP 3 for 1symmetra
 ZaryaTokenOverlay: Card 1symmetra has Zarya token: undefined
 HealthCounter for 2symmetra: Object
 HealthCounter: Showing normal HP 3 for 2symmetra
 ZaryaTokenOverlay: Card 2symmetra has Zarya token: undefined
 HealthCounter for 2sombra: Object
 HealthCounter: Showing normal HP 3 for 2sombra
 ZaryaTokenOverlay: Card 2sombra has Zarya token: undefined
 HealthCounter for 2sigma: Object
 HealthCounter: Showing normal HP 4 for 2sigma
 ZaryaTokenOverlay: Card 2sigma has Zarya token: undefined
 HealthCounter for 2lifeweaver: Object
 HealthCounter: Showing normal HP 3 for 2lifeweaver
 ZaryaTokenOverlay: Card 2lifeweaver has Zarya token: undefined
 HealthCounter for 2genji: Object
 HealthCounter: Showing normal HP 4 for 2genji
 ZaryaTokenOverlay: Card 2genji has Zarya token: undefined
 HealthCounter for 2wreckingball: Object
 HealthCounter: Showing normal HP 3 for 2wreckingball
 ZaryaTokenOverlay: Card 2wreckingball has Zarya token: undefined
 Player 2 drew widowmaker
 Playing widowmaker intro sound...
 TurnEffectsRunner: useEffect triggered Object
 TurnEffectsRunner: Turn change check Object
 TurnEffectsRunner: Turn changed, processing effects
 Lifeweaver: Starting temporary HP cleanup for player 2
 Lifeweaver: No temporary HP effects found to clean up for player 2
 Lifeweaver: Temporary HP cleanup completed
 TurnEffectsRunner: Checking row 2b with 0 ally effects and 0 enemy effects
 TurnEffectsRunner: Processing Zenyatta token effects for player 2
 TurnEffectsRunner: Checking row 2m with 0 ally effects and 0 enemy effects
 TurnEffectsRunner: Processing Zenyatta token effects for player 2
 TurnEffectsRunner: Checking row 2f with 0 ally effects and 0 enemy effects
 TurnEffectsRunner: Processing Zenyatta token effects for player 2
 HealthCounter for 1zenyatta: Object
 HealthCounter: Showing normal HP 2 for 1zenyatta
 ZaryaTokenOverlay: Card 1zenyatta has Zarya token: undefined
 HealthCounter for 1pharah: Object
 HealthCounter: Showing normal HP 4 for 1pharah
 ZaryaTokenOverlay: Card 1pharah has Zarya token: undefined
 HealthCounter for 1symmetra: Object
 HealthCounter: Showing normal HP 3 for 1symmetra
 ZaryaTokenOverlay: Card 1symmetra has Zarya token: undefined
 HealthCounter for 2symmetra: Object
 HealthCounter: Showing normal HP 3 for 2symmetra
 ZaryaTokenOverlay: Card 2symmetra has Zarya token: undefined
 HealthCounter for 2sombra: Object
 HealthCounter: Showing normal HP 3 for 2sombra
 ZaryaTokenOverlay: Card 2sombra has Zarya token: undefined
 HealthCounter for 2sigma: Object
 HealthCounter: Showing normal HP 4 for 2sigma
 ZaryaTokenOverlay: Card 2sigma has Zarya token: undefined
 HealthCounter for 2lifeweaver: Object
 HealthCounter: Showing normal HP 3 for 2lifeweaver
 ZaryaTokenOverlay: Card 2lifeweaver has Zarya token: undefined
 HealthCounter for 2genji: Object
 HealthCounter: Showing normal HP 4 for 2genji
 ZaryaTokenOverlay: Card 2genji has Zarya token: undefined
 HealthCounter for 2wreckingball: Object
 HealthCounter: Showing normal HP 3 for 2wreckingball
 ZaryaTokenOverlay: Card 2wreckingball has Zarya token: undefined
 ZaryaTokenOverlay: Card 2widowmaker has Zarya token: undefined
 TurnEffectsRunner: useEffect triggered Object
 TurnEffectsRunner: Turn change check Object
 HealthCounter for 1zenyatta: Object
 HealthCounter: Showing normal HP 2 for 1zenyatta
 ZaryaTokenOverlay: Card 1zenyatta has Zarya token: undefined
 HealthCounter for 1pharah: Object
 HealthCounter: Showing normal HP 4 for 1pharah
 ZaryaTokenOverlay: Card 1pharah has Zarya token: undefined
 HealthCounter for 1symmetra: Object
 HealthCounter: Showing normal HP 3 for 1symmetra
 ZaryaTokenOverlay: Card 1symmetra has Zarya token: undefined
 HealthCounter for 2symmetra: Object
 HealthCounter: Showing normal HP 3 for 2symmetra
 ZaryaTokenOverlay: Card 2symmetra has Zarya token: undefined
 HealthCounter for 2sombra: Object
 HealthCounter: Showing normal HP 3 for 2sombra
 ZaryaTokenOverlay: Card 2sombra has Zarya token: undefined
 HealthCounter for 2sigma: Object
 HealthCounter: Showing normal HP 4 for 2sigma
 ZaryaTokenOverlay: Card 2sigma has Zarya token: undefined
 HealthCounter for 2lifeweaver: Object
 HealthCounter: Showing normal HP 3 for 2lifeweaver
 ZaryaTokenOverlay: Card 2lifeweaver has Zarya token: undefined
 HealthCounter for 2genji: Object
 HealthCounter: Showing normal HP 4 for 2genji
 ZaryaTokenOverlay: Card 2genji has Zarya token: undefined
 HealthCounter for 2wreckingball: Object
 HealthCounter: Showing normal HP 3 for 2wreckingball
 ZaryaTokenOverlay: Card 2wreckingball has Zarya token: undefined
 ZaryaTokenOverlay: Card 2widowmaker has Zarya token: undefined
 HealthCounter for 2widowmaker: Object
 HealthCounter: Showing normal HP 3 for 2widowmaker
 ZaryaTokenOverlay: Card 2widowmaker has Zarya token: undefined
 widowmaker intro sound played successfully
 HealthCounter for 1reinhardt: Object
 HealthCounter: Showing normal HP 4 for 1reinhardt
 ZaryaTokenOverlay: Card 1reinhardt has Zarya token: undefined
 HealthCounter for 1orisa: Object
 HealthCounter: Showing normal HP 5 for 1orisa
 ZaryaTokenOverlay: Card 1orisa has Zarya token: undefined
 HealthCounter for 1reaper: Object
 HealthCounter: Showing normal HP 4 for 1reaper
 ZaryaTokenOverlay: Card 1reaper has Zarya token: undefined
 HealthCounter for 1zenyatta: Object
 HealthCounter: Showing normal HP 2 for 1zenyatta
 ZaryaTokenOverlay: Card 1zenyatta has Zarya token: undefined
 HealthCounter for 1pharah: Object
 HealthCounter: Showing normal HP 4 for 1pharah
 ZaryaTokenOverlay: Card 1pharah has Zarya token: undefined
 HealthCounter for 1symmetra: Object
 HealthCounter: Showing normal HP 3 for 1symmetra
 ZaryaTokenOverlay: Card 1symmetra has Zarya token: undefined
 HealthCounter for 2symmetra: Object
 HealthCounter: Showing normal HP 3 for 2symmetra
 ZaryaTokenOverlay: Card 2symmetra has Zarya token: undefined
 Player 1 drew mercy
 Playing mercy intro sound...
 TurnEffectsRunner: useEffect triggered Object
 TurnEffectsRunner: Turn change check Object
 TurnEffectsRunner: Turn changed, processing effects
 Lifeweaver: Starting temporary HP cleanup for player 1
 Lifeweaver: No temporary HP effects found to clean up for player 1
 Lifeweaver: Temporary HP cleanup completed
 TurnEffectsRunner: Checking row 1b with 0 ally effects and 0 enemy effects
 TurnEffectsRunner: Processing Zenyatta token effects for player 1
 Harmony jumped from 1pharah to 1symmetra
 Harmony jumped from 1symmetra to 1pharah
 TurnEffectsRunner: Checking row 1m with 0 ally effects and 0 enemy effects
 TurnEffectsRunner: Processing Zenyatta token effects for player 1
 Harmony jumped from 1pharah to 1zenyatta
 Harmony jumped from 1symmetra to 1pharah
 TurnEffectsRunner: Found Harmony token on card 1pharah
 TurnEffectsRunner: Found Harmony token on card 1symmetra
 TurnEffectsRunner: Checking row 1f with 0 ally effects and 0 enemy effects
 TurnEffectsRunner: Processing Zenyatta token effects for player 1
 Harmony jumped from 1pharah to 1symmetra
 Harmony jumped from 1symmetra to 1pharah
 HealthCounter for 1reinhardt: Object
 HealthCounter: Showing normal HP 4 for 1reinhardt
 ZaryaTokenOverlay: Card 1reinhardt has Zarya token: undefined
 HealthCounter for 1orisa: Object
 HealthCounter: Showing normal HP 5 for 1orisa
ZaryaTokenOverlay.js:20 ZaryaTokenOverlay: Card 1orisa has Zarya token: undefined
HealthCounter.js:6 HealthCounter for 1reaper: Object
HealthCounter.js:25 HealthCounter: Showing normal HP 4 for 1reaper
ZaryaTokenOverlay.js:20 ZaryaTokenOverlay: Card 1reaper has Zarya token: undefined
ZaryaTokenOverlay.js:20 ZaryaTokenOverlay: Card 1mercy has Zarya token: undefined
HealthCounter.js:6 HealthCounter for 1zenyatta: Object
HealthCounter.js:25 HealthCounter: Showing normal HP 2 for 1zenyatta
ZaryaTokenOverlay.js:20 ZaryaTokenOverlay: Card 1zenyatta has Zarya token: undefined
HealthCounter.js:6 HealthCounter for 1pharah: Object
HealthCounter.js:25 HealthCounter: Showing normal HP 4 for 1pharah
ZaryaTokenOverlay.js:20 ZaryaTokenOverlay: Card 1pharah has Zarya token: undefined
HealthCounter.js:6 HealthCounter for 1symmetra: Object
HealthCounter.js:25 HealthCounter: Showing normal HP 3 for 1symmetra
ZaryaTokenOverlay.js:20 ZaryaTokenOverlay: Card 1symmetra has Zarya token: undefined
HealthCounter.js:6 HealthCounter for 2symmetra: Object
HealthCounter.js:25 HealthCounter: Showing normal HP 3 for 2symmetra
ZaryaTokenOverlay.js:20 ZaryaTokenOverlay: Card 2symmetra has Zarya token: undefined
TurnEffectsRunner.js:16 TurnEffectsRunner: useEffect triggered Object
TurnEffectsRunner.js:27 TurnEffectsRunner: Turn change check Object
HealthCounter.js:6 HealthCounter for 1reinhardt: Object
HealthCounter.js:25 HealthCounter: Showing normal HP 4 for 1reinhardt
ZaryaTokenOverlay.js:20 ZaryaTokenOverlay: Card 1reinhardt has Zarya token: undefined
HealthCounter.js:6 HealthCounter for 1orisa: Object
HealthCounter.js:25 HealthCounter: Showing normal HP 5 for 1orisa
ZaryaTokenOverlay.js:20 ZaryaTokenOverlay: Card 1orisa has Zarya token: undefined
HealthCounter.js:6 HealthCounter for 1reaper: Object
HealthCounter.js:25 HealthCounter: Showing normal HP 4 for 1reaper
ZaryaTokenOverlay.js:20 ZaryaTokenOverlay: Card 1reaper has Zarya token: undefined
ZaryaTokenOverlay.js:20 ZaryaTokenOverlay: Card 1mercy has Zarya token: undefined
HealthCounter.js:6 HealthCounter for 1zenyatta: Object
HealthCounter.js:25 HealthCounter: Showing normal HP 2 for 1zenyatta
ZaryaTokenOverlay.js:20 ZaryaTokenOverlay: Card 1zenyatta has Zarya token: undefined
HealthCounter.js:6 HealthCounter for 1pharah: Object
HealthCounter.js:25 HealthCounter: Showing normal HP 4 for 1pharah
ZaryaTokenOverlay.js:20 ZaryaTokenOverlay: Card 1pharah has Zarya token: undefined
HealthCounter.js:6 HealthCounter for 1symmetra: Object
HealthCounter.js:25 HealthCounter: Showing normal HP 3 for 1symmetra
ZaryaTokenOverlay.js:20 ZaryaTokenOverlay: Card 1symmetra has Zarya token: undefined
HealthCounter.js:6 HealthCounter for 2symmetra: Object
HealthCounter.js:25 HealthCounter: Showing normal HP 3 for 2symmetra
ZaryaTokenOverlay.js:20 ZaryaTokenOverlay: Card 2symmetra has Zarya token: undefined
HealthCounter.js:6 HealthCounter for 1mercy: Object
HealthCounter.js:25 HealthCounter: Showing normal HP 3 for 1mercy
ZaryaTokenOverlay.js:20 ZaryaTokenOverlay: Card 1mercy has Zarya token: undefined
PlayerButtons.js:208 mercy intro sound played successfully
