 HealthCounter: Showing normal HP 2 for 1zenyatta
 ZaryaTokenOverlay: Card 1zenyatta has Zarya token: undefined
 HealthCounter for 1mei: Object
 HealthCounter: Showing normal HP 4 for 1mei
 ZaryaTokenOverlay: Card 1mei has Zarya token: undefined
 TurnEffectsRunner: useEffect triggered Object
 TurnEffectsRunner: Turn change check Object
 HealthCounter for 1tracer: Object
 HealthCounter: Showing normal HP 3 for 1tracer
 ZaryaTokenOverlay: Card 1tracer has Zarya token: undefined
 HealthCounter for 1wreckingball: Object
 HealthCounter: Showing normal HP 3 for 1wreckingball
 ZaryaTokenOverlay: Card 1wreckingball has Zarya token: undefined
 HealthCounter for 1zenyatta: Object
 HealthCounter: Showing normal HP 2 for 1zenyatta
 ZaryaTokenOverlay: Card 1zenyatta has Zarya token: undefined
 HealthCounter for 1mei: Object
 HealthCounter: Showing normal HP 4 for 1mei
 ZaryaTokenOverlay: Card 1mei has Zarya token: undefined
 HealthCounter for 1tracer: Object
 HealthCounter: Showing normal HP 3 for 1tracer
 ZaryaTokenOverlay: Card 1tracer has Zarya token: undefined
 HealthCounter for 1wreckingball: Object
 HealthCounter: Showing normal HP 3 for 1wreckingball
 ZaryaTokenOverlay: Card 1wreckingball has Zarya token: undefined
 HealthCounter for 1zenyatta: Object
 HealthCounter: Showing normal HP 2 for 1zenyatta
 ZaryaTokenOverlay: Card 1zenyatta has Zarya token: undefined
 HealthCounter for 1mei: Object
 HealthCounter: Showing normal HP 4 for 1mei
 ZaryaTokenOverlay: Card 1mei has Zarya token: undefined
 Placement sound played successfully
 mei enter sound played successfully
 HealthCounter for 1mei: Object
 HealthCounter: Showing normal HP 4 for 1mei
 ZaryaTokenOverlay: Card 1mei has Zarya token: undefined
 HealthCounter for 2ashe: Object
 HealthCounter: Showing normal HP 3 for 2ashe
 ZaryaTokenOverlay: Card 2ashe has Zarya token: undefined
 HealthCounter for 2ramattra: Object
 HealthCounter: Showing normal HP 4 for 2ramattra
 ZaryaTokenOverlay: Card 2ramattra has Zarya token: undefined
 HealthCounter for 2mercy: Object
 HealthCounter: Showing normal HP 3 for 2mercy
 ZaryaTokenOverlay: Card 2mercy has Zarya token: undefined
 HealthCounter for 2mei: Object
 HealthCounter: Showing normal HP 4 for 2mei
 ZaryaTokenOverlay: Card 2mei has Zarya token: undefined
 Player 2 drew soldier
 Playing soldier intro sound...
 TurnEffectsRunner: useEffect triggered Object
 TurnEffectsRunner: Turn change check Object
 TurnEffectsRunner: Turn changed, processing effects
 Lifeweaver: Starting temporary HP cleanup for player 2
 Lifeweaver: No temporary HP effects found to clean up for player 2
 Lifeweaver: Temporary HP cleanup completed
 TurnEffectsRunner: Checking row 2b with 0 ally effects and 0 enemy effects
 TurnEffectsRunner: Checking row 2m with 0 ally effects and 0 enemy effects
 TurnEffectsRunner: Checking row 2f with 0 ally effects and 0 enemy effects
 HealthCounter for 1mei: Object
 HealthCounter: Showing normal HP 4 for 1mei
 ZaryaTokenOverlay: Card 1mei has Zarya token: undefined
 HealthCounter for 2ashe: Object
 HealthCounter: Showing normal HP 3 for 2ashe
 ZaryaTokenOverlay: Card 2ashe has Zarya token: undefined
 HealthCounter for 2ramattra: Object
 HealthCounter: Showing normal HP 4 for 2ramattra
 ZaryaTokenOverlay: Card 2ramattra has Zarya token: undefined
 HealthCounter for 2mercy: Object
 HealthCounter: Showing normal HP 3 for 2mercy
 ZaryaTokenOverlay: Card 2mercy has Zarya token: undefined
 HealthCounter for 2mei: Object
 HealthCounter: Showing normal HP 4 for 2mei
 ZaryaTokenOverlay: Card 2mei has Zarya token: undefined
 ZaryaTokenOverlay: Card 2soldier has Zarya token: undefined
 TurnEffectsRunner: useEffect triggered Object
 TurnEffectsRunner: Turn change check Object
 HealthCounter for 1mei: Object
 HealthCounter: Showing normal HP 4 for 1mei
 ZaryaTokenOverlay: Card 1mei has Zarya token: undefined
 HealthCounter for 2ashe: Object
 HealthCounter: Showing normal HP 3 for 2ashe
 ZaryaTokenOverlay: Card 2ashe has Zarya token: undefined
 HealthCounter for 2ramattra: Object
 HealthCounter: Showing normal HP 4 for 2ramattra
 ZaryaTokenOverlay: Card 2ramattra has Zarya token: undefined
 HealthCounter for 2mercy: Object
 HealthCounter: Showing normal HP 3 for 2mercy
 ZaryaTokenOverlay: Card 2mercy has Zarya token: undefined
 HealthCounter for 2mei: Object
 HealthCounter: Showing normal HP 4 for 2mei
 ZaryaTokenOverlay: Card 2mei has Zarya token: undefined
 ZaryaTokenOverlay: Card 2soldier has Zarya token: undefined
 HealthCounter for 2soldier: Object
 HealthCounter: Showing normal HP 4 for 2soldier
 ZaryaTokenOverlay: Card 2soldier has Zarya token: undefined
 soldier intro sound played successfully
 HealthCounter for 1mei: Object
 HealthCounter: Showing normal HP 4 for 1mei
 ZaryaTokenOverlay: Card 1mei has Zarya token: undefined
 HealthCounter for 2ashe: Object
 HealthCounter: Showing normal HP 3 for 2ashe
 ZaryaTokenOverlay: Card 2ashe has Zarya token: undefined
 HealthCounter for 2ramattra: Object
 HealthCounter: Showing normal HP 4 for 2ramattra
 ZaryaTokenOverlay: Card 2ramattra has Zarya token: undefined
 HealthCounter for 2mercy: Object
 HealthCounter: Showing normal HP 3 for 2mercy
 ZaryaTokenOverlay: Card 2mercy has Zarya token: undefined
 HealthCounter for 2mei: Object
 HealthCounter: Showing normal HP 4 for 2mei
 ZaryaTokenOverlay: Card 2mei has Zarya token: undefined
 HealthCounter for 2soldier: Object
 HealthCounter: Showing normal HP 4 for 2soldier
 ZaryaTokenOverlay: Card 2soldier has Zarya token: undefined
 Object
 HealthCounter for 2ashe: Object
 HealthCounter: Showing normal HP 3 for 2ashe
 ZaryaTokenOverlay: Card 2ashe has Zarya token: undefined
 HealthCounter for 2ashe: Object
 HealthCounter: Showing normal HP 3 for 2ashe
 ZaryaTokenOverlay: Card 2ashe has Zarya token: undefined
 HealthCounter for 2ashe: Object
 HealthCounter: Showing normal HP 3 for 2ashe
 ZaryaTokenOverlay: Card 2ashe has Zarya token: undefined
 HealthCounter for 2ashe: Object
 HealthCounter: Showing normal HP 3 for 2ashe
 ZaryaTokenOverlay: Card 2ashe has Zarya token: undefined
 HealthCounter for 2ashe: Object
 HealthCounter: Showing normal HP 3 for 2ashe
 ZaryaTokenOverlay: Card 2ashe has Zarya token: undefined
 HealthCounter for 2ashe: Object
 HealthCounter: Showing normal HP 3 for 2ashe
 ZaryaTokenOverlay: Card 2ashe has Zarya token: undefined
 HealthCounter for 2ashe: Object
 HealthCounter: Showing normal HP 3 for 2ashe
 ZaryaTokenOverlay: Card 2ashe has Zarya token: undefined
 HealthCounter for 2ashe: Object
 HealthCounter: Showing normal HP 3 for 2ashe
 ZaryaTokenOverlay: Card 2ashe has Zarya token: undefined
 HealthCounter for 2ashe: Object
 HealthCounter: Showing normal HP 3 for 2ashe
 ZaryaTokenOverlay: Card 2ashe has Zarya token: undefined
 HealthCounter for 2ashe: Object
 HealthCounter: Showing normal HP 3 for 2ashe
 ZaryaTokenOverlay: Card 2ashe has Zarya token: undefined
 HealthCounter for 2ashe: Object
 HealthCounter: Showing normal HP 3 for 2ashe
 ZaryaTokenOverlay: Card 2ashe has Zarya token: undefined
 HealthCounter for 2ashe: Object
 HealthCounter: Showing normal HP 3 for 2ashe
 ZaryaTokenOverlay: Card 2ashe has Zarya token: undefined
 HealthCounter for 2ashe: Object
 HealthCounter: Showing normal HP 3 for 2ashe
 ZaryaTokenOverlay: Card 2ashe has Zarya token: undefined
 HealthCounter for 2ashe: Object
 HealthCounter: Showing normal HP 3 for 2ashe
 ZaryaTokenOverlay: Card 2ashe has Zarya token: undefined
 HealthCounter for 2ashe: Object
 HealthCounter: Showing normal HP 3 for 2ashe
 ZaryaTokenOverlay: Card 2ashe has Zarya token: undefined
 HealthCounter for 2ashe: Object
 HealthCounter: Showing normal HP 3 for 2ashe
 ZaryaTokenOverlay: Card 2ashe has Zarya token: undefined
 HealthCounter for 2ashe: Object
 HealthCounter: Showing normal HP 3 for 2ashe
 ZaryaTokenOverlay: Card 2ashe has Zarya token: undefined
 HealthCounter for 2ashe: Object
 HealthCounter: Showing normal HP 3 for 2ashe
 ZaryaTokenOverlay: Card 2ashe has Zarya token: undefined
 HealthCounter for 2ramattra: Object
 HealthCounter: Showing normal HP 4 for 2ramattra
 ZaryaTokenOverlay: Card 2ramattra has Zarya token: undefined
 HealthCounter for 2mercy: Object
 HealthCounter: Showing normal HP 3 for 2mercy
 ZaryaTokenOverlay: Card 2mercy has Zarya token: undefined
 HealthCounter for 2mei: Object
 HealthCounter: Showing normal HP 4 for 2mei
 ZaryaTokenOverlay: Card 2mei has Zarya token: undefined
 HealthCounter for 2soldier: Object
 HealthCounter: Showing normal HP 4 for 2soldier
 ZaryaTokenOverlay: Card 2soldier has Zarya token: undefined
 HealthCounter for 2ashe: Object
 HealthCounter: Showing normal HP 3 for 2ashe
 ZaryaTokenOverlay: Card 2ashe has Zarya token: undefined
 HealthCounter for 2ashe: Object
 HealthCounter: Showing normal HP 3 for 2ashe
 ZaryaTokenOverlay: Card 2ashe has Zarya token: undefined
 HealthCounter for 2ashe: Object
 HealthCounter: Showing normal HP 3 for 2ashe
 ZaryaTokenOverlay: Card 2ashe has Zarya token: undefined
 HealthCounter for 2ashe: Object
 HealthCounter: Showing normal HP 3 for 2ashe
 ZaryaTokenOverlay: Card 2ashe has Zarya token: undefined
 HealthCounter for 2ashe: Object
 HealthCounter: Showing normal HP 3 for 2ashe
 ZaryaTokenOverlay: Card 2ashe has Zarya token: undefined
 HealthCounter for 2ashe: Object
 HealthCounter: Showing normal HP 3 for 2ashe
 ZaryaTokenOverlay: Card 2ashe has Zarya token: undefined
 HealthCounter for 2ashe: Object
 HealthCounter: Showing normal HP 3 for 2ashe
 ZaryaTokenOverlay: Card 2ashe has Zarya token: undefined
 HealthCounter for 2ashe: Object
 HealthCounter: Showing normal HP 3 for 2ashe
 ZaryaTokenOverlay: Card 2ashe has Zarya token: undefined
 HealthCounter for 2ashe: Object
 HealthCounter: Showing normal HP 3 for 2ashe
 ZaryaTokenOverlay: Card 2ashe has Zarya token: undefined
 HealthCounter for 2ashe: Object
 HealthCounter: Showing normal HP 3 for 2ashe
 ZaryaTokenOverlay: Card 2ashe has Zarya token: undefined
 HealthCounter for 2ashe: Object
 HealthCounter: Showing normal HP 3 for 2ashe
 ZaryaTokenOverlay: Card 2ashe has Zarya token: undefined
 HealthCounter for 2ashe: Object
 HealthCounter: Showing normal HP 3 for 2ashe
 ZaryaTokenOverlay: Card 2ashe has Zarya token: undefined
 HealthCounter for 2ashe: Object
 HealthCounter: Showing normal HP 3 for 2ashe
 ZaryaTokenOverlay: Card 2ashe has Zarya token: undefined
 HealthCounter for 2ashe: Object
 HealthCounter: Showing normal HP 3 for 2ashe
 ZaryaTokenOverlay: Card 2ashe has Zarya token: undefined
 HealthCounter for 2ashe: Object
 HealthCounter: Showing normal HP 3 for 2ashe
 ZaryaTokenOverlay: Card 2ashe has Zarya token: undefined
 HealthCounter for 2ashe: Object
 HealthCounter: Showing normal HP 3 for 2ashe
 ZaryaTokenOverlay: Card 2ashe has Zarya token: undefined
 HealthCounter for 2ashe: Object
 HealthCounter: Showing normal HP 3 for 2ashe
 ZaryaTokenOverlay: Card 2ashe has Zarya token: undefined
 HealthCounter for 2ashe: Object
 HealthCounter: Showing normal HP 3 for 2ashe
 ZaryaTokenOverlay: Card 2ashe has Zarya token: undefined
 HealthCounter for 2ashe: Object
 HealthCounter: Showing normal HP 3 for 2ashe
 ZaryaTokenOverlay: Card 2ashe has Zarya token: undefined
 HealthCounter for 2ashe: Object
 HealthCounter: Showing normal HP 3 for 2ashe
 ZaryaTokenOverlay: Card 2ashe has Zarya token: undefined
 HealthCounter for 2ashe: Object
 HealthCounter: Showing normal HP 3 for 2ashe
 ZaryaTokenOverlay: Card 2ashe has Zarya token: undefined
 HealthCounter for 2ashe: Object
 HealthCounter: Showing normal HP 3 for 2ashe
 ZaryaTokenOverlay: Card 2ashe has Zarya token: undefined
 HealthCounter for 2ashe: Object
 HealthCounter: Showing normal HP 3 for 2ashe
 ZaryaTokenOverlay: Card 2ashe has Zarya token: undefined
 HealthCounter for 2ashe: Object
 HealthCounter: Showing normal HP 3 for 2ashe
 ZaryaTokenOverlay: Card 2ashe has Zarya token: undefined
 HealthCounter for 2ashe: Object
 HealthCounter: Showing normal HP 3 for 2ashe
 ZaryaTokenOverlay: Card 2ashe has Zarya token: undefined
 HealthCounter for 2ashe: Object
 HealthCounter: Showing normal HP 3 for 2ashe
 ZaryaTokenOverlay: Card 2ashe has Zarya token: undefined
 HealthCounter for 2ashe: Object
 HealthCounter: Showing normal HP 3 for 2ashe
 ZaryaTokenOverlay: Card 2ashe has Zarya token: undefined
 HealthCounter for 2ashe: Object
 HealthCounter: Showing normal HP 3 for 2ashe
 ZaryaTokenOverlay: Card 2ashe has Zarya token: undefined
 HealthCounter for 2ashe: Object
 HealthCounter: Showing normal HP 3 for 2ashe
 ZaryaTokenOverlay: Card 2ashe has Zarya token: undefined
 HealthCounter for 2ashe: Object
 HealthCounter: Showing normal HP 3 for 2ashe
 ZaryaTokenOverlay: Card 2ashe has Zarya token: undefined
 HealthCounter for 2ashe: Object
 HealthCounter: Showing normal HP 3 for 2ashe
 ZaryaTokenOverlay: Card 2ashe has Zarya token: undefined
 HealthCounter for 2ashe: Object
 HealthCounter: Showing normal HP 3 for 2ashe
 ZaryaTokenOverlay: Card 2ashe has Zarya token: undefined
 HealthCounter for 2ashe: Object
 HealthCounter: Showing normal HP 3 for 2ashe
 ZaryaTokenOverlay: Card 2ashe has Zarya token: undefined
 HealthCounter for 2ashe: Object
 HealthCounter: Showing normal HP 3 for 2ashe
 ZaryaTokenOverlay: Card 2ashe has Zarya token: undefined
 HealthCounter for 2ashe: Object
 HealthCounter: Showing normal HP 3 for 2ashe
 ZaryaTokenOverlay: Card 2ashe has Zarya token: undefined
 HealthCounter for 2ashe: Object
 HealthCounter: Showing normal HP 3 for 2ashe
 ZaryaTokenOverlay: Card 2ashe has Zarya token: undefined
 HealthCounter for 2ashe: Object
 HealthCounter: Showing normal HP 3 for 2ashe
 ZaryaTokenOverlay: Card 2ashe has Zarya token: undefined
 HealthCounter for 2ashe: Object
 HealthCounter: Showing normal HP 3 for 2ashe
 ZaryaTokenOverlay: Card 2ashe has Zarya token: undefined
 HealthCounter for 2ashe: Object
 HealthCounter: Showing normal HP 3 for 2ashe
 ZaryaTokenOverlay: Card 2ashe has Zarya token: undefined
 HealthCounter for 2ashe: Object
 HealthCounter: Showing normal HP 3 for 2ashe
 ZaryaTokenOverlay: Card 2ashe has Zarya token: undefined
 HealthCounter for 2ashe: Object
 HealthCounter: Showing normal HP 3 for 2ashe
 ZaryaTokenOverlay: Card 2ashe has Zarya token: undefined
 HealthCounter for 2ashe: Object
 HealthCounter: Showing normal HP 3 for 2ashe
 ZaryaTokenOverlay: Card 2ashe has Zarya token: undefined
 HealthCounter for 2ashe: Object
 HealthCounter: Showing normal HP 3 for 2ashe
 ZaryaTokenOverlay: Card 2ashe has Zarya token: undefined
 HealthCounter for 2ashe: Object
 HealthCounter: Showing normal HP 3 for 2ashe
 ZaryaTokenOverlay: Card 2ashe has Zarya token: undefined
 HealthCounter for 2ashe: Object
 HealthCounter: Showing normal HP 3 for 2ashe
 ZaryaTokenOverlay: Card 2ashe has Zarya token: undefined
 HealthCounter for 2ashe: Object
 HealthCounter: Showing normal HP 3 for 2ashe
 ZaryaTokenOverlay: Card 2ashe has Zarya token: undefined
 HealthCounter for 2ashe: Object
 HealthCounter: Showing normal HP 3 for 2ashe
 ZaryaTokenOverlay: Card 2ashe has Zarya token: undefined
 HealthCounter for 2ashe: Object
 HealthCounter: Showing normal HP 3 for 2ashe
 ZaryaTokenOverlay: Card 2ashe has Zarya token: undefined
 HealthCounter for 2ashe: Object
 HealthCounter: Showing normal HP 3 for 2ashe
 ZaryaTokenOverlay: Card 2ashe has Zarya token: undefined
 HealthCounter for 2ashe: Object
 HealthCounter: Showing normal HP 3 for 2ashe
 ZaryaTokenOverlay: Card 2ashe has Zarya token: undefined
 HealthCounter for 2ashe: Object
 HealthCounter: Showing normal HP 3 for 2ashe
 ZaryaTokenOverlay: Card 2ashe has Zarya token: undefined
 HealthCounter for 2ashe: Object
 HealthCounter: Showing normal HP 3 for 2ashe
 ZaryaTokenOverlay: Card 2ashe has Zarya token: undefined
 HealthCounter for 2ashe: Object
 HealthCounter: Showing normal HP 3 for 2ashe
 ZaryaTokenOverlay: Card 2ashe has Zarya token: undefined
 HealthCounter for 2ashe: Object
 HealthCounter: Showing normal HP 3 for 2ashe
 ZaryaTokenOverlay: Card 2ashe has Zarya token: undefined
 HealthCounter for 2ashe: Object
 HealthCounter: Showing normal HP 3 for 2ashe
 ZaryaTokenOverlay: Card 2ashe has Zarya token: undefined
 HealthCounter for 2ashe: Object
 HealthCounter: Showing normal HP 3 for 2ashe
 ZaryaTokenOverlay: Card 2ashe has Zarya token: undefined
 HealthCounter for 2ashe: Object
 HealthCounter: Showing normal HP 3 for 2ashe
 ZaryaTokenOverlay: Card 2ashe has Zarya token: undefined
 HealthCounter for 2ashe: Object
 HealthCounter: Showing normal HP 3 for 2ashe
 ZaryaTokenOverlay: Card 2ashe has Zarya token: undefined
 HealthCounter for 2ashe: Object
 HealthCounter: Showing normal HP 3 for 2ashe
 ZaryaTokenOverlay: Card 2ashe has Zarya token: undefined
 HealthCounter for 2ashe: Object
 HealthCounter: Showing normal HP 3 for 2ashe
 ZaryaTokenOverlay: Card 2ashe has Zarya token: undefined
 HealthCounter for 2ashe: Object
 HealthCounter: Showing normal HP 3 for 2ashe
 ZaryaTokenOverlay: Card 2ashe has Zarya token: undefined
 HealthCounter for 2ashe: Object
 HealthCounter: Showing normal HP 3 for 2ashe
 ZaryaTokenOverlay: Card 2ashe has Zarya token: undefined
 HealthCounter for 2ashe: Object
 HealthCounter: Showing normal HP 3 for 2ashe
 ZaryaTokenOverlay: Card 2ashe has Zarya token: undefined
 HealthCounter for 2ashe: Object
 HealthCounter: Showing normal HP 3 for 2ashe
 ZaryaTokenOverlay: Card 2ashe has Zarya token: undefined
 HealthCounter for 2ashe: Object
 HealthCounter: Showing normal HP 3 for 2ashe
 ZaryaTokenOverlay: Card 2ashe has Zarya token: undefined
 HealthCounter for 2ashe: Object
 HealthCounter: Showing normal HP 3 for 2ashe
 ZaryaTokenOverlay: Card 2ashe has Zarya token: undefined
 HealthCounter for 2ashe: Object
 HealthCounter: Showing normal HP 3 for 2ashe
 ZaryaTokenOverlay: Card 2ashe has Zarya token: undefined
 HealthCounter for 2ashe: Object
 HealthCounter: Showing normal HP 3 for 2ashe
 ZaryaTokenOverlay: Card 2ashe has Zarya token: undefined
 HealthCounter for 2ashe: Object
 HealthCounter: Showing normal HP 3 for 2ashe
 ZaryaTokenOverlay: Card 2ashe has Zarya token: undefined
 HealthCounter for 2ashe: Object
 HealthCounter: Showing normal HP 3 for 2ashe
 ZaryaTokenOverlay: Card 2ashe has Zarya token: undefined
 HealthCounter for 2ashe: Object
 HealthCounter: Showing normal HP 3 for 2ashe
 ZaryaTokenOverlay: Card 2ashe has Zarya token: undefined
 HealthCounter for 2ashe: Object
 HealthCounter: Showing normal HP 3 for 2ashe
 ZaryaTokenOverlay: Card 2ashe has Zarya token: undefined
 HealthCounter for 2ashe: Object
 HealthCounter: Showing normal HP 3 for 2ashe
 ZaryaTokenOverlay: Card 2ashe has Zarya token: undefined
 Attempting to play placement sound...
 Placement audio source: /owcardgame/static/media/placement.445605f26d71501234a7.mp3
 Created placement audio object: 
 Playing ashe enter sound...
 HealthCounter for 1mei: Object
 HealthCounter: Showing normal HP 4 for 1mei
 ZaryaTokenOverlay: Card 1mei has Zarya token: undefined
 ZaryaTokenOverlay: Card 2ashe has Zarya token: undefined
 HealthCounter for 2ramattra: Object
 HealthCounter: Showing normal HP 4 for 2ramattra
 ZaryaTokenOverlay: Card 2ramattra has Zarya token: undefined
 HealthCounter for 2mercy: Object
 HealthCounter: Showing normal HP 3 for 2mercy
 ZaryaTokenOverlay: Card 2mercy has Zarya token: undefined
 HealthCounter for 2mei: Object
 HealthCounter: Showing normal HP 4 for 2mei
 ZaryaTokenOverlay: Card 2mei has Zarya token: undefined
 HealthCounter for 2soldier: Object
 HealthCounter: Showing normal HP 4 for 2soldier
 ZaryaTokenOverlay: Card 2soldier has Zarya token: undefined
 TurnEffectsRunner: useEffect triggered Object
 TurnEffectsRunner: Turn change check Object
 HealthCounter for 1mei: Object
 HealthCounter: Showing normal HP 4 for 1mei
 ZaryaTokenOverlay: Card 1mei has Zarya token: undefined
 HealthCounter for 2ashe: Object
 HealthCounter: Showing normal HP 3 for 2ashe
 ZaryaTokenOverlay: Card 2ashe has Zarya token: undefined
 HealthCounter for 2ramattra: Object
 HealthCounter: Showing normal HP 4 for 2ramattra
 ZaryaTokenOverlay: Card 2ramattra has Zarya token: undefined
 HealthCounter for 2mercy: Object
 HealthCounter: Showing normal HP 3 for 2mercy
 ZaryaTokenOverlay: Card 2mercy has Zarya token: undefined
 HealthCounter for 2mei: Object
 HealthCounter: Showing normal HP 4 for 2mei
 ZaryaTokenOverlay: Card 2mei has Zarya token: undefined
 HealthCounter for 2soldier: Object
 HealthCounter: Showing normal HP 4 for 2soldier
 ZaryaTokenOverlay: Card 2soldier has Zarya token: undefined
 TurnEffectsRunner: useEffect triggered Object
 TurnEffectsRunner: Turn change check Object
 HealthCounter for 1mei: Object
 HealthCounter: Showing normal HP 4 for 1mei
 ZaryaTokenOverlay: Card 1mei has Zarya token: undefined
 HealthCounter for 2ashe: Object
 HealthCounter: Showing normal HP 3 for 2ashe
 ZaryaTokenOverlay: Card 2ashe has Zarya token: undefined
 HealthCounter for 2ramattra: Object
 HealthCounter: Showing normal HP 4 for 2ramattra
 ZaryaTokenOverlay: Card 2ramattra has Zarya token: undefined
 HealthCounter for 2mercy: Object
 HealthCounter: Showing normal HP 3 for 2mercy
 ZaryaTokenOverlay: Card 2mercy has Zarya token: undefined
 HealthCounter for 2mei: Object
 HealthCounter: Showing normal HP 4 for 2mei
 ZaryaTokenOverlay: Card 2mei has Zarya token: undefined
 HealthCounter for 2soldier: Object
 HealthCounter: Showing normal HP 4 for 2soldier
 ZaryaTokenOverlay: Card 2soldier has Zarya token: undefined
 Placement sound played successfully
 ashe enter sound played successfully
 HealthCounter for 1mei: Object
 HealthCounter: Showing normal HP 4 for 1mei
 ZaryaTokenOverlay: Card 1mei has Zarya token: undefined
 HealthCounter for 2ashe: Object
 HealthCounter: Showing normal HP 3 for 2ashe
 ZaryaTokenOverlay: Card 2ashe has Zarya token: undefined
 HealthCounter for 2ramattra: Object
 HealthCounter: Showing normal HP 4 for 2ramattra
 ZaryaTokenOverlay: Card 2ramattra has Zarya token: undefined
 HealthCounter for 2mercy: Object
 HealthCounter: Showing normal HP 3 for 2mercy
 ZaryaTokenOverlay: Card 2mercy has Zarya token: undefined
 HealthCounter for 2mei: Object
 HealthCounter: Showing normal HP 4 for 2mei
 ZaryaTokenOverlay: Card 2mei has Zarya token: undefined
 HealthCounter for 2soldier: Object
 HealthCounter: Showing normal HP 4 for 2soldier
 ZaryaTokenOverlay: Card 2soldier has Zarya token: undefined
 Ashe Ability 1 - Target clicked: Object
 Ashe Ability 1 - Applying damage: Object
 DamageBus - Checking invulnerability for 1mei at index 0 in row 1m Object
 DamageBus - Target 1mei is NOT invulnerable, proceeding with damage
 DamageBus - Publishing damage event: Object
 Playing Ashe ability 1 sound...
 HealthCounter for 1mei: Object
 HealthCounter: Showing normal HP 2 for 1mei
 ZaryaTokenOverlay: Card 1mei has Zarya token: undefined
 HealthCounter for 2ashe: Object
 HealthCounter: Showing normal HP 3 for 2ashe
 ZaryaTokenOverlay: Card 2ashe has Zarya token: undefined
 HealthCounter for 2ramattra: Object
 HealthCounter: Showing normal HP 4 for 2ramattra
 ZaryaTokenOverlay: Card 2ramattra has Zarya token: undefined
 HealthCounter for 2mercy: Object
 HealthCounter: Showing normal HP 3 for 2mercy
 ZaryaTokenOverlay: Card 2mercy has Zarya token: undefined
 HealthCounter for 2mei: Object
 HealthCounter: Showing normal HP 4 for 2mei
 ZaryaTokenOverlay: Card 2mei has Zarya token: undefined
 HealthCounter for 2soldier: Object
 HealthCounter: Showing normal HP 4 for 2soldier
 ZaryaTokenOverlay: Card 2soldier has Zarya token: undefined
 TurnEffectsRunner: useEffect triggered Object
 TurnEffectsRunner: Turn change check Object
 Ashe ability 1 sound played successfully
 HealthCounter for 1tracer: Object
 HealthCounter: Showing normal HP 3 for 1tracer
 ZaryaTokenOverlay: Card 1tracer has Zarya token: undefined
 HealthCounter for 1wreckingball: Object
 HealthCounter: Showing normal HP 3 for 1wreckingball
 ZaryaTokenOverlay: Card 1wreckingball has Zarya token: undefined
 HealthCounter for 1zenyatta: Object
 HealthCounter: Showing normal HP 2 for 1zenyatta
 ZaryaTokenOverlay: Card 1zenyatta has Zarya token: undefined
 HealthCounter for 1mei: Object
 HealthCounter: Showing normal HP 2 for 1mei
 ZaryaTokenOverlay: Card 1mei has Zarya token: undefined
 HealthCounter for 2ashe: Object
 HealthCounter: Showing normal HP 3 for 2ashe
 ZaryaTokenOverlay: Card 2ashe has Zarya token: undefined
 Player 1 drew junkrat
 Playing junkrat intro sound...
 TurnEffectsRunner: useEffect triggered Object
 TurnEffectsRunner: Turn change check Object
 TurnEffectsRunner: Turn changed, processing effects
 Lifeweaver: Starting temporary HP cleanup for player 1
 Lifeweaver: No temporary HP effects found to clean up for player 1
 Lifeweaver: Temporary HP cleanup completed
 TurnEffectsRunner: Checking row 1b with 0 ally effects and 0 enemy effects
 TurnEffectsRunner: Checking row 1m with 0 ally effects and 0 enemy effects
 TurnEffectsRunner: Checking row 1f with 0 ally effects and 0 enemy effects
 HealthCounter for 1tracer: Object
 HealthCounter: Showing normal HP 3 for 1tracer
 ZaryaTokenOverlay: Card 1tracer has Zarya token: undefined
 HealthCounter for 1wreckingball: Object
 HealthCounter: Showing normal HP 3 for 1wreckingball
 ZaryaTokenOverlay: Card 1wreckingball has Zarya token: undefined
 HealthCounter for 1zenyatta: Object
 HealthCounter: Showing normal HP 2 for 1zenyatta
 ZaryaTokenOverlay: Card 1zenyatta has Zarya token: undefined
 ZaryaTokenOverlay: Card 1junkrat has Zarya token: undefined
 HealthCounter for 1mei: Object
 HealthCounter: Showing normal HP 2 for 1mei
 ZaryaTokenOverlay: Card 1mei has Zarya token: undefined
 HealthCounter for 2ashe: Object
 HealthCounter: Showing normal HP 3 for 2ashe
 ZaryaTokenOverlay: Card 2ashe has Zarya token: undefined
 TurnEffectsRunner: useEffect triggered Object
 TurnEffectsRunner: Turn change check Object
 HealthCounter for 1tracer: Object
 HealthCounter: Showing normal HP 3 for 1tracer
 ZaryaTokenOverlay: Card 1tracer has Zarya token: undefined
 HealthCounter for 1wreckingball: Object
 HealthCounter: Showing normal HP 3 for 1wreckingball
 ZaryaTokenOverlay: Card 1wreckingball has Zarya token: undefined
 HealthCounter for 1zenyatta: Object
 HealthCounter: Showing normal HP 2 for 1zenyatta
 ZaryaTokenOverlay: Card 1zenyatta has Zarya token: undefined
 ZaryaTokenOverlay: Card 1junkrat has Zarya token: undefined
 HealthCounter for 1mei: Object
 HealthCounter: Showing normal HP 2 for 1mei
 ZaryaTokenOverlay: Card 1mei has Zarya token: undefined
 HealthCounter for 2ashe: Object
 HealthCounter: Showing normal HP 3 for 2ashe
 ZaryaTokenOverlay: Card 2ashe has Zarya token: undefined
 HealthCounter for 1junkrat: Object
 HealthCounter: Showing normal HP 3 for 1junkrat
 ZaryaTokenOverlay: Card 1junkrat has Zarya token: undefined
 junkrat intro sound played successfully
 HealthCounter for 1tracer: Object
 HealthCounter: Showing normal HP 3 for 1tracer
 ZaryaTokenOverlay: Card 1tracer has Zarya token: undefined
 HealthCounter for 1wreckingball: Object
 HealthCounter: Showing normal HP 3 for 1wreckingball
 ZaryaTokenOverlay: Card 1wreckingball has Zarya token: undefined
 HealthCounter for 1zenyatta: Object
 HealthCounter: Showing normal HP 2 for 1zenyatta
 ZaryaTokenOverlay: Card 1zenyatta has Zarya token: undefined
 HealthCounter for 1junkrat: Object
 HealthCounter: Showing normal HP 3 for 1junkrat
 ZaryaTokenOverlay: Card 1junkrat has Zarya token: undefined
 HealthCounter for 1mei: Object
 HealthCounter: Showing normal HP 2 for 1mei
 ZaryaTokenOverlay: Card 1mei has Zarya token: undefined
 HealthCounter for 2ashe: Object
 HealthCounter: Showing normal HP 3 for 2ashe
 ZaryaTokenOverlay: Card 2ashe has Zarya token: undefined
 Object
 HealthCounter for 1zenyatta: Object
 HealthCounter: Showing normal HP 2 for 1zenyatta
 ZaryaTokenOverlay: Card 1zenyatta has Zarya token: undefined
 HealthCounter for 1zenyatta: Object
 HealthCounter: Showing normal HP 2 for 1zenyatta
 ZaryaTokenOverlay: Card 1zenyatta has Zarya token: undefined
 HealthCounter for 1zenyatta: Object
 HealthCounter: Showing normal HP 2 for 1zenyatta
 ZaryaTokenOverlay: Card 1zenyatta has Zarya token: undefined
 HealthCounter for 1zenyatta: Object
 HealthCounter: Showing normal HP 2 for 1zenyatta
 ZaryaTokenOverlay: Card 1zenyatta has Zarya token: undefined
 HealthCounter for 1zenyatta: Object
 HealthCounter: Showing normal HP 2 for 1zenyatta
 ZaryaTokenOverlay: Card 1zenyatta has Zarya token: undefined
 HealthCounter for 1zenyatta: Object
 HealthCounter: Showing normal HP 2 for 1zenyatta
 ZaryaTokenOverlay: Card 1zenyatta has Zarya token: undefined
 HealthCounter for 1zenyatta: Object
 HealthCounter: Showing normal HP 2 for 1zenyatta
 ZaryaTokenOverlay: Card 1zenyatta has Zarya token: undefined
 HealthCounter for 1tracer: Object
 HealthCounter: Showing normal HP 3 for 1tracer
 ZaryaTokenOverlay: Card 1tracer has Zarya token: undefined
 HealthCounter for 1zenyatta: Object
 HealthCounter: Showing normal HP 2 for 1zenyatta
 ZaryaTokenOverlay: Card 1zenyatta has Zarya token: undefined
 HealthCounter for 1zenyatta: Object
 HealthCounter: Showing normal HP 2 for 1zenyatta
 ZaryaTokenOverlay: Card 1zenyatta has Zarya token: undefined
 HealthCounter for 1zenyatta: Object
 HealthCounter: Showing normal HP 2 for 1zenyatta
 ZaryaTokenOverlay: Card 1zenyatta has Zarya token: undefined
 HealthCounter for 1zenyatta: Object
 HealthCounter: Showing normal HP 2 for 1zenyatta
 ZaryaTokenOverlay: Card 1zenyatta has Zarya token: undefined
 HealthCounter for 1zenyatta: Object
 HealthCounter: Showing normal HP 2 for 1zenyatta
 ZaryaTokenOverlay: Card 1zenyatta has Zarya token: undefined
 HealthCounter for 1zenyatta: Object
 HealthCounter: Showing normal HP 2 for 1zenyatta
 ZaryaTokenOverlay: Card 1zenyatta has Zarya token: undefined
 HealthCounter for 1zenyatta: Object
 HealthCounter: Showing normal HP 2 for 1zenyatta
 ZaryaTokenOverlay: Card 1zenyatta has Zarya token: undefined
 HealthCounter for 1zenyatta: Object
 HealthCounter: Showing normal HP 2 for 1zenyatta
 ZaryaTokenOverlay: Card 1zenyatta has Zarya token: undefined
 HealthCounter for 1zenyatta: Object
 HealthCounter: Showing normal HP 2 for 1zenyatta
 ZaryaTokenOverlay: Card 1zenyatta has Zarya token: undefined
 HealthCounter for 1zenyatta: Object
 HealthCounter: Showing normal HP 2 for 1zenyatta
 ZaryaTokenOverlay: Card 1zenyatta has Zarya token: undefined
 HealthCounter for 1zenyatta: Object
 HealthCounter: Showing normal HP 2 for 1zenyatta
 ZaryaTokenOverlay: Card 1zenyatta has Zarya token: undefined
 HealthCounter for 1zenyatta: Object
 HealthCounter: Showing normal HP 2 for 1zenyatta
 ZaryaTokenOverlay: Card 1zenyatta has Zarya token: undefined
 HealthCounter for 1zenyatta: Object
 HealthCounter: Showing normal HP 2 for 1zenyatta
 ZaryaTokenOverlay: Card 1zenyatta has Zarya token: undefined
 HealthCounter for 1zenyatta: Object
 HealthCounter: Showing normal HP 2 for 1zenyatta
 ZaryaTokenOverlay: Card 1zenyatta has Zarya token: undefined
 HealthCounter for 1zenyatta: Object
 HealthCounter: Showing normal HP 2 for 1zenyatta
 ZaryaTokenOverlay: Card 1zenyatta has Zarya token: undefined
 HealthCounter for 1zenyatta: Object
 HealthCounter: Showing normal HP 2 for 1zenyatta
 ZaryaTokenOverlay: Card 1zenyatta has Zarya token: undefined
 HealthCounter for 1zenyatta: Object
 HealthCounter: Showing normal HP 2 for 1zenyatta
 ZaryaTokenOverlay: Card 1zenyatta has Zarya token: undefined
 HealthCounter for 1zenyatta: Object
 HealthCounter: Showing normal HP 2 for 1zenyatta
 ZaryaTokenOverlay: Card 1zenyatta has Zarya token: undefined
 HealthCounter for 1zenyatta: Object
 HealthCounter: Showing normal HP 2 for 1zenyatta
 ZaryaTokenOverlay: Card 1zenyatta has Zarya token: undefined
 HealthCounter for 1tracer: Object
 HealthCounter: Showing normal HP 3 for 1tracer
 ZaryaTokenOverlay: Card 1tracer has Zarya token: undefined
 HealthCounter for 1wreckingball: Object
 HealthCounter: Showing normal HP 3 for 1wreckingball
 ZaryaTokenOverlay: Card 1wreckingball has Zarya token: undefined
 HealthCounter for 1zenyatta: Object
 HealthCounter: Showing normal HP 2 for 1zenyatta
 ZaryaTokenOverlay: Card 1zenyatta has Zarya token: undefined
 HealthCounter for 1junkrat: Object
 HealthCounter: Showing normal HP 3 for 1junkrat
 ZaryaTokenOverlay: Card 1junkrat has Zarya token: undefined
 HealthCounter for 1zenyatta: Object
 HealthCounter: Showing normal HP 2 for 1zenyatta
 ZaryaTokenOverlay: Card 1zenyatta has Zarya token: undefined
 HealthCounter for 1zenyatta: Object
 HealthCounter: Showing normal HP 2 for 1zenyatta
 ZaryaTokenOverlay: Card 1zenyatta has Zarya token: undefined
 HealthCounter for 1zenyatta: Object
 HealthCounter: Showing normal HP 2 for 1zenyatta
 ZaryaTokenOverlay: Card 1zenyatta has Zarya token: undefined
 HealthCounter for 1zenyatta: Object
 HealthCounter: Showing normal HP 2 for 1zenyatta
 ZaryaTokenOverlay: Card 1zenyatta has Zarya token: undefined
 HealthCounter for 1zenyatta: Object
 HealthCounter: Showing normal HP 2 for 1zenyatta
 ZaryaTokenOverlay: Card 1zenyatta has Zarya token: undefined
 HealthCounter for 1zenyatta: Object
 HealthCounter: Showing normal HP 2 for 1zenyatta
 ZaryaTokenOverlay: Card 1zenyatta has Zarya token: undefined
 HealthCounter for 1zenyatta: Object
 HealthCounter: Showing normal HP 2 for 1zenyatta
 ZaryaTokenOverlay: Card 1zenyatta has Zarya token: undefined
 HealthCounter for 1zenyatta: Object
 HealthCounter: Showing normal HP 2 for 1zenyatta
 ZaryaTokenOverlay: Card 1zenyatta has Zarya token: undefined
 HealthCounter for 1zenyatta: Object
 HealthCounter: Showing normal HP 2 for 1zenyatta
 ZaryaTokenOverlay: Card 1zenyatta has Zarya token: undefined
 HealthCounter for 1zenyatta: Object
 HealthCounter: Showing normal HP 2 for 1zenyatta
 ZaryaTokenOverlay: Card 1zenyatta has Zarya token: undefined
 HealthCounter for 1zenyatta: Object
 HealthCounter: Showing normal HP 2 for 1zenyatta
 ZaryaTokenOverlay: Card 1zenyatta has Zarya token: undefined
 HealthCounter for 1zenyatta: Object
 HealthCounter: Showing normal HP 2 for 1zenyatta
 ZaryaTokenOverlay: Card 1zenyatta has Zarya token: undefined
 HealthCounter for 1zenyatta: Object
 HealthCounter: Showing normal HP 2 for 1zenyatta
 ZaryaTokenOverlay: Card 1zenyatta has Zarya token: undefined
 HealthCounter for 1zenyatta: Object
 HealthCounter: Showing normal HP 2 for 1zenyatta
 ZaryaTokenOverlay: Card 1zenyatta has Zarya token: undefined
 HealthCounter for 1zenyatta: Object
 HealthCounter: Showing normal HP 2 for 1zenyatta
 ZaryaTokenOverlay: Card 1zenyatta has Zarya token: undefined
 HealthCounter for 1zenyatta: Object
 HealthCounter: Showing normal HP 2 for 1zenyatta
 ZaryaTokenOverlay: Card 1zenyatta has Zarya token: undefined
 HealthCounter for 1zenyatta: Object
 HealthCounter: Showing normal HP 2 for 1zenyatta
 ZaryaTokenOverlay: Card 1zenyatta has Zarya token: undefined
 HealthCounter for 1zenyatta: Object
 HealthCounter: Showing normal HP 2 for 1zenyatta
 ZaryaTokenOverlay: Card 1zenyatta has Zarya token: undefined
 HealthCounter for 1zenyatta: Object
 HealthCounter: Showing normal HP 2 for 1zenyatta
 ZaryaTokenOverlay: Card 1zenyatta has Zarya token: undefined
 HealthCounter for 1zenyatta: Object
 HealthCounter: Showing normal HP 2 for 1zenyatta
 ZaryaTokenOverlay: Card 1zenyatta has Zarya token: undefined
 HealthCounter for 1zenyatta: Object
 HealthCounter: Showing normal HP 2 for 1zenyatta
 ZaryaTokenOverlay: Card 1zenyatta has Zarya token: undefined
 HealthCounter for 1zenyatta: Object
 HealthCounter: Showing normal HP 2 for 1zenyatta
 ZaryaTokenOverlay: Card 1zenyatta has Zarya token: undefined
 HealthCounter for 1zenyatta: Object
 HealthCounter: Showing normal HP 2 for 1zenyatta
 ZaryaTokenOverlay: Card 1zenyatta has Zarya token: undefined
 HealthCounter for 1zenyatta: Object
 HealthCounter: Showing normal HP 2 for 1zenyatta
 ZaryaTokenOverlay: Card 1zenyatta has Zarya token: undefined
 HealthCounter for 1zenyatta: Object
 HealthCounter: Showing normal HP 2 for 1zenyatta
 ZaryaTokenOverlay: Card 1zenyatta has Zarya token: undefined
 HealthCounter for 1zenyatta: Object
 HealthCounter: Showing normal HP 2 for 1zenyatta
 ZaryaTokenOverlay: Card 1zenyatta has Zarya token: undefined
 HealthCounter for 1zenyatta: Object
 HealthCounter: Showing normal HP 2 for 1zenyatta
 ZaryaTokenOverlay: Card 1zenyatta has Zarya token: undefined
 HealthCounter for 1zenyatta: Object
 HealthCounter: Showing normal HP 2 for 1zenyatta
 ZaryaTokenOverlay: Card 1zenyatta has Zarya token: undefined
 HealthCounter for 1zenyatta: Object
 HealthCounter: Showing normal HP 2 for 1zenyatta
 ZaryaTokenOverlay: Card 1zenyatta has Zarya token: undefined
 HealthCounter for 1zenyatta: Object
 HealthCounter: Showing normal HP 2 for 1zenyatta
 ZaryaTokenOverlay: Card 1zenyatta has Zarya token: undefined
 HealthCounter for 1zenyatta: Object
 HealthCounter: Showing normal HP 2 for 1zenyatta
 ZaryaTokenOverlay: Card 1zenyatta has Zarya token: undefined
 HealthCounter for 1zenyatta: Object
 HealthCounter: Showing normal HP 2 for 1zenyatta
 ZaryaTokenOverlay: Card 1zenyatta has Zarya token: undefined
 HealthCounter for 1zenyatta: Object
 HealthCounter: Showing normal HP 2 for 1zenyatta
 ZaryaTokenOverlay: Card 1zenyatta has Zarya token: undefined
 HealthCounter for 1zenyatta: Object
 HealthCounter: Showing normal HP 2 for 1zenyatta
 ZaryaTokenOverlay: Card 1zenyatta has Zarya token: undefined
 HealthCounter for 1zenyatta: Object
 HealthCounter: Showing normal HP 2 for 1zenyatta
 ZaryaTokenOverlay: Card 1zenyatta has Zarya token: undefined
 HealthCounter for 1zenyatta: Object
 HealthCounter: Showing normal HP 2 for 1zenyatta
 ZaryaTokenOverlay: Card 1zenyatta has Zarya token: undefined
 HealthCounter for 1zenyatta: Object
 HealthCounter: Showing normal HP 2 for 1zenyatta
 ZaryaTokenOverlay: Card 1zenyatta has Zarya token: undefined
 HealthCounter for 1zenyatta: Object
 HealthCounter: Showing normal HP 2 for 1zenyatta
 ZaryaTokenOverlay: Card 1zenyatta has Zarya token: undefined
 HealthCounter for 1zenyatta: Object
 HealthCounter: Showing normal HP 2 for 1zenyatta
 ZaryaTokenOverlay: Card 1zenyatta has Zarya token: undefined
 HealthCounter for 1zenyatta: Object
 HealthCounter: Showing normal HP 2 for 1zenyatta
 ZaryaTokenOverlay: Card 1zenyatta has Zarya token: undefined
 HealthCounter for 1zenyatta: Object
 HealthCounter: Showing normal HP 2 for 1zenyatta
 ZaryaTokenOverlay: Card 1zenyatta has Zarya token: undefined
 HealthCounter for 1zenyatta: Object
 HealthCounter: Showing normal HP 2 for 1zenyatta
 ZaryaTokenOverlay: Card 1zenyatta has Zarya token: undefined
 HealthCounter for 1zenyatta: Object
 HealthCounter: Showing normal HP 2 for 1zenyatta
 ZaryaTokenOverlay: Card 1zenyatta has Zarya token: undefined
 HealthCounter for 1zenyatta: Object
 HealthCounter: Showing normal HP 2 for 1zenyatta
 ZaryaTokenOverlay: Card 1zenyatta has Zarya token: undefined
 HealthCounter for 1zenyatta: Object
 HealthCounter: Showing normal HP 2 for 1zenyatta
 ZaryaTokenOverlay: Card 1zenyatta has Zarya token: undefined
 HealthCounter for 1zenyatta: Object
 HealthCounter: Showing normal HP 2 for 1zenyatta
 ZaryaTokenOverlay: Card 1zenyatta has Zarya token: undefined
 HealthCounter for 1zenyatta: Object
 HealthCounter: Showing normal HP 2 for 1zenyatta
 ZaryaTokenOverlay: Card 1zenyatta has Zarya token: undefined
 HealthCounter for 1zenyatta: Object
 HealthCounter: Showing normal HP 2 for 1zenyatta
 ZaryaTokenOverlay: Card 1zenyatta has Zarya token: undefined
 HealthCounter for 1zenyatta: Object
 HealthCounter: Showing normal HP 2 for 1zenyatta
 ZaryaTokenOverlay: Card 1zenyatta has Zarya token: undefined
 HealthCounter for 1zenyatta: Object
 HealthCounter: Showing normal HP 2 for 1zenyatta
 ZaryaTokenOverlay: Card 1zenyatta has Zarya token: undefined
 HealthCounter for 1zenyatta: Object
 HealthCounter: Showing normal HP 2 for 1zenyatta
 ZaryaTokenOverlay: Card 1zenyatta has Zarya token: undefined
 HealthCounter for 1zenyatta: Object
 HealthCounter: Showing normal HP 2 for 1zenyatta
 ZaryaTokenOverlay: Card 1zenyatta has Zarya token: undefined
 HealthCounter for 1zenyatta: Object
 HealthCounter: Showing normal HP 2 for 1zenyatta
 ZaryaTokenOverlay: Card 1zenyatta has Zarya token: undefined
 HealthCounter for 1zenyatta: Object
 HealthCounter: Showing normal HP 2 for 1zenyatta
 ZaryaTokenOverlay: Card 1zenyatta has Zarya token: undefined
 HealthCounter for 1zenyatta: Object
 HealthCounter: Showing normal HP 2 for 1zenyatta
 ZaryaTokenOverlay: Card 1zenyatta has Zarya token: undefined
 HealthCounter for 1zenyatta: Object
 HealthCounter: Showing normal HP 2 for 1zenyatta
 ZaryaTokenOverlay: Card 1zenyatta has Zarya token: undefined
 HealthCounter for 1zenyatta: Object
 HealthCounter: Showing normal HP 2 for 1zenyatta
 ZaryaTokenOverlay: Card 1zenyatta has Zarya token: undefined
 HealthCounter for 1zenyatta: Object
 HealthCounter: Showing normal HP 2 for 1zenyatta
 ZaryaTokenOverlay: Card 1zenyatta has Zarya token: undefined
 HealthCounter for 1zenyatta: Object
 HealthCounter: Showing normal HP 2 for 1zenyatta
 ZaryaTokenOverlay: Card 1zenyatta has Zarya token: undefined
 HealthCounter for 1zenyatta: Object
 HealthCounter: Showing normal HP 2 for 1zenyatta
 ZaryaTokenOverlay: Card 1zenyatta has Zarya token: undefined
 HealthCounter for 1zenyatta: Object
 HealthCounter: Showing normal HP 2 for 1zenyatta
 ZaryaTokenOverlay: Card 1zenyatta has Zarya token: undefined
 HealthCounter for 1zenyatta: Object
 HealthCounter: Showing normal HP 2 for 1zenyatta
 ZaryaTokenOverlay: Card 1zenyatta has Zarya token: undefined
 HealthCounter for 1zenyatta: Object
 HealthCounter: Showing normal HP 2 for 1zenyatta
 ZaryaTokenOverlay: Card 1zenyatta has Zarya token: undefined
 HealthCounter for 1zenyatta: Object
 HealthCounter: Showing normal HP 2 for 1zenyatta
 ZaryaTokenOverlay: Card 1zenyatta has Zarya token: undefined
 HealthCounter for 1zenyatta: Object
 HealthCounter: Showing normal HP 2 for 1zenyatta
 ZaryaTokenOverlay: Card 1zenyatta has Zarya token: undefined
 HealthCounter for 1zenyatta: Object
 HealthCounter: Showing normal HP 2 for 1zenyatta
 ZaryaTokenOverlay: Card 1zenyatta has Zarya token: undefined
 HealthCounter for 1zenyatta: Object
 HealthCounter: Showing normal HP 2 for 1zenyatta
 ZaryaTokenOverlay: Card 1zenyatta has Zarya token: undefined
 HealthCounter for 1zenyatta: Object
 HealthCounter: Showing normal HP 2 for 1zenyatta
 ZaryaTokenOverlay: Card 1zenyatta has Zarya token: undefined
 HealthCounter for 1zenyatta: Object
 HealthCounter: Showing normal HP 2 for 1zenyatta
 ZaryaTokenOverlay: Card 1zenyatta has Zarya token: undefined
 HealthCounter for 1zenyatta: Object
 HealthCounter: Showing normal HP 2 for 1zenyatta
 ZaryaTokenOverlay: Card 1zenyatta has Zarya token: undefined
 HealthCounter for 1zenyatta: Object
 HealthCounter: Showing normal HP 2 for 1zenyatta
 ZaryaTokenOverlay: Card 1zenyatta has Zarya token: undefined
 HealthCounter for 1zenyatta: Object
 HealthCounter: Showing normal HP 2 for 1zenyatta
 ZaryaTokenOverlay: Card 1zenyatta has Zarya token: undefined
 Attempting to play placement sound...
 Placement audio source: /owcardgame/static/media/placement.445605f26d71501234a7.mp3
 Created placement audio object: 
 Playing zenyatta enter sound...
 HealthCounter for 1tracer: Object
 HealthCounter: Showing normal HP 3 for 1tracer
 ZaryaTokenOverlay: Card 1tracer has Zarya token: undefined
 HealthCounter for 1wreckingball: Object
 HealthCounter: Showing normal HP 3 for 1wreckingball
 ZaryaTokenOverlay: Card 1wreckingball has Zarya token: undefined
 HealthCounter for 1junkrat: Object
 HealthCounter: Showing normal HP 3 for 1junkrat
 ZaryaTokenOverlay: Card 1junkrat has Zarya token: undefined
 ZaryaTokenOverlay: Card 1zenyatta has Zarya token: undefined
 HealthCounter for 1mei: Object
 HealthCounter: Showing normal HP 2 for 1mei
 ZaryaTokenOverlay: Card 1mei has Zarya token: undefined
 HealthCounter for 2ashe: Object
 HealthCounter: Showing normal HP 3 for 2ashe
 ZaryaTokenOverlay: Card 2ashe has Zarya token: undefined
 TurnEffectsRunner: useEffect triggered Object
 TurnEffectsRunner: Turn change check Object
 HealthCounter for 1tracer: Object
 HealthCounter: Showing normal HP 3 for 1tracer
 ZaryaTokenOverlay: Card 1tracer has Zarya token: undefined
 HealthCounter for 1wreckingball: Object
 HealthCounter: Showing normal HP 3 for 1wreckingball
 ZaryaTokenOverlay: Card 1wreckingball has Zarya token: undefined
 HealthCounter for 1junkrat: Object
HealthCounter.js:25 HealthCounter: Showing normal HP 3 for 1junkrat
ZaryaTokenOverlay.js:20 ZaryaTokenOverlay: Card 1junkrat has Zarya token: undefined
HealthCounter.js:6 HealthCounter for 1zenyatta: Object
HealthCounter.js:25 HealthCounter: Showing normal HP 2 for 1zenyatta
ZaryaTokenOverlay.js:20 ZaryaTokenOverlay: Card 1zenyatta has Zarya token: undefined
HealthCounter.js:6 HealthCounter for 1mei: Object
HealthCounter.js:25 HealthCounter: Showing normal HP 2 for 1mei
ZaryaTokenOverlay.js:20 ZaryaTokenOverlay: Card 1mei has Zarya token: undefined
HealthCounter.js:6 HealthCounter for 2ashe: Object
HealthCounter.js:25 HealthCounter: Showing normal HP 3 for 2ashe
ZaryaTokenOverlay.js:20 ZaryaTokenOverlay: Card 2ashe has Zarya token: undefined
TurnEffectsRunner.js:16 TurnEffectsRunner: useEffect triggered Object
TurnEffectsRunner.js:27 TurnEffectsRunner: Turn change check Object
HealthCounter.js:6 HealthCounter for 1tracer: Object
HealthCounter.js:25 HealthCounter: Showing normal HP 3 for 1tracer
ZaryaTokenOverlay.js:20 ZaryaTokenOverlay: Card 1tracer has Zarya token: undefined
HealthCounter.js:6 HealthCounter for 1wreckingball: Object
HealthCounter.js:25 HealthCounter: Showing normal HP 3 for 1wreckingball
ZaryaTokenOverlay.js:20 ZaryaTokenOverlay: Card 1wreckingball has Zarya token: undefined
HealthCounter.js:6 HealthCounter for 1junkrat: Object
HealthCounter.js:25 HealthCounter: Showing normal HP 3 for 1junkrat
ZaryaTokenOverlay.js:20 ZaryaTokenOverlay: Card 1junkrat has Zarya token: undefined
HealthCounter.js:6 HealthCounter for 1zenyatta: Object
HealthCounter.js:25 HealthCounter: Showing normal HP 2 for 1zenyatta
ZaryaTokenOverlay.js:20 ZaryaTokenOverlay: Card 1zenyatta has Zarya token: undefined
HealthCounter.js:6 HealthCounter for 1mei: Object
HealthCounter.js:25 HealthCounter: Showing normal HP 2 for 1mei
ZaryaTokenOverlay.js:20 ZaryaTokenOverlay: Card 1mei has Zarya token: undefined
HealthCounter.js:6 HealthCounter for 2ashe: Object
HealthCounter.js:25 HealthCounter: Showing normal HP 3 for 2ashe
ZaryaTokenOverlay.js:20 ZaryaTokenOverlay: Card 2ashe has Zarya token: undefined
App.js:2396 Placement sound played successfully
App.js:2411 zenyatta enter sound played successfully
HealthCounter.js:6 HealthCounter for 1tracer: Object
HealthCounter.js:25 HealthCounter: Showing normal HP 3 for 1tracer
ZaryaTokenOverlay.js:20 ZaryaTokenOverlay: Card 1tracer has Zarya token: undefined
HealthCounter.js:6 HealthCounter for 1wreckingball: Object
HealthCounter.js:25 HealthCounter: Showing normal HP 3 for 1wreckingball
ZaryaTokenOverlay.js:20 ZaryaTokenOverlay: Card 1wreckingball has Zarya token: undefined
HealthCounter.js:6 HealthCounter for 1junkrat: Object
HealthCounter.js:25 HealthCounter: Showing normal HP 3 for 1junkrat
ZaryaTokenOverlay.js:20 ZaryaTokenOverlay: Card 1junkrat has Zarya token: undefined
HealthCounter.js:6 HealthCounter for 1zenyatta: Object
HealthCounter.js:25 HealthCounter: Showing normal HP 2 for 1zenyatta
ZaryaTokenOverlay.js:20 ZaryaTokenOverlay: Card 1zenyatta has Zarya token: undefined
HealthCounter.js:6 HealthCounter for 1mei: Object
HealthCounter.js:25 HealthCounter: Showing normal HP 2 for 1mei
ZaryaTokenOverlay.js:20 ZaryaTokenOverlay: Card 1mei has Zarya token: undefined
HealthCounter.js:6 HealthCounter for 2ashe: Object
HealthCounter.js:25 HealthCounter: Showing normal HP 3 for 2ashe
ZaryaTokenOverlay.js:20 ZaryaTokenOverlay: Card 2ashe has Zarya token: undefined
HealthCounter.js:6 HealthCounter for 1tracer: Object
HealthCounter.js:25 HealthCounter: Showing normal HP 3 for 1tracer
ZaryaTokenOverlay.js:20 ZaryaTokenOverlay: Card 1tracer has Zarya token: undefined
HealthCounter.js:6 HealthCounter for 1wreckingball: Object
HealthCounter.js:25 HealthCounter: Showing normal HP 3 for 1wreckingball
ZaryaTokenOverlay.js:20 ZaryaTokenOverlay: Card 1wreckingball has Zarya token: undefined
HealthCounter.js:6 HealthCounter for 1junkrat: Object
HealthCounter.js:25 HealthCounter: Showing normal HP 3 for 1junkrat
ZaryaTokenOverlay.js:20 ZaryaTokenOverlay: Card 1junkrat has Zarya token: undefined
HealthCounter.js:6 HealthCounter for 1zenyatta: Object
HealthCounter.js:25 HealthCounter: Showing normal HP 2 for 1zenyatta
ZaryaTokenOverlay.js:20 ZaryaTokenOverlay: Card 1zenyatta has Zarya token: undefined
HealthCounter.js:6 HealthCounter for 1mei: Object
HealthCounter.js:25 HealthCounter: Showing normal HP 3 for 1mei
ZaryaTokenOverlay.js:20 ZaryaTokenOverlay: Card 1mei has Zarya token: undefined
HealthCounter.js:6 HealthCounter for 2ashe: Object
HealthCounter.js:25 HealthCounter: Showing normal HP 3 for 2ashe
ZaryaTokenOverlay.js:20 ZaryaTokenOverlay: Card 2ashe has Zarya token: undefined
TurnEffectsRunner.js:16 TurnEffectsRunner: useEffect triggered Object
TurnEffectsRunner.js:27 TurnEffectsRunner: Turn change check Object
