 DiscordTokenOverlay: Card 2hazard has effects: Array(0)
 DiscordTokenOverlay: Card 2hazard has Discord token: undefined
 HealthCounter for 2hazard: Object
 HealthCounter: Showing normal HP 4 for 2hazard
 ZaryaTokenOverlay: Card 2hazard has Zarya token: undefined
 HarmonyTokenOverlay: Card 2hazard has effects: Array(0)
 HarmonyTokenOverlay: Card 2hazard has Harmony token: undefined
 DiscordTokenOverlay: Card 2hazard has effects: Array(0)
 DiscordTokenOverlay: Card 2hazard has Discord token: undefined
 HealthCounter for 2hazard: Object
 HealthCounter: Showing normal HP 4 for 2hazard
 ZaryaTokenOverlay: Card 2hazard has Zarya token: undefined
 HarmonyTokenOverlay: Card 2hazard has effects: Array(0)
 HarmonyTokenOverlay: Card 2hazard has Harmony token: undefined
 DiscordTokenOverlay: Card 2hazard has effects: Array(0)
 DiscordTokenOverlay: Card 2hazard has Discord token: undefined
 HealthCounter for 2hazard: Object
 HealthCounter: Showing normal HP 4 for 2hazard
 ZaryaTokenOverlay: Card 2hazard has Zarya token: undefined
 HarmonyTokenOverlay: Card 2hazard has effects: Array(0)
 HarmonyTokenOverlay: Card 2hazard has Harmony token: undefined
 DiscordTokenOverlay: Card 2hazard has effects: Array(0)
 DiscordTokenOverlay: Card 2hazard has Discord token: undefined
 HealthCounter for 2hazard: Object
 HealthCounter: Showing normal HP 4 for 2hazard
 ZaryaTokenOverlay: Card 2hazard has Zarya token: undefined
 HarmonyTokenOverlay: Card 2hazard has effects: Array(0)
 HarmonyTokenOverlay: Card 2hazard has Harmony token: undefined
 DiscordTokenOverlay: Card 2hazard has effects: Array(0)
 DiscordTokenOverlay: Card 2hazard has Discord token: undefined
 HealthCounter for 2hazard: Object
 HealthCounter: Showing normal HP 4 for 2hazard
 ZaryaTokenOverlay: Card 2hazard has Zarya token: undefined
 HarmonyTokenOverlay: Card 2hazard has effects: Array(0)
 HarmonyTokenOverlay: Card 2hazard has Harmony token: undefined
 DiscordTokenOverlay: Card 2hazard has effects: Array(0)
 DiscordTokenOverlay: Card 2hazard has Discord token: undefined
 HealthCounter for 2hazard: Object
 HealthCounter: Showing normal HP 4 for 2hazard
 ZaryaTokenOverlay: Card 2hazard has Zarya token: undefined
 HarmonyTokenOverlay: Card 2hazard has effects: Array(0)
 HarmonyTokenOverlay: Card 2hazard has Harmony token: undefined
 DiscordTokenOverlay: Card 2hazard has effects: Array(0)
 DiscordTokenOverlay: Card 2hazard has Discord token: undefined
 HealthCounter for 2hazard: Object
 HealthCounter: Showing normal HP 4 for 2hazard
 ZaryaTokenOverlay: Card 2hazard has Zarya token: undefined
 HarmonyTokenOverlay: Card 2hazard has effects: Array(0)
 HarmonyTokenOverlay: Card 2hazard has Harmony token: undefined
 DiscordTokenOverlay: Card 2hazard has effects: Array(0)
 DiscordTokenOverlay: Card 2hazard has Discord token: undefined
 HealthCounter for 2hazard: Object
 HealthCounter: Showing normal HP 4 for 2hazard
 ZaryaTokenOverlay: Card 2hazard has Zarya token: undefined
 HarmonyTokenOverlay: Card 2hazard has effects: Array(0)
 HarmonyTokenOverlay: Card 2hazard has Harmony token: undefined
 DiscordTokenOverlay: Card 2hazard has effects: Array(0)
 DiscordTokenOverlay: Card 2hazard has Discord token: undefined
 HealthCounter for 2hazard: Object
 HealthCounter: Showing normal HP 4 for 2hazard
 ZaryaTokenOverlay: Card 2hazard has Zarya token: undefined
 HarmonyTokenOverlay: Card 2hazard has effects: Array(0)
 HarmonyTokenOverlay: Card 2hazard has Harmony token: undefined
 DiscordTokenOverlay: Card 2hazard has effects: Array(0)
 DiscordTokenOverlay: Card 2hazard has Discord token: undefined
 HealthCounter for 2hazard: Object
 HealthCounter: Showing normal HP 4 for 2hazard
 ZaryaTokenOverlay: Card 2hazard has Zarya token: undefined
 HarmonyTokenOverlay: Card 2hazard has effects: Array(0)
 HarmonyTokenOverlay: Card 2hazard has Harmony token: undefined
 DiscordTokenOverlay: Card 2hazard has effects: Array(0)
 DiscordTokenOverlay: Card 2hazard has Discord token: undefined
 HealthCounter for 2hazard: Object
 HealthCounter: Showing normal HP 4 for 2hazard
 ZaryaTokenOverlay: Card 2hazard has Zarya token: undefined
 HarmonyTokenOverlay: Card 2hazard has effects: Array(0)
 HarmonyTokenOverlay: Card 2hazard has Harmony token: undefined
 DiscordTokenOverlay: Card 2hazard has effects: Array(0)
 DiscordTokenOverlay: Card 2hazard has Discord token: undefined
 HealthCounter for 2hazard: Object
 HealthCounter: Showing normal HP 4 for 2hazard
 ZaryaTokenOverlay: Card 2hazard has Zarya token: undefined
 HarmonyTokenOverlay: Card 2hazard has effects: Array(0)
 HarmonyTokenOverlay: Card 2hazard has Harmony token: undefined
 DiscordTokenOverlay: Card 2hazard has effects: Array(0)
 DiscordTokenOverlay: Card 2hazard has Discord token: undefined
 HealthCounter for 2hazard: Object
 HealthCounter: Showing normal HP 4 for 2hazard
 ZaryaTokenOverlay: Card 2hazard has Zarya token: undefined
 HarmonyTokenOverlay: Card 2hazard has effects: Array(0)
 HarmonyTokenOverlay: Card 2hazard has Harmony token: undefined
 DiscordTokenOverlay: Card 2hazard has effects: Array(0)
 DiscordTokenOverlay: Card 2hazard has Discord token: undefined
 HealthCounter for 2hazard: Object
 HealthCounter: Showing normal HP 4 for 2hazard
 ZaryaTokenOverlay: Card 2hazard has Zarya token: undefined
 HarmonyTokenOverlay: Card 2hazard has effects: Array(0)
 HarmonyTokenOverlay: Card 2hazard has Harmony token: undefined
 DiscordTokenOverlay: Card 2hazard has effects: Array(0)
 DiscordTokenOverlay: Card 2hazard has Discord token: undefined
 HealthCounter for 2hazard: Object
 HealthCounter: Showing normal HP 4 for 2hazard
 ZaryaTokenOverlay: Card 2hazard has Zarya token: undefined
 HarmonyTokenOverlay: Card 2hazard has effects: Array(0)
 HarmonyTokenOverlay: Card 2hazard has Harmony token: undefined
 DiscordTokenOverlay: Card 2hazard has effects: Array(0)
 DiscordTokenOverlay: Card 2hazard has Discord token: undefined
 HealthCounter for 2hazard: Object
 HealthCounter: Showing normal HP 4 for 2hazard
 ZaryaTokenOverlay: Card 2hazard has Zarya token: undefined
 HarmonyTokenOverlay: Card 2hazard has effects: Array(0)
 HarmonyTokenOverlay: Card 2hazard has Harmony token: undefined
 DiscordTokenOverlay: Card 2hazard has effects: Array(0)
 DiscordTokenOverlay: Card 2hazard has Discord token: undefined
 HealthCounter for 2hazard: Object
 HealthCounter: Showing normal HP 4 for 2hazard
 ZaryaTokenOverlay: Card 2hazard has Zarya token: undefined
 HarmonyTokenOverlay: Card 2hazard has effects: Array(0)
 HarmonyTokenOverlay: Card 2hazard has Harmony token: undefined
 DiscordTokenOverlay: Card 2hazard has effects: Array(0)
 DiscordTokenOverlay: Card 2hazard has Discord token: undefined
 HealthCounter for 2hazard: Object
 HealthCounter: Showing normal HP 4 for 2hazard
 ZaryaTokenOverlay: Card 2hazard has Zarya token: undefined
 HarmonyTokenOverlay: Card 2hazard has effects: Array(0)
 HarmonyTokenOverlay: Card 2hazard has Harmony token: undefined
 DiscordTokenOverlay: Card 2hazard has effects: Array(0)
 DiscordTokenOverlay: Card 2hazard has Discord token: undefined
 Attempting to play placement sound...
 Placement audio source: /owcardgame/static/media/placement.445605f26d71501234a7.mp3
 Created placement audio object: 
 Playing hazard enter sound...
 ZaryaTokenOverlay: Card 2hazard has Zarya token: undefined
 HarmonyTokenOverlay: Card 2hazard has effects: Array(0)
 HarmonyTokenOverlay: Card 2hazard has Harmony token: undefined
 DiscordTokenOverlay: Card 2hazard has effects: Array(0)
 DiscordTokenOverlay: Card 2hazard has Discord token: undefined
 HealthCounter for 2echo: Object
 HealthCounter: Showing normal HP 4 for 2echo
 ZaryaTokenOverlay: Card 2echo has Zarya token: undefined
 HarmonyTokenOverlay: Card 2echo has effects: Array(0)
 HarmonyTokenOverlay: Card 2echo has Harmony token: undefined
 DiscordTokenOverlay: Card 2echo has effects: Array(0)
 DiscordTokenOverlay: Card 2echo has Discord token: undefined
 HealthCounter for 2dva: Object
 HealthCounter: Showing normal HP 2 for 2dva
 ZaryaTokenOverlay: Card 2dva has Zarya token: undefined
 HarmonyTokenOverlay: Card 2dva has effects: Array(0)
 HarmonyTokenOverlay: Card 2dva has Harmony token: undefined
 DiscordTokenOverlay: Card 2dva has effects: Array(0)
 DiscordTokenOverlay: Card 2dva has Discord token: undefined
 HealthCounter for 2baptiste: Object
 HealthCounter: Showing normal HP 3 for 2baptiste
 ZaryaTokenOverlay: Card 2baptiste has Zarya token: undefined
 HarmonyTokenOverlay: Card 2baptiste has effects: Array(1)
 HarmonyTokenOverlay: Card 2baptiste has Harmony token: undefined
 DiscordTokenOverlay: Card 2baptiste has effects: Array(1)
 DiscordTokenOverlay: Card 2baptiste has Discord token: undefined
 HealthCounter for 2symmetra: Object
 HealthCounter: Showing normal HP 3 for 2symmetra
 ZaryaTokenOverlay: Card 2symmetra has Zarya token: undefined
 HarmonyTokenOverlay: Card 2symmetra has effects: Array(0)
 HarmonyTokenOverlay: Card 2symmetra has Harmony token: undefined
 DiscordTokenOverlay: Card 2symmetra has effects: Array(0)
 DiscordTokenOverlay: Card 2symmetra has Discord token: undefined
 TurnEffectsRunner: useEffect triggered Object
 TurnEffectsRunner: Turn change check Object
 HealthCounter for 2hazard: Object
 HealthCounter: Showing normal HP 4 for 2hazard
 ZaryaTokenOverlay: Card 2hazard has Zarya token: undefined
 HarmonyTokenOverlay: Card 2hazard has effects: Array(0)
 HarmonyTokenOverlay: Card 2hazard has Harmony token: undefined
 DiscordTokenOverlay: Card 2hazard has effects: Array(0)
 DiscordTokenOverlay: Card 2hazard has Discord token: undefined
 HealthCounter for 2echo: Object
 HealthCounter: Showing normal HP 4 for 2echo
 ZaryaTokenOverlay: Card 2echo has Zarya token: undefined
 HarmonyTokenOverlay: Card 2echo has effects: Array(0)
 HarmonyTokenOverlay: Card 2echo has Harmony token: undefined
 DiscordTokenOverlay: Card 2echo has effects: Array(0)
 DiscordTokenOverlay: Card 2echo has Discord token: undefined
 HealthCounter for 2dva: Object
 HealthCounter: Showing normal HP 2 for 2dva
 ZaryaTokenOverlay: Card 2dva has Zarya token: undefined
 HarmonyTokenOverlay: Card 2dva has effects: Array(0)
 HarmonyTokenOverlay: Card 2dva has Harmony token: undefined
 DiscordTokenOverlay: Card 2dva has effects: Array(0)
 DiscordTokenOverlay: Card 2dva has Discord token: undefined
 HealthCounter for 2baptiste: Object
 HealthCounter: Showing normal HP 3 for 2baptiste
 ZaryaTokenOverlay: Card 2baptiste has Zarya token: undefined
 HarmonyTokenOverlay: Card 2baptiste has effects: Array(1)
 HarmonyTokenOverlay: Card 2baptiste has Harmony token: undefined
 DiscordTokenOverlay: Card 2baptiste has effects: Array(1)
 DiscordTokenOverlay: Card 2baptiste has Discord token: undefined
 HealthCounter for 2symmetra: Object
 HealthCounter: Showing normal HP 3 for 2symmetra
 ZaryaTokenOverlay: Card 2symmetra has Zarya token: undefined
 HarmonyTokenOverlay: Card 2symmetra has effects: Array(0)
 HarmonyTokenOverlay: Card 2symmetra has Harmony token: undefined
 DiscordTokenOverlay: Card 2symmetra has effects: Array(0)
 DiscordTokenOverlay: Card 2symmetra has Discord token: undefined
 TurnEffectsRunner: useEffect triggered Object
 TurnEffectsRunner: Turn change check Object
 HealthCounter for 2hazard: Object
 HealthCounter: Showing normal HP 4 for 2hazard
 ZaryaTokenOverlay: Card 2hazard has Zarya token: undefined
 HarmonyTokenOverlay: Card 2hazard has effects: Array(0)
 HarmonyTokenOverlay: Card 2hazard has Harmony token: undefined
 DiscordTokenOverlay: Card 2hazard has effects: Array(0)
 DiscordTokenOverlay: Card 2hazard has Discord token: undefined
 HealthCounter for 2echo: Object
 HealthCounter: Showing normal HP 4 for 2echo
 ZaryaTokenOverlay: Card 2echo has Zarya token: undefined
 HarmonyTokenOverlay: Card 2echo has effects: Array(0)
 HarmonyTokenOverlay: Card 2echo has Harmony token: undefined
 DiscordTokenOverlay: Card 2echo has effects: Array(0)
 DiscordTokenOverlay: Card 2echo has Discord token: undefined
 HealthCounter for 2dva: Object
 HealthCounter: Showing normal HP 2 for 2dva
 ZaryaTokenOverlay: Card 2dva has Zarya token: undefined
 HarmonyTokenOverlay: Card 2dva has effects: Array(0)
 HarmonyTokenOverlay: Card 2dva has Harmony token: undefined
 DiscordTokenOverlay: Card 2dva has effects: Array(0)
 DiscordTokenOverlay: Card 2dva has Discord token: undefined
 HealthCounter for 2baptiste: Object
 HealthCounter: Showing normal HP 3 for 2baptiste
 ZaryaTokenOverlay: Card 2baptiste has Zarya token: undefined
 HarmonyTokenOverlay: Card 2baptiste has effects: Array(1)
 HarmonyTokenOverlay: Card 2baptiste has Harmony token: undefined
 DiscordTokenOverlay: Card 2baptiste has effects: Array(1)
 DiscordTokenOverlay: Card 2baptiste has Discord token: undefined
 HealthCounter for 2symmetra: Object
 HealthCounter: Showing normal HP 3 for 2symmetra
 ZaryaTokenOverlay: Card 2symmetra has Zarya token: undefined
 HarmonyTokenOverlay: Card 2symmetra has effects: Array(0)
 HarmonyTokenOverlay: Card 2symmetra has Harmony token: undefined
 DiscordTokenOverlay: Card 2symmetra has effects: Array(0)
 DiscordTokenOverlay: Card 2symmetra has Discord token: undefined
 Placement sound played successfully
 hazard enter sound played successfully
 HealthCounter for 1genji: Object
 HealthCounter: Showing normal HP 4 for 1genji
 ZaryaTokenOverlay: Card 1genji has Zarya token: undefined
 HarmonyTokenOverlay: Card 1genji has effects: Array(0)
 HarmonyTokenOverlay: Card 1genji has Harmony token: undefined
 DiscordTokenOverlay: Card 1genji has effects: Array(0)
 DiscordTokenOverlay: Card 1genji has Discord token: undefined
 HealthCounter for 1roadhog: Object
 HealthCounter: Showing normal HP 5 for 1roadhog
 ZaryaTokenOverlay: Card 1roadhog has Zarya token: undefined
 HarmonyTokenOverlay: Card 1roadhog has effects: Array(0)
 HarmonyTokenOverlay: Card 1roadhog has Harmony token: undefined
 DiscordTokenOverlay: Card 1roadhog has effects: Array(0)
 DiscordTokenOverlay: Card 1roadhog has Discord token: undefined
 HealthCounter for 1lucio: Object
 HealthCounter: Showing normal HP 3 for 1lucio
 ZaryaTokenOverlay: Card 1lucio has Zarya token: undefined
 HarmonyTokenOverlay: Card 1lucio has effects: Array(1)
 HarmonyTokenOverlay: Card 1lucio has Harmony token: undefined
 DiscordTokenOverlay: Card 1lucio has effects: Array(1)
 DiscordTokenOverlay: Card 1lucio has Discord token: undefined
 HealthCounter for 1torbjorn: Object
 HealthCounter: Showing normal HP 3 for 1torbjorn
 ZaryaTokenOverlay: Card 1torbjorn has Zarya token: undefined
 HarmonyTokenOverlay: Card 1torbjorn has effects: Array(1)
 HarmonyTokenOverlay: Card 1torbjorn has Harmony token: undefined
 DiscordTokenOverlay: Card 1torbjorn has effects: Array(1)
 DiscordTokenOverlay: Card 1torbjorn has Discord token: undefined
 HealthCounter for 2hazard: Object
 HealthCounter: Showing normal HP 4 for 2hazard
 ZaryaTokenOverlay: Card 2hazard has Zarya token: undefined
 HarmonyTokenOverlay: Card 2hazard has effects: Array(0)
 HarmonyTokenOverlay: Card 2hazard has Harmony token: undefined
 DiscordTokenOverlay: Card 2hazard has effects: Array(0)
 DiscordTokenOverlay: Card 2hazard has Discord token: undefined
 Player 1 drew orisa
 Playing orisa intro sound...
 TurnEffectsRunner: useEffect triggered Object
 TurnEffectsRunner: Turn change check Object
 TurnEffectsRunner: Turn changed, processing effects
 Lifeweaver: Starting temporary HP cleanup for player 1
 Lifeweaver: No temporary HP effects found to clean up for player 1
 Lifeweaver: Temporary HP cleanup completed
 TurnEffectsRunner: Checking row 1b with 0 ally effects and 0 enemy effects
 TurnEffectsRunner: Checking row 1m with 0 ally effects and 0 enemy effects
 TurnEffectsRunner: Checking row 1f with 0 ally effects and 0 enemy effects
 HealthCounter for 1genji: Object
 HealthCounter: Showing normal HP 4 for 1genji
 ZaryaTokenOverlay: Card 1genji has Zarya token: undefined
 HarmonyTokenOverlay: Card 1genji has effects: Array(0)
 HarmonyTokenOverlay: Card 1genji has Harmony token: undefined
 DiscordTokenOverlay: Card 1genji has effects: Array(0)
 DiscordTokenOverlay: Card 1genji has Discord token: undefined
 HealthCounter for 1roadhog: Object
 HealthCounter: Showing normal HP 5 for 1roadhog
 ZaryaTokenOverlay: Card 1roadhog has Zarya token: undefined
 HarmonyTokenOverlay: Card 1roadhog has effects: Array(0)
 HarmonyTokenOverlay: Card 1roadhog has Harmony token: undefined
 DiscordTokenOverlay: Card 1roadhog has effects: Array(0)
 DiscordTokenOverlay: Card 1roadhog has Discord token: undefined
 HealthCounter for 1lucio: Object
 HealthCounter: Showing normal HP 3 for 1lucio
 ZaryaTokenOverlay: Card 1lucio has Zarya token: undefined
 HarmonyTokenOverlay: Card 1lucio has effects: Array(1)
 HarmonyTokenOverlay: Card 1lucio has Harmony token: undefined
 DiscordTokenOverlay: Card 1lucio has effects: Array(1)
 DiscordTokenOverlay: Card 1lucio has Discord token: undefined
 HealthCounter for 1torbjorn: Object
 HealthCounter: Showing normal HP 3 for 1torbjorn
 ZaryaTokenOverlay: Card 1torbjorn has Zarya token: undefined
 HarmonyTokenOverlay: Card 1torbjorn has effects: Array(1)
 HarmonyTokenOverlay: Card 1torbjorn has Harmony token: undefined
 DiscordTokenOverlay: Card 1torbjorn has effects: Array(1)
 DiscordTokenOverlay: Card 1torbjorn has Discord token: undefined
 ZaryaTokenOverlay: Card 1orisa has Zarya token: undefined
 HarmonyTokenOverlay: Card 1orisa has effects: Array(2)
 HarmonyTokenOverlay: Card 1orisa has Harmony token: undefined
 DiscordTokenOverlay: Card 1orisa has effects: Array(2)
 DiscordTokenOverlay: Card 1orisa has Discord token: undefined
 HealthCounter for 2hazard: Object
 HealthCounter: Showing normal HP 4 for 2hazard
 ZaryaTokenOverlay: Card 2hazard has Zarya token: undefined
 HarmonyTokenOverlay: Card 2hazard has effects: Array(0)
 HarmonyTokenOverlay: Card 2hazard has Harmony token: undefined
 DiscordTokenOverlay: Card 2hazard has effects: Array(0)
 DiscordTokenOverlay: Card 2hazard has Discord token: undefined
 TurnEffectsRunner: useEffect triggered Object
 TurnEffectsRunner: Turn change check Object
 HealthCounter for 1genji: Object
 HealthCounter: Showing normal HP 4 for 1genji
 ZaryaTokenOverlay: Card 1genji has Zarya token: undefined
 HarmonyTokenOverlay: Card 1genji has effects: Array(0)
 HarmonyTokenOverlay: Card 1genji has Harmony token: undefined
 DiscordTokenOverlay: Card 1genji has effects: Array(0)
 DiscordTokenOverlay: Card 1genji has Discord token: undefined
 HealthCounter for 1roadhog: Object
 HealthCounter: Showing normal HP 5 for 1roadhog
 ZaryaTokenOverlay: Card 1roadhog has Zarya token: undefined
 HarmonyTokenOverlay: Card 1roadhog has effects: Array(0)
 HarmonyTokenOverlay: Card 1roadhog has Harmony token: undefined
 DiscordTokenOverlay: Card 1roadhog has effects: Array(0)
 DiscordTokenOverlay: Card 1roadhog has Discord token: undefined
 HealthCounter for 1lucio: Object
 HealthCounter: Showing normal HP 3 for 1lucio
 ZaryaTokenOverlay: Card 1lucio has Zarya token: undefined
 HarmonyTokenOverlay: Card 1lucio has effects: Array(1)
 HarmonyTokenOverlay: Card 1lucio has Harmony token: undefined
 DiscordTokenOverlay: Card 1lucio has effects: Array(1)
 DiscordTokenOverlay: Card 1lucio has Discord token: undefined
 HealthCounter for 1torbjorn: Object
 HealthCounter: Showing normal HP 3 for 1torbjorn
 ZaryaTokenOverlay: Card 1torbjorn has Zarya token: undefined
 HarmonyTokenOverlay: Card 1torbjorn has effects: Array(1)
 HarmonyTokenOverlay: Card 1torbjorn has Harmony token: undefined
 DiscordTokenOverlay: Card 1torbjorn has effects: Array(1)
 DiscordTokenOverlay: Card 1torbjorn has Discord token: undefined
 ZaryaTokenOverlay: Card 1orisa has Zarya token: undefined
 HarmonyTokenOverlay: Card 1orisa has effects: Array(2)
 HarmonyTokenOverlay: Card 1orisa has Harmony token: undefined
 DiscordTokenOverlay: Card 1orisa has effects: Array(2)
 DiscordTokenOverlay: Card 1orisa has Discord token: undefined
 HealthCounter for 2hazard: Object
 HealthCounter: Showing normal HP 4 for 2hazard
 ZaryaTokenOverlay: Card 2hazard has Zarya token: undefined
 HarmonyTokenOverlay: Card 2hazard has effects: Array(0)
 HarmonyTokenOverlay: Card 2hazard has Harmony token: undefined
 DiscordTokenOverlay: Card 2hazard has effects: Array(0)
 DiscordTokenOverlay: Card 2hazard has Discord token: undefined
 HealthCounter for 1orisa: Object
 HealthCounter: Showing normal HP 5 for 1orisa
 ZaryaTokenOverlay: Card 1orisa has Zarya token: undefined
 HarmonyTokenOverlay: Card 1orisa has effects: Array(2)
 HarmonyTokenOverlay: Card 1orisa has Harmony token: undefined
 DiscordTokenOverlay: Card 1orisa has effects: Array(2)
 DiscordTokenOverlay: Card 1orisa has Discord token: undefined
 orisa intro sound played successfully
 HealthCounter for 1genji: Object
 HealthCounter: Showing normal HP 4 for 1genji
 ZaryaTokenOverlay: Card 1genji has Zarya token: undefined
 HarmonyTokenOverlay: Card 1genji has effects: Array(0)
 HarmonyTokenOverlay: Card 1genji has Harmony token: undefined
 DiscordTokenOverlay: Card 1genji has effects: Array(0)
 DiscordTokenOverlay: Card 1genji has Discord token: undefined
 HealthCounter for 1roadhog: Object
 HealthCounter: Showing normal HP 5 for 1roadhog
 ZaryaTokenOverlay: Card 1roadhog has Zarya token: undefined
 HarmonyTokenOverlay: Card 1roadhog has effects: Array(0)
 HarmonyTokenOverlay: Card 1roadhog has Harmony token: undefined
 DiscordTokenOverlay: Card 1roadhog has effects: Array(0)
 DiscordTokenOverlay: Card 1roadhog has Discord token: undefined
 HealthCounter for 1lucio: Object
 HealthCounter: Showing normal HP 3 for 1lucio
 ZaryaTokenOverlay: Card 1lucio has Zarya token: undefined
 HarmonyTokenOverlay: Card 1lucio has effects: Array(1)
 HarmonyTokenOverlay: Card 1lucio has Harmony token: undefined
 DiscordTokenOverlay: Card 1lucio has effects: Array(1)
 DiscordTokenOverlay: Card 1lucio has Discord token: undefined
 HealthCounter for 1torbjorn: Object
 HealthCounter: Showing normal HP 3 for 1torbjorn
 ZaryaTokenOverlay: Card 1torbjorn has Zarya token: undefined
 HarmonyTokenOverlay: Card 1torbjorn has effects: Array(1)
 HarmonyTokenOverlay: Card 1torbjorn has Harmony token: undefined
 DiscordTokenOverlay: Card 1torbjorn has effects: Array(1)
 DiscordTokenOverlay: Card 1torbjorn has Discord token: undefined
 HealthCounter for 1orisa: Object
 HealthCounter: Showing normal HP 5 for 1orisa
 ZaryaTokenOverlay: Card 1orisa has Zarya token: undefined
 HarmonyTokenOverlay: Card 1orisa has effects: Array(2)
 HarmonyTokenOverlay: Card 1orisa has Harmony token: undefined
 DiscordTokenOverlay: Card 1orisa has effects: Array(2)
 DiscordTokenOverlay: Card 1orisa has Discord token: undefined
 HealthCounter for 2hazard: Object
 HealthCounter: Showing normal HP 4 for 2hazard
 ZaryaTokenOverlay: Card 2hazard has Zarya token: undefined
 HarmonyTokenOverlay: Card 2hazard has effects: Array(0)
 HarmonyTokenOverlay: Card 2hazard has Harmony token: undefined
 DiscordTokenOverlay: Card 2hazard has effects: Array(0)
 DiscordTokenOverlay: Card 2hazard has Discord token: undefined
 Object
 HealthCounter for 1genji: Object
 HealthCounter: Showing normal HP 4 for 1genji
 ZaryaTokenOverlay: Card 1genji has Zarya token: undefined
 HarmonyTokenOverlay: Card 1genji has effects: Array(0)
 HarmonyTokenOverlay: Card 1genji has Harmony token: undefined
 DiscordTokenOverlay: Card 1genji has effects: Array(0)
 DiscordTokenOverlay: Card 1genji has Discord token: undefined
 HealthCounter for 1genji: Object
 HealthCounter: Showing normal HP 4 for 1genji
 ZaryaTokenOverlay: Card 1genji has Zarya token: undefined
 HarmonyTokenOverlay: Card 1genji has effects: Array(0)
 HarmonyTokenOverlay: Card 1genji has Harmony token: undefined
 DiscordTokenOverlay: Card 1genji has effects: Array(0)
 DiscordTokenOverlay: Card 1genji has Discord token: undefined
 HealthCounter for 1genji: Object
 HealthCounter: Showing normal HP 4 for 1genji
 ZaryaTokenOverlay: Card 1genji has Zarya token: undefined
 HarmonyTokenOverlay: Card 1genji has effects: Array(0)
 HarmonyTokenOverlay: Card 1genji has Harmony token: undefined
 DiscordTokenOverlay: Card 1genji has effects: Array(0)
 DiscordTokenOverlay: Card 1genji has Discord token: undefined
 HealthCounter for 1genji: Object
 HealthCounter: Showing normal HP 4 for 1genji
 ZaryaTokenOverlay: Card 1genji has Zarya token: undefined
 HarmonyTokenOverlay: Card 1genji has effects: Array(0)
 HarmonyTokenOverlay: Card 1genji has Harmony token: undefined
 DiscordTokenOverlay: Card 1genji has effects: Array(0)
 DiscordTokenOverlay: Card 1genji has Discord token: undefined
 HealthCounter for 1genji: Object
 HealthCounter: Showing normal HP 4 for 1genji
 ZaryaTokenOverlay: Card 1genji has Zarya token: undefined
 HarmonyTokenOverlay: Card 1genji has effects: Array(0)
 HarmonyTokenOverlay: Card 1genji has Harmony token: undefined
 DiscordTokenOverlay: Card 1genji has effects: Array(0)
 DiscordTokenOverlay: Card 1genji has Discord token: undefined
 HealthCounter for 1genji: Object
 HealthCounter: Showing normal HP 4 for 1genji
 ZaryaTokenOverlay: Card 1genji has Zarya token: undefined
 HarmonyTokenOverlay: Card 1genji has effects: Array(0)
 HarmonyTokenOverlay: Card 1genji has Harmony token: undefined
 DiscordTokenOverlay: Card 1genji has effects: Array(0)
 DiscordTokenOverlay: Card 1genji has Discord token: undefined
 HealthCounter for 1genji: Object
 HealthCounter: Showing normal HP 4 for 1genji
 ZaryaTokenOverlay: Card 1genji has Zarya token: undefined
 HarmonyTokenOverlay: Card 1genji has effects: Array(0)
 HarmonyTokenOverlay: Card 1genji has Harmony token: undefined
 DiscordTokenOverlay: Card 1genji has effects: Array(0)
 DiscordTokenOverlay: Card 1genji has Discord token: undefined
 HealthCounter for 1genji: Object
 HealthCounter: Showing normal HP 4 for 1genji
 ZaryaTokenOverlay: Card 1genji has Zarya token: undefined
 HarmonyTokenOverlay: Card 1genji has effects: Array(0)
 HarmonyTokenOverlay: Card 1genji has Harmony token: undefined
 DiscordTokenOverlay: Card 1genji has effects: Array(0)
 DiscordTokenOverlay: Card 1genji has Discord token: undefined
 HealthCounter for 1genji: Object
 HealthCounter: Showing normal HP 4 for 1genji
 ZaryaTokenOverlay: Card 1genji has Zarya token: undefined
 HarmonyTokenOverlay: Card 1genji has effects: Array(0)
 HarmonyTokenOverlay: Card 1genji has Harmony token: undefined
 DiscordTokenOverlay: Card 1genji has effects: Array(0)
 DiscordTokenOverlay: Card 1genji has Discord token: undefined
 HealthCounter for 1genji: Object
 HealthCounter: Showing normal HP 4 for 1genji
 ZaryaTokenOverlay: Card 1genji has Zarya token: undefined
 HarmonyTokenOverlay: Card 1genji has effects: Array(0)
 HarmonyTokenOverlay: Card 1genji has Harmony token: undefined
 DiscordTokenOverlay: Card 1genji has effects: Array(0)
 DiscordTokenOverlay: Card 1genji has Discord token: undefined
 HealthCounter for 1genji: Object
 HealthCounter: Showing normal HP 4 for 1genji
 ZaryaTokenOverlay: Card 1genji has Zarya token: undefined
 HarmonyTokenOverlay: Card 1genji has effects: Array(0)
 HarmonyTokenOverlay: Card 1genji has Harmony token: undefined
 DiscordTokenOverlay: Card 1genji has effects: Array(0)
 DiscordTokenOverlay: Card 1genji has Discord token: undefined
 HealthCounter for 1genji: Object
 HealthCounter: Showing normal HP 4 for 1genji
 ZaryaTokenOverlay: Card 1genji has Zarya token: undefined
 HarmonyTokenOverlay: Card 1genji has effects: Array(0)
 HarmonyTokenOverlay: Card 1genji has Harmony token: undefined
 DiscordTokenOverlay: Card 1genji has effects: Array(0)
 DiscordTokenOverlay: Card 1genji has Discord token: undefined
 HealthCounter for 1genji: Object
 HealthCounter: Showing normal HP 4 for 1genji
 ZaryaTokenOverlay: Card 1genji has Zarya token: undefined
 HarmonyTokenOverlay: Card 1genji has effects: Array(0)
 HarmonyTokenOverlay: Card 1genji has Harmony token: undefined
 DiscordTokenOverlay: Card 1genji has effects: Array(0)
 DiscordTokenOverlay: Card 1genji has Discord token: undefined
 HealthCounter for 1genji: Object
 HealthCounter: Showing normal HP 4 for 1genji
 ZaryaTokenOverlay: Card 1genji has Zarya token: undefined
 HarmonyTokenOverlay: Card 1genji has effects: Array(0)
 HarmonyTokenOverlay: Card 1genji has Harmony token: undefined
 DiscordTokenOverlay: Card 1genji has effects: Array(0)
 DiscordTokenOverlay: Card 1genji has Discord token: undefined
 HealthCounter for 1roadhog: Object
 HealthCounter: Showing normal HP 5 for 1roadhog
 ZaryaTokenOverlay: Card 1roadhog has Zarya token: undefined
 HarmonyTokenOverlay: Card 1roadhog has effects: Array(0)
 HarmonyTokenOverlay: Card 1roadhog has Harmony token: undefined
 DiscordTokenOverlay: Card 1roadhog has effects: Array(0)
 DiscordTokenOverlay: Card 1roadhog has Discord token: undefined
 HealthCounter for 1lucio: Object
 HealthCounter: Showing normal HP 3 for 1lucio
 ZaryaTokenOverlay: Card 1lucio has Zarya token: undefined
 HarmonyTokenOverlay: Card 1lucio has effects: Array(1)
 HarmonyTokenOverlay: Card 1lucio has Harmony token: undefined
 DiscordTokenOverlay: Card 1lucio has effects: Array(1)
 DiscordTokenOverlay: Card 1lucio has Discord token: undefined
 HealthCounter for 1torbjorn: Object
 HealthCounter: Showing normal HP 3 for 1torbjorn
 ZaryaTokenOverlay: Card 1torbjorn has Zarya token: undefined
 HarmonyTokenOverlay: Card 1torbjorn has effects: Array(1)
 HarmonyTokenOverlay: Card 1torbjorn has Harmony token: undefined
 DiscordTokenOverlay: Card 1torbjorn has effects: Array(1)
 DiscordTokenOverlay: Card 1torbjorn has Discord token: undefined
 HealthCounter for 1orisa: Object
 HealthCounter: Showing normal HP 5 for 1orisa
 ZaryaTokenOverlay: Card 1orisa has Zarya token: undefined
 HarmonyTokenOverlay: Card 1orisa has effects: Array(2)
 HarmonyTokenOverlay: Card 1orisa has Harmony token: undefined
 DiscordTokenOverlay: Card 1orisa has effects: Array(2)
 DiscordTokenOverlay: Card 1orisa has Discord token: undefined
 HealthCounter for 1genji: Object
 HealthCounter: Showing normal HP 4 for 1genji
 ZaryaTokenOverlay: Card 1genji has Zarya token: undefined
 HarmonyTokenOverlay: Card 1genji has effects: Array(0)
 HarmonyTokenOverlay: Card 1genji has Harmony token: undefined
 DiscordTokenOverlay: Card 1genji has effects: Array(0)
 DiscordTokenOverlay: Card 1genji has Discord token: undefined
 HealthCounter for 1genji: Object
 HealthCounter: Showing normal HP 4 for 1genji
 ZaryaTokenOverlay: Card 1genji has Zarya token: undefined
 HarmonyTokenOverlay: Card 1genji has effects: Array(0)
 HarmonyTokenOverlay: Card 1genji has Harmony token: undefined
 DiscordTokenOverlay: Card 1genji has effects: Array(0)
 DiscordTokenOverlay: Card 1genji has Discord token: undefined
 HealthCounter for 1genji: Object
 HealthCounter: Showing normal HP 4 for 1genji
 ZaryaTokenOverlay: Card 1genji has Zarya token: undefined
 HarmonyTokenOverlay: Card 1genji has effects: Array(0)
 HarmonyTokenOverlay: Card 1genji has Harmony token: undefined
 DiscordTokenOverlay: Card 1genji has effects: Array(0)
 DiscordTokenOverlay: Card 1genji has Discord token: undefined
 HealthCounter for 1genji: Object
 HealthCounter: Showing normal HP 4 for 1genji
 ZaryaTokenOverlay: Card 1genji has Zarya token: undefined
 HarmonyTokenOverlay: Card 1genji has effects: Array(0)
 HarmonyTokenOverlay: Card 1genji has Harmony token: undefined
 DiscordTokenOverlay: Card 1genji has effects: Array(0)
 DiscordTokenOverlay: Card 1genji has Discord token: undefined
 HealthCounter for 1genji: Object
 HealthCounter: Showing normal HP 4 for 1genji
 ZaryaTokenOverlay: Card 1genji has Zarya token: undefined
 HarmonyTokenOverlay: Card 1genji has effects: Array(0)
 HarmonyTokenOverlay: Card 1genji has Harmony token: undefined
 DiscordTokenOverlay: Card 1genji has effects: Array(0)
 DiscordTokenOverlay: Card 1genji has Discord token: undefined
 HealthCounter for 1genji: Object
 HealthCounter: Showing normal HP 4 for 1genji
 ZaryaTokenOverlay: Card 1genji has Zarya token: undefined
 HarmonyTokenOverlay: Card 1genji has effects: Array(0)
 HarmonyTokenOverlay: Card 1genji has Harmony token: undefined
 DiscordTokenOverlay: Card 1genji has effects: Array(0)
 DiscordTokenOverlay: Card 1genji has Discord token: undefined
 HealthCounter for 1genji: Object
 HealthCounter: Showing normal HP 4 for 1genji
 ZaryaTokenOverlay: Card 1genji has Zarya token: undefined
 HarmonyTokenOverlay: Card 1genji has effects: Array(0)
 HarmonyTokenOverlay: Card 1genji has Harmony token: undefined
 DiscordTokenOverlay: Card 1genji has effects: Array(0)
 DiscordTokenOverlay: Card 1genji has Discord token: undefined
 HealthCounter for 1genji: Object
 HealthCounter: Showing normal HP 4 for 1genji
 ZaryaTokenOverlay: Card 1genji has Zarya token: undefined
 HarmonyTokenOverlay: Card 1genji has effects: Array(0)
 HarmonyTokenOverlay: Card 1genji has Harmony token: undefined
 DiscordTokenOverlay: Card 1genji has effects: Array(0)
 DiscordTokenOverlay: Card 1genji has Discord token: undefined
 HealthCounter for 1genji: Object
 HealthCounter: Showing normal HP 4 for 1genji
 ZaryaTokenOverlay: Card 1genji has Zarya token: undefined
 HarmonyTokenOverlay: Card 1genji has effects: Array(0)
 HarmonyTokenOverlay: Card 1genji has Harmony token: undefined
 DiscordTokenOverlay: Card 1genji has effects: Array(0)
 DiscordTokenOverlay: Card 1genji has Discord token: undefined
 HealthCounter for 1genji: Object
 HealthCounter: Showing normal HP 4 for 1genji
 ZaryaTokenOverlay: Card 1genji has Zarya token: undefined
 HarmonyTokenOverlay: Card 1genji has effects: Array(0)
 HarmonyTokenOverlay: Card 1genji has Harmony token: undefined
 DiscordTokenOverlay: Card 1genji has effects: Array(0)
 DiscordTokenOverlay: Card 1genji has Discord token: undefined
 HealthCounter for 1roadhog: Object
 HealthCounter: Showing normal HP 5 for 1roadhog
 ZaryaTokenOverlay: Card 1roadhog has Zarya token: undefined
 HarmonyTokenOverlay: Card 1roadhog has effects: Array(0)
 HarmonyTokenOverlay: Card 1roadhog has Harmony token: undefined
 DiscordTokenOverlay: Card 1roadhog has effects: Array(0)
 DiscordTokenOverlay: Card 1roadhog has Discord token: undefined
 HealthCounter for 1lucio: Object
 HealthCounter: Showing normal HP 3 for 1lucio
 ZaryaTokenOverlay: Card 1lucio has Zarya token: undefined
 HarmonyTokenOverlay: Card 1lucio has effects: Array(1)
 HarmonyTokenOverlay: Card 1lucio has Harmony token: undefined
 DiscordTokenOverlay: Card 1lucio has effects: Array(1)
 DiscordTokenOverlay: Card 1lucio has Discord token: undefined
 HealthCounter for 1torbjorn: Object
 HealthCounter: Showing normal HP 3 for 1torbjorn
 ZaryaTokenOverlay: Card 1torbjorn has Zarya token: undefined
 HarmonyTokenOverlay: Card 1torbjorn has effects: Array(1)
 HarmonyTokenOverlay: Card 1torbjorn has Harmony token: undefined
 DiscordTokenOverlay: Card 1torbjorn has effects: Array(1)
 DiscordTokenOverlay: Card 1torbjorn has Discord token: undefined
 HealthCounter for 1orisa: Object
 HealthCounter: Showing normal HP 5 for 1orisa
 ZaryaTokenOverlay: Card 1orisa has Zarya token: undefined
 HarmonyTokenOverlay: Card 1orisa has effects: Array(2)
 HarmonyTokenOverlay: Card 1orisa has Harmony token: undefined
 DiscordTokenOverlay: Card 1orisa has effects: Array(2)
 DiscordTokenOverlay: Card 1orisa has Discord token: undefined
 HealthCounter for 1genji: Object
 HealthCounter: Showing normal HP 4 for 1genji
 ZaryaTokenOverlay: Card 1genji has Zarya token: undefined
 HarmonyTokenOverlay: Card 1genji has effects: Array(0)
 HarmonyTokenOverlay: Card 1genji has Harmony token: undefined
 DiscordTokenOverlay: Card 1genji has effects: Array(0)
 DiscordTokenOverlay: Card 1genji has Discord token: undefined
 HealthCounter for 1roadhog: Object
 HealthCounter: Showing normal HP 5 for 1roadhog
 ZaryaTokenOverlay: Card 1roadhog has Zarya token: undefined
 HarmonyTokenOverlay: Card 1roadhog has effects: Array(0)
 HarmonyTokenOverlay: Card 1roadhog has Harmony token: undefined
 DiscordTokenOverlay: Card 1roadhog has effects: Array(0)
 DiscordTokenOverlay: Card 1roadhog has Discord token: undefined
 HealthCounter for 1lucio: Object
 HealthCounter: Showing normal HP 3 for 1lucio
 ZaryaTokenOverlay: Card 1lucio has Zarya token: undefined
 HarmonyTokenOverlay: Card 1lucio has effects: Array(1)
 HarmonyTokenOverlay: Card 1lucio has Harmony token: undefined
 DiscordTokenOverlay: Card 1lucio has effects: Array(1)
 DiscordTokenOverlay: Card 1lucio has Discord token: undefined
 HealthCounter for 1torbjorn: Object
 HealthCounter: Showing normal HP 3 for 1torbjorn
 ZaryaTokenOverlay: Card 1torbjorn has Zarya token: undefined
 HarmonyTokenOverlay: Card 1torbjorn has effects: Array(1)
 HarmonyTokenOverlay: Card 1torbjorn has Harmony token: undefined
 DiscordTokenOverlay: Card 1torbjorn has effects: Array(1)
 DiscordTokenOverlay: Card 1torbjorn has Discord token: undefined
 HealthCounter for 1orisa: Object
 HealthCounter: Showing normal HP 5 for 1orisa
 ZaryaTokenOverlay: Card 1orisa has Zarya token: undefined
 HarmonyTokenOverlay: Card 1orisa has effects: Array(2)
 HarmonyTokenOverlay: Card 1orisa has Harmony token: undefined
 DiscordTokenOverlay: Card 1orisa has effects: Array(2)
 DiscordTokenOverlay: Card 1orisa has Discord token: undefined
 HealthCounter for 1genji: Object
 HealthCounter: Showing normal HP 4 for 1genji
 ZaryaTokenOverlay: Card 1genji has Zarya token: undefined
 HarmonyTokenOverlay: Card 1genji has effects: Array(0)
 HarmonyTokenOverlay: Card 1genji has Harmony token: undefined
 DiscordTokenOverlay: Card 1genji has effects: Array(0)
 DiscordTokenOverlay: Card 1genji has Discord token: undefined
 HealthCounter for 1genji: Object
 HealthCounter: Showing normal HP 4 for 1genji
 ZaryaTokenOverlay: Card 1genji has Zarya token: undefined
 HarmonyTokenOverlay: Card 1genji has effects: Array(0)
 HarmonyTokenOverlay: Card 1genji has Harmony token: undefined
 DiscordTokenOverlay: Card 1genji has effects: Array(0)
 DiscordTokenOverlay: Card 1genji has Discord token: undefined
 HealthCounter for 1genji: Object
 HealthCounter: Showing normal HP 4 for 1genji
 ZaryaTokenOverlay: Card 1genji has Zarya token: undefined
 HarmonyTokenOverlay: Card 1genji has effects: Array(0)
 HarmonyTokenOverlay: Card 1genji has Harmony token: undefined
 DiscordTokenOverlay: Card 1genji has effects: Array(0)
 DiscordTokenOverlay: Card 1genji has Discord token: undefined
 HealthCounter for 1genji: Object
 HealthCounter: Showing normal HP 4 for 1genji
 ZaryaTokenOverlay: Card 1genji has Zarya token: undefined
 HarmonyTokenOverlay: Card 1genji has effects: Array(0)
 HarmonyTokenOverlay: Card 1genji has Harmony token: undefined
 DiscordTokenOverlay: Card 1genji has effects: Array(0)
 DiscordTokenOverlay: Card 1genji has Discord token: undefined
 HealthCounter for 1genji: Object
 HealthCounter: Showing normal HP 4 for 1genji
 ZaryaTokenOverlay: Card 1genji has Zarya token: undefined
 HarmonyTokenOverlay: Card 1genji has effects: Array(0)
 HarmonyTokenOverlay: Card 1genji has Harmony token: undefined
 DiscordTokenOverlay: Card 1genji has effects: Array(0)
 DiscordTokenOverlay: Card 1genji has Discord token: undefined
 HealthCounter for 1genji: Object
 HealthCounter: Showing normal HP 4 for 1genji
 ZaryaTokenOverlay: Card 1genji has Zarya token: undefined
 HarmonyTokenOverlay: Card 1genji has effects: Array(0)
 HarmonyTokenOverlay: Card 1genji has Harmony token: undefined
 DiscordTokenOverlay: Card 1genji has effects: Array(0)
 DiscordTokenOverlay: Card 1genji has Discord token: undefined
 HealthCounter for 1genji: Object
 HealthCounter: Showing normal HP 4 for 1genji
 ZaryaTokenOverlay: Card 1genji has Zarya token: undefined
 HarmonyTokenOverlay: Card 1genji has effects: Array(0)
 HarmonyTokenOverlay: Card 1genji has Harmony token: undefined
 DiscordTokenOverlay: Card 1genji has effects: Array(0)
 DiscordTokenOverlay: Card 1genji has Discord token: undefined
 HealthCounter for 1genji: Object
 HealthCounter: Showing normal HP 4 for 1genji
 ZaryaTokenOverlay: Card 1genji has Zarya token: undefined
 HarmonyTokenOverlay: Card 1genji has effects: Array(0)
 HarmonyTokenOverlay: Card 1genji has Harmony token: undefined
 DiscordTokenOverlay: Card 1genji has effects: Array(0)
 DiscordTokenOverlay: Card 1genji has Discord token: undefined
 HealthCounter for 1genji: Object
 HealthCounter: Showing normal HP 4 for 1genji
 ZaryaTokenOverlay: Card 1genji has Zarya token: undefined
 HarmonyTokenOverlay: Card 1genji has effects: Array(0)
 HarmonyTokenOverlay: Card 1genji has Harmony token: undefined
 DiscordTokenOverlay: Card 1genji has effects: Array(0)
 DiscordTokenOverlay: Card 1genji has Discord token: undefined
 HealthCounter for 1genji: Object
 HealthCounter: Showing normal HP 4 for 1genji
 ZaryaTokenOverlay: Card 1genji has Zarya token: undefined
 HarmonyTokenOverlay: Card 1genji has effects: Array(0)
 HarmonyTokenOverlay: Card 1genji has Harmony token: undefined
 DiscordTokenOverlay: Card 1genji has effects: Array(0)
 DiscordTokenOverlay: Card 1genji has Discord token: undefined
 HealthCounter for 1genji: Object
 HealthCounter: Showing normal HP 4 for 1genji
 ZaryaTokenOverlay: Card 1genji has Zarya token: undefined
 HarmonyTokenOverlay: Card 1genji has effects: Array(0)
 HarmonyTokenOverlay: Card 1genji has Harmony token: undefined
 DiscordTokenOverlay: Card 1genji has effects: Array(0)
 DiscordTokenOverlay: Card 1genji has Discord token: undefined
 HealthCounter for 1genji: Object
 HealthCounter: Showing normal HP 4 for 1genji
 ZaryaTokenOverlay: Card 1genji has Zarya token: undefined
 HarmonyTokenOverlay: Card 1genji has effects: Array(0)
 HarmonyTokenOverlay: Card 1genji has Harmony token: undefined
 DiscordTokenOverlay: Card 1genji has effects: Array(0)
 DiscordTokenOverlay: Card 1genji has Discord token: undefined
 HealthCounter for 1genji: Object
 HealthCounter: Showing normal HP 4 for 1genji
 ZaryaTokenOverlay: Card 1genji has Zarya token: undefined
 HarmonyTokenOverlay: Card 1genji has effects: Array(0)
 HarmonyTokenOverlay: Card 1genji has Harmony token: undefined
 DiscordTokenOverlay: Card 1genji has effects: Array(0)
 DiscordTokenOverlay: Card 1genji has Discord token: undefined
 HealthCounter for 1genji: Object
 HealthCounter: Showing normal HP 4 for 1genji
 ZaryaTokenOverlay: Card 1genji has Zarya token: undefined
 HarmonyTokenOverlay: Card 1genji has effects: Array(0)
 HarmonyTokenOverlay: Card 1genji has Harmony token: undefined
 DiscordTokenOverlay: Card 1genji has effects: Array(0)
 DiscordTokenOverlay: Card 1genji has Discord token: undefined
 Attempting to play placement sound...
 Placement audio source: /owcardgame/static/media/placement.445605f26d71501234a7.mp3
 Created placement audio object: 
 Playing genji enter sound...
 HealthCounter for 1roadhog: Object
 HealthCounter: Showing normal HP 5 for 1roadhog
 ZaryaTokenOverlay: Card 1roadhog has Zarya token: undefined
 HarmonyTokenOverlay: Card 1roadhog has effects: Array(0)
 HarmonyTokenOverlay: Card 1roadhog has Harmony token: undefined
 DiscordTokenOverlay: Card 1roadhog has effects: Array(0)
 DiscordTokenOverlay: Card 1roadhog has Discord token: undefined
 HealthCounter for 1lucio: Object
 HealthCounter: Showing normal HP 3 for 1lucio
 ZaryaTokenOverlay: Card 1lucio has Zarya token: undefined
 HarmonyTokenOverlay: Card 1lucio has effects: Array(1)
 HarmonyTokenOverlay: Card 1lucio has Harmony token: undefined
 DiscordTokenOverlay: Card 1lucio has effects: Array(1)
 DiscordTokenOverlay: Card 1lucio has Discord token: undefined
 HealthCounter for 1torbjorn: Object
 HealthCounter: Showing normal HP 3 for 1torbjorn
 ZaryaTokenOverlay: Card 1torbjorn has Zarya token: undefined
 HarmonyTokenOverlay: Card 1torbjorn has effects: Array(1)
 HarmonyTokenOverlay: Card 1torbjorn has Harmony token: undefined
 DiscordTokenOverlay: Card 1torbjorn has effects: Array(1)
 DiscordTokenOverlay: Card 1torbjorn has Discord token: undefined
 HealthCounter for 1orisa: Object
 HealthCounter: Showing normal HP 5 for 1orisa
 ZaryaTokenOverlay: Card 1orisa has Zarya token: undefined
 HarmonyTokenOverlay: Card 1orisa has effects: Array(2)
 HarmonyTokenOverlay: Card 1orisa has Harmony token: undefined
 DiscordTokenOverlay: Card 1orisa has effects: Array(2)
 DiscordTokenOverlay: Card 1orisa has Discord token: undefined
 ZaryaTokenOverlay: Card 1genji has Zarya token: undefined
 HarmonyTokenOverlay: Card 1genji has effects: Array(0)
 HarmonyTokenOverlay: Card 1genji has Harmony token: undefined
 DiscordTokenOverlay: Card 1genji has effects: Array(0)
 DiscordTokenOverlay: Card 1genji has Discord token: undefined
 HealthCounter for 2hazard: Object
 HealthCounter: Showing normal HP 4 for 2hazard
 ZaryaTokenOverlay: Card 2hazard has Zarya token: undefined
 HarmonyTokenOverlay: Card 2hazard has effects: Array(0)
 HarmonyTokenOverlay: Card 2hazard has Harmony token: undefined
 DiscordTokenOverlay: Card 2hazard has effects: Array(0)
 DiscordTokenOverlay: Card 2hazard has Discord token: undefined
 TurnEffectsRunner: useEffect triggered Object
 TurnEffectsRunner: Turn change check Object
 HealthCounter for 1roadhog: Object
 HealthCounter: Showing normal HP 5 for 1roadhog
 ZaryaTokenOverlay: Card 1roadhog has Zarya token: undefined
 HarmonyTokenOverlay: Card 1roadhog has effects: Array(0)
 HarmonyTokenOverlay: Card 1roadhog has Harmony token: undefined
 DiscordTokenOverlay: Card 1roadhog has effects: Array(0)
 DiscordTokenOverlay: Card 1roadhog has Discord token: undefined
 HealthCounter for 1lucio: Object
 HealthCounter: Showing normal HP 3 for 1lucio
 ZaryaTokenOverlay: Card 1lucio has Zarya token: undefined
 HarmonyTokenOverlay: Card 1lucio has effects: Array(1)
 HarmonyTokenOverlay: Card 1lucio has Harmony token: undefined
 DiscordTokenOverlay: Card 1lucio has effects: Array(1)
 DiscordTokenOverlay: Card 1lucio has Discord token: undefined
 HealthCounter for 1torbjorn: Object
 HealthCounter: Showing normal HP 3 for 1torbjorn
 ZaryaTokenOverlay: Card 1torbjorn has Zarya token: undefined
 HarmonyTokenOverlay: Card 1torbjorn has effects: Array(1)
 HarmonyTokenOverlay: Card 1torbjorn has Harmony token: undefined
 DiscordTokenOverlay: Card 1torbjorn has effects: Array(1)
 DiscordTokenOverlay: Card 1torbjorn has Discord token: undefined
 HealthCounter for 1orisa: Object
 HealthCounter: Showing normal HP 5 for 1orisa
 ZaryaTokenOverlay: Card 1orisa has Zarya token: undefined
 HarmonyTokenOverlay: Card 1orisa has effects: Array(2)
 HarmonyTokenOverlay: Card 1orisa has Harmony token: undefined
 DiscordTokenOverlay: Card 1orisa has effects: Array(2)
 DiscordTokenOverlay: Card 1orisa has Discord token: undefined
 HealthCounter for 1genji: Object
 HealthCounter: Showing normal HP 4 for 1genji
 ZaryaTokenOverlay: Card 1genji has Zarya token: undefined
 HarmonyTokenOverlay: Card 1genji has effects: Array(0)
 HarmonyTokenOverlay: Card 1genji has Harmony token: undefined
 DiscordTokenOverlay: Card 1genji has effects: Array(0)
 DiscordTokenOverlay: Card 1genji has Discord token: undefined
 HealthCounter for 2hazard: Object
 HealthCounter: Showing normal HP 4 for 2hazard
 ZaryaTokenOverlay: Card 2hazard has Zarya token: undefined
 HarmonyTokenOverlay: Card 2hazard has effects: Array(0)
 HarmonyTokenOverlay: Card 2hazard has Harmony token: undefined
 DiscordTokenOverlay: Card 2hazard has effects: Array(0)
 DiscordTokenOverlay: Card 2hazard has Discord token: undefined
 TurnEffectsRunner: useEffect triggered Object
 TurnEffectsRunner: Turn change check Object
 HealthCounter for 1roadhog: Object
 HealthCounter: Showing normal HP 5 for 1roadhog
 ZaryaTokenOverlay: Card 1roadhog has Zarya token: undefined
 HarmonyTokenOverlay: Card 1roadhog has effects: Array(0)
 HarmonyTokenOverlay: Card 1roadhog has Harmony token: undefined
 DiscordTokenOverlay: Card 1roadhog has effects: Array(0)
 DiscordTokenOverlay: Card 1roadhog has Discord token: undefined
 HealthCounter for 1lucio: Object
 HealthCounter: Showing normal HP 3 for 1lucio
 ZaryaTokenOverlay: Card 1lucio has Zarya token: undefined
 HarmonyTokenOverlay: Card 1lucio has effects: Array(1)
 HarmonyTokenOverlay: Card 1lucio has Harmony token: undefined
 DiscordTokenOverlay: Card 1lucio has effects: Array(1)
 DiscordTokenOverlay: Card 1lucio has Discord token: undefined
 HealthCounter for 1torbjorn: Object
 HealthCounter: Showing normal HP 3 for 1torbjorn
 ZaryaTokenOverlay: Card 1torbjorn has Zarya token: undefined
 HarmonyTokenOverlay: Card 1torbjorn has effects: Array(1)
 HarmonyTokenOverlay: Card 1torbjorn has Harmony token: undefined
 DiscordTokenOverlay: Card 1torbjorn has effects: Array(1)
 DiscordTokenOverlay: Card 1torbjorn has Discord token: undefined
 HealthCounter for 1orisa: Object
 HealthCounter: Showing normal HP 5 for 1orisa
 ZaryaTokenOverlay: Card 1orisa has Zarya token: undefined
 HarmonyTokenOverlay: Card 1orisa has effects: Array(2)
 HarmonyTokenOverlay: Card 1orisa has Harmony token: undefined
 DiscordTokenOverlay: Card 1orisa has effects: Array(2)
 DiscordTokenOverlay: Card 1orisa has Discord token: undefined
 HealthCounter for 1genji: Object
 HealthCounter: Showing normal HP 4 for 1genji
 ZaryaTokenOverlay: Card 1genji has Zarya token: undefined
 HarmonyTokenOverlay: Card 1genji has effects: Array(0)
 HarmonyTokenOverlay: Card 1genji has Harmony token: undefined
 DiscordTokenOverlay: Card 1genji has effects: Array(0)
 DiscordTokenOverlay: Card 1genji has Discord token: undefined
 HealthCounter for 2hazard: Object
 HealthCounter: Showing normal HP 4 for 2hazard
 ZaryaTokenOverlay: Card 2hazard has Zarya token: undefined
 HarmonyTokenOverlay: Card 2hazard has effects: Array(0)
 HarmonyTokenOverlay: Card 2hazard has Harmony token: undefined
 DiscordTokenOverlay: Card 2hazard has effects: Array(0)
 DiscordTokenOverlay: Card 2hazard has Discord token: undefined
 Placement sound played successfully
 genji enter sound played successfully
 DamageBus - Checking invulnerability for 2hazard at index 0 in row 2m Object
 DamageBus - Target 2hazard is NOT invulnerable, proceeding with damage
 DamageBus - Publishing damage event: Object
 HealthCounter for 1roadhog: Object
 HealthCounter: Showing normal HP 5 for 1roadhog
 ZaryaTokenOverlay: Card 1roadhog has Zarya token: undefined
 HarmonyTokenOverlay: Card 1roadhog has effects: Array(0)
 HarmonyTokenOverlay: Card 1roadhog has Harmony token: undefined
 DiscordTokenOverlay: Card 1roadhog has effects: Array(0)
 DiscordTokenOverlay: Card 1roadhog has Discord token: undefined
 HealthCounter for 1lucio: Object
 HealthCounter: Showing normal HP 3 for 1lucio
 ZaryaTokenOverlay: Card 1lucio has Zarya token: undefined
 HarmonyTokenOverlay: Card 1lucio has effects: Array(1)
 HarmonyTokenOverlay: Card 1lucio has Harmony token: undefined
 DiscordTokenOverlay: Card 1lucio has effects: Array(1)
 DiscordTokenOverlay: Card 1lucio has Discord token: undefined
 HealthCounter for 1torbjorn: Object
 HealthCounter: Showing normal HP 3 for 1torbjorn
 ZaryaTokenOverlay: Card 1torbjorn has Zarya token: undefined
 HarmonyTokenOverlay: Card 1torbjorn has effects: Array(1)
 HarmonyTokenOverlay: Card 1torbjorn has Harmony token: undefined
 DiscordTokenOverlay: Card 1torbjorn has effects: Array(1)
 DiscordTokenOverlay: Card 1torbjorn has Discord token: undefined
 HealthCounter for 1orisa: Object
 HealthCounter: Showing normal HP 5 for 1orisa
 ZaryaTokenOverlay: Card 1orisa has Zarya token: undefined
 HarmonyTokenOverlay: Card 1orisa has effects: Array(2)
 HarmonyTokenOverlay: Card 1orisa has Harmony token: undefined
 DiscordTokenOverlay: Card 1orisa has effects: Array(2)
 DiscordTokenOverlay: Card 1orisa has Discord token: undefined
 HealthCounter for 1genji: Object
 HealthCounter: Showing normal HP 4 for 1genji
 ZaryaTokenOverlay: Card 1genji has Zarya token: undefined
 HarmonyTokenOverlay: Card 1genji has effects: Array(0)
 HarmonyTokenOverlay: Card 1genji has Harmony token: undefined
 DiscordTokenOverlay: Card 1genji has effects: Array(0)
 DiscordTokenOverlay: Card 1genji has Discord token: undefined
 HealthCounter for 2hazard: Object
 HealthCounter: Showing normal HP 3 for 2hazard
 ZaryaTokenOverlay: Card 2hazard has Zarya token: undefined
 HarmonyTokenOverlay: Card 2hazard has effects: Array(0)
 HarmonyTokenOverlay: Card 2hazard has Harmony token: undefined
 DiscordTokenOverlay: Card 2hazard has effects: Array(0)
DiscordTokenOverlay.js:20 DiscordTokenOverlay: Card 2hazard has Discord token: undefined
TurnEffectsRunner.js:16 TurnEffectsRunner: useEffect triggered Object
TurnEffectsRunner.js:27 TurnEffectsRunner: Turn change check Object
HealthCounter.js:6 HealthCounter for 1roadhog: Object
HealthCounter.js:25 HealthCounter: Showing normal HP 5 for 1roadhog
ZaryaTokenOverlay.js:20 ZaryaTokenOverlay: Card 1roadhog has Zarya token: undefined
HarmonyTokenOverlay.js:19 HarmonyTokenOverlay: Card 1roadhog has effects: Array(0)
HarmonyTokenOverlay.js:20 HarmonyTokenOverlay: Card 1roadhog has Harmony token: undefined
DiscordTokenOverlay.js:19 DiscordTokenOverlay: Card 1roadhog has effects: Array(0)
DiscordTokenOverlay.js:20 DiscordTokenOverlay: Card 1roadhog has Discord token: undefined
HealthCounter.js:6 HealthCounter for 1lucio: Object
HealthCounter.js:25 HealthCounter: Showing normal HP 3 for 1lucio
ZaryaTokenOverlay.js:20 ZaryaTokenOverlay: Card 1lucio has Zarya token: undefined
HarmonyTokenOverlay.js:19 HarmonyTokenOverlay: Card 1lucio has effects: Array(1)
HarmonyTokenOverlay.js:20 HarmonyTokenOverlay: Card 1lucio has Harmony token: undefined
DiscordTokenOverlay.js:19 DiscordTokenOverlay: Card 1lucio has effects: Array(1)
DiscordTokenOverlay.js:20 DiscordTokenOverlay: Card 1lucio has Discord token: undefined
HealthCounter.js:6 HealthCounter for 1torbjorn: Object
HealthCounter.js:25 HealthCounter: Showing normal HP 3 for 1torbjorn
ZaryaTokenOverlay.js:20 ZaryaTokenOverlay: Card 1torbjorn has Zarya token: undefined
HarmonyTokenOverlay.js:19 HarmonyTokenOverlay: Card 1torbjorn has effects: Array(1)
HarmonyTokenOverlay.js:20 HarmonyTokenOverlay: Card 1torbjorn has Harmony token: undefined
DiscordTokenOverlay.js:19 DiscordTokenOverlay: Card 1torbjorn has effects: Array(1)
DiscordTokenOverlay.js:20 DiscordTokenOverlay: Card 1torbjorn has Discord token: undefined
HealthCounter.js:6 HealthCounter for 1orisa: Object
HealthCounter.js:25 HealthCounter: Showing normal HP 5 for 1orisa
ZaryaTokenOverlay.js:20 ZaryaTokenOverlay: Card 1orisa has Zarya token: undefined
HarmonyTokenOverlay.js:19 HarmonyTokenOverlay: Card 1orisa has effects: Array(2)
HarmonyTokenOverlay.js:20 HarmonyTokenOverlay: Card 1orisa has Harmony token: undefined
DiscordTokenOverlay.js:19 DiscordTokenOverlay: Card 1orisa has effects: Array(2)
DiscordTokenOverlay.js:20 DiscordTokenOverlay: Card 1orisa has Discord token: undefined
HealthCounter.js:6 HealthCounter for 1genji: Object
HealthCounter.js:25 HealthCounter: Showing normal HP 4 for 1genji
ZaryaTokenOverlay.js:20 ZaryaTokenOverlay: Card 1genji has Zarya token: undefined
HarmonyTokenOverlay.js:19 HarmonyTokenOverlay: Card 1genji has effects: Array(0)
HarmonyTokenOverlay.js:20 HarmonyTokenOverlay: Card 1genji has Harmony token: undefined
DiscordTokenOverlay.js:19 DiscordTokenOverlay: Card 1genji has effects: Array(0)
DiscordTokenOverlay.js:20 DiscordTokenOverlay: Card 1genji has Discord token: undefined
HealthCounter.js:6 HealthCounter for 2hazard: Object
HealthCounter.js:25 HealthCounter: Showing normal HP 3 for 2hazard
ZaryaTokenOverlay.js:20 ZaryaTokenOverlay: Card 2hazard has Zarya token: undefined
HarmonyTokenOverlay.js:19 HarmonyTokenOverlay: Card 2hazard has effects: Array(0)
HarmonyTokenOverlay.js:20 HarmonyTokenOverlay: Card 2hazard has Harmony token: undefined
DiscordTokenOverlay.js:19 DiscordTokenOverlay: Card 2hazard has effects: Array(0)
DiscordTokenOverlay.js:20 DiscordTokenOverlay: Card 2hazard has Discord token: undefined
