 Download the React DevTools for a better development experience: https://reactjs.org/link/react-devtools
 Warning: Connect(Droppable): Support for defaultProps will be removed from memo components in a future major release. Use JavaScript default parameters instead.
    at div
    at CardDisplay (http://localhost:3000/owcardgame/static/js/bundle.js:97631:56)
    at div
    at div
    at PlayerArea (http://localhost:3000/owcardgame/static/js/bundle.js:98133:56)
    at div
    at PlayerHalf (http://localhost:3000/owcardgame/static/js/bundle.js:98709:56)
    at Provider (http://localhost:3000/owcardgame/static/js/bundle.js:66820:20)
    at App (http://localhost:3000/owcardgame/static/js/bundle.js:39202:25)
    at ErrorBoundary (http://localhost:3000/owcardgame/static/js/bundle.js:33415:35)
    at DragDropContext (http://localhost:3000/owcardgame/static/js/bundle.js:39326:19)
    at div
    at div
    at App (http://localhost:3000/owcardgame/static/js/bundle.js:78210:82)
printWarning @ bundle.js:40757
 CardDisplay mounted with droppableId: player1hand rowId: player1hand
 CardDisplay mounted with droppableId: 1b rowId: 1b
 CardDisplay mounted with droppableId: 1m rowId: 1m
 CardDisplay mounted with droppableId: 1f rowId: 1f
 CardDisplay mounted with droppableId: 2f rowId: 2f
 CardDisplay mounted with droppableId: 2m rowId: 2m
 CardDisplay mounted with droppableId: 2b rowId: 2b
 CardDisplay mounted with droppableId: player2hand rowId: player2hand
 TurnEffectsRunner: useEffect triggered Object
 TurnEffectsRunner: Turn change check Object
 TurnEffectsRunner: useEffect triggered Object
 TurnEffectsRunner: Turn change check Object
 HealthCounter for 2tracer: Object
 HealthCounter: Showing normal HP 3 for 2tracer
 HealthCounter for 2bastion: Object
 HealthCounter: Showing normal HP 4 for 2bastion
 HealthCounter for 2ramattra: Object
 HealthCounter: Showing normal HP 4 for 2ramattra
 HealthCounter for 2brigitte: Object
 HealthCounter: Showing normal HP 4 for 2brigitte
 HealthCounter for 2tracer: Object
 HealthCounter: Showing normal HP 3 for 2tracer
 HealthCounter for 2ramattra: Object
 HealthCounter: Showing normal HP 4 for 2ramattra
 HealthCounter for 2brigitte: Object
 HealthCounter: Showing normal HP 4 for 2brigitte
 HealthCounter for 2bastion: Object
 HealthCounter: Showing normal HP 4 for 2bastion
 Object
 HealthCounter for 2tracer: Object
 HealthCounter: Showing normal HP 3 for 2tracer
 HealthCounter for 2tracer: Object
 HealthCounter: Showing normal HP 3 for 2tracer
 HealthCounter for 2ramattra: Object
 HealthCounter: Showing normal HP 4 for 2ramattra
 HealthCounter for 2brigitte: Object
 HealthCounter: Showing normal HP 4 for 2brigitte
 HealthCounter for 2bastion: Object
 HealthCounter: Showing normal HP 4 for 2bastion
 HealthCounter for 2tracer: Object
 HealthCounter: Showing normal HP 3 for 2tracer
 HealthCounter for 2ramattra: Object
 HealthCounter: Showing normal HP 4 for 2ramattra
 HealthCounter for 2brigitte: Object
 HealthCounter: Showing normal HP 4 for 2brigitte
 HealthCounter for 2bastion: Object
 HealthCounter: Showing normal HP 4 for 2bastion
 HealthCounter for 2tracer: Object
 HealthCounter: Showing normal HP 3 for 2tracer
 HealthCounter for 2ramattra: Object
 HealthCounter: Showing normal HP 4 for 2ramattra
 HealthCounter for 2brigitte: Object
 HealthCounter: Showing normal HP 4 for 2brigitte
 HealthCounter for 2bastion: Object
 HealthCounter: Showing normal HP 4 for 2bastion
 HealthCounter for 2tracer: Object
 HealthCounter: Showing normal HP 3 for 2tracer
 HealthCounter for 2tracer: Object
 HealthCounter: Showing normal HP 3 for 2tracer
 HealthCounter for 2tracer: Object
 HealthCounter: Showing normal HP 3 for 2tracer
 HealthCounter for 2tracer: Object
 HealthCounter: Showing normal HP 3 for 2tracer
 HealthCounter for 2tracer: Object
 HealthCounter: Showing normal HP 3 for 2tracer
 HealthCounter for 2tracer: Object
 HealthCounter: Showing normal HP 3 for 2tracer
 HealthCounter for 2tracer: Object
 HealthCounter: Showing normal HP 3 for 2tracer
 HealthCounter for 2tracer: Object
 HealthCounter: Showing normal HP 3 for 2tracer
 HealthCounter for 2tracer: Object
 HealthCounter: Showing normal HP 3 for 2tracer
 HealthCounter for 2tracer: Object
 HealthCounter: Showing normal HP 3 for 2tracer
 HealthCounter for 2tracer: Object
 HealthCounter: Showing normal HP 3 for 2tracer
 HealthCounter for 2tracer: Object
 HealthCounter: Showing normal HP 3 for 2tracer
 HealthCounter for 2tracer: Object
 HealthCounter: Showing normal HP 3 for 2tracer
 HealthCounter for 2tracer: Object
 HealthCounter: Showing normal HP 3 for 2tracer
 HealthCounter for 2tracer: Object
 HealthCounter: Showing normal HP 3 for 2tracer
 HealthCounter for 2tracer: Object
 HealthCounter: Showing normal HP 3 for 2tracer
 HealthCounter for 2tracer: Object
 HealthCounter: Showing normal HP 3 for 2tracer
 HealthCounter for 2tracer: Object
 HealthCounter: Showing normal HP 3 for 2tracer
 HealthCounter for 2tracer: Object
 HealthCounter: Showing normal HP 3 for 2tracer
 HealthCounter for 2tracer: Object
 HealthCounter: Showing normal HP 3 for 2tracer
 HealthCounter for 2tracer: Object
 HealthCounter: Showing normal HP 3 for 2tracer
 HealthCounter for 2tracer: Object
 HealthCounter: Showing normal HP 3 for 2tracer
 HealthCounter for 2tracer: Object
 HealthCounter: Showing normal HP 3 for 2tracer
 HealthCounter for 2tracer: Object
 HealthCounter: Showing normal HP 3 for 2tracer
 HealthCounter for 2tracer: Object
 HealthCounter: Showing normal HP 3 for 2tracer
 HealthCounter for 2tracer: Object
 HealthCounter: Showing normal HP 3 for 2tracer
 HealthCounter for 2tracer: Object
 HealthCounter: Showing normal HP 3 for 2tracer
 HealthCounter for 2tracer: Object
 HealthCounter: Showing normal HP 3 for 2tracer
 HealthCounter for 2tracer: Object
 HealthCounter: Showing normal HP 3 for 2tracer
 HealthCounter for 2tracer: Object
 HealthCounter: Showing normal HP 3 for 2tracer
 HealthCounter for 2tracer: Object
 HealthCounter: Showing normal HP 3 for 2tracer
 HealthCounter for 2tracer: Object
 HealthCounter: Showing normal HP 3 for 2tracer
 HealthCounter for 2tracer: Object
 HealthCounter: Showing normal HP 3 for 2tracer
 HealthCounter for 2tracer: Object
 HealthCounter: Showing normal HP 3 for 2tracer
 HealthCounter for 2tracer: Object
 HealthCounter: Showing normal HP 3 for 2tracer
 HealthCounter for 2tracer: Object
 HealthCounter: Showing normal HP 3 for 2tracer
 HealthCounter for 2tracer: Object
 HealthCounter: Showing normal HP 3 for 2tracer
 HealthCounter for 2tracer: Object
 HealthCounter: Showing normal HP 3 for 2tracer
 Attempting to play placement sound...
 Placement audio source: /owcardgame/static/media/placement.445605f26d71501234a7.mp3
 Created placement audio object: 
 Playing tracer enter sound...
 MOVE_CARD reducer: Moving 2tracer from player2hand:0 to 2m:0
 MOVE_CARD reducer: Start row exists: true, Finish row exists: true
 MOVE_CARD reducer: Start row cards: [2tracer, 2ramattra, 2brigitte, 2bastion]
 MOVE_CARD reducer: Finish row cards: [none]
 MOVE_CARD reducer: New start row cards: [2ramattra, 2brigitte, 2bastion]
 MOVE_CARD reducer: New finish row cards: [2tracer]
 MOVE_CARD reducer: About to update state
 MOVE_CARD reducer: State updated. New finish row cards: [2tracer]
 HealthCounter for 2ramattra: Object
 HealthCounter: Showing normal HP 4 for 2ramattra
 HealthCounter for 2brigitte: Object
 HealthCounter: Showing normal HP 4 for 2brigitte
 HealthCounter for 2bastion: Object
 HealthCounter: Showing normal HP 4 for 2bastion
 TurnEffectsRunner: useEffect triggered Object
 TurnEffectsRunner: Turn change check Object
 HealthCounter for 2ramattra: Object
 HealthCounter: Showing normal HP 4 for 2ramattra
 HealthCounter for 2brigitte: Object
 HealthCounter: Showing normal HP 4 for 2brigitte
 HealthCounter for 2bastion: Object
 HealthCounter: Showing normal HP 4 for 2bastion
 TurnEffectsRunner: useEffect triggered Object
 TurnEffectsRunner: Turn change check Object
 HealthCounter for 2ramattra: Object
 HealthCounter: Showing normal HP 4 for 2ramattra
 HealthCounter for 2brigitte: Object
 HealthCounter: Showing normal HP 4 for 2brigitte
 HealthCounter for 2bastion: Object
 HealthCounter: Showing normal HP 4 for 2bastion
 HealthCounter for 2tracer: Object
 HealthCounter: Showing normal HP 3 for 2tracer
 HealthCounter for 2tracer: Object
 HealthCounter: Showing normal HP 3 for 2tracer
 HealthCounter for 2ramattra: Object
 HealthCounter: Showing normal HP 4 for 2ramattra
 HealthCounter for 2brigitte: Object
 HealthCounter: Showing normal HP 4 for 2brigitte
 HealthCounter for 2bastion: Object
 HealthCounter: Showing normal HP 4 for 2bastion
 Placement sound played successfully
 tracer enter sound played successfully
 HealthCounter for 1mccree: Object
 HealthCounter: Showing normal HP 3 for 1mccree
 HealthCounter for 1wreckingball: Object
 HealthCounter: Showing normal HP 3 for 1wreckingball
 HealthCounter for 1mercy: Object
 HealthCounter: Showing normal HP 3 for 1mercy
 HealthCounter for 1symmetra: Object
 HealthCounter: Showing normal HP 3 for 1symmetra
 HealthCounter for 2tracer: Object
 HealthCounter: Showing normal HP 3 for 2tracer
 Player 1 drew reaper
 Playing reaper intro sound...
 TurnEffectsRunner: useEffect triggered Object
 TurnEffectsRunner: Turn change check Object
 TurnEffectsRunner: Turn changed, processing effects
 Lifeweaver: Starting temporary HP cleanup for player 1
 Lifeweaver: No temporary HP effects found to clean up for player 1
 Lifeweaver: Temporary HP cleanup completed
 TurnEffectsRunner: Checking row 1b with 0 ally effects and 0 enemy effects
 TurnEffectsRunner: Checking row 1m with 0 ally effects and 0 enemy effects
 TurnEffectsRunner: Checking row 1f with 0 ally effects and 0 enemy effects
 HealthCounter for 1mccree: Object
 HealthCounter: Showing normal HP 3 for 1mccree
 HealthCounter for 1wreckingball: Object
 HealthCounter: Showing normal HP 3 for 1wreckingball
 HealthCounter for 1mercy: Object
 HealthCounter: Showing normal HP 3 for 1mercy
 HealthCounter for 1symmetra: Object
 HealthCounter: Showing normal HP 3 for 1symmetra
 HealthCounter for 2tracer: Object
 HealthCounter: Showing normal HP 3 for 2tracer
 TurnEffectsRunner: useEffect triggered Object
 TurnEffectsRunner: Turn change check Object
 HealthCounter for 1mccree: Object
 HealthCounter: Showing normal HP 3 for 1mccree
 HealthCounter for 1wreckingball: Object
 HealthCounter: Showing normal HP 3 for 1wreckingball
 HealthCounter for 1mercy: Object
 HealthCounter: Showing normal HP 3 for 1mercy
 HealthCounter for 1symmetra: Object
 HealthCounter: Showing normal HP 3 for 1symmetra
 HealthCounter for 2tracer: Object
 HealthCounter: Showing normal HP 3 for 2tracer
 HealthCounter for 1reaper: Object
 HealthCounter: Showing normal HP 4 for 1reaper
 reaper intro sound played successfully
 HealthCounter for 1mccree: Object
 HealthCounter: Showing normal HP 3 for 1mccree
 HealthCounter for 1wreckingball: Object
 HealthCounter: Showing normal HP 3 for 1wreckingball
 HealthCounter for 1mercy: Object
 HealthCounter: Showing normal HP 3 for 1mercy
 HealthCounter for 1symmetra: Object
 HealthCounter: Showing normal HP 3 for 1symmetra
 HealthCounter for 1reaper: Object
 HealthCounter: Showing normal HP 4 for 1reaper
 HealthCounter for 2tracer: Object
 HealthCounter: Showing normal HP 3 for 2tracer
 Object
 HealthCounter for 1mccree: Object
 HealthCounter: Showing normal HP 3 for 1mccree
 HealthCounter for 1mccree: Object
 HealthCounter: Showing normal HP 3 for 1mccree
 HealthCounter for 1mccree: Object
 HealthCounter: Showing normal HP 3 for 1mccree
 HealthCounter for 1mccree: Object
 HealthCounter: Showing normal HP 3 for 1mccree
 HealthCounter for 1wreckingball: Object
 HealthCounter: Showing normal HP 3 for 1wreckingball
 HealthCounter for 1mercy: Object
 HealthCounter: Showing normal HP 3 for 1mercy
 HealthCounter for 1symmetra: Object
 HealthCounter: Showing normal HP 3 for 1symmetra
 HealthCounter for 1reaper: Object
 HealthCounter: Showing normal HP 4 for 1reaper
 HealthCounter for 1mccree: Object
 HealthCounter: Showing normal HP 3 for 1mccree
 HealthCounter for 1mccree: Object
 HealthCounter: Showing normal HP 3 for 1mccree
 HealthCounter for 1mccree: Object
 HealthCounter: Showing normal HP 3 for 1mccree
 HealthCounter for 1mccree: Object
 HealthCounter: Showing normal HP 3 for 1mccree
 HealthCounter for 1mccree: Object
 HealthCounter: Showing normal HP 3 for 1mccree
 HealthCounter for 1mccree: Object
 HealthCounter: Showing normal HP 3 for 1mccree
 HealthCounter for 1mccree: Object
 HealthCounter: Showing normal HP 3 for 1mccree
 HealthCounter for 1mccree: Object
 HealthCounter: Showing normal HP 3 for 1mccree
 HealthCounter for 1mccree: Object
 HealthCounter: Showing normal HP 3 for 1mccree
 HealthCounter for 1mccree: Object
 HealthCounter: Showing normal HP 3 for 1mccree
 HealthCounter for 1wreckingball: Object
 HealthCounter: Showing normal HP 3 for 1wreckingball
 HealthCounter for 1mercy: Object
 HealthCounter: Showing normal HP 3 for 1mercy
 HealthCounter for 1symmetra: Object
 HealthCounter: Showing normal HP 3 for 1symmetra
 HealthCounter for 1reaper: Object
 HealthCounter: Showing normal HP 4 for 1reaper
 HealthCounter for 1mccree: Object
 HealthCounter: Showing normal HP 3 for 1mccree
 HealthCounter for 1wreckingball: Object
 HealthCounter: Showing normal HP 3 for 1wreckingball
 HealthCounter for 1mercy: Object
 HealthCounter: Showing normal HP 3 for 1mercy
 HealthCounter for 1symmetra: Object
 HealthCounter: Showing normal HP 3 for 1symmetra
 HealthCounter for 1reaper: Object
 HealthCounter: Showing normal HP 4 for 1reaper
 HealthCounter for 1mccree: Object
 HealthCounter: Showing normal HP 3 for 1mccree
 HealthCounter for 1mccree: Object
 HealthCounter: Showing normal HP 3 for 1mccree
 HealthCounter for 1mccree: Object
 HealthCounter: Showing normal HP 3 for 1mccree
 HealthCounter for 1mccree: Object
 HealthCounter: Showing normal HP 3 for 1mccree
 HealthCounter for 1mccree: Object
 HealthCounter: Showing normal HP 3 for 1mccree
 HealthCounter for 1mccree: Object
 HealthCounter: Showing normal HP 3 for 1mccree
 HealthCounter for 1mccree: Object
 HealthCounter: Showing normal HP 3 for 1mccree
 HealthCounter for 1mccree: Object
 HealthCounter: Showing normal HP 3 for 1mccree
 HealthCounter for 1mccree: Object
 HealthCounter: Showing normal HP 3 for 1mccree
 HealthCounter for 1mccree: Object
 HealthCounter: Showing normal HP 3 for 1mccree
 HealthCounter for 1mccree: Object
 HealthCounter: Showing normal HP 3 for 1mccree
 HealthCounter for 1mccree: Object
 HealthCounter: Showing normal HP 3 for 1mccree
 HealthCounter for 1mccree: Object
 HealthCounter: Showing normal HP 3 for 1mccree
 HealthCounter for 1mccree: Object
 HealthCounter: Showing normal HP 3 for 1mccree
 HealthCounter for 1mccree: Object
 HealthCounter: Showing normal HP 3 for 1mccree
 HealthCounter for 1mccree: Object
 HealthCounter: Showing normal HP 3 for 1mccree
 HealthCounter for 1mccree: Object
 HealthCounter: Showing normal HP 3 for 1mccree
 HealthCounter for 1mccree: Object
 HealthCounter: Showing normal HP 3 for 1mccree
 HealthCounter for 1mccree: Object
 HealthCounter: Showing normal HP 3 for 1mccree
 HealthCounter for 1mccree: Object
 HealthCounter: Showing normal HP 3 for 1mccree
 HealthCounter for 1mccree: Object
 HealthCounter: Showing normal HP 3 for 1mccree
 HealthCounter for 1mccree: Object
 HealthCounter: Showing normal HP 3 for 1mccree
 HealthCounter for 1mccree: Object
 HealthCounter: Showing normal HP 3 for 1mccree
 HealthCounter for 1mccree: Object
 HealthCounter: Showing normal HP 3 for 1mccree
 HealthCounter for 1mccree: Object
 HealthCounter: Showing normal HP 3 for 1mccree
 HealthCounter for 1mccree: Object
 HealthCounter: Showing normal HP 3 for 1mccree
 HealthCounter for 1mccree: Object
 HealthCounter: Showing normal HP 3 for 1mccree
 HealthCounter for 1mccree: Object
 HealthCounter: Showing normal HP 3 for 1mccree
 HealthCounter for 1mccree: Object
 HealthCounter: Showing normal HP 3 for 1mccree
 HealthCounter for 1mccree: Object
 HealthCounter: Showing normal HP 3 for 1mccree
 HealthCounter for 1mccree: Object
 HealthCounter: Showing normal HP 3 for 1mccree
 HealthCounter for 1mccree: Object
 HealthCounter: Showing normal HP 3 for 1mccree
 HealthCounter for 1mccree: Object
 HealthCounter: Showing normal HP 3 for 1mccree
 HealthCounter for 1mccree: Object
 HealthCounter: Showing normal HP 3 for 1mccree
 Attempting to play placement sound...
 Placement audio source: /owcardgame/static/media/placement.445605f26d71501234a7.mp3
 Created placement audio object: 
 Playing mccree enter sound...
 MOVE_CARD reducer: Moving 1mccree from player1hand:0 to 1m:0
 MOVE_CARD reducer: Start row exists: true, Finish row exists: true
 MOVE_CARD reducer: Start row cards: [1mccree, 1wreckingball, 1mercy, 1symmetra, 1reaper]
 MOVE_CARD reducer: Finish row cards: [none]
 MOVE_CARD reducer: New start row cards: [1wreckingball, 1mercy, 1symmetra, 1reaper]
 MOVE_CARD reducer: New finish row cards: [1mccree]
 MOVE_CARD reducer: About to update state
 MOVE_CARD reducer: State updated. New finish row cards: [1mccree]
 HealthCounter for 1wreckingball: Object
 HealthCounter: Showing normal HP 3 for 1wreckingball
 HealthCounter for 1mercy: Object
 HealthCounter: Showing normal HP 3 for 1mercy
 HealthCounter for 1symmetra: Object
 HealthCounter: Showing normal HP 3 for 1symmetra
 HealthCounter for 1reaper: Object
 HealthCounter: Showing normal HP 4 for 1reaper
 HealthCounter for 2tracer: Object
 HealthCounter: Showing normal HP 3 for 2tracer
 TurnEffectsRunner: useEffect triggered Object
 TurnEffectsRunner: Turn change check Object
 HealthCounter for 1wreckingball: Object
 HealthCounter: Showing normal HP 3 for 1wreckingball
 HealthCounter for 1mercy: Object
 HealthCounter: Showing normal HP 3 for 1mercy
 HealthCounter for 1symmetra: Object
 HealthCounter: Showing normal HP 3 for 1symmetra
 HealthCounter for 1reaper: Object
 HealthCounter: Showing normal HP 4 for 1reaper
 HealthCounter for 1mccree: Object
 HealthCounter: Showing normal HP 3 for 1mccree
 HealthCounter for 2tracer: Object
 HealthCounter: Showing normal HP 3 for 2tracer
 TurnEffectsRunner: useEffect triggered Object
 TurnEffectsRunner: Turn change check Object
 HealthCounter for 1wreckingball: Object
 HealthCounter: Showing normal HP 3 for 1wreckingball
 HealthCounter for 1mercy: Object
 HealthCounter: Showing normal HP 3 for 1mercy
 HealthCounter for 1symmetra: Object
 HealthCounter: Showing normal HP 3 for 1symmetra
 HealthCounter for 1reaper: Object
 HealthCounter: Showing normal HP 4 for 1reaper
 HealthCounter for 1mccree: Object
 HealthCounter: Showing normal HP 3 for 1mccree
 HealthCounter for 2tracer: Object
 HealthCounter: Showing normal HP 3 for 2tracer
 Placement sound played successfully
 mccree enter sound played successfully
 HealthCounter for 1wreckingball: Object
 HealthCounter: Showing normal HP 3 for 1wreckingball
 HealthCounter for 1mercy: Object
 HealthCounter: Showing normal HP 3 for 1mercy
 HealthCounter for 1symmetra: Object
 HealthCounter: Showing normal HP 3 for 1symmetra
 HealthCounter for 1reaper: Object
 HealthCounter: Showing normal HP 4 for 1reaper
 HealthCounter for 1mccree: Object
 HealthCounter: Showing normal HP 3 for 1mccree
 HealthCounter for 2tracer: Object
 HealthCounter: Showing normal HP 3 for 2tracer
 HealthCounter for 1wreckingball: Object
 HealthCounter: Showing normal HP 3 for 1wreckingball
 HealthCounter for 1mercy: Object
 HealthCounter: Showing normal HP 3 for 1mercy
 HealthCounter for 1symmetra: Object
 HealthCounter: Showing normal HP 3 for 1symmetra
 HealthCounter for 1reaper: Object
 HealthCounter: Showing normal HP 4 for 1reaper
 HealthCounter for 1mccree: Object
 HealthCounter: Showing normal HP 3 for 1mccree
 HealthCounter for 2tracer: Object
 HealthCounter: Showing normal HP 3 for 2tracer
 HealthCounter for 1mccree: Object
 HealthCounter: Showing normal HP 3 for 1mccree
 HealthCounter for 2tracer: Object
 HealthCounter: Showing normal HP 3 for 2tracer
 HealthCounter for 2ramattra: Object
 HealthCounter: Showing normal HP 4 for 2ramattra
 HealthCounter for 2brigitte: Object
 HealthCounter: Showing normal HP 4 for 2brigitte
 HealthCounter for 2bastion: Object
 HealthCounter: Showing normal HP 4 for 2bastion
 Player 2 drew sigma
 Playing sigma intro sound...
 TurnEffectsRunner: useEffect triggered Object
 TurnEffectsRunner: Turn change check Object
 TurnEffectsRunner: Turn changed, processing effects
 Lifeweaver: Starting temporary HP cleanup for player 2
 Lifeweaver: No temporary HP effects found to clean up for player 2
 Lifeweaver: Temporary HP cleanup completed
 TurnEffectsRunner: Checking row 2b with 0 ally effects and 0 enemy effects
 TurnEffectsRunner: Checking row 2m with 0 ally effects and 0 enemy effects
 TurnEffectsRunner: Checking row 2f with 0 ally effects and 0 enemy effects
 HealthCounter for 1mccree: Object
 HealthCounter: Showing normal HP 3 for 1mccree
 HealthCounter for 2tracer: Object
 HealthCounter: Showing normal HP 3 for 2tracer
 HealthCounter for 2ramattra: Object
 HealthCounter: Showing normal HP 4 for 2ramattra
 HealthCounter for 2brigitte: Object
 HealthCounter: Showing normal HP 4 for 2brigitte
 HealthCounter for 2bastion: Object
 HealthCounter: Showing normal HP 4 for 2bastion
 TurnEffectsRunner: useEffect triggered Object
 TurnEffectsRunner: Turn change check Object
 HealthCounter for 1mccree: Object
 HealthCounter: Showing normal HP 3 for 1mccree
 HealthCounter for 2tracer: Object
 HealthCounter: Showing normal HP 3 for 2tracer
 HealthCounter for 2ramattra: Object
 HealthCounter: Showing normal HP 4 for 2ramattra
 HealthCounter for 2brigitte: Object
 HealthCounter: Showing normal HP 4 for 2brigitte
 HealthCounter for 2bastion: Object
 HealthCounter: Showing normal HP 4 for 2bastion
 HealthCounter for 2sigma: Object
 HealthCounter: Showing normal HP 4 for 2sigma
 sigma intro sound played successfully
 HealthCounter for 1wreckingball: Object
 HealthCounter: Showing normal HP 3 for 1wreckingball
 HealthCounter for 1mercy: Object
 HealthCounter: Showing normal HP 3 for 1mercy
 HealthCounter for 1symmetra: Object
 HealthCounter: Showing normal HP 3 for 1symmetra
 HealthCounter for 1reaper: Object
 HealthCounter: Showing normal HP 4 for 1reaper
 HealthCounter for 1mccree: Object
 HealthCounter: Showing normal HP 3 for 1mccree
 HealthCounter for 2tracer: Object
 HealthCounter: Showing normal HP 3 for 2tracer
 Player 1 drew soldier
 Playing soldier intro sound...
 TurnEffectsRunner: useEffect triggered Object
 TurnEffectsRunner: Turn change check Object
 TurnEffectsRunner: Turn changed, processing effects
 Lifeweaver: Starting temporary HP cleanup for player 1
 Lifeweaver: No temporary HP effects found to clean up for player 1
 Lifeweaver: Temporary HP cleanup completed
 TurnEffectsRunner: Checking row 1b with 0 ally effects and 0 enemy effects
 TurnEffectsRunner: Checking row 1m with 0 ally effects and 0 enemy effects
 TurnEffectsRunner: Checking row 1f with 0 ally effects and 0 enemy effects
 HealthCounter for 1wreckingball: Object
 HealthCounter: Showing normal HP 3 for 1wreckingball
 HealthCounter for 1mercy: Object
 HealthCounter: Showing normal HP 3 for 1mercy
 HealthCounter for 1symmetra: Object
 HealthCounter: Showing normal HP 3 for 1symmetra
 HealthCounter for 1reaper: Object
 HealthCounter: Showing normal HP 4 for 1reaper
 HealthCounter for 1mccree: Object
 HealthCounter: Showing normal HP 3 for 1mccree
 HealthCounter for 2tracer: Object
 HealthCounter: Showing normal HP 3 for 2tracer
 TurnEffectsRunner: useEffect triggered Object
 TurnEffectsRunner: Turn change check Object
 HealthCounter for 1wreckingball: Object
 HealthCounter: Showing normal HP 3 for 1wreckingball
 HealthCounter for 1mercy: Object
 HealthCounter: Showing normal HP 3 for 1mercy
 HealthCounter for 1symmetra: Object
 HealthCounter: Showing normal HP 3 for 1symmetra
 HealthCounter for 1reaper: Object
 HealthCounter: Showing normal HP 4 for 1reaper
 HealthCounter for 1mccree: Object
 HealthCounter: Showing normal HP 3 for 1mccree
 HealthCounter for 2tracer: Object
 HealthCounter: Showing normal HP 3 for 2tracer
 HealthCounter for 1soldier: Object
 HealthCounter: Showing normal HP 4 for 1soldier
 soldier intro sound played successfully
 HealthCounter for 1wreckingball: Object
 HealthCounter: Showing normal HP 3 for 1wreckingball
 HealthCounter for 1mercy: Object
 HealthCounter: Showing normal HP 3 for 1mercy
 HealthCounter for 1symmetra: Object
 HealthCounter: Showing normal HP 3 for 1symmetra
 HealthCounter for 1reaper: Object
 HealthCounter: Showing normal HP 4 for 1reaper
 HealthCounter for 1soldier: Object
 HealthCounter: Showing normal HP 4 for 1soldier
 HealthCounter for 1mccree: Object
 HealthCounter: Showing normal HP 3 for 1mccree
 HealthCounter for 2tracer: Object
 HealthCounter: Showing normal HP 3 for 2tracer
 Object
 HealthCounter for 1reaper: Object
 HealthCounter: Showing normal HP 4 for 1reaper
 HealthCounter for 1reaper: Object
 HealthCounter: Showing normal HP 4 for 1reaper
 HealthCounter for 1reaper: Object
 HealthCounter: Showing normal HP 4 for 1reaper
 HealthCounter for 1mercy: Object
 HealthCounter: Showing normal HP 3 for 1mercy
 HealthCounter for 1symmetra: Object
 HealthCounter: Showing normal HP 3 for 1symmetra
 HealthCounter for 1reaper: Object
 HealthCounter: Showing normal HP 4 for 1reaper
 HealthCounter for 1soldier: Object
 HealthCounter: Showing normal HP 4 for 1soldier
 HealthCounter for 1wreckingball: Object
 HealthCounter: Showing normal HP 3 for 1wreckingball
 HealthCounter for 1mercy: Object
 HealthCounter: Showing normal HP 3 for 1mercy
 HealthCounter for 1symmetra: Object
 HealthCounter: Showing normal HP 3 for 1symmetra
 HealthCounter for 1reaper: Object
 HealthCounter: Showing normal HP 4 for 1reaper
 HealthCounter for 1soldier: Object
 HealthCounter: Showing normal HP 4 for 1soldier
 HealthCounter for 1reaper: Object
 HealthCounter: Showing normal HP 4 for 1reaper
 HealthCounter for 1reaper: Object
 HealthCounter: Showing normal HP 4 for 1reaper
 HealthCounter for 1reaper: Object
 HealthCounter: Showing normal HP 4 for 1reaper
 HealthCounter for 1reaper: Object
 HealthCounter: Showing normal HP 4 for 1reaper
 HealthCounter for 1reaper: Object
 HealthCounter: Showing normal HP 4 for 1reaper
 HealthCounter for 1reaper: Object
 HealthCounter: Showing normal HP 4 for 1reaper
 HealthCounter for 1mccree: Object
 HealthCounter: Showing normal HP 3 for 1mccree
 HealthCounter for 1reaper: Object
 HealthCounter: Showing normal HP 4 for 1reaper
 HealthCounter for 1reaper: Object
 HealthCounter: Showing normal HP 4 for 1reaper
 HealthCounter for 1reaper: Object
 HealthCounter: Showing normal HP 4 for 1reaper
 HealthCounter for 1reaper: Object
 HealthCounter: Showing normal HP 4 for 1reaper
 HealthCounter for 1reaper: Object
 HealthCounter: Showing normal HP 4 for 1reaper
 HealthCounter for 1reaper: Object
 HealthCounter: Showing normal HP 4 for 1reaper
 HealthCounter for 1reaper: Object
 HealthCounter: Showing normal HP 4 for 1reaper
 HealthCounter for 1reaper: Object
 HealthCounter: Showing normal HP 4 for 1reaper
 HealthCounter for 1reaper: Object
 HealthCounter: Showing normal HP 4 for 1reaper
 HealthCounter for 1reaper: Object
 HealthCounter: Showing normal HP 4 for 1reaper
 HealthCounter for 1reaper: Object
 HealthCounter: Showing normal HP 4 for 1reaper
 HealthCounter for 1reaper: Object
 HealthCounter: Showing normal HP 4 for 1reaper
 HealthCounter for 1reaper: Object
 HealthCounter: Showing normal HP 4 for 1reaper
 HealthCounter for 1reaper: Object
 HealthCounter: Showing normal HP 4 for 1reaper
 HealthCounter for 1reaper: Object
 HealthCounter: Showing normal HP 4 for 1reaper
 HealthCounter for 1reaper: Object
 HealthCounter: Showing normal HP 4 for 1reaper
 HealthCounter for 1reaper: Object
 HealthCounter: Showing normal HP 4 for 1reaper
 HealthCounter for 1reaper: Object
 HealthCounter: Showing normal HP 4 for 1reaper
 HealthCounter for 1reaper: Object
 HealthCounter: Showing normal HP 4 for 1reaper
 HealthCounter for 1reaper: Object
 HealthCounter: Showing normal HP 4 for 1reaper
 HealthCounter for 1reaper: Object
 HealthCounter: Showing normal HP 4 for 1reaper
 HealthCounter for 1reaper: Object
 HealthCounter: Showing normal HP 4 for 1reaper
 HealthCounter for 1reaper: Object
 HealthCounter: Showing normal HP 4 for 1reaper
 HealthCounter for 1reaper: Object
 HealthCounter: Showing normal HP 4 for 1reaper
 HealthCounter for 1reaper: Object
 HealthCounter: Showing normal HP 4 for 1reaper
 HealthCounter for 1reaper: Object
 HealthCounter: Showing normal HP 4 for 1reaper
 HealthCounter for 1reaper: Object
 HealthCounter: Showing normal HP 4 for 1reaper
 HealthCounter for 1reaper: Object
 HealthCounter: Showing normal HP 4 for 1reaper
 HealthCounter for 1reaper: Object
 HealthCounter: Showing normal HP 4 for 1reaper
 HealthCounter for 1reaper: Object
 HealthCounter: Showing normal HP 4 for 1reaper
 HealthCounter for 1reaper: Object
 HealthCounter: Showing normal HP 4 for 1reaper
 HealthCounter for 1reaper: Object
 HealthCounter: Showing normal HP 4 for 1reaper
 HealthCounter for 1reaper: Object
 HealthCounter: Showing normal HP 4 for 1reaper
 HealthCounter for 1reaper: Object
 HealthCounter: Showing normal HP 4 for 1reaper
 HealthCounter for 1reaper: Object
 HealthCounter: Showing normal HP 4 for 1reaper
 HealthCounter for 1reaper: Object
 HealthCounter: Showing normal HP 4 for 1reaper
 HealthCounter for 1reaper: Object
 HealthCounter: Showing normal HP 4 for 1reaper
 HealthCounter for 1reaper: Object
 HealthCounter: Showing normal HP 4 for 1reaper
 HealthCounter for 1reaper: Object
 HealthCounter: Showing normal HP 4 for 1reaper
 HealthCounter for 1reaper: Object
 HealthCounter: Showing normal HP 4 for 1reaper
 HealthCounter for 1reaper: Object
 HealthCounter: Showing normal HP 4 for 1reaper
 HealthCounter for 1reaper: Object
 HealthCounter: Showing normal HP 4 for 1reaper
 HealthCounter for 1reaper: Object
 HealthCounter: Showing normal HP 4 for 1reaper
 HealthCounter for 1reaper: Object
 HealthCounter: Showing normal HP 4 for 1reaper
 HealthCounter for 1reaper: Object
 HealthCounter: Showing normal HP 4 for 1reaper
 HealthCounter for 1reaper: Object
 HealthCounter: Showing normal HP 4 for 1reaper
 HealthCounter for 1reaper: Object
 HealthCounter: Showing normal HP 4 for 1reaper
 HealthCounter for 1reaper: Object
 HealthCounter: Showing normal HP 4 for 1reaper
 HealthCounter for 1reaper: Object
 HealthCounter: Showing normal HP 4 for 1reaper
 HealthCounter for 1reaper: Object
 HealthCounter: Showing normal HP 4 for 1reaper
 HealthCounter for 1reaper: Object
 HealthCounter: Showing normal HP 4 for 1reaper
 HealthCounter for 1reaper: Object
 HealthCounter: Showing normal HP 4 for 1reaper
 HealthCounter for 1reaper: Object
 HealthCounter: Showing normal HP 4 for 1reaper
 HealthCounter for 1reaper: Object
 HealthCounter: Showing normal HP 4 for 1reaper
 HealthCounter for 1reaper: Object
 HealthCounter: Showing normal HP 4 for 1reaper
 HealthCounter for 1reaper: Object
 HealthCounter: Showing normal HP 4 for 1reaper
 HealthCounter for 1reaper: Object
 HealthCounter: Showing normal HP 4 for 1reaper
 HealthCounter for 1reaper: Object
 HealthCounter: Showing normal HP 4 for 1reaper
 HealthCounter for 1reaper: Object
 HealthCounter: Showing normal HP 4 for 1reaper
 HealthCounter for 1reaper: Object
 HealthCounter: Showing normal HP 4 for 1reaper
 HealthCounter for 1reaper: Object
 HealthCounter: Showing normal HP 4 for 1reaper
 HealthCounter for 1reaper: Object
 HealthCounter: Showing normal HP 4 for 1reaper
 HealthCounter for 1reaper: Object
 HealthCounter: Showing normal HP 4 for 1reaper
 HealthCounter for 1reaper: Object
 HealthCounter: Showing normal HP 4 for 1reaper
 HealthCounter for 1reaper: Object
 HealthCounter: Showing normal HP 4 for 1reaper
 HealthCounter for 1reaper: Object
 HealthCounter: Showing normal HP 4 for 1reaper
 HealthCounter for 1reaper: Object
 HealthCounter: Showing normal HP 4 for 1reaper
 HealthCounter for 1reaper: Object
 HealthCounter: Showing normal HP 4 for 1reaper
 HealthCounter for 1reaper: Object
 HealthCounter: Showing normal HP 4 for 1reaper
 HealthCounter for 1reaper: Object
 HealthCounter: Showing normal HP 4 for 1reaper
 HealthCounter for 1reaper: Object
 HealthCounter: Showing normal HP 4 for 1reaper
 Attempting to play placement sound...
 Placement audio source: /owcardgame/static/media/placement.445605f26d71501234a7.mp3
 Created placement audio object: 
 Playing reaper enter sound...
 MOVE_CARD reducer: Moving 1reaper from player1hand:3 to 1m:0
 MOVE_CARD reducer: Start row exists: true, Finish row exists: true
 MOVE_CARD reducer: Start row cards: [1wreckingball, 1mercy, 1symmetra, 1reaper, 1soldier]
 MOVE_CARD reducer: Finish row cards: [1mccree]
 MOVE_CARD reducer: New start row cards: [1wreckingball, 1mercy, 1symmetra, 1soldier]
 MOVE_CARD reducer: New finish row cards: [1reaper, 1mccree]
 MOVE_CARD reducer: About to update state
 MOVE_CARD reducer: State updated. New finish row cards: [1reaper, 1mccree]
 HealthCounter for 1wreckingball: Object
 HealthCounter: Showing normal HP 3 for 1wreckingball
 HealthCounter for 1mercy: Object
 HealthCounter: Showing normal HP 3 for 1mercy
 HealthCounter for 1symmetra: Object
 HealthCounter: Showing normal HP 3 for 1symmetra
 HealthCounter for 1soldier: Object
 HealthCounter: Showing normal HP 4 for 1soldier
 HealthCounter for 1mccree: Object
 HealthCounter: Showing normal HP 3 for 1mccree
 HealthCounter for 2tracer: Object
 HealthCounter: Showing normal HP 3 for 2tracer
 TurnEffectsRunner: useEffect triggered Object
 TurnEffectsRunner: Turn change check Object
 HealthCounter for 1wreckingball: Object
 HealthCounter: Showing normal HP 3 for 1wreckingball
 HealthCounter for 1mercy: Object
 HealthCounter: Showing normal HP 3 for 1mercy
 HealthCounter for 1symmetra: Object
 HealthCounter: Showing normal HP 3 for 1symmetra
 HealthCounter for 1soldier: Object
 HealthCounter: Showing normal HP 4 for 1soldier
 HealthCounter for 1reaper: Object
 HealthCounter: Showing normal HP 4 for 1reaper
 HealthCounter for 1mccree: Object
 HealthCounter: Showing normal HP 3 for 1mccree
 HealthCounter for 2tracer: Object
 HealthCounter: Showing normal HP 3 for 2tracer
 TurnEffectsRunner: useEffect triggered Object
 TurnEffectsRunner: Turn change check Object
 HealthCounter for 1wreckingball: Object
 HealthCounter: Showing normal HP 3 for 1wreckingball
 HealthCounter for 1mercy: Object
 HealthCounter: Showing normal HP 3 for 1mercy
 HealthCounter for 1symmetra: Object
 HealthCounter: Showing normal HP 3 for 1symmetra
 HealthCounter for 1soldier: Object
 HealthCounter: Showing normal HP 4 for 1soldier
 HealthCounter for 1reaper: Object
 HealthCounter: Showing normal HP 4 for 1reaper
 HealthCounter for 1mccree: Object
 HealthCounter: Showing normal HP 3 for 1mccree
 HealthCounter for 2tracer: Object
 HealthCounter: Showing normal HP 3 for 2tracer
 Placement sound played successfully
 reaper enter sound played successfully
 DamageBus - Checking invulnerability for 2tracer at index 0 in row 2m Object
 DamageBus - Target 2tracer is NOT invulnerable, proceeding with damage
 DamageBus - Tracer check: 2tracer, health: 3, damage: 3, newHealth: 0, shouldRecall: true
 DamageBus - Tracer Recall synergy check: 2 synergy available, need 2
 DamageBus - Tracer Smart Recall: 3 damage would bring Tracer to 0 HP - triggering Recall instead
 DamageBus - triggerTracerRecall function exists: true
 Tracer Recall: Function called with 2tracer in row 2m
 Tracer Recall: Active status: false
 Tracer Recall: Triggering for 2tracer in row 2m
 Tracer Recall: Removed 0 effects from 2tracer
 Tracer Recall: About to dispatch EDIT_CARD action
 Tracer Recall: EDIT_CARD action dispatched
 Tracer Recall: Moving 2tracer from 2m to player2hand
 Tracer Recall: moveCardToRow function exists: true
 moveCardToRow: Moving 2tracer to player2hand
 moveCardToRow: Card exists: true
 moveCardToRow: Target row exists: true
 moveCardToRow: Searching for 2tracer in all rows...
 moveCardToRow: Row 1f has 0 cards: []
 moveCardToRow: Row 1m has 2 cards: [1reaper, 1mccree]
 moveCardToRow: Row 1b has 0 cards: []
 moveCardToRow: Row 2f has 0 cards: []
 moveCardToRow: Row 2m has 1 cards: [2tracer]
 moveCardToRow: Found 2tracer in 2m at index 0
 moveCardToRow: Final location: 2m at index 0
 moveCardToRow: Target row player2hand has 4 cards: [2ramattra, 2brigitte, 2bastion, 2sigma]
 moveCardToRow: Dispatching move from 2m:0 to player2hand:4
 Tracer Recall: Move command sent
 Tracer Recall: Consumed 2 synergy from 2m
 Tracer Recall: Marked ultimate as used for 2tracer
 DamageBus - Recall trigger called
 MOVE_CARD reducer: Moving 2tracer from 2m:0 to player2hand:4
 MOVE_CARD reducer: Start row exists: true, Finish row exists: true
 MOVE_CARD reducer: Start row cards: [2tracer]
 MOVE_CARD reducer: Finish row cards: [2ramattra, 2brigitte, 2bastion, 2sigma]
 MOVE_CARD reducer: New start row cards: []
 MOVE_CARD reducer: New finish row cards: [2ramattra, 2brigitte, 2bastion, 2sigma, 2tracer]
 MOVE_CARD reducer: About to update state
 MOVE_CARD reducer: State updated. New finish row cards: [2ramattra, 2brigitte, 2bastion, 2sigma, 2tracer]
 HealthCounter for 1wreckingball: Object
 HealthCounter: Showing normal HP 3 for 1wreckingball
 HealthCounter for 1mercy: Object
 HealthCounter: Showing normal HP 3 for 1mercy
 HealthCounter for 1symmetra: Object
 HealthCounter: Showing normal HP 3 for 1symmetra
 HealthCounter for 1soldier: Object
 HealthCounter: Showing normal HP 4 for 1soldier
 HealthCounter for 1reaper: Object
 HealthCounter: Showing normal HP 4 for 1reaper
 HealthCounter for 1mccree: Object
 HealthCounter: Showing normal HP 3 for 1mccree
 TurnEffectsRunner: useEffect triggered Object
 TurnEffectsRunner: Turn change check Object
 HealthCounter for 1wreckingball: Object
 HealthCounter: Showing normal HP 3 for 1wreckingball
 HealthCounter for 1mercy: Object
 HealthCounter: Showing normal HP 3 for 1mercy
 HealthCounter for 1symmetra: Object
 HealthCounter: Showing normal HP 3 for 1symmetra
 HealthCounter for 1soldier: Object
 HealthCounter: Showing normal HP 4 for 1soldier
 HealthCounter for 1reaper: Object
 HealthCounter: Showing normal HP 4 for 1reaper
 HealthCounter for 1mccree: Object
 HealthCounter: Showing normal HP 3 for 1mccree
 TurnEffectsRunner: useEffect triggered Object
 TurnEffectsRunner: Turn change check Object
 HealthCounter for 1wreckingball: Object
 HealthCounter: Showing normal HP 3 for 1wreckingball
 HealthCounter for 1mercy: Object
 HealthCounter: Showing normal HP 3 for 1mercy
 HealthCounter for 1symmetra: Object
 HealthCounter: Showing normal HP 3 for 1symmetra
 HealthCounter for 1soldier: Object
 HealthCounter: Showing normal HP 4 for 1soldier
 HealthCounter for 1reaper: Object
 HealthCounter: Showing normal HP 4 for 1reaper
 HealthCounter for 1mccree: Object
 HealthCounter: Showing normal HP 3 for 1mccree
 HealthCounter for 2tracer: Object
 HealthCounter: Showing normal HP 3 for 2tracer
 Tracer Recall: Card after move attempt: Object
 Tracer Recall: Card location after move: unknown
 Tracer Recall: Card isPlayed status: true
 Tracer Recall: Card enteredTurn: 1
 Tracer Recall: Card effects: Array(1)
 Tracer Recall: Drag conditions check:
   - isPlayed: true (should be false)
   - currentTurn: 1, playerNum: 2 (should match)
   - isSuitedUp: false (should be false)
   - isDragDisabled: true
 HealthCounter for 1wreckingball: Object
 HealthCounter: Showing normal HP 3 for 1wreckingball
 HealthCounter for 1mercy: Object
 HealthCounter: Showing normal HP 3 for 1mercy
 HealthCounter for 1symmetra: Object
 HealthCounter: Showing normal HP 3 for 1symmetra
 HealthCounter for 1soldier: Object
 HealthCounter: Showing normal HP 4 for 1soldier
 HealthCounter for 1reaper: Object
 HealthCounter: Showing normal HP 4 for 1reaper
 HealthCounter for 1mccree: Object
 HealthCounter: Showing normal HP 3 for 1mccree
 HealthCounter for 2tracer: Object
 HealthCounter: Showing normal HP 3 for 2tracer
 HealthCounter for 1reaper: Object
 HealthCounter: Showing normal HP 4 for 1reaper
 HealthCounter for 1mccree: Object
 HealthCounter: Showing normal HP 3 for 1mccree
 HealthCounter for 2ramattra: Object
 HealthCounter: Showing normal HP 4 for 2ramattra
 HealthCounter for 2brigitte: Object
 HealthCounter: Showing normal HP 4 for 2brigitte
 HealthCounter for 2bastion: Object
 HealthCounter: Showing normal HP 4 for 2bastion
 HealthCounter for 2sigma: Object
 HealthCounter: Showing normal HP 4 for 2sigma
 HealthCounter for 2tracer: Object
 HealthCounter: Showing normal HP 3 for 2tracer
PlayerButtons.js:198 Player 2 drew ashe
PlayerButtons.js:205 Playing ashe intro sound...
TurnEffectsRunner.js:16 TurnEffectsRunner: useEffect triggered Object
TurnEffectsRunner.js:27 TurnEffectsRunner: Turn change check Object
TurnEffectsRunner.js:38 TurnEffectsRunner: Turn changed, processing effects
lifeweaver.js:177 Lifeweaver: Starting temporary HP cleanup for player 2
lifeweaver.js:226 Lifeweaver: No temporary HP effects found to clean up for player 2
lifeweaver.js:229 Lifeweaver: Temporary HP cleanup completed
TurnEffectsRunner.js:78 TurnEffectsRunner: Checking row 2b with 0 ally effects and 0 enemy effects
TurnEffectsRunner.js:78 TurnEffectsRunner: Checking row 2m with 0 ally effects and 0 enemy effects
tracer.js:316 Tracer Recall: Effect expired
TurnEffectsRunner.js:78 TurnEffectsRunner: Checking row 2f with 0 ally effects and 0 enemy effects
HealthCounter.js:6 HealthCounter for 1reaper: Object
HealthCounter.js:25 HealthCounter: Showing normal HP 4 for 1reaper
HealthCounter.js:6 HealthCounter for 1mccree: Object
HealthCounter.js:25 HealthCounter: Showing normal HP 3 for 1mccree
HealthCounter.js:6 HealthCounter for 2ramattra: Object
HealthCounter.js:25 HealthCounter: Showing normal HP 4 for 2ramattra
HealthCounter.js:6 HealthCounter for 2brigitte: Object
HealthCounter.js:25 HealthCounter: Showing normal HP 4 for 2brigitte
HealthCounter.js:6 HealthCounter for 2bastion: Object
HealthCounter.js:25 HealthCounter: Showing normal HP 4 for 2bastion
HealthCounter.js:6 HealthCounter for 2sigma: Object
HealthCounter.js:25 HealthCounter: Showing normal HP 4 for 2sigma
HealthCounter.js:6 HealthCounter for 2tracer: Object
HealthCounter.js:25 HealthCounter: Showing normal HP 3 for 2tracer
TurnEffectsRunner.js:16 TurnEffectsRunner: useEffect triggered Object
TurnEffectsRunner.js:27 TurnEffectsRunner: Turn change check Object
HealthCounter.js:6 HealthCounter for 1reaper: Object
HealthCounter.js:25 HealthCounter: Showing normal HP 4 for 1reaper
HealthCounter.js:6 HealthCounter for 1mccree: Object
HealthCounter.js:25 HealthCounter: Showing normal HP 3 for 1mccree
HealthCounter.js:6 HealthCounter for 2ramattra: Object
HealthCounter.js:25 HealthCounter: Showing normal HP 4 for 2ramattra
HealthCounter.js:6 HealthCounter for 2brigitte: Object
HealthCounter.js:25 HealthCounter: Showing normal HP 4 for 2brigitte
HealthCounter.js:6 HealthCounter for 2bastion: Object
HealthCounter.js:25 HealthCounter: Showing normal HP 4 for 2bastion
HealthCounter.js:6 HealthCounter for 2sigma: Object
HealthCounter.js:25 HealthCounter: Showing normal HP 4 for 2sigma
HealthCounter.js:6 HealthCounter for 2tracer: Object
HealthCounter.js:25 HealthCounter: Showing normal HP 3 for 2tracer
HealthCounter.js:6 HealthCounter for 2ashe: Object
HealthCounter.js:25 HealthCounter: Showing normal HP 3 for 2ashe
PlayerButtons.js:208 ashe intro sound played successfully
