ZaryaTokenOverlay.js:20 ZaryaTokenOverlay: Card 1winston has Zarya token: undefined
HealthCounter.js:6 HealthCounter for 1lifeweaver: Object
HealthCounter.js:25 HealthCounter: Showing normal HP 3 for 1lifeweaver
ZaryaTokenOverlay.js:20 ZaryaTokenOverlay: Card 1lifeweaver has Zarya token: undefined
HealthCounter.js:6 HealthCounter for 1mei: Object
HealthCounter.js:25 HealthCounter: Showing normal HP 4 for 1mei
ZaryaTokenOverlay.js:20 ZaryaTokenOverlay: Card 1mei has Zarya token: undefined
HealthCounter.js:6 HealthCounter for 1torbjorn: Object
HealthCounter.js:25 HealthCounter: Showing normal HP 3 for 1torbjorn
ZaryaTokenOverlay.js:20 ZaryaTokenOverlay: Card 1torbjorn has Zarya token: undefined
HealthCounter.js:6 HealthCounter for 1turret: Object
HealthCounter.js:25 HealthCounter: Showing normal HP 3 for 1turret
ZaryaTokenOverlay.js:20 ZaryaTokenOverlay: Card 1turret has Zarya token: undefined
App.js:2409 Placement sound played successfully
App.js:2424 torbjorn enter sound played successfully
HealthCounter.js:6 HealthCounter for 1turret: Object
HealthCounter.js:25 HealthCounter: Showing normal HP 3 for 1turret
ZaryaTokenOverlay.js:20 ZaryaTokenOverlay: Card 1turret has Zarya token: undefined
HealthCounter.js:6 HealthCounter for 1echo: Object
HealthCounter.js:25 HealthCounter: Showing normal HP 4 for 1echo
ZaryaTokenOverlay.js:20 ZaryaTokenOverlay: Card 1echo has Zarya token: undefined
HealthCounter.js:6 HealthCounter for 1winston: Object
HealthCounter.js:25 HealthCounter: Showing normal HP 4 for 1winston
ZaryaTokenOverlay.js:20 ZaryaTokenOverlay: Card 1winston has Zarya token: undefined
HealthCounter.js:6 HealthCounter for 1lifeweaver: Object
HealthCounter.js:25 HealthCounter: Showing normal HP 3 for 1lifeweaver
ZaryaTokenOverlay.js:20 ZaryaTokenOverlay: Card 1lifeweaver has Zarya token: undefined
HealthCounter.js:6 HealthCounter for 1mei: Object
HealthCounter.js:25 HealthCounter: Showing normal HP 4 for 1mei
ZaryaTokenOverlay.js:20 ZaryaTokenOverlay: Card 1mei has Zarya token: undefined
HealthCounter.js:6 HealthCounter for 1torbjorn: Object
HealthCounter.js:25 HealthCounter: Showing normal HP 3 for 1torbjorn
ZaryaTokenOverlay.js:20 ZaryaTokenOverlay: Card 1torbjorn has Zarya token: undefined
App.js:2480 Object
HealthCounter.js:6 HealthCounter for 1turret: Object
HealthCounter.js:25 HealthCounter: Showing normal HP 3 for 1turret
ZaryaTokenOverlay.js:20 ZaryaTokenOverlay: Card 1turret has Zarya token: undefined
HealthCounter.js:6 HealthCounter for 1turret: Object
HealthCounter.js:25 HealthCounter: Showing normal HP 3 for 1turret
ZaryaTokenOverlay.js:20 ZaryaTokenOverlay: Card 1turret has Zarya token: undefined
HealthCounter.js:6 HealthCounter for 1turret: Object
HealthCounter.js:25 HealthCounter: Showing normal HP 3 for 1turret
ZaryaTokenOverlay.js:20 ZaryaTokenOverlay: Card 1turret has Zarya token: undefined
HealthCounter.js:6 HealthCounter for 1turret: Object
HealthCounter.js:25 HealthCounter: Showing normal HP 3 for 1turret
ZaryaTokenOverlay.js:20 ZaryaTokenOverlay: Card 1turret has Zarya token: undefined
HealthCounter.js:6 HealthCounter for 1turret: Object
HealthCounter.js:25 HealthCounter: Showing normal HP 3 for 1turret
ZaryaTokenOverlay.js:20 ZaryaTokenOverlay: Card 1turret has Zarya token: undefined
HealthCounter.js:6 HealthCounter for 1turret: Object
HealthCounter.js:25 HealthCounter: Showing normal HP 3 for 1turret
ZaryaTokenOverlay.js:20 ZaryaTokenOverlay: Card 1turret has Zarya token: undefined
HealthCounter.js:6 HealthCounter for 1turret: Object
HealthCounter.js:25 HealthCounter: Showing normal HP 3 for 1turret
ZaryaTokenOverlay.js:20 ZaryaTokenOverlay: Card 1turret has Zarya token: undefined
HealthCounter.js:6 HealthCounter for 1turret: Object
HealthCounter.js:25 HealthCounter: Showing normal HP 3 for 1turret
ZaryaTokenOverlay.js:20 ZaryaTokenOverlay: Card 1turret has Zarya token: undefined
HealthCounter.js:6 HealthCounter for 1turret: Object
HealthCounter.js:25 HealthCounter: Showing normal HP 3 for 1turret
ZaryaTokenOverlay.js:20 ZaryaTokenOverlay: Card 1turret has Zarya token: undefined
HealthCounter.js:6 HealthCounter for 1turret: Object
HealthCounter.js:25 HealthCounter: Showing normal HP 3 for 1turret
ZaryaTokenOverlay.js:20 ZaryaTokenOverlay: Card 1turret has Zarya token: undefined
HealthCounter.js:6 HealthCounter for 1turret: Object
HealthCounter.js:25 HealthCounter: Showing normal HP 3 for 1turret
ZaryaTokenOverlay.js:20 ZaryaTokenOverlay: Card 1turret has Zarya token: undefined
HealthCounter.js:6 HealthCounter for 1turret: Object
HealthCounter.js:25 HealthCounter: Showing normal HP 3 for 1turret
ZaryaTokenOverlay.js:20 ZaryaTokenOverlay: Card 1turret has Zarya token: undefined
HealthCounter.js:6 HealthCounter for 1echo: Object
HealthCounter.js:25 HealthCounter: Showing normal HP 4 for 1echo
ZaryaTokenOverlay.js:20 ZaryaTokenOverlay: Card 1echo has Zarya token: undefined
HealthCounter.js:6 HealthCounter for 1winston: Object
HealthCounter.js:25 HealthCounter: Showing normal HP 4 for 1winston
ZaryaTokenOverlay.js:20 ZaryaTokenOverlay: Card 1winston has Zarya token: undefined
HealthCounter.js:6 HealthCounter for 1lifeweaver: Object
HealthCounter.js:25 HealthCounter: Showing normal HP 3 for 1lifeweaver
ZaryaTokenOverlay.js:20 ZaryaTokenOverlay: Card 1lifeweaver has Zarya token: undefined
HealthCounter.js:6 HealthCounter for 1mei: Object
HealthCounter.js:25 HealthCounter: Showing normal HP 4 for 1mei
ZaryaTokenOverlay.js:20 ZaryaTokenOverlay: Card 1mei has Zarya token: undefined
HealthCounter.js:6 HealthCounter for 1turret: Object
HealthCounter.js:25 HealthCounter: Showing normal HP 3 for 1turret
ZaryaTokenOverlay.js:20 ZaryaTokenOverlay: Card 1turret has Zarya token: undefined
HealthCounter.js:6 HealthCounter for 1turret: Object
HealthCounter.js:25 HealthCounter: Showing normal HP 3 for 1turret
ZaryaTokenOverlay.js:20 ZaryaTokenOverlay: Card 1turret has Zarya token: undefined
HealthCounter.js:6 HealthCounter for 1turret: Object
HealthCounter.js:25 HealthCounter: Showing normal HP 3 for 1turret
ZaryaTokenOverlay.js:20 ZaryaTokenOverlay: Card 1turret has Zarya token: undefined
HealthCounter.js:6 HealthCounter for 1turret: Object
HealthCounter.js:25 HealthCounter: Showing normal HP 3 for 1turret
ZaryaTokenOverlay.js:20 ZaryaTokenOverlay: Card 1turret has Zarya token: undefined
HealthCounter.js:6 HealthCounter for 1turret: Object
HealthCounter.js:25 HealthCounter: Showing normal HP 3 for 1turret
ZaryaTokenOverlay.js:20 ZaryaTokenOverlay: Card 1turret has Zarya token: undefined
HealthCounter.js:6 HealthCounter for 1turret: Object
HealthCounter.js:25 HealthCounter: Showing normal HP 3 for 1turret
ZaryaTokenOverlay.js:20 ZaryaTokenOverlay: Card 1turret has Zarya token: undefined
HealthCounter.js:6 HealthCounter for 1turret: Object
HealthCounter.js:25 HealthCounter: Showing normal HP 3 for 1turret
ZaryaTokenOverlay.js:20 ZaryaTokenOverlay: Card 1turret has Zarya token: undefined
HealthCounter.js:6 HealthCounter for 1turret: Object
HealthCounter.js:25 HealthCounter: Showing normal HP 3 for 1turret
ZaryaTokenOverlay.js:20 ZaryaTokenOverlay: Card 1turret has Zarya token: undefined
HealthCounter.js:6 HealthCounter for 1turret: Object
HealthCounter.js:25 HealthCounter: Showing normal HP 3 for 1turret
ZaryaTokenOverlay.js:20 ZaryaTokenOverlay: Card 1turret has Zarya token: undefined
HealthCounter.js:6 HealthCounter for 1turret: Object
HealthCounter.js:25 HealthCounter: Showing normal HP 3 for 1turret
ZaryaTokenOverlay.js:20 ZaryaTokenOverlay: Card 1turret has Zarya token: undefined
HealthCounter.js:6 HealthCounter for 1turret: Object
HealthCounter.js:25 HealthCounter: Showing normal HP 3 for 1turret
ZaryaTokenOverlay.js:20 ZaryaTokenOverlay: Card 1turret has Zarya token: undefined
HealthCounter.js:6 HealthCounter for 1echo: Object
HealthCounter.js:25 HealthCounter: Showing normal HP 4 for 1echo
ZaryaTokenOverlay.js:20 ZaryaTokenOverlay: Card 1echo has Zarya token: undefined
HealthCounter.js:6 HealthCounter for 1winston: Object
HealthCounter.js:25 HealthCounter: Showing normal HP 4 for 1winston
ZaryaTokenOverlay.js:20 ZaryaTokenOverlay: Card 1winston has Zarya token: undefined
HealthCounter.js:6 HealthCounter for 1lifeweaver: Object
HealthCounter.js:25 HealthCounter: Showing normal HP 3 for 1lifeweaver
ZaryaTokenOverlay.js:20 ZaryaTokenOverlay: Card 1lifeweaver has Zarya token: undefined
HealthCounter.js:6 HealthCounter for 1mei: Object
HealthCounter.js:25 HealthCounter: Showing normal HP 4 for 1mei
ZaryaTokenOverlay.js:20 ZaryaTokenOverlay: Card 1mei has Zarya token: undefined
HealthCounter.js:6 HealthCounter for 1turret: Object
HealthCounter.js:25 HealthCounter: Showing normal HP 3 for 1turret
ZaryaTokenOverlay.js:20 ZaryaTokenOverlay: Card 1turret has Zarya token: undefined
HealthCounter.js:6 HealthCounter for 1turret: Object
HealthCounter.js:25 HealthCounter: Showing normal HP 3 for 1turret
ZaryaTokenOverlay.js:20 ZaryaTokenOverlay: Card 1turret has Zarya token: undefined
HealthCounter.js:6 HealthCounter for 1turret: Object
HealthCounter.js:25 HealthCounter: Showing normal HP 3 for 1turret
ZaryaTokenOverlay.js:20 ZaryaTokenOverlay: Card 1turret has Zarya token: undefined
HealthCounter.js:6 HealthCounter for 1turret: Object
HealthCounter.js:25 HealthCounter: Showing normal HP 3 for 1turret
ZaryaTokenOverlay.js:20 ZaryaTokenOverlay: Card 1turret has Zarya token: undefined
HealthCounter.js:6 HealthCounter for 1turret: Object
HealthCounter.js:25 HealthCounter: Showing normal HP 3 for 1turret
ZaryaTokenOverlay.js:20 ZaryaTokenOverlay: Card 1turret has Zarya token: undefined
HealthCounter.js:6 HealthCounter for 1turret: Object
HealthCounter.js:25 HealthCounter: Showing normal HP 3 for 1turret
ZaryaTokenOverlay.js:20 ZaryaTokenOverlay: Card 1turret has Zarya token: undefined
HealthCounter.js:6 HealthCounter for 1torbjorn: Object
HealthCounter.js:25 HealthCounter: Showing normal HP 3 for 1torbjorn
ZaryaTokenOverlay.js:20 ZaryaTokenOverlay: Card 1torbjorn has Zarya token: undefined
HealthCounter.js:6 HealthCounter for 1turret: Object
HealthCounter.js:25 HealthCounter: Showing normal HP 3 for 1turret
ZaryaTokenOverlay.js:20 ZaryaTokenOverlay: Card 1turret has Zarya token: undefined
HealthCounter.js:6 HealthCounter for 1turret: Object
HealthCounter.js:25 HealthCounter: Showing normal HP 3 for 1turret
ZaryaTokenOverlay.js:20 ZaryaTokenOverlay: Card 1turret has Zarya token: undefined
HealthCounter.js:6 HealthCounter for 1turret: Object
HealthCounter.js:25 HealthCounter: Showing normal HP 3 for 1turret
ZaryaTokenOverlay.js:20 ZaryaTokenOverlay: Card 1turret has Zarya token: undefined
HealthCounter.js:6 HealthCounter for 1turret: Object
HealthCounter.js:25 HealthCounter: Showing normal HP 3 for 1turret
ZaryaTokenOverlay.js:20 ZaryaTokenOverlay: Card 1turret has Zarya token: undefined
HealthCounter.js:6 HealthCounter for 1turret: Object
HealthCounter.js:25 HealthCounter: Showing normal HP 3 for 1turret
ZaryaTokenOverlay.js:20 ZaryaTokenOverlay: Card 1turret has Zarya token: undefined
HealthCounter.js:6 HealthCounter for 1turret: Object
HealthCounter.js:25 HealthCounter: Showing normal HP 3 for 1turret
ZaryaTokenOverlay.js:20 ZaryaTokenOverlay: Card 1turret has Zarya token: undefined
HealthCounter.js:6 HealthCounter for 1turret: Object
HealthCounter.js:25 HealthCounter: Showing normal HP 3 for 1turret
ZaryaTokenOverlay.js:20 ZaryaTokenOverlay: Card 1turret has Zarya token: undefined
HealthCounter.js:6 HealthCounter for 1turret: Object
HealthCounter.js:25 HealthCounter: Showing normal HP 3 for 1turret
ZaryaTokenOverlay.js:20 ZaryaTokenOverlay: Card 1turret has Zarya token: undefined
HealthCounter.js:6 HealthCounter for 1turret: Object
HealthCounter.js:25 HealthCounter: Showing normal HP 3 for 1turret
ZaryaTokenOverlay.js:20 ZaryaTokenOverlay: Card 1turret has Zarya token: undefined
HealthCounter.js:6 HealthCounter for 1turret: Object
HealthCounter.js:25 HealthCounter: Showing normal HP 3 for 1turret
ZaryaTokenOverlay.js:20 ZaryaTokenOverlay: Card 1turret has Zarya token: undefined
HealthCounter.js:6 HealthCounter for 1turret: Object
HealthCounter.js:25 HealthCounter: Showing normal HP 3 for 1turret
ZaryaTokenOverlay.js:20 ZaryaTokenOverlay: Card 1turret has Zarya token: undefined
HealthCounter.js:6 HealthCounter for 1turret: Object
HealthCounter.js:25 HealthCounter: Showing normal HP 3 for 1turret
ZaryaTokenOverlay.js:20 ZaryaTokenOverlay: Card 1turret has Zarya token: undefined
HealthCounter.js:6 HealthCounter for 1turret: Object
HealthCounter.js:25 HealthCounter: Showing normal HP 3 for 1turret
ZaryaTokenOverlay.js:20 ZaryaTokenOverlay: Card 1turret has Zarya token: undefined
HealthCounter.js:6 HealthCounter for 1turret: Object
HealthCounter.js:25 HealthCounter: Showing normal HP 3 for 1turret
ZaryaTokenOverlay.js:20 ZaryaTokenOverlay: Card 1turret has Zarya token: undefined
HealthCounter.js:6 HealthCounter for 1turret: Object
HealthCounter.js:25 HealthCounter: Showing normal HP 3 for 1turret
ZaryaTokenOverlay.js:20 ZaryaTokenOverlay: Card 1turret has Zarya token: undefined
HealthCounter.js:6 HealthCounter for 1turret: Object
HealthCounter.js:25 HealthCounter: Showing normal HP 3 for 1turret
ZaryaTokenOverlay.js:20 ZaryaTokenOverlay: Card 1turret has Zarya token: undefined
HealthCounter.js:6 HealthCounter for 1turret: Object
HealthCounter.js:25 HealthCounter: Showing normal HP 3 for 1turret
ZaryaTokenOverlay.js:20 ZaryaTokenOverlay: Card 1turret has Zarya token: undefined
HealthCounter.js:6 HealthCounter for 1turret: Object
HealthCounter.js:25 HealthCounter: Showing normal HP 3 for 1turret
ZaryaTokenOverlay.js:20 ZaryaTokenOverlay: Card 1turret has Zarya token: undefined
HealthCounter.js:6 HealthCounter for 1turret: Object
HealthCounter.js:25 HealthCounter: Showing normal HP 3 for 1turret
ZaryaTokenOverlay.js:20 ZaryaTokenOverlay: Card 1turret has Zarya token: undefined
HealthCounter.js:6 HealthCounter for 1turret: Object
HealthCounter.js:25 HealthCounter: Showing normal HP 3 for 1turret
ZaryaTokenOverlay.js:20 ZaryaTokenOverlay: Card 1turret has Zarya token: undefined
HealthCounter.js:6 HealthCounter for 1turret: Object
HealthCounter.js:25 HealthCounter: Showing normal HP 3 for 1turret
ZaryaTokenOverlay.js:20 ZaryaTokenOverlay: Card 1turret has Zarya token: undefined
HealthCounter.js:6 HealthCounter for 1turret: Object
HealthCounter.js:25 HealthCounter: Showing normal HP 3 for 1turret
ZaryaTokenOverlay.js:20 ZaryaTokenOverlay: Card 1turret has Zarya token: undefined
HealthCounter.js:6 HealthCounter for 1turret: Object
HealthCounter.js:25 HealthCounter: Showing normal HP 3 for 1turret
ZaryaTokenOverlay.js:20 ZaryaTokenOverlay: Card 1turret has Zarya token: undefined
HealthCounter.js:6 HealthCounter for 1turret: Object
HealthCounter.js:25 HealthCounter: Showing normal HP 3 for 1turret
ZaryaTokenOverlay.js:20 ZaryaTokenOverlay: Card 1turret has Zarya token: undefined
HealthCounter.js:6 HealthCounter for 1turret: Object
HealthCounter.js:25 HealthCounter: Showing normal HP 3 for 1turret
ZaryaTokenOverlay.js:20 ZaryaTokenOverlay: Card 1turret has Zarya token: undefined
HealthCounter.js:6 HealthCounter for 1turret: Object
HealthCounter.js:25 HealthCounter: Showing normal HP 3 for 1turret
ZaryaTokenOverlay.js:20 ZaryaTokenOverlay: Card 1turret has Zarya token: undefined
HealthCounter.js:6 HealthCounter for 1turret: Object
HealthCounter.js:25 HealthCounter: Showing normal HP 3 for 1turret
ZaryaTokenOverlay.js:20 ZaryaTokenOverlay: Card 1turret has Zarya token: undefined
HealthCounter.js:6 HealthCounter for 1turret: Object
HealthCounter.js:25 HealthCounter: Showing normal HP 3 for 1turret
ZaryaTokenOverlay.js:20 ZaryaTokenOverlay: Card 1turret has Zarya token: undefined
HealthCounter.js:6 HealthCounter for 1turret: Object
HealthCounter.js:25 HealthCounter: Showing normal HP 3 for 1turret
ZaryaTokenOverlay.js:20 ZaryaTokenOverlay: Card 1turret has Zarya token: undefined
App.js:2403 Attempting to play placement sound...
App.js:2405 Placement audio source: /owcardgame/static/media/placement.445605f26d71501234a7.mp3
App.js:2407 Created placement audio object: <audio preload=​"auto" src=​"/​owcardgame/​static/​media/​placement.445605f26d71501234a7.mp3">​</audio>​media
App.js:2421 Playing turret enter sound...
App.js:873 checkOnEnterAbilities called for turret: Object
turret.js:62 Turret: Deployed at 1m for player 1
HealthCounter.js:6 HealthCounter for 1echo: Object
HealthCounter.js:25 HealthCounter: Showing normal HP 4 for 1echo
ZaryaTokenOverlay.js:20 ZaryaTokenOverlay: Card 1echo has Zarya token: undefined
HealthCounter.js:6 HealthCounter for 1winston: Object
HealthCounter.js:25 HealthCounter: Showing normal HP 4 for 1winston
ZaryaTokenOverlay.js:20 ZaryaTokenOverlay: Card 1winston has Zarya token: undefined
HealthCounter.js:6 HealthCounter for 1lifeweaver: Object
HealthCounter.js:25 HealthCounter: Showing normal HP 3 for 1lifeweaver
ZaryaTokenOverlay.js:20 ZaryaTokenOverlay: Card 1lifeweaver has Zarya token: undefined
HealthCounter.js:6 HealthCounter for 1mei: Object
HealthCounter.js:25 HealthCounter: Showing normal HP 4 for 1mei
ZaryaTokenOverlay.js:20 ZaryaTokenOverlay: Card 1mei has Zarya token: undefined
ZaryaTokenOverlay.js:20 ZaryaTokenOverlay: Card 1turret has Zarya token: undefined
HealthCounter.js:6 HealthCounter for 1torbjorn: Object
HealthCounter.js:25 HealthCounter: Showing normal HP 3 for 1torbjorn
ZaryaTokenOverlay.js:20 ZaryaTokenOverlay: Card 1torbjorn has Zarya token: undefined
TurnEffectsRunner.js:16 TurnEffectsRunner: useEffect triggered Object
TurnEffectsRunner.js:27 TurnEffectsRunner: Turn change check Object
HealthCounter.js:6 HealthCounter for 1echo: Object
HealthCounter.js:25 HealthCounter: Showing normal HP 4 for 1echo
ZaryaTokenOverlay.js:20 ZaryaTokenOverlay: Card 1echo has Zarya token: undefined
HealthCounter.js:6 HealthCounter for 1winston: Object
HealthCounter.js:25 HealthCounter: Showing normal HP 4 for 1winston
ZaryaTokenOverlay.js:20 ZaryaTokenOverlay: Card 1winston has Zarya token: undefined
HealthCounter.js:6 HealthCounter for 1lifeweaver: Object
HealthCounter.js:25 HealthCounter: Showing normal HP 3 for 1lifeweaver
ZaryaTokenOverlay.js:20 ZaryaTokenOverlay: Card 1lifeweaver has Zarya token: undefined
HealthCounter.js:6 HealthCounter for 1mei: Object
HealthCounter.js:25 HealthCounter: Showing normal HP 4 for 1mei
ZaryaTokenOverlay.js:20 ZaryaTokenOverlay: Card 1mei has Zarya token: undefined
HealthCounter.js:6 HealthCounter for 1turret: Object
HealthCounter.js:25 HealthCounter: Showing normal HP 3 for 1turret
ZaryaTokenOverlay.js:20 ZaryaTokenOverlay: Card 1turret has Zarya token: undefined
HealthCounter.js:6 HealthCounter for 1torbjorn: Object
HealthCounter.js:25 HealthCounter: Showing normal HP 3 for 1torbjorn
ZaryaTokenOverlay.js:20 ZaryaTokenOverlay: Card 1torbjorn has Zarya token: undefined
App.js:2409 Placement sound played successfully
App.js:2424 turret enter sound played successfully
HealthCounter.js:6 HealthCounter for 1echo: Object
HealthCounter.js:25 HealthCounter: Showing normal HP 4 for 1echo
ZaryaTokenOverlay.js:20 ZaryaTokenOverlay: Card 1echo has Zarya token: undefined
HealthCounter.js:6 HealthCounter for 1winston: Object
HealthCounter.js:25 HealthCounter: Showing normal HP 4 for 1winston
ZaryaTokenOverlay.js:20 ZaryaTokenOverlay: Card 1winston has Zarya token: undefined
HealthCounter.js:6 HealthCounter for 1lifeweaver: Object
HealthCounter.js:25 HealthCounter: Showing normal HP 3 for 1lifeweaver
ZaryaTokenOverlay.js:20 ZaryaTokenOverlay: Card 1lifeweaver has Zarya token: undefined
HealthCounter.js:6 HealthCounter for 1mei: Object
HealthCounter.js:25 HealthCounter: Showing normal HP 4 for 1mei
ZaryaTokenOverlay.js:20 ZaryaTokenOverlay: Card 1mei has Zarya token: undefined
HealthCounter.js:6 HealthCounter for 1turret: Object
HealthCounter.js:25 HealthCounter: Showing normal HP 3 for 1turret
ZaryaTokenOverlay.js:20 ZaryaTokenOverlay: Card 1turret has Zarya token: undefined
HealthCounter.js:6 HealthCounter for 1torbjorn: Object
HealthCounter.js:25 HealthCounter: Showing normal HP 3 for 1torbjorn
ZaryaTokenOverlay.js:20 ZaryaTokenOverlay: Card 1torbjorn has Zarya token: undefined
HealthCounter.js:6 HealthCounter for 1turret: Object
HealthCounter.js:25 HealthCounter: Showing normal HP 3 for 1turret
ZaryaTokenOverlay.js:20 ZaryaTokenOverlay: Card 1turret has Zarya token: undefined
HealthCounter.js:6 HealthCounter for 1torbjorn: Object
HealthCounter.js:25 HealthCounter: Showing normal HP 3 for 1torbjorn
ZaryaTokenOverlay.js:20 ZaryaTokenOverlay: Card 1torbjorn has Zarya token: undefined
HealthCounter.js:6 HealthCounter for 2ashe: Object
HealthCounter.js:25 HealthCounter: Showing normal HP 3 for 2ashe
ZaryaTokenOverlay.js:20 ZaryaTokenOverlay: Card 2ashe has Zarya token: undefined
HealthCounter.js:6 HealthCounter for 2winston: Object
HealthCounter.js:25 HealthCounter: Showing normal HP 4 for 2winston
ZaryaTokenOverlay.js:20 ZaryaTokenOverlay: Card 2winston has Zarya token: undefined
HealthCounter.js:6 HealthCounter for 2zenyatta: Object
HealthCounter.js:25 HealthCounter: Showing normal HP 2 for 2zenyatta
ZaryaTokenOverlay.js:20 ZaryaTokenOverlay: Card 2zenyatta has Zarya token: undefined
HealthCounter.js:6 HealthCounter for 2bastion: Object
HealthCounter.js:25 HealthCounter: Showing normal HP 4 for 2bastion
ZaryaTokenOverlay.js:20 ZaryaTokenOverlay: Card 2bastion has Zarya token: undefined
PlayerButtons.js:198 Player 2 drew reaper
PlayerButtons.js:205 Playing reaper intro sound...
TurnEffectsRunner.js:16 TurnEffectsRunner: useEffect triggered Object
TurnEffectsRunner.js:27 TurnEffectsRunner: Turn change check Object
TurnEffectsRunner.js:38 TurnEffectsRunner: Turn changed, processing effects
lifeweaver.js:177 Lifeweaver: Starting temporary HP cleanup for player 2
lifeweaver.js:226 Lifeweaver: No temporary HP effects found to clean up for player 2
lifeweaver.js:229 Lifeweaver: Temporary HP cleanup completed
TurnEffectsRunner.js:78 TurnEffectsRunner: Checking row 2b with 0 ally effects and 0 enemy effects
TurnEffectsRunner.js:78 TurnEffectsRunner: Checking row 2m with 0 ally effects and 0 enemy effects
TurnEffectsRunner.js:78 TurnEffectsRunner: Checking row 2f with 0 ally effects and 0 enemy effects
HealthCounter.js:6 HealthCounter for 1turret: Object
HealthCounter.js:25 HealthCounter: Showing normal HP 3 for 1turret
ZaryaTokenOverlay.js:20 ZaryaTokenOverlay: Card 1turret has Zarya token: undefined
HealthCounter.js:6 HealthCounter for 1torbjorn: Object
HealthCounter.js:25 HealthCounter: Showing normal HP 3 for 1torbjorn
ZaryaTokenOverlay.js:20 ZaryaTokenOverlay: Card 1torbjorn has Zarya token: undefined
HealthCounter.js:6 HealthCounter for 2ashe: Object
HealthCounter.js:25 HealthCounter: Showing normal HP 3 for 2ashe
ZaryaTokenOverlay.js:20 ZaryaTokenOverlay: Card 2ashe has Zarya token: undefined
HealthCounter.js:6 HealthCounter for 2winston: Object
HealthCounter.js:25 HealthCounter: Showing normal HP 4 for 2winston
ZaryaTokenOverlay.js:20 ZaryaTokenOverlay: Card 2winston has Zarya token: undefined
HealthCounter.js:6 HealthCounter for 2zenyatta: Object
HealthCounter.js:25 HealthCounter: Showing normal HP 2 for 2zenyatta
ZaryaTokenOverlay.js:20 ZaryaTokenOverlay: Card 2zenyatta has Zarya token: undefined
HealthCounter.js:6 HealthCounter for 2bastion: Object
HealthCounter.js:25 HealthCounter: Showing normal HP 4 for 2bastion
ZaryaTokenOverlay.js:20 ZaryaTokenOverlay: Card 2bastion has Zarya token: undefined
ZaryaTokenOverlay.js:20 ZaryaTokenOverlay: Card 2reaper has Zarya token: undefined
TurnEffectsRunner.js:16 TurnEffectsRunner: useEffect triggered Object
TurnEffectsRunner.js:27 TurnEffectsRunner: Turn change check Object
HealthCounter.js:6 HealthCounter for 1turret: Object
HealthCounter.js:25 HealthCounter: Showing normal HP 3 for 1turret
ZaryaTokenOverlay.js:20 ZaryaTokenOverlay: Card 1turret has Zarya token: undefined
HealthCounter.js:6 HealthCounter for 1torbjorn: Object
HealthCounter.js:25 HealthCounter: Showing normal HP 3 for 1torbjorn
ZaryaTokenOverlay.js:20 ZaryaTokenOverlay: Card 1torbjorn has Zarya token: undefined
HealthCounter.js:6 HealthCounter for 2ashe: Object
HealthCounter.js:25 HealthCounter: Showing normal HP 3 for 2ashe
ZaryaTokenOverlay.js:20 ZaryaTokenOverlay: Card 2ashe has Zarya token: undefined
HealthCounter.js:6 HealthCounter for 2winston: Object
HealthCounter.js:25 HealthCounter: Showing normal HP 4 for 2winston
ZaryaTokenOverlay.js:20 ZaryaTokenOverlay: Card 2winston has Zarya token: undefined
HealthCounter.js:6 HealthCounter for 2zenyatta: Object
HealthCounter.js:25 HealthCounter: Showing normal HP 2 for 2zenyatta
ZaryaTokenOverlay.js:20 ZaryaTokenOverlay: Card 2zenyatta has Zarya token: undefined
HealthCounter.js:6 HealthCounter for 2bastion: Object
HealthCounter.js:25 HealthCounter: Showing normal HP 4 for 2bastion
ZaryaTokenOverlay.js:20 ZaryaTokenOverlay: Card 2bastion has Zarya token: undefined
ZaryaTokenOverlay.js:20 ZaryaTokenOverlay: Card 2reaper has Zarya token: undefined
HealthCounter.js:6 HealthCounter for 2reaper: Object
HealthCounter.js:25 HealthCounter: Showing normal HP 4 for 2reaper
ZaryaTokenOverlay.js:20 ZaryaTokenOverlay: Card 2reaper has Zarya token: undefined
PlayerButtons.js:208 reaper intro sound played successfully
HealthCounter.js:6 HealthCounter for 1turret: Object
HealthCounter.js:25 HealthCounter: Showing normal HP 3 for 1turret
ZaryaTokenOverlay.js:20 ZaryaTokenOverlay: Card 1turret has Zarya token: undefined
HealthCounter.js:6 HealthCounter for 1torbjorn: Object
HealthCounter.js:25 HealthCounter: Showing normal HP 3 for 1torbjorn
ZaryaTokenOverlay.js:20 ZaryaTokenOverlay: Card 1torbjorn has Zarya token: undefined
HealthCounter.js:6 HealthCounter for 2ashe: Object
HealthCounter.js:25 HealthCounter: Showing normal HP 3 for 2ashe
ZaryaTokenOverlay.js:20 ZaryaTokenOverlay: Card 2ashe has Zarya token: undefined
HealthCounter.js:6 HealthCounter for 2winston: Object
HealthCounter.js:25 HealthCounter: Showing normal HP 4 for 2winston
ZaryaTokenOverlay.js:20 ZaryaTokenOverlay: Card 2winston has Zarya token: undefined
HealthCounter.js:6 HealthCounter for 2zenyatta: Object
HealthCounter.js:25 HealthCounter: Showing normal HP 2 for 2zenyatta
ZaryaTokenOverlay.js:20 ZaryaTokenOverlay: Card 2zenyatta has Zarya token: undefined
HealthCounter.js:6 HealthCounter for 2bastion: Object
HealthCounter.js:25 HealthCounter: Showing normal HP 4 for 2bastion
ZaryaTokenOverlay.js:20 ZaryaTokenOverlay: Card 2bastion has Zarya token: undefined
HealthCounter.js:6 HealthCounter for 2reaper: Object
HealthCounter.js:25 HealthCounter: Showing normal HP 4 for 2reaper
ZaryaTokenOverlay.js:20 ZaryaTokenOverlay: Card 2reaper has Zarya token: undefined
App.js:2480 Object
HealthCounter.js:6 HealthCounter for 2ashe: Object
HealthCounter.js:25 HealthCounter: Showing normal HP 3 for 2ashe
ZaryaTokenOverlay.js:20 ZaryaTokenOverlay: Card 2ashe has Zarya token: undefined
HealthCounter.js:6 HealthCounter for 2ashe: Object
HealthCounter.js:25 HealthCounter: Showing normal HP 3 for 2ashe
ZaryaTokenOverlay.js:20 ZaryaTokenOverlay: Card 2ashe has Zarya token: undefined
HealthCounter.js:6 HealthCounter for 2ashe: Object
HealthCounter.js:25 HealthCounter: Showing normal HP 3 for 2ashe
ZaryaTokenOverlay.js:20 ZaryaTokenOverlay: Card 2ashe has Zarya token: undefined
HealthCounter.js:6 HealthCounter for 2ashe: Object
HealthCounter.js:25 HealthCounter: Showing normal HP 3 for 2ashe
ZaryaTokenOverlay.js:20 ZaryaTokenOverlay: Card 2ashe has Zarya token: undefined
HealthCounter.js:6 HealthCounter for 2ashe: Object
HealthCounter.js:25 HealthCounter: Showing normal HP 3 for 2ashe
ZaryaTokenOverlay.js:20 ZaryaTokenOverlay: Card 2ashe has Zarya token: undefined
HealthCounter.js:6 HealthCounter for 2ashe: Object
HealthCounter.js:25 HealthCounter: Showing normal HP 3 for 2ashe
ZaryaTokenOverlay.js:20 ZaryaTokenOverlay: Card 2ashe has Zarya token: undefined
HealthCounter.js:6 HealthCounter for 2ashe: Object
HealthCounter.js:25 HealthCounter: Showing normal HP 3 for 2ashe
ZaryaTokenOverlay.js:20 ZaryaTokenOverlay: Card 2ashe has Zarya token: undefined
HealthCounter.js:6 HealthCounter for 2ashe: Object
HealthCounter.js:25 HealthCounter: Showing normal HP 3 for 2ashe
ZaryaTokenOverlay.js:20 ZaryaTokenOverlay: Card 2ashe has Zarya token: undefined
HealthCounter.js:6 HealthCounter for 2ashe: Object
HealthCounter.js:25 HealthCounter: Showing normal HP 3 for 2ashe
ZaryaTokenOverlay.js:20 ZaryaTokenOverlay: Card 2ashe has Zarya token: undefined
HealthCounter.js:6 HealthCounter for 2ashe: Object
HealthCounter.js:25 HealthCounter: Showing normal HP 3 for 2ashe
ZaryaTokenOverlay.js:20 ZaryaTokenOverlay: Card 2ashe has Zarya token: undefined
HealthCounter.js:6 HealthCounter for 2ashe: Object
HealthCounter.js:25 HealthCounter: Showing normal HP 3 for 2ashe
ZaryaTokenOverlay.js:20 ZaryaTokenOverlay: Card 2ashe has Zarya token: undefined
HealthCounter.js:6 HealthCounter for 2ashe: Object
HealthCounter.js:25 HealthCounter: Showing normal HP 3 for 2ashe
ZaryaTokenOverlay.js:20 ZaryaTokenOverlay: Card 2ashe has Zarya token: undefined
HealthCounter.js:6 HealthCounter for 2ashe: Object
HealthCounter.js:25 HealthCounter: Showing normal HP 3 for 2ashe
ZaryaTokenOverlay.js:20 ZaryaTokenOverlay: Card 2ashe has Zarya token: undefined
HealthCounter.js:6 HealthCounter for 2ashe: Object
HealthCounter.js:25 HealthCounter: Showing normal HP 3 for 2ashe
ZaryaTokenOverlay.js:20 ZaryaTokenOverlay: Card 2ashe has Zarya token: undefined
HealthCounter.js:6 HealthCounter for 2ashe: Object
HealthCounter.js:25 HealthCounter: Showing normal HP 3 for 2ashe
ZaryaTokenOverlay.js:20 ZaryaTokenOverlay: Card 2ashe has Zarya token: undefined
HealthCounter.js:6 HealthCounter for 2ashe: Object
HealthCounter.js:25 HealthCounter: Showing normal HP 3 for 2ashe
ZaryaTokenOverlay.js:20 ZaryaTokenOverlay: Card 2ashe has Zarya token: undefined
HealthCounter.js:6 HealthCounter for 2ashe: Object
HealthCounter.js:25 HealthCounter: Showing normal HP 3 for 2ashe
ZaryaTokenOverlay.js:20 ZaryaTokenOverlay: Card 2ashe has Zarya token: undefined
HealthCounter.js:6 HealthCounter for 2ashe: Object
HealthCounter.js:25 HealthCounter: Showing normal HP 3 for 2ashe
ZaryaTokenOverlay.js:20 ZaryaTokenOverlay: Card 2ashe has Zarya token: undefined
HealthCounter.js:6 HealthCounter for 2winston: Object
HealthCounter.js:25 HealthCounter: Showing normal HP 4 for 2winston
ZaryaTokenOverlay.js:20 ZaryaTokenOverlay: Card 2winston has Zarya token: undefined
HealthCounter.js:6 HealthCounter for 2zenyatta: Object
HealthCounter.js:25 HealthCounter: Showing normal HP 2 for 2zenyatta
ZaryaTokenOverlay.js:20 ZaryaTokenOverlay: Card 2zenyatta has Zarya token: undefined
HealthCounter.js:6 HealthCounter for 2bastion: Object
HealthCounter.js:25 HealthCounter: Showing normal HP 4 for 2bastion
ZaryaTokenOverlay.js:20 ZaryaTokenOverlay: Card 2bastion has Zarya token: undefined
HealthCounter.js:6 HealthCounter for 2reaper: Object
HealthCounter.js:25 HealthCounter: Showing normal HP 4 for 2reaper
ZaryaTokenOverlay.js:20 ZaryaTokenOverlay: Card 2reaper has Zarya token: undefined
HealthCounter.js:6 HealthCounter for 2ashe: Object
HealthCounter.js:25 HealthCounter: Showing normal HP 3 for 2ashe
ZaryaTokenOverlay.js:20 ZaryaTokenOverlay: Card 2ashe has Zarya token: undefined
HealthCounter.js:6 HealthCounter for 2ashe: Object
HealthCounter.js:25 HealthCounter: Showing normal HP 3 for 2ashe
ZaryaTokenOverlay.js:20 ZaryaTokenOverlay: Card 2ashe has Zarya token: undefined
HealthCounter.js:6 HealthCounter for 2ashe: Object
HealthCounter.js:25 HealthCounter: Showing normal HP 3 for 2ashe
ZaryaTokenOverlay.js:20 ZaryaTokenOverlay: Card 2ashe has Zarya token: undefined
HealthCounter.js:6 HealthCounter for 2ashe: Object
HealthCounter.js:25 HealthCounter: Showing normal HP 3 for 2ashe
ZaryaTokenOverlay.js:20 ZaryaTokenOverlay: Card 2ashe has Zarya token: undefined
HealthCounter.js:6 HealthCounter for 2ashe: Object
HealthCounter.js:25 HealthCounter: Showing normal HP 3 for 2ashe
ZaryaTokenOverlay.js:20 ZaryaTokenOverlay: Card 2ashe has Zarya token: undefined
HealthCounter.js:6 HealthCounter for 2ashe: Object
HealthCounter.js:25 HealthCounter: Showing normal HP 3 for 2ashe
ZaryaTokenOverlay.js:20 ZaryaTokenOverlay: Card 2ashe has Zarya token: undefined
HealthCounter.js:6 HealthCounter for 2ashe: Object
HealthCounter.js:25 HealthCounter: Showing normal HP 3 for 2ashe
ZaryaTokenOverlay.js:20 ZaryaTokenOverlay: Card 2ashe has Zarya token: undefined
HealthCounter.js:6 HealthCounter for 2ashe: Object
HealthCounter.js:25 HealthCounter: Showing normal HP 3 for 2ashe
ZaryaTokenOverlay.js:20 ZaryaTokenOverlay: Card 2ashe has Zarya token: undefined
HealthCounter.js:6 HealthCounter for 2ashe: Object
HealthCounter.js:25 HealthCounter: Showing normal HP 3 for 2ashe
ZaryaTokenOverlay.js:20 ZaryaTokenOverlay: Card 2ashe has Zarya token: undefined
HealthCounter.js:6 HealthCounter for 2ashe: Object
HealthCounter.js:25 HealthCounter: Showing normal HP 3 for 2ashe
ZaryaTokenOverlay.js:20 ZaryaTokenOverlay: Card 2ashe has Zarya token: undefined
HealthCounter.js:6 HealthCounter for 2ashe: Object
HealthCounter.js:25 HealthCounter: Showing normal HP 3 for 2ashe
ZaryaTokenOverlay.js:20 ZaryaTokenOverlay: Card 2ashe has Zarya token: undefined
HealthCounter.js:6 HealthCounter for 2ashe: Object
HealthCounter.js:25 HealthCounter: Showing normal HP 3 for 2ashe
ZaryaTokenOverlay.js:20 ZaryaTokenOverlay: Card 2ashe has Zarya token: undefined
HealthCounter.js:6 HealthCounter for 2ashe: Object
HealthCounter.js:25 HealthCounter: Showing normal HP 3 for 2ashe
ZaryaTokenOverlay.js:20 ZaryaTokenOverlay: Card 2ashe has Zarya token: undefined
HealthCounter.js:6 HealthCounter for 2ashe: Object
HealthCounter.js:25 HealthCounter: Showing normal HP 3 for 2ashe
ZaryaTokenOverlay.js:20 ZaryaTokenOverlay: Card 2ashe has Zarya token: undefined
HealthCounter.js:6 HealthCounter for 2ashe: Object
HealthCounter.js:25 HealthCounter: Showing normal HP 3 for 2ashe
ZaryaTokenOverlay.js:20 ZaryaTokenOverlay: Card 2ashe has Zarya token: undefined
HealthCounter.js:6 HealthCounter for 2ashe: Object
HealthCounter.js:25 HealthCounter: Showing normal HP 3 for 2ashe
ZaryaTokenOverlay.js:20 ZaryaTokenOverlay: Card 2ashe has Zarya token: undefined
HealthCounter.js:6 HealthCounter for 2ashe: Object
HealthCounter.js:25 HealthCounter: Showing normal HP 3 for 2ashe
ZaryaTokenOverlay.js:20 ZaryaTokenOverlay: Card 2ashe has Zarya token: undefined
HealthCounter.js:6 HealthCounter for 2ashe: Object
HealthCounter.js:25 HealthCounter: Showing normal HP 3 for 2ashe
ZaryaTokenOverlay.js:20 ZaryaTokenOverlay: Card 2ashe has Zarya token: undefined
HealthCounter.js:6 HealthCounter for 2ashe: Object
HealthCounter.js:25 HealthCounter: Showing normal HP 3 for 2ashe
ZaryaTokenOverlay.js:20 ZaryaTokenOverlay: Card 2ashe has Zarya token: undefined
HealthCounter.js:6 HealthCounter for 2ashe: Object
HealthCounter.js:25 HealthCounter: Showing normal HP 3 for 2ashe
ZaryaTokenOverlay.js:20 ZaryaTokenOverlay: Card 2ashe has Zarya token: undefined
App.js:2403 Attempting to play placement sound...
App.js:2405 Placement audio source: /owcardgame/static/media/placement.445605f26d71501234a7.mp3
App.js:2407 Created placement audio object: <audio preload=​"auto" src=​"/​owcardgame/​static/​media/​placement.445605f26d71501234a7.mp3">​</audio>​media
App.js:2421 Playing ashe enter sound...
App.js:873 checkOnEnterAbilities called for ashe: Object
HealthCounter.js:6 HealthCounter for 1turret: Object
HealthCounter.js:25 HealthCounter: Showing normal HP 3 for 1turret
ZaryaTokenOverlay.js:20 ZaryaTokenOverlay: Card 1turret has Zarya token: undefined
HealthCounter.js:6 HealthCounter for 1torbjorn: Object
HealthCounter.js:25 HealthCounter: Showing normal HP 3 for 1torbjorn
ZaryaTokenOverlay.js:20 ZaryaTokenOverlay: Card 1torbjorn has Zarya token: undefined
ZaryaTokenOverlay.js:20 ZaryaTokenOverlay: Card 2ashe has Zarya token: undefined
HealthCounter.js:6 HealthCounter for 2winston: Object
HealthCounter.js:25 HealthCounter: Showing normal HP 4 for 2winston
ZaryaTokenOverlay.js:20 ZaryaTokenOverlay: Card 2winston has Zarya token: undefined
HealthCounter.js:6 HealthCounter for 2zenyatta: Object
HealthCounter.js:25 HealthCounter: Showing normal HP 2 for 2zenyatta
ZaryaTokenOverlay.js:20 ZaryaTokenOverlay: Card 2zenyatta has Zarya token: undefined
HealthCounter.js:6 HealthCounter for 2bastion: Object
HealthCounter.js:25 HealthCounter: Showing normal HP 4 for 2bastion
ZaryaTokenOverlay.js:20 ZaryaTokenOverlay: Card 2bastion has Zarya token: undefined
HealthCounter.js:6 HealthCounter for 2reaper: Object
HealthCounter.js:25 HealthCounter: Showing normal HP 4 for 2reaper
ZaryaTokenOverlay.js:20 ZaryaTokenOverlay: Card 2reaper has Zarya token: undefined
TurnEffectsRunner.js:16 TurnEffectsRunner: useEffect triggered Object
TurnEffectsRunner.js:27 TurnEffectsRunner: Turn change check Object
HealthCounter.js:6 HealthCounter for 1turret: Object
HealthCounter.js:25 HealthCounter: Showing normal HP 3 for 1turret
ZaryaTokenOverlay.js:20 ZaryaTokenOverlay: Card 1turret has Zarya token: undefined
HealthCounter.js:6 HealthCounter for 1torbjorn: Object
HealthCounter.js:25 HealthCounter: Showing normal HP 3 for 1torbjorn
ZaryaTokenOverlay.js:20 ZaryaTokenOverlay: Card 1torbjorn has Zarya token: undefined
HealthCounter.js:6 HealthCounter for 2ashe: Object
HealthCounter.js:25 HealthCounter: Showing normal HP 3 for 2ashe
ZaryaTokenOverlay.js:20 ZaryaTokenOverlay: Card 2ashe has Zarya token: undefined
HealthCounter.js:6 HealthCounter for 2winston: Object
HealthCounter.js:25 HealthCounter: Showing normal HP 4 for 2winston
ZaryaTokenOverlay.js:20 ZaryaTokenOverlay: Card 2winston has Zarya token: undefined
HealthCounter.js:6 HealthCounter for 2zenyatta: Object
HealthCounter.js:25 HealthCounter: Showing normal HP 2 for 2zenyatta
ZaryaTokenOverlay.js:20 ZaryaTokenOverlay: Card 2zenyatta has Zarya token: undefined
HealthCounter.js:6 HealthCounter for 2bastion: Object
HealthCounter.js:25 HealthCounter: Showing normal HP 4 for 2bastion
ZaryaTokenOverlay.js:20 ZaryaTokenOverlay: Card 2bastion has Zarya token: undefined
HealthCounter.js:6 HealthCounter for 2reaper: Object
HealthCounter.js:25 HealthCounter: Showing normal HP 4 for 2reaper
ZaryaTokenOverlay.js:20 ZaryaTokenOverlay: Card 2reaper has Zarya token: undefined
TurnEffectsRunner.js:16 TurnEffectsRunner: useEffect triggered Object
TurnEffectsRunner.js:27 TurnEffectsRunner: Turn change check Object
HealthCounter.js:6 HealthCounter for 1turret: Object
HealthCounter.js:25 HealthCounter: Showing normal HP 3 for 1turret
ZaryaTokenOverlay.js:20 ZaryaTokenOverlay: Card 1turret has Zarya token: undefined
HealthCounter.js:6 HealthCounter for 1torbjorn: Object
HealthCounter.js:25 HealthCounter: Showing normal HP 3 for 1torbjorn
ZaryaTokenOverlay.js:20 ZaryaTokenOverlay: Card 1torbjorn has Zarya token: undefined
HealthCounter.js:6 HealthCounter for 2ashe: Object
HealthCounter.js:25 HealthCounter: Showing normal HP 3 for 2ashe
ZaryaTokenOverlay.js:20 ZaryaTokenOverlay: Card 2ashe has Zarya token: undefined
HealthCounter.js:6 HealthCounter for 2winston: Object
HealthCounter.js:25 HealthCounter: Showing normal HP 4 for 2winston
ZaryaTokenOverlay.js:20 ZaryaTokenOverlay: Card 2winston has Zarya token: undefined
HealthCounter.js:6 HealthCounter for 2zenyatta: Object
HealthCounter.js:25 HealthCounter: Showing normal HP 2 for 2zenyatta
ZaryaTokenOverlay.js:20 ZaryaTokenOverlay: Card 2zenyatta has Zarya token: undefined
HealthCounter.js:6 HealthCounter for 2bastion: Object
HealthCounter.js:25 HealthCounter: Showing normal HP 4 for 2bastion
ZaryaTokenOverlay.js:20 ZaryaTokenOverlay: Card 2bastion has Zarya token: undefined
HealthCounter.js:6 HealthCounter for 2reaper: Object
HealthCounter.js:25 HealthCounter: Showing normal HP 4 for 2reaper
ZaryaTokenOverlay.js:20 ZaryaTokenOverlay: Card 2reaper has Zarya token: undefined
App.js:2409 Placement sound played successfully
App.js:2424 ashe enter sound played successfully
HealthCounter.js:6 HealthCounter for 1turret: Object
HealthCounter.js:25 HealthCounter: Showing normal HP 3 for 1turret
ZaryaTokenOverlay.js:20 ZaryaTokenOverlay: Card 1turret has Zarya token: undefined
HealthCounter.js:6 HealthCounter for 1torbjorn: Object
HealthCounter.js:25 HealthCounter: Showing normal HP 3 for 1torbjorn
ZaryaTokenOverlay.js:20 ZaryaTokenOverlay: Card 1torbjorn has Zarya token: undefined
HealthCounter.js:6 HealthCounter for 2ashe: Object
HealthCounter.js:25 HealthCounter: Showing normal HP 3 for 2ashe
ZaryaTokenOverlay.js:20 ZaryaTokenOverlay: Card 2ashe has Zarya token: undefined
HealthCounter.js:6 HealthCounter for 2winston: Object
HealthCounter.js:25 HealthCounter: Showing normal HP 4 for 2winston
ZaryaTokenOverlay.js:20 ZaryaTokenOverlay: Card 2winston has Zarya token: undefined
HealthCounter.js:6 HealthCounter for 2zenyatta: Object
HealthCounter.js:25 HealthCounter: Showing normal HP 2 for 2zenyatta
ZaryaTokenOverlay.js:20 ZaryaTokenOverlay: Card 2zenyatta has Zarya token: undefined
HealthCounter.js:6 HealthCounter for 2bastion: Object
HealthCounter.js:25 HealthCounter: Showing normal HP 4 for 2bastion
ZaryaTokenOverlay.js:20 ZaryaTokenOverlay: Card 2bastion has Zarya token: undefined
HealthCounter.js:6 HealthCounter for 2reaper: Object
HealthCounter.js:25 HealthCounter: Showing normal HP 4 for 2reaper
ZaryaTokenOverlay.js:20 ZaryaTokenOverlay: Card 2reaper has Zarya token: undefined
ashe.js:50 Ashe Ability 1 - Target clicked: Object
ashe.js:57 Ashe Ability 1 - Applying damage: Object
damageBus.js:24 DamageBus - Checking invulnerability for 1turret at index 0 in row 1m Object
damageBus.js:33 DamageBus - Target 1turret is NOT invulnerable, proceeding with damage
damageBus.js:379 DamageBus - Publishing damage event: Object
ashe.js:22 Playing Ashe ability 1 sound...
HealthCounter.js:6 HealthCounter for 1turret: Object
HealthCounter.js:25 HealthCounter: Showing normal HP 1 for 1turret
ZaryaTokenOverlay.js:20 ZaryaTokenOverlay: Card 1turret has Zarya token: undefined
HealthCounter.js:6 HealthCounter for 1torbjorn: Object
HealthCounter.js:25 HealthCounter: Showing normal HP 3 for 1torbjorn
ZaryaTokenOverlay.js:20 ZaryaTokenOverlay: Card 1torbjorn has Zarya token: undefined
HealthCounter.js:6 HealthCounter for 2ashe: Object
HealthCounter.js:25 HealthCounter: Showing normal HP 3 for 2ashe
ZaryaTokenOverlay.js:20 ZaryaTokenOverlay: Card 2ashe has Zarya token: undefined
HealthCounter.js:6 HealthCounter for 2winston: Object
HealthCounter.js:25 HealthCounter: Showing normal HP 4 for 2winston
ZaryaTokenOverlay.js:20 ZaryaTokenOverlay: Card 2winston has Zarya token: undefined
HealthCounter.js:6 HealthCounter for 2zenyatta: Object
HealthCounter.js:25 HealthCounter: Showing normal HP 2 for 2zenyatta
ZaryaTokenOverlay.js:20 ZaryaTokenOverlay: Card 2zenyatta has Zarya token: undefined
HealthCounter.js:6 HealthCounter for 2bastion: Object
HealthCounter.js:25 HealthCounter: Showing normal HP 4 for 2bastion
ZaryaTokenOverlay.js:20 ZaryaTokenOverlay: Card 2bastion has Zarya token: undefined
HealthCounter.js:6 HealthCounter for 2reaper: Object
HealthCounter.js:25 HealthCounter: Showing normal HP 4 for 2reaper
ZaryaTokenOverlay.js:20 ZaryaTokenOverlay: Card 2reaper has Zarya token: undefined
TurnEffectsRunner.js:16 TurnEffectsRunner: useEffect triggered Object
TurnEffectsRunner.js:27 TurnEffectsRunner: Turn change check Object
ashe.js:25 Ashe ability 1 sound played successfully
HealthCounter.js:6 HealthCounter for 1turret: Object
HealthCounter.js:25 HealthCounter: Showing normal HP 1 for 1turret
ZaryaTokenOverlay.js:20 ZaryaTokenOverlay: Card 1turret has Zarya token: undefined
HealthCounter.js:6 HealthCounter for 1torbjorn: Object
HealthCounter.js:25 HealthCounter: Showing normal HP 3 for 1torbjorn
ZaryaTokenOverlay.js:20 ZaryaTokenOverlay: Card 1torbjorn has Zarya token: undefined
HealthCounter.js:6 HealthCounter for 2ashe: Object
HealthCounter.js:25 HealthCounter: Showing normal HP 3 for 2ashe
ZaryaTokenOverlay.js:20 ZaryaTokenOverlay: Card 2ashe has Zarya token: undefined
HealthCounter.js:6 HealthCounter for 2winston: Object
HealthCounter.js:25 HealthCounter: Showing normal HP 4 for 2winston
ZaryaTokenOverlay.js:20 ZaryaTokenOverlay: Card 2winston has Zarya token: undefined
HealthCounter.js:6 HealthCounter for 2zenyatta: Object
HealthCounter.js:25 HealthCounter: Showing normal HP 2 for 2zenyatta
ZaryaTokenOverlay.js:20 ZaryaTokenOverlay: Card 2zenyatta has Zarya token: undefined
HealthCounter.js:6 HealthCounter for 2bastion: Object
HealthCounter.js:25 HealthCounter: Showing normal HP 4 for 2bastion
ZaryaTokenOverlay.js:20 ZaryaTokenOverlay: Card 2bastion has Zarya token: undefined
HealthCounter.js:6 HealthCounter for 2reaper: Object
HealthCounter.js:25 HealthCounter: Showing normal HP 4 for 2reaper
ZaryaTokenOverlay.js:20 ZaryaTokenOverlay: Card 2reaper has Zarya token: undefined
App.js:2480 Object
HealthCounter.js:6 HealthCounter for 2zenyatta: Object
HealthCounter.js:25 HealthCounter: Showing normal HP 2 for 2zenyatta
ZaryaTokenOverlay.js:20 ZaryaTokenOverlay: Card 2zenyatta has Zarya token: undefined
HealthCounter.js:6 HealthCounter for 2zenyatta: Object
HealthCounter.js:25 HealthCounter: Showing normal HP 2 for 2zenyatta
ZaryaTokenOverlay.js:20 ZaryaTokenOverlay: Card 2zenyatta has Zarya token: undefined
HealthCounter.js:6 HealthCounter for 2zenyatta: Object
HealthCounter.js:25 HealthCounter: Showing normal HP 2 for 2zenyatta
ZaryaTokenOverlay.js:20 ZaryaTokenOverlay: Card 2zenyatta has Zarya token: undefined
HealthCounter.js:6 HealthCounter for 2zenyatta: Object
HealthCounter.js:25 HealthCounter: Showing normal HP 2 for 2zenyatta
ZaryaTokenOverlay.js:20 ZaryaTokenOverlay: Card 2zenyatta has Zarya token: undefined
HealthCounter.js:6 HealthCounter for 2zenyatta: Object
HealthCounter.js:25 HealthCounter: Showing normal HP 2 for 2zenyatta
ZaryaTokenOverlay.js:20 ZaryaTokenOverlay: Card 2zenyatta has Zarya token: undefined
HealthCounter.js:6 HealthCounter for 2zenyatta: Object
HealthCounter.js:25 HealthCounter: Showing normal HP 2 for 2zenyatta
ZaryaTokenOverlay.js:20 ZaryaTokenOverlay: Card 2zenyatta has Zarya token: undefined
HealthCounter.js:6 HealthCounter for 2winston: Object
HealthCounter.js:25 HealthCounter: Showing normal HP 4 for 2winston
ZaryaTokenOverlay.js:20 ZaryaTokenOverlay: Card 2winston has Zarya token: undefined
HealthCounter.js:6 HealthCounter for 2zenyatta: Object
HealthCounter.js:25 HealthCounter: Showing normal HP 2 for 2zenyatta
ZaryaTokenOverlay.js:20 ZaryaTokenOverlay: Card 2zenyatta has Zarya token: undefined
HealthCounter.js:6 HealthCounter for 2bastion: Object
HealthCounter.js:25 HealthCounter: Showing normal HP 4 for 2bastion
ZaryaTokenOverlay.js:20 ZaryaTokenOverlay: Card 2bastion has Zarya token: undefined
HealthCounter.js:6 HealthCounter for 2reaper: Object
HealthCounter.js:25 HealthCounter: Showing normal HP 4 for 2reaper
ZaryaTokenOverlay.js:20 ZaryaTokenOverlay: Card 2reaper has Zarya token: undefined
HealthCounter.js:6 HealthCounter for 2zenyatta: Object
HealthCounter.js:25 HealthCounter: Showing normal HP 2 for 2zenyatta
ZaryaTokenOverlay.js:20 ZaryaTokenOverlay: Card 2zenyatta has Zarya token: undefined
HealthCounter.js:6 HealthCounter for 2zenyatta: Object
HealthCounter.js:25 HealthCounter: Showing normal HP 2 for 2zenyatta
ZaryaTokenOverlay.js:20 ZaryaTokenOverlay: Card 2zenyatta has Zarya token: undefined
HealthCounter.js:6 HealthCounter for 2zenyatta: Object
HealthCounter.js:25 HealthCounter: Showing normal HP 2 for 2zenyatta
ZaryaTokenOverlay.js:20 ZaryaTokenOverlay: Card 2zenyatta has Zarya token: undefined
HealthCounter.js:6 HealthCounter for 2zenyatta: Object
HealthCounter.js:25 HealthCounter: Showing normal HP 2 for 2zenyatta
ZaryaTokenOverlay.js:20 ZaryaTokenOverlay: Card 2zenyatta has Zarya token: undefined
HealthCounter.js:6 HealthCounter for 2zenyatta: Object
HealthCounter.js:25 HealthCounter: Showing normal HP 2 for 2zenyatta
ZaryaTokenOverlay.js:20 ZaryaTokenOverlay: Card 2zenyatta has Zarya token: undefined
HealthCounter.js:6 HealthCounter for 2zenyatta: Object
HealthCounter.js:25 HealthCounter: Showing normal HP 2 for 2zenyatta
ZaryaTokenOverlay.js:20 ZaryaTokenOverlay: Card 2zenyatta has Zarya token: undefined
HealthCounter.js:6 HealthCounter for 2zenyatta: Object
HealthCounter.js:25 HealthCounter: Showing normal HP 2 for 2zenyatta
ZaryaTokenOverlay.js:20 ZaryaTokenOverlay: Card 2zenyatta has Zarya token: undefined
HealthCounter.js:6 HealthCounter for 2zenyatta: Object
HealthCounter.js:25 HealthCounter: Showing normal HP 2 for 2zenyatta
ZaryaTokenOverlay.js:20 ZaryaTokenOverlay: Card 2zenyatta has Zarya token: undefined
HealthCounter.js:6 HealthCounter for 2zenyatta: Object
HealthCounter.js:25 HealthCounter: Showing normal HP 2 for 2zenyatta
ZaryaTokenOverlay.js:20 ZaryaTokenOverlay: Card 2zenyatta has Zarya token: undefined
HealthCounter.js:6 HealthCounter for 2zenyatta: Object
HealthCounter.js:25 HealthCounter: Showing normal HP 2 for 2zenyatta
ZaryaTokenOverlay.js:20 ZaryaTokenOverlay: Card 2zenyatta has Zarya token: undefined
HealthCounter.js:6 HealthCounter for 2zenyatta: Object
HealthCounter.js:25 HealthCounter: Showing normal HP 2 for 2zenyatta
ZaryaTokenOverlay.js:20 ZaryaTokenOverlay: Card 2zenyatta has Zarya token: undefined
HealthCounter.js:6 HealthCounter for 2zenyatta: Object
HealthCounter.js:25 HealthCounter: Showing normal HP 2 for 2zenyatta
ZaryaTokenOverlay.js:20 ZaryaTokenOverlay: Card 2zenyatta has Zarya token: undefined
HealthCounter.js:6 HealthCounter for 2zenyatta: Object
HealthCounter.js:25 HealthCounter: Showing normal HP 2 for 2zenyatta
ZaryaTokenOverlay.js:20 ZaryaTokenOverlay: Card 2zenyatta has Zarya token: undefined
HealthCounter.js:6 HealthCounter for 2zenyatta: Object
HealthCounter.js:25 HealthCounter: Showing normal HP 2 for 2zenyatta
ZaryaTokenOverlay.js:20 ZaryaTokenOverlay: Card 2zenyatta has Zarya token: undefined
HealthCounter.js:6 HealthCounter for 2zenyatta: Object
HealthCounter.js:25 HealthCounter: Showing normal HP 2 for 2zenyatta
ZaryaTokenOverlay.js:20 ZaryaTokenOverlay: Card 2zenyatta has Zarya token: undefined
HealthCounter.js:6 HealthCounter for 2zenyatta: Object
HealthCounter.js:25 HealthCounter: Showing normal HP 2 for 2zenyatta
ZaryaTokenOverlay.js:20 ZaryaTokenOverlay: Card 2zenyatta has Zarya token: undefined
HealthCounter.js:6 HealthCounter for 2zenyatta: Object
HealthCounter.js:25 HealthCounter: Showing normal HP 2 for 2zenyatta
ZaryaTokenOverlay.js:20 ZaryaTokenOverlay: Card 2zenyatta has Zarya token: undefined
HealthCounter.js:6 HealthCounter for 2winston: Object
HealthCounter.js:25 HealthCounter: Showing normal HP 4 for 2winston
ZaryaTokenOverlay.js:20 ZaryaTokenOverlay: Card 2winston has Zarya token: undefined
HealthCounter.js:6 HealthCounter for 2zenyatta: Object
HealthCounter.js:25 HealthCounter: Showing normal HP 2 for 2zenyatta
ZaryaTokenOverlay.js:20 ZaryaTokenOverlay: Card 2zenyatta has Zarya token: undefined
HealthCounter.js:6 HealthCounter for 2bastion: Object
HealthCounter.js:25 HealthCounter: Showing normal HP 4 for 2bastion
ZaryaTokenOverlay.js:20 ZaryaTokenOverlay: Card 2bastion has Zarya token: undefined
HealthCounter.js:6 HealthCounter for 2reaper: Object
HealthCounter.js:25 HealthCounter: Showing normal HP 4 for 2reaper
ZaryaTokenOverlay.js:20 ZaryaTokenOverlay: Card 2reaper has Zarya token: undefined
HealthCounter.js:6 HealthCounter for 2zenyatta: Object
HealthCounter.js:25 HealthCounter: Showing normal HP 2 for 2zenyatta
ZaryaTokenOverlay.js:20 ZaryaTokenOverlay: Card 2zenyatta has Zarya token: undefined
HealthCounter.js:6 HealthCounter for 2zenyatta: Object
HealthCounter.js:25 HealthCounter: Showing normal HP 2 for 2zenyatta
ZaryaTokenOverlay.js:20 ZaryaTokenOverlay: Card 2zenyatta has Zarya token: undefined
HealthCounter.js:6 HealthCounter for 2zenyatta: Object
HealthCounter.js:25 HealthCounter: Showing normal HP 2 for 2zenyatta
ZaryaTokenOverlay.js:20 ZaryaTokenOverlay: Card 2zenyatta has Zarya token: undefined
HealthCounter.js:6 HealthCounter for 2zenyatta: Object
HealthCounter.js:25 HealthCounter: Showing normal HP 2 for 2zenyatta
ZaryaTokenOverlay.js:20 ZaryaTokenOverlay: Card 2zenyatta has Zarya token: undefined
HealthCounter.js:6 HealthCounter for 2zenyatta: Object
HealthCounter.js:25 HealthCounter: Showing normal HP 2 for 2zenyatta
ZaryaTokenOverlay.js:20 ZaryaTokenOverlay: Card 2zenyatta has Zarya token: undefined
HealthCounter.js:6 HealthCounter for 2zenyatta: Object
HealthCounter.js:25 HealthCounter: Showing normal HP 2 for 2zenyatta
ZaryaTokenOverlay.js:20 ZaryaTokenOverlay: Card 2zenyatta has Zarya token: undefined
HealthCounter.js:6 HealthCounter for 2zenyatta: Object
HealthCounter.js:25 HealthCounter: Showing normal HP 2 for 2zenyatta
ZaryaTokenOverlay.js:20 ZaryaTokenOverlay: Card 2zenyatta has Zarya token: undefined
HealthCounter.js:6 HealthCounter for 2zenyatta: Object
HealthCounter.js:25 HealthCounter: Showing normal HP 2 for 2zenyatta
ZaryaTokenOverlay.js:20 ZaryaTokenOverlay: Card 2zenyatta has Zarya token: undefined
HealthCounter.js:6 HealthCounter for 2zenyatta: Object
HealthCounter.js:25 HealthCounter: Showing normal HP 2 for 2zenyatta
ZaryaTokenOverlay.js:20 ZaryaTokenOverlay: Card 2zenyatta has Zarya token: undefined
HealthCounter.js:6 HealthCounter for 2zenyatta: Object
HealthCounter.js:25 HealthCounter: Showing normal HP 2 for 2zenyatta
ZaryaTokenOverlay.js:20 ZaryaTokenOverlay: Card 2zenyatta has Zarya token: undefined
HealthCounter.js:6 HealthCounter for 2zenyatta: Object
HealthCounter.js:25 HealthCounter: Showing normal HP 2 for 2zenyatta
ZaryaTokenOverlay.js:20 ZaryaTokenOverlay: Card 2zenyatta has Zarya token: undefined
HealthCounter.js:6 HealthCounter for 2zenyatta: Object
HealthCounter.js:25 HealthCounter: Showing normal HP 2 for 2zenyatta
ZaryaTokenOverlay.js:20 ZaryaTokenOverlay: Card 2zenyatta has Zarya token: undefined
HealthCounter.js:6 HealthCounter for 2zenyatta: Object
HealthCounter.js:25 HealthCounter: Showing normal HP 2 for 2zenyatta
ZaryaTokenOverlay.js:20 ZaryaTokenOverlay: Card 2zenyatta has Zarya token: undefined
HealthCounter.js:6 HealthCounter for 2zenyatta: Object
HealthCounter.js:25 HealthCounter: Showing normal HP 2 for 2zenyatta
ZaryaTokenOverlay.js:20 ZaryaTokenOverlay: Card 2zenyatta has Zarya token: undefined
HealthCounter.js:6 HealthCounter for 2zenyatta: Object
HealthCounter.js:25 HealthCounter: Showing normal HP 2 for 2zenyatta
ZaryaTokenOverlay.js:20 ZaryaTokenOverlay: Card 2zenyatta has Zarya token: undefined
HealthCounter.js:6 HealthCounter for 2zenyatta: Object
HealthCounter.js:25 HealthCounter: Showing normal HP 2 for 2zenyatta
ZaryaTokenOverlay.js:20 ZaryaTokenOverlay: Card 2zenyatta has Zarya token: undefined
HealthCounter.js:6 HealthCounter for 2zenyatta: Object
HealthCounter.js:25 HealthCounter: Showing normal HP 2 for 2zenyatta
ZaryaTokenOverlay.js:20 ZaryaTokenOverlay: Card 2zenyatta has Zarya token: undefined
HealthCounter.js:6 HealthCounter for 2zenyatta: Object
HealthCounter.js:25 HealthCounter: Showing normal HP 2 for 2zenyatta
ZaryaTokenOverlay.js:20 ZaryaTokenOverlay: Card 2zenyatta has Zarya token: undefined
HealthCounter.js:6 HealthCounter for 2zenyatta: Object
HealthCounter.js:25 HealthCounter: Showing normal HP 2 for 2zenyatta
ZaryaTokenOverlay.js:20 ZaryaTokenOverlay: Card 2zenyatta has Zarya token: undefined
HealthCounter.js:6 HealthCounter for 2zenyatta: Object
HealthCounter.js:25 HealthCounter: Showing normal HP 2 for 2zenyatta
ZaryaTokenOverlay.js:20 ZaryaTokenOverlay: Card 2zenyatta has Zarya token: undefined
HealthCounter.js:6 HealthCounter for 2zenyatta: Object
HealthCounter.js:25 HealthCounter: Showing normal HP 2 for 2zenyatta
ZaryaTokenOverlay.js:20 ZaryaTokenOverlay: Card 2zenyatta has Zarya token: undefined
HealthCounter.js:6 HealthCounter for 2winston: Object
HealthCounter.js:25 HealthCounter: Showing normal HP 4 for 2winston
ZaryaTokenOverlay.js:20 ZaryaTokenOverlay: Card 2winston has Zarya token: undefined
HealthCounter.js:6 HealthCounter for 2zenyatta: Object
HealthCounter.js:25 HealthCounter: Showing normal HP 2 for 2zenyatta
ZaryaTokenOverlay.js:20 ZaryaTokenOverlay: Card 2zenyatta has Zarya token: undefined
HealthCounter.js:6 HealthCounter for 2bastion: Object
HealthCounter.js:25 HealthCounter: Showing normal HP 4 for 2bastion
ZaryaTokenOverlay.js:20 ZaryaTokenOverlay: Card 2bastion has Zarya token: undefined
HealthCounter.js:6 HealthCounter for 2reaper: Object
HealthCounter.js:25 HealthCounter: Showing normal HP 4 for 2reaper
ZaryaTokenOverlay.js:20 ZaryaTokenOverlay: Card 2reaper has Zarya token: undefined
HealthCounter.js:6 HealthCounter for 2zenyatta: Object
HealthCounter.js:25 HealthCounter: Showing normal HP 2 for 2zenyatta
ZaryaTokenOverlay.js:20 ZaryaTokenOverlay: Card 2zenyatta has Zarya token: undefined
HealthCounter.js:6 HealthCounter for 2zenyatta: Object
HealthCounter.js:25 HealthCounter: Showing normal HP 2 for 2zenyatta
ZaryaTokenOverlay.js:20 ZaryaTokenOverlay: Card 2zenyatta has Zarya token: undefined
HealthCounter.js:6 HealthCounter for 2zenyatta: Object
HealthCounter.js:25 HealthCounter: Showing normal HP 2 for 2zenyatta
ZaryaTokenOverlay.js:20 ZaryaTokenOverlay: Card 2zenyatta has Zarya token: undefined
HealthCounter.js:6 HealthCounter for 2zenyatta: Object
HealthCounter.js:25 HealthCounter: Showing normal HP 2 for 2zenyatta
ZaryaTokenOverlay.js:20 ZaryaTokenOverlay: Card 2zenyatta has Zarya token: undefined
HealthCounter.js:6 HealthCounter for 2zenyatta: Object
HealthCounter.js:25 HealthCounter: Showing normal HP 2 for 2zenyatta
ZaryaTokenOverlay.js:20 ZaryaTokenOverlay: Card 2zenyatta has Zarya token: undefined
HealthCounter.js:6 HealthCounter for 2winston: Object
HealthCounter.js:25 HealthCounter: Showing normal HP 4 for 2winston
ZaryaTokenOverlay.js:20 ZaryaTokenOverlay: Card 2winston has Zarya token: undefined
HealthCounter.js:6 HealthCounter for 2zenyatta: Object
HealthCounter.js:25 HealthCounter: Showing normal HP 2 for 2zenyatta
ZaryaTokenOverlay.js:20 ZaryaTokenOverlay: Card 2zenyatta has Zarya token: undefined
HealthCounter.js:6 HealthCounter for 2bastion: Object
HealthCounter.js:25 HealthCounter: Showing normal HP 4 for 2bastion
ZaryaTokenOverlay.js:20 ZaryaTokenOverlay: Card 2bastion has Zarya token: undefined
HealthCounter.js:6 HealthCounter for 2reaper: Object
HealthCounter.js:25 HealthCounter: Showing normal HP 4 for 2reaper
ZaryaTokenOverlay.js:20 ZaryaTokenOverlay: Card 2reaper has Zarya token: undefined
HealthCounter.js:6 HealthCounter for 2zenyatta: Object
HealthCounter.js:25 HealthCounter: Showing normal HP 2 for 2zenyatta
ZaryaTokenOverlay.js:20 ZaryaTokenOverlay: Card 2zenyatta has Zarya token: undefined
HealthCounter.js:6 HealthCounter for 2zenyatta: Object
HealthCounter.js:25 HealthCounter: Showing normal HP 2 for 2zenyatta
ZaryaTokenOverlay.js:20 ZaryaTokenOverlay: Card 2zenyatta has Zarya token: undefined
HealthCounter.js:6 HealthCounter for 2zenyatta: Object
HealthCounter.js:25 HealthCounter: Showing normal HP 2 for 2zenyatta
ZaryaTokenOverlay.js:20 ZaryaTokenOverlay: Card 2zenyatta has Zarya token: undefined
HealthCounter.js:6 HealthCounter for 2zenyatta: Object
HealthCounter.js:25 HealthCounter: Showing normal HP 2 for 2zenyatta
ZaryaTokenOverlay.js:20 ZaryaTokenOverlay: Card 2zenyatta has Zarya token: undefined
HealthCounter.js:6 HealthCounter for 2zenyatta: Object
HealthCounter.js:25 HealthCounter: Showing normal HP 2 for 2zenyatta
ZaryaTokenOverlay.js:20 ZaryaTokenOverlay: Card 2zenyatta has Zarya token: undefined
HealthCounter.js:6 HealthCounter for 2zenyatta: Object
HealthCounter.js:25 HealthCounter: Showing normal HP 2 for 2zenyatta
ZaryaTokenOverlay.js:20 ZaryaTokenOverlay: Card 2zenyatta has Zarya token: undefined
HealthCounter.js:6 HealthCounter for 2zenyatta: Object
HealthCounter.js:25 HealthCounter: Showing normal HP 2 for 2zenyatta
ZaryaTokenOverlay.js:20 ZaryaTokenOverlay: Card 2zenyatta has Zarya token: undefined
HealthCounter.js:6 HealthCounter for 2zenyatta: Object
HealthCounter.js:25 HealthCounter: Showing normal HP 2 for 2zenyatta
ZaryaTokenOverlay.js:20 ZaryaTokenOverlay: Card 2zenyatta has Zarya token: undefined
HealthCounter.js:6 HealthCounter for 2zenyatta: Object
HealthCounter.js:25 HealthCounter: Showing normal HP 2 for 2zenyatta
ZaryaTokenOverlay.js:20 ZaryaTokenOverlay: Card 2zenyatta has Zarya token: undefined
HealthCounter.js:6 HealthCounter for 2zenyatta: Object
HealthCounter.js:25 HealthCounter: Showing normal HP 2 for 2zenyatta
ZaryaTokenOverlay.js:20 ZaryaTokenOverlay: Card 2zenyatta has Zarya token: undefined
HealthCounter.js:6 HealthCounter for 2zenyatta: Object
HealthCounter.js:25 HealthCounter: Showing normal HP 2 for 2zenyatta
ZaryaTokenOverlay.js:20 ZaryaTokenOverlay: Card 2zenyatta has Zarya token: undefined
HealthCounter.js:6 HealthCounter for 2zenyatta: Object
HealthCounter.js:25 HealthCounter: Showing normal HP 2 for 2zenyatta
ZaryaTokenOverlay.js:20 ZaryaTokenOverlay: Card 2zenyatta has Zarya token: undefined
HealthCounter.js:6 HealthCounter for 2zenyatta: Object
HealthCounter.js:25 HealthCounter: Showing normal HP 2 for 2zenyatta
ZaryaTokenOverlay.js:20 ZaryaTokenOverlay: Card 2zenyatta has Zarya token: undefined
HealthCounter.js:6 HealthCounter for 2zenyatta: Object
HealthCounter.js:25 HealthCounter: Showing normal HP 2 for 2zenyatta
ZaryaTokenOverlay.js:20 ZaryaTokenOverlay: Card 2zenyatta has Zarya token: undefined
HealthCounter.js:6 HealthCounter for 2zenyatta: Object
HealthCounter.js:25 HealthCounter: Showing normal HP 2 for 2zenyatta
ZaryaTokenOverlay.js:20 ZaryaTokenOverlay: Card 2zenyatta has Zarya token: undefined
HealthCounter.js:6 HealthCounter for 2zenyatta: Object
HealthCounter.js:25 HealthCounter: Showing normal HP 2 for 2zenyatta
ZaryaTokenOverlay.js:20 ZaryaTokenOverlay: Card 2zenyatta has Zarya token: undefined
HealthCounter.js:6 HealthCounter for 2zenyatta: Object
HealthCounter.js:25 HealthCounter: Showing normal HP 2 for 2zenyatta
ZaryaTokenOverlay.js:20 ZaryaTokenOverlay: Card 2zenyatta has Zarya token: undefined
HealthCounter.js:6 HealthCounter for 2zenyatta: Object
HealthCounter.js:25 HealthCounter: Showing normal HP 2 for 2zenyatta
ZaryaTokenOverlay.js:20 ZaryaTokenOverlay: Card 2zenyatta has Zarya token: undefined
HealthCounter.js:6 HealthCounter for 2zenyatta: Object
HealthCounter.js:25 HealthCounter: Showing normal HP 2 for 2zenyatta
ZaryaTokenOverlay.js:20 ZaryaTokenOverlay: Card 2zenyatta has Zarya token: undefined
HealthCounter.js:6 HealthCounter for 2zenyatta: Object
HealthCounter.js:25 HealthCounter: Showing normal HP 2 for 2zenyatta
ZaryaTokenOverlay.js:20 ZaryaTokenOverlay: Card 2zenyatta has Zarya token: undefined
HealthCounter.js:6 HealthCounter for 2zenyatta: Object
HealthCounter.js:25 HealthCounter: Showing normal HP 2 for 2zenyatta
ZaryaTokenOverlay.js:20 ZaryaTokenOverlay: Card 2zenyatta has Zarya token: undefined
HealthCounter.js:6 HealthCounter for 2zenyatta: Object
HealthCounter.js:25 HealthCounter: Showing normal HP 2 for 2zenyatta
ZaryaTokenOverlay.js:20 ZaryaTokenOverlay: Card 2zenyatta has Zarya token: undefined
HealthCounter.js:6 HealthCounter for 2zenyatta: Object
HealthCounter.js:25 HealthCounter: Showing normal HP 2 for 2zenyatta
ZaryaTokenOverlay.js:20 ZaryaTokenOverlay: Card 2zenyatta has Zarya token: undefined
App.js:2403 Attempting to play placement sound...
App.js:2405 Placement audio source: /owcardgame/static/media/placement.445605f26d71501234a7.mp3
App.js:2407 Created placement audio object: <audio preload=​"auto" src=​"/​owcardgame/​static/​media/​placement.445605f26d71501234a7.mp3">​</audio>​media
App.js:2421 Playing zenyatta enter sound...
App.js:873 checkOnEnterAbilities called for zenyatta: Object
App.js:1056 Checking modal choice for zenyatta: Object
HealthCounter.js:6 HealthCounter for 1turret: Object
HealthCounter.js:25 HealthCounter: Showing normal HP 1 for 1turret
ZaryaTokenOverlay.js:20 ZaryaTokenOverlay: Card 1turret has Zarya token: undefined
HealthCounter.js:6 HealthCounter for 1torbjorn: Object
HealthCounter.js:25 HealthCounter: Showing normal HP 3 for 1torbjorn
ZaryaTokenOverlay.js:20 ZaryaTokenOverlay: Card 1torbjorn has Zarya token: undefined
HealthCounter.js:6 HealthCounter for 2ashe: Object
HealthCounter.js:25 HealthCounter: Showing normal HP 3 for 2ashe
ZaryaTokenOverlay.js:20 ZaryaTokenOverlay: Card 2ashe has Zarya token: undefined
ZaryaTokenOverlay.js:20 ZaryaTokenOverlay: Card 2zenyatta has Zarya token: undefined
HealthCounter.js:6 HealthCounter for 2winston: Object
HealthCounter.js:25 HealthCounter: Showing normal HP 4 for 2winston
ZaryaTokenOverlay.js:20 ZaryaTokenOverlay: Card 2winston has Zarya token: undefined
HealthCounter.js:6 HealthCounter for 2bastion: Object
HealthCounter.js:25 HealthCounter: Showing normal HP 4 for 2bastion
ZaryaTokenOverlay.js:20 ZaryaTokenOverlay: Card 2bastion has Zarya token: undefined
HealthCounter.js:6 HealthCounter for 2reaper: Object
HealthCounter.js:25 HealthCounter: Showing normal HP 4 for 2reaper
ZaryaTokenOverlay.js:20 ZaryaTokenOverlay: Card 2reaper has Zarya token: undefined
TurnEffectsRunner.js:16 TurnEffectsRunner: useEffect triggered Object
TurnEffectsRunner.js:27 TurnEffectsRunner: Turn change check Object
HealthCounter.js:6 HealthCounter for 1turret: Object
HealthCounter.js:25 HealthCounter: Showing normal HP 1 for 1turret
ZaryaTokenOverlay.js:20 ZaryaTokenOverlay: Card 1turret has Zarya token: undefined
HealthCounter.js:6 HealthCounter for 1torbjorn: Object
HealthCounter.js:25 HealthCounter: Showing normal HP 3 for 1torbjorn
ZaryaTokenOverlay.js:20 ZaryaTokenOverlay: Card 1torbjorn has Zarya token: undefined
HealthCounter.js:6 HealthCounter for 2ashe: Object
HealthCounter.js:25 HealthCounter: Showing normal HP 3 for 2ashe
ZaryaTokenOverlay.js:20 ZaryaTokenOverlay: Card 2ashe has Zarya token: undefined
HealthCounter.js:6 HealthCounter for 2zenyatta: Object
HealthCounter.js:25 HealthCounter: Showing normal HP 2 for 2zenyatta
ZaryaTokenOverlay.js:20 ZaryaTokenOverlay: Card 2zenyatta has Zarya token: undefined
HealthCounter.js:6 HealthCounter for 2winston: Object
HealthCounter.js:25 HealthCounter: Showing normal HP 4 for 2winston
ZaryaTokenOverlay.js:20 ZaryaTokenOverlay: Card 2winston has Zarya token: undefined
HealthCounter.js:6 HealthCounter for 2bastion: Object
HealthCounter.js:25 HealthCounter: Showing normal HP 4 for 2bastion
ZaryaTokenOverlay.js:20 ZaryaTokenOverlay: Card 2bastion has Zarya token: undefined
HealthCounter.js:6 HealthCounter for 2reaper: Object
HealthCounter.js:25 HealthCounter: Showing normal HP 4 for 2reaper
ZaryaTokenOverlay.js:20 ZaryaTokenOverlay: Card 2reaper has Zarya token: undefined
TurnEffectsRunner.js:16 TurnEffectsRunner: useEffect triggered Object
TurnEffectsRunner.js:27 TurnEffectsRunner: Turn change check Object
HealthCounter.js:6 HealthCounter for 1turret: Object
HealthCounter.js:25 HealthCounter: Showing normal HP 1 for 1turret
ZaryaTokenOverlay.js:20 ZaryaTokenOverlay: Card 1turret has Zarya token: undefined
HealthCounter.js:6 HealthCounter for 1torbjorn: Object
HealthCounter.js:25 HealthCounter: Showing normal HP 3 for 1torbjorn
ZaryaTokenOverlay.js:20 ZaryaTokenOverlay: Card 1torbjorn has Zarya token: undefined
HealthCounter.js:6 HealthCounter for 2ashe: Object
HealthCounter.js:25 HealthCounter: Showing normal HP 3 for 2ashe
ZaryaTokenOverlay.js:20 ZaryaTokenOverlay: Card 2ashe has Zarya token: undefined
HealthCounter.js:6 HealthCounter for 2zenyatta: Object
HealthCounter.js:25 HealthCounter: Showing normal HP 2 for 2zenyatta
ZaryaTokenOverlay.js:20 ZaryaTokenOverlay: Card 2zenyatta has Zarya token: undefined
HealthCounter.js:6 HealthCounter for 2winston: Object
HealthCounter.js:25 HealthCounter: Showing normal HP 4 for 2winston
ZaryaTokenOverlay.js:20 ZaryaTokenOverlay: Card 2winston has Zarya token: undefined
HealthCounter.js:6 HealthCounter for 2bastion: Object
HealthCounter.js:25 HealthCounter: Showing normal HP 4 for 2bastion
ZaryaTokenOverlay.js:20 ZaryaTokenOverlay: Card 2bastion has Zarya token: undefined
HealthCounter.js:6 HealthCounter for 2reaper: Object
HealthCounter.js:25 HealthCounter: Showing normal HP 4 for 2reaper
ZaryaTokenOverlay.js:20 ZaryaTokenOverlay: Card 2reaper has Zarya token: undefined
App.js:2409 Placement sound played successfully
App.js:2424 zenyatta enter sound played successfully
