 Download the React DevTools for a better development experience: https://reactjs.org/link/react-devtools
 Warning: Connect(Droppable): Support for defaultProps will be removed from memo components in a future major release. Use JavaScript default parameters instead.
    at div
    at CardDisplay (http://localhost:3000/owcardgame/static/js/bundle.js:99675:56)
    at div
    at div
    at PlayerArea (http://localhost:3000/owcardgame/static/js/bundle.js:100177:56)
    at div
    at PlayerHalf (http://localhost:3000/owcardgame/static/js/bundle.js:100753:56)
    at Provider (http://localhost:3000/owcardgame/static/js/bundle.js:66817:20)
    at App (http://localhost:3000/owcardgame/static/js/bundle.js:39199:25)
    at ErrorBoundary (http://localhost:3000/owcardgame/static/js/bundle.js:33412:35)
    at DragDropContext (http://localhost:3000/owcardgame/static/js/bundle.js:39323:19)
    at div
    at div
    at App (http://localhost:3000/owcardgame/static/js/bundle.js:78303:82)
printWarning @ bundle.js:40754
 CardDisplay mounted with droppableId: player1hand rowId: player1hand
 CardDisplay mounted with droppableId: 1b rowId: 1b
 CardDisplay mounted with droppableId: 1m rowId: 1m
 CardDisplay mounted with droppableId: 1f rowId: 1f
 CardDisplay mounted with droppableId: 2f rowId: 2f
 CardDisplay mounted with droppableId: 2m rowId: 2m
 CardDisplay mounted with droppableId: 2b rowId: 2b
 CardDisplay mounted with droppableId: player2hand rowId: player2hand
 TurnEffectsRunner: useEffect triggered Object
 TurnEffectsRunner: Turn change check Object
 ZaryaTokenOverlay: Card 1echo has Zarya token: undefined
 ZaryaTokenOverlay: Card 1dva has Zarya token: undefined
 ZaryaTokenOverlay: Card 1zenyatta has Zarya token: undefined
 ZaryaTokenOverlay: Card 1bastion has Zarya token: undefined
 TurnEffectsRunner: useEffect triggered Object
 TurnEffectsRunner: Turn change check Object
 ZaryaTokenOverlay: Card 1echo has Zarya token: undefined
 ZaryaTokenOverlay: Card 1dva has Zarya token: undefined
 ZaryaTokenOverlay: Card 1zenyatta has Zarya token: undefined
 ZaryaTokenOverlay: Card 1bastion has Zarya token: undefined
 HealthCounter for 1echo: Object
 HealthCounter: Showing normal HP 4 for 1echo
 ZaryaTokenOverlay: Card 1echo has Zarya token: undefined
 HealthCounter for 1dva: Object
 HealthCounter: Showing normal HP 2 for 1dva
 ZaryaTokenOverlay: Card 1dva has Zarya token: undefined
 HealthCounter for 1zenyatta: Object
 HealthCounter: Showing normal HP 2 for 1zenyatta
 ZaryaTokenOverlay: Card 1zenyatta has Zarya token: undefined
 HealthCounter for 1bastion: Object
 HealthCounter: Showing normal HP 4 for 1bastion
 ZaryaTokenOverlay: Card 1bastion has Zarya token: undefined
 HealthCounter for 1echo: Object
 HealthCounter: Showing normal HP 4 for 1echo
 ZaryaTokenOverlay: Card 1echo has Zarya token: undefined
 HealthCounter for 1dva: Object
 HealthCounter: Showing normal HP 2 for 1dva
 ZaryaTokenOverlay: Card 1dva has Zarya token: undefined
 HealthCounter for 1zenyatta: Object
 HealthCounter: Showing normal HP 2 for 1zenyatta
 ZaryaTokenOverlay: Card 1zenyatta has Zarya token: undefined
 HealthCounter for 1bastion: Object
 HealthCounter: Showing normal HP 4 for 1bastion
 ZaryaTokenOverlay: Card 1bastion has Zarya token: undefined
 Object
 HealthCounter for 1dva: Object
 HealthCounter: Showing normal HP 2 for 1dva
 ZaryaTokenOverlay: Card 1dva has Zarya token: undefined
 HealthCounter for 1echo: Object
 HealthCounter: Showing normal HP 4 for 1echo
 ZaryaTokenOverlay: Card 1echo has Zarya token: undefined
 HealthCounter for 1dva: Object
 HealthCounter: Showing normal HP 2 for 1dva
 ZaryaTokenOverlay: Card 1dva has Zarya token: undefined
 HealthCounter for 1zenyatta: Object
 HealthCounter: Showing normal HP 2 for 1zenyatta
 ZaryaTokenOverlay: Card 1zenyatta has Zarya token: undefined
 HealthCounter for 1bastion: Object
 HealthCounter: Showing normal HP 4 for 1bastion
 ZaryaTokenOverlay: Card 1bastion has Zarya token: undefined
 HealthCounter for 1echo: Object
 HealthCounter: Showing normal HP 4 for 1echo
 ZaryaTokenOverlay: Card 1echo has Zarya token: undefined
 HealthCounter for 1dva: Object
 HealthCounter: Showing normal HP 2 for 1dva
 ZaryaTokenOverlay: Card 1dva has Zarya token: undefined
 HealthCounter for 1zenyatta: Object
 HealthCounter: Showing normal HP 2 for 1zenyatta
 ZaryaTokenOverlay: Card 1zenyatta has Zarya token: undefined
 HealthCounter for 1bastion: Object
 HealthCounter: Showing normal HP 4 for 1bastion
 ZaryaTokenOverlay: Card 1bastion has Zarya token: undefined
 HealthCounter for 1echo: Object
 HealthCounter: Showing normal HP 4 for 1echo
 ZaryaTokenOverlay: Card 1echo has Zarya token: undefined
 HealthCounter for 1dva: Object
 HealthCounter: Showing normal HP 2 for 1dva
 ZaryaTokenOverlay: Card 1dva has Zarya token: undefined
 HealthCounter for 1zenyatta: Object
 HealthCounter: Showing normal HP 2 for 1zenyatta
 ZaryaTokenOverlay: Card 1zenyatta has Zarya token: undefined
 HealthCounter for 1bastion: Object
 HealthCounter: Showing normal HP 4 for 1bastion
 ZaryaTokenOverlay: Card 1bastion has Zarya token: undefined
 HealthCounter for 1dva: Object
 HealthCounter: Showing normal HP 2 for 1dva
 ZaryaTokenOverlay: Card 1dva has Zarya token: undefined
 HealthCounter for 1dva: Object
 HealthCounter: Showing normal HP 2 for 1dva
 ZaryaTokenOverlay: Card 1dva has Zarya token: undefined
 HealthCounter for 1dva: Object
 HealthCounter: Showing normal HP 2 for 1dva
 ZaryaTokenOverlay: Card 1dva has Zarya token: undefined
 HealthCounter for 1dva: Object
 HealthCounter: Showing normal HP 2 for 1dva
 ZaryaTokenOverlay: Card 1dva has Zarya token: undefined
 HealthCounter for 1dva: Object
 HealthCounter: Showing normal HP 2 for 1dva
 ZaryaTokenOverlay: Card 1dva has Zarya token: undefined
 HealthCounter for 1dva: Object
 HealthCounter: Showing normal HP 2 for 1dva
 ZaryaTokenOverlay: Card 1dva has Zarya token: undefined
 HealthCounter for 1dva: Object
 HealthCounter: Showing normal HP 2 for 1dva
 ZaryaTokenOverlay: Card 1dva has Zarya token: undefined
 HealthCounter for 1dva: Object
 HealthCounter: Showing normal HP 2 for 1dva
 ZaryaTokenOverlay: Card 1dva has Zarya token: undefined
 HealthCounter for 1dva: Object
 HealthCounter: Showing normal HP 2 for 1dva
 ZaryaTokenOverlay: Card 1dva has Zarya token: undefined
 HealthCounter for 1dva: Object
 HealthCounter: Showing normal HP 2 for 1dva
 ZaryaTokenOverlay: Card 1dva has Zarya token: undefined
 HealthCounter for 1dva: Object
 HealthCounter: Showing normal HP 2 for 1dva
 ZaryaTokenOverlay: Card 1dva has Zarya token: undefined
 HealthCounter for 1dva: Object
 HealthCounter: Showing normal HP 2 for 1dva
 ZaryaTokenOverlay: Card 1dva has Zarya token: undefined
 HealthCounter for 1dva: Object
 HealthCounter: Showing normal HP 2 for 1dva
 ZaryaTokenOverlay: Card 1dva has Zarya token: undefined
 HealthCounter for 1dva: Object
 HealthCounter: Showing normal HP 2 for 1dva
 ZaryaTokenOverlay: Card 1dva has Zarya token: undefined
 HealthCounter for 1dva: Object
 HealthCounter: Showing normal HP 2 for 1dva
 ZaryaTokenOverlay: Card 1dva has Zarya token: undefined
 Attempting to play placement sound...
 Placement audio source: /owcardgame/static/media/placement.445605f26d71501234a7.mp3
 Created placement audio object: 
 Playing dva enter sound...
 HealthCounter for 1echo: Object
 HealthCounter: Showing normal HP 4 for 1echo
 ZaryaTokenOverlay: Card 1echo has Zarya token: undefined
 HealthCounter for 1zenyatta: Object
 HealthCounter: Showing normal HP 2 for 1zenyatta
 ZaryaTokenOverlay: Card 1zenyatta has Zarya token: undefined
 HealthCounter for 1bastion: Object
 HealthCounter: Showing normal HP 4 for 1bastion
 ZaryaTokenOverlay: Card 1bastion has Zarya token: undefined
 ZaryaTokenOverlay: Card 1dva has Zarya token: undefined
 TurnEffectsRunner: useEffect triggered Object
 TurnEffectsRunner: Turn change check Object
 HealthCounter for 1echo: Object
 HealthCounter: Showing normal HP 4 for 1echo
 ZaryaTokenOverlay: Card 1echo has Zarya token: undefined
 HealthCounter for 1zenyatta: Object
 HealthCounter: Showing normal HP 2 for 1zenyatta
 ZaryaTokenOverlay: Card 1zenyatta has Zarya token: undefined
 HealthCounter for 1bastion: Object
 HealthCounter: Showing normal HP 4 for 1bastion
 ZaryaTokenOverlay: Card 1bastion has Zarya token: undefined
 HealthCounter for 1dva: Object
 HealthCounter: Showing normal HP 2 for 1dva
 ZaryaTokenOverlay: Card 1dva has Zarya token: undefined
 TurnEffectsRunner: useEffect triggered Object
 TurnEffectsRunner: Turn change check Object
 HealthCounter for 1echo: Object
 HealthCounter: Showing normal HP 4 for 1echo
 ZaryaTokenOverlay: Card 1echo has Zarya token: undefined
 HealthCounter for 1zenyatta: Object
 HealthCounter: Showing normal HP 2 for 1zenyatta
 ZaryaTokenOverlay: Card 1zenyatta has Zarya token: undefined
 HealthCounter for 1bastion: Object
 HealthCounter: Showing normal HP 4 for 1bastion
 ZaryaTokenOverlay: Card 1bastion has Zarya token: undefined
 HealthCounter for 1dva: Object
 HealthCounter: Showing normal HP 2 for 1dva
 ZaryaTokenOverlay: Card 1dva has Zarya token: undefined
 HealthCounter for 1echo: Object
 HealthCounter: Showing normal HP 4 for 1echo
 ZaryaTokenOverlay: Card 1echo has Zarya token: undefined
 HealthCounter for 1zenyatta: Object
 HealthCounter: Showing normal HP 2 for 1zenyatta
 ZaryaTokenOverlay: Card 1zenyatta has Zarya token: undefined
 HealthCounter for 1bastion: Object
 HealthCounter: Showing normal HP 4 for 1bastion
 ZaryaTokenOverlay: Card 1bastion has Zarya token: undefined
 HealthCounter for 1dva: Object
 HealthCounter: Showing normal HP 2 for 1dva
 ZaryaTokenOverlay: Card 1dva has Zarya token: undefined
 Object
 HealthCounter for 1echo: Object
 HealthCounter: Showing normal HP 4 for 1echo
 ZaryaTokenOverlay: Card 1echo has Zarya token: undefined
 HealthCounter for 1echo: Object
 HealthCounter: Showing normal HP 4 for 1echo
 ZaryaTokenOverlay: Card 1echo has Zarya token: undefined
 HealthCounter for 1echo: Object
 HealthCounter: Showing normal HP 4 for 1echo
 ZaryaTokenOverlay: Card 1echo has Zarya token: undefined
 HealthCounter for 1echo: Object
 HealthCounter: Showing normal HP 4 for 1echo
 ZaryaTokenOverlay: Card 1echo has Zarya token: undefined
 HealthCounter for 1zenyatta: Object
 HealthCounter: Showing normal HP 2 for 1zenyatta
 ZaryaTokenOverlay: Card 1zenyatta has Zarya token: undefined
 HealthCounter for 1bastion: Object
 HealthCounter: Showing normal HP 4 for 1bastion
 ZaryaTokenOverlay: Card 1bastion has Zarya token: undefined
 HealthCounter for 1echo: Object
 HealthCounter: Showing normal HP 4 for 1echo
 ZaryaTokenOverlay: Card 1echo has Zarya token: undefined
 HealthCounter for 1echo: Object
 HealthCounter: Showing normal HP 4 for 1echo
 ZaryaTokenOverlay: Card 1echo has Zarya token: undefined
 HealthCounter for 1echo: Object
 HealthCounter: Showing normal HP 4 for 1echo
 ZaryaTokenOverlay: Card 1echo has Zarya token: undefined
 HealthCounter for 1echo: Object
 HealthCounter: Showing normal HP 4 for 1echo
 ZaryaTokenOverlay: Card 1echo has Zarya token: undefined
 HealthCounter for 1echo: Object
 HealthCounter: Showing normal HP 4 for 1echo
 ZaryaTokenOverlay: Card 1echo has Zarya token: undefined
 HealthCounter for 1echo: Object
 HealthCounter: Showing normal HP 4 for 1echo
 ZaryaTokenOverlay: Card 1echo has Zarya token: undefined
 HealthCounter for 1echo: Object
 HealthCounter: Showing normal HP 4 for 1echo
 ZaryaTokenOverlay: Card 1echo has Zarya token: undefined
 HealthCounter for 1zenyatta: Object
 HealthCounter: Showing normal HP 2 for 1zenyatta
 ZaryaTokenOverlay: Card 1zenyatta has Zarya token: undefined
 HealthCounter for 1bastion: Object
 HealthCounter: Showing normal HP 4 for 1bastion
 ZaryaTokenOverlay: Card 1bastion has Zarya token: undefined
 HealthCounter for 1echo: Object
 HealthCounter: Showing normal HP 4 for 1echo
 ZaryaTokenOverlay: Card 1echo has Zarya token: undefined
 HealthCounter for 1zenyatta: Object
 HealthCounter: Showing normal HP 2 for 1zenyatta
 ZaryaTokenOverlay: Card 1zenyatta has Zarya token: undefined
 HealthCounter for 1bastion: Object
 HealthCounter: Showing normal HP 4 for 1bastion
 ZaryaTokenOverlay: Card 1bastion has Zarya token: undefined
 HealthCounter for 1echo: Object
 HealthCounter: Showing normal HP 4 for 1echo
 ZaryaTokenOverlay: Card 1echo has Zarya token: undefined
 HealthCounter for 1echo: Object
 HealthCounter: Showing normal HP 4 for 1echo
 ZaryaTokenOverlay: Card 1echo has Zarya token: undefined
 HealthCounter for 1dva: Object
 HealthCounter: Showing normal HP 2 for 1dva
 ZaryaTokenOverlay: Card 1dva has Zarya token: undefined
 HealthCounter for 1echo: Object
 HealthCounter: Showing normal HP 4 for 1echo
 ZaryaTokenOverlay: Card 1echo has Zarya token: undefined
 HealthCounter for 1echo: Object
 HealthCounter: Showing normal HP 4 for 1echo
 ZaryaTokenOverlay: Card 1echo has Zarya token: undefined
 HealthCounter for 1echo: Object
 HealthCounter: Showing normal HP 4 for 1echo
 ZaryaTokenOverlay: Card 1echo has Zarya token: undefined
 HealthCounter for 1echo: Object
 HealthCounter: Showing normal HP 4 for 1echo
 ZaryaTokenOverlay: Card 1echo has Zarya token: undefined
 HealthCounter for 1echo: Object
 HealthCounter: Showing normal HP 4 for 1echo
 ZaryaTokenOverlay: Card 1echo has Zarya token: undefined
 HealthCounter for 1dva: Object
 HealthCounter: Showing normal HP 2 for 1dva
 ZaryaTokenOverlay: Card 1dva has Zarya token: undefined
 HealthCounter for 1echo: Object
 HealthCounter: Showing normal HP 4 for 1echo
 ZaryaTokenOverlay: Card 1echo has Zarya token: undefined
 HealthCounter for 1echo: Object
 HealthCounter: Showing normal HP 4 for 1echo
 ZaryaTokenOverlay: Card 1echo has Zarya token: undefined
 HealthCounter for 1echo: Object
 HealthCounter: Showing normal HP 4 for 1echo
 ZaryaTokenOverlay: Card 1echo has Zarya token: undefined
 HealthCounter for 1echo: Object
 HealthCounter: Showing normal HP 4 for 1echo
 ZaryaTokenOverlay: Card 1echo has Zarya token: undefined
 HealthCounter for 1echo: Object
 HealthCounter: Showing normal HP 4 for 1echo
 ZaryaTokenOverlay: Card 1echo has Zarya token: undefined
 HealthCounter for 1echo: Object
 HealthCounter: Showing normal HP 4 for 1echo
 ZaryaTokenOverlay: Card 1echo has Zarya token: undefined
 HealthCounter for 1echo: Object
 HealthCounter: Showing normal HP 4 for 1echo
 ZaryaTokenOverlay: Card 1echo has Zarya token: undefined
 HealthCounter for 1echo: Object
 HealthCounter: Showing normal HP 4 for 1echo
 ZaryaTokenOverlay: Card 1echo has Zarya token: undefined
 HealthCounter for 1echo: Object
 HealthCounter: Showing normal HP 4 for 1echo
 ZaryaTokenOverlay: Card 1echo has Zarya token: undefined
 HealthCounter for 1echo: Object
 HealthCounter: Showing normal HP 4 for 1echo
 ZaryaTokenOverlay: Card 1echo has Zarya token: undefined
 HealthCounter for 1echo: Object
 HealthCounter: Showing normal HP 4 for 1echo
 ZaryaTokenOverlay: Card 1echo has Zarya token: undefined
 HealthCounter for 1echo: Object
 HealthCounter: Showing normal HP 4 for 1echo
 ZaryaTokenOverlay: Card 1echo has Zarya token: undefined
 Placement sound played successfully
 HealthCounter for 1echo: Object
 HealthCounter: Showing normal HP 4 for 1echo
 ZaryaTokenOverlay: Card 1echo has Zarya token: undefined
 HealthCounter for 1echo: Object
 HealthCounter: Showing normal HP 4 for 1echo
 ZaryaTokenOverlay: Card 1echo has Zarya token: undefined
 dva enter sound played successfully
 HealthCounter for 1echo: Object
 HealthCounter: Showing normal HP 4 for 1echo
 ZaryaTokenOverlay: Card 1echo has Zarya token: undefined
 HealthCounter for 1echo: Object
 HealthCounter: Showing normal HP 4 for 1echo
 ZaryaTokenOverlay: Card 1echo has Zarya token: undefined
 HealthCounter for 1echo: Object
 HealthCounter: Showing normal HP 4 for 1echo
 ZaryaTokenOverlay: Card 1echo has Zarya token: undefined
 HealthCounter for 1echo: Object
 HealthCounter: Showing normal HP 4 for 1echo
 ZaryaTokenOverlay: Card 1echo has Zarya token: undefined
 HealthCounter for 1echo: Object
 HealthCounter: Showing normal HP 4 for 1echo
 ZaryaTokenOverlay: Card 1echo has Zarya token: undefined
 HealthCounter for 1echo: Object
 HealthCounter: Showing normal HP 4 for 1echo
 ZaryaTokenOverlay: Card 1echo has Zarya token: undefined
 HealthCounter for 1echo: Object
 HealthCounter: Showing normal HP 4 for 1echo
 ZaryaTokenOverlay: Card 1echo has Zarya token: undefined
 HealthCounter for 1echo: Object
 HealthCounter: Showing normal HP 4 for 1echo
 ZaryaTokenOverlay: Card 1echo has Zarya token: undefined
 HealthCounter for 1echo: Object
 HealthCounter: Showing normal HP 4 for 1echo
 ZaryaTokenOverlay: Card 1echo has Zarya token: undefined
 HealthCounter for 1echo: Object
 HealthCounter: Showing normal HP 4 for 1echo
 ZaryaTokenOverlay: Card 1echo has Zarya token: undefined
 HealthCounter for 1echo: Object
 HealthCounter: Showing normal HP 4 for 1echo
 ZaryaTokenOverlay: Card 1echo has Zarya token: undefined
 HealthCounter for 1echo: Object
 HealthCounter: Showing normal HP 4 for 1echo
 ZaryaTokenOverlay: Card 1echo has Zarya token: undefined
 HealthCounter for 1echo: Object
 HealthCounter: Showing normal HP 4 for 1echo
 ZaryaTokenOverlay: Card 1echo has Zarya token: undefined
 HealthCounter for 1echo: Object
 HealthCounter: Showing normal HP 4 for 1echo
 ZaryaTokenOverlay: Card 1echo has Zarya token: undefined
 HealthCounter for 1echo: Object
 HealthCounter: Showing normal HP 4 for 1echo
 ZaryaTokenOverlay: Card 1echo has Zarya token: undefined
 HealthCounter for 1echo: Object
 HealthCounter: Showing normal HP 4 for 1echo
 ZaryaTokenOverlay: Card 1echo has Zarya token: undefined
 HealthCounter for 1echo: Object
 HealthCounter: Showing normal HP 4 for 1echo
 ZaryaTokenOverlay: Card 1echo has Zarya token: undefined
 HealthCounter for 1echo: Object
 HealthCounter: Showing normal HP 4 for 1echo
 ZaryaTokenOverlay: Card 1echo has Zarya token: undefined
 HealthCounter for 1echo: Object
 HealthCounter: Showing normal HP 4 for 1echo
 ZaryaTokenOverlay: Card 1echo has Zarya token: undefined
 HealthCounter for 1echo: Object
 HealthCounter: Showing normal HP 4 for 1echo
 ZaryaTokenOverlay: Card 1echo has Zarya token: undefined
 HealthCounter for 1echo: Object
 HealthCounter: Showing normal HP 4 for 1echo
 ZaryaTokenOverlay: Card 1echo has Zarya token: undefined
 HealthCounter for 1echo: Object
 HealthCounter: Showing normal HP 4 for 1echo
 ZaryaTokenOverlay: Card 1echo has Zarya token: undefined
 Attempting to play placement sound...
 Placement audio source: /owcardgame/static/media/placement.445605f26d71501234a7.mp3
 Created placement audio object: 
 Playing echo enter sound...
 HealthCounter for 1zenyatta: Object
 HealthCounter: Showing normal HP 2 for 1zenyatta
 ZaryaTokenOverlay: Card 1zenyatta has Zarya token: undefined
 HealthCounter for 1bastion: Object
 HealthCounter: Showing normal HP 4 for 1bastion
 ZaryaTokenOverlay: Card 1bastion has Zarya token: undefined
 HealthCounter for 1dva: Object
 HealthCounter: Showing normal HP 2 for 1dva
 ZaryaTokenOverlay: Card 1dva has Zarya token: undefined
 ZaryaTokenOverlay: Card 1echo has Zarya token: undefined
 TurnEffectsRunner: useEffect triggered Object
 TurnEffectsRunner: Turn change check Object
 HealthCounter for 1zenyatta: Object
 HealthCounter: Showing normal HP 2 for 1zenyatta
 ZaryaTokenOverlay: Card 1zenyatta has Zarya token: undefined
 HealthCounter for 1bastion: Object
 HealthCounter: Showing normal HP 4 for 1bastion
 ZaryaTokenOverlay: Card 1bastion has Zarya token: undefined
 HealthCounter for 1dva: Object
 HealthCounter: Showing normal HP 2 for 1dva
 ZaryaTokenOverlay: Card 1dva has Zarya token: undefined
 HealthCounter for 1echo: Object
 HealthCounter: Showing normal HP 4 for 1echo
 ZaryaTokenOverlay: Card 1echo has Zarya token: undefined
 TurnEffectsRunner: useEffect triggered Object
 TurnEffectsRunner: Turn change check Object
 HealthCounter for 1zenyatta: Object
 HealthCounter: Showing normal HP 2 for 1zenyatta
 ZaryaTokenOverlay: Card 1zenyatta has Zarya token: undefined
 HealthCounter for 1bastion: Object
 HealthCounter: Showing normal HP 4 for 1bastion
 ZaryaTokenOverlay: Card 1bastion has Zarya token: undefined
 HealthCounter for 1dva: Object
 HealthCounter: Showing normal HP 2 for 1dva
 ZaryaTokenOverlay: Card 1dva has Zarya token: undefined
 HealthCounter for 1echo: Object
 HealthCounter: Showing normal HP 4 for 1echo
 ZaryaTokenOverlay: Card 1echo has Zarya token: undefined
 Placement sound played successfully
 echo enter sound played successfully
 HealthCounter for 1zenyatta: Object
 HealthCounter: Showing normal HP 2 for 1zenyatta
 ZaryaTokenOverlay: Card 1zenyatta has Zarya token: undefined
 HealthCounter for 1bastion: Object
 HealthCounter: Showing normal HP 4 for 1bastion
 ZaryaTokenOverlay: Card 1bastion has Zarya token: undefined
 HealthCounter for 1dva: Object
 HealthCounter: Showing normal HP 2 for 1dva
 ZaryaTokenOverlay: Card 1dva has Zarya token: undefined
 HealthCounter for 1echo: Object
 HealthCounter: Showing normal HP 4 for 1echo
 ZaryaTokenOverlay: Card 1echo has Zarya token: undefined
 HealthCounter for 1zenyatta: Object
 HealthCounter: Showing normal HP 2 for 1zenyatta
 ZaryaTokenOverlay: Card 1zenyatta has Zarya token: undefined
 HealthCounter for 1bastion: Object
 HealthCounter: Showing normal HP 4 for 1bastion
 ZaryaTokenOverlay: Card 1bastion has Zarya token: undefined
 HealthCounter for 1dva: Object
 HealthCounter: Showing normal HP 2 for 1dva
 ZaryaTokenOverlay: Card 1dva has Zarya token: undefined
 HealthCounter for 1echo: Object
 HealthCounter: Showing normal HP 4 for 1echo
 ZaryaTokenOverlay: Card 1echo has Zarya token: undefined
 Object
 HealthCounter for 1zenyatta: Object
 HealthCounter: Showing normal HP 2 for 1zenyatta
 ZaryaTokenOverlay: Card 1zenyatta has Zarya token: undefined
 HealthCounter for 1zenyatta: Object
 HealthCounter: Showing normal HP 2 for 1zenyatta
 ZaryaTokenOverlay: Card 1zenyatta has Zarya token: undefined
 HealthCounter for 1zenyatta: Object
 HealthCounter: Showing normal HP 2 for 1zenyatta
 ZaryaTokenOverlay: Card 1zenyatta has Zarya token: undefined
 HealthCounter for 1zenyatta: Object
 HealthCounter: Showing normal HP 2 for 1zenyatta
 ZaryaTokenOverlay: Card 1zenyatta has Zarya token: undefined
 HealthCounter for 1zenyatta: Object
 HealthCounter: Showing normal HP 2 for 1zenyatta
 ZaryaTokenOverlay: Card 1zenyatta has Zarya token: undefined
 HealthCounter for 1zenyatta: Object
 HealthCounter: Showing normal HP 2 for 1zenyatta
 ZaryaTokenOverlay: Card 1zenyatta has Zarya token: undefined
 HealthCounter for 1bastion: Object
 HealthCounter: Showing normal HP 4 for 1bastion
 ZaryaTokenOverlay: Card 1bastion has Zarya token: undefined
 HealthCounter for 1zenyatta: Object
 HealthCounter: Showing normal HP 2 for 1zenyatta
 ZaryaTokenOverlay: Card 1zenyatta has Zarya token: undefined
 HealthCounter for 1zenyatta: Object
 HealthCounter: Showing normal HP 2 for 1zenyatta
 ZaryaTokenOverlay: Card 1zenyatta has Zarya token: undefined
 HealthCounter for 1zenyatta: Object
 HealthCounter: Showing normal HP 2 for 1zenyatta
 ZaryaTokenOverlay: Card 1zenyatta has Zarya token: undefined
 HealthCounter for 1zenyatta: Object
 HealthCounter: Showing normal HP 2 for 1zenyatta
 ZaryaTokenOverlay: Card 1zenyatta has Zarya token: undefined
 HealthCounter for 1zenyatta: Object
 HealthCounter: Showing normal HP 2 for 1zenyatta
 ZaryaTokenOverlay: Card 1zenyatta has Zarya token: undefined
 HealthCounter for 1zenyatta: Object
 HealthCounter: Showing normal HP 2 for 1zenyatta
 ZaryaTokenOverlay: Card 1zenyatta has Zarya token: undefined
 HealthCounter for 1zenyatta: Object
 HealthCounter: Showing normal HP 2 for 1zenyatta
 ZaryaTokenOverlay: Card 1zenyatta has Zarya token: undefined
 HealthCounter for 1zenyatta: Object
 HealthCounter: Showing normal HP 2 for 1zenyatta
 ZaryaTokenOverlay: Card 1zenyatta has Zarya token: undefined
 HealthCounter for 1zenyatta: Object
 HealthCounter: Showing normal HP 2 for 1zenyatta
 ZaryaTokenOverlay: Card 1zenyatta has Zarya token: undefined
 HealthCounter for 1zenyatta: Object
 HealthCounter: Showing normal HP 2 for 1zenyatta
 ZaryaTokenOverlay: Card 1zenyatta has Zarya token: undefined
 HealthCounter for 1zenyatta: Object
 HealthCounter: Showing normal HP 2 for 1zenyatta
 ZaryaTokenOverlay: Card 1zenyatta has Zarya token: undefined
 HealthCounter for 1bastion: Object
 HealthCounter: Showing normal HP 4 for 1bastion
 ZaryaTokenOverlay: Card 1bastion has Zarya token: undefined
 HealthCounter for 1zenyatta: Object
 HealthCounter: Showing normal HP 2 for 1zenyatta
 ZaryaTokenOverlay: Card 1zenyatta has Zarya token: undefined
 HealthCounter for 1zenyatta: Object
 HealthCounter: Showing normal HP 2 for 1zenyatta
 ZaryaTokenOverlay: Card 1zenyatta has Zarya token: undefined
 HealthCounter for 1zenyatta: Object
 HealthCounter: Showing normal HP 2 for 1zenyatta
 ZaryaTokenOverlay: Card 1zenyatta has Zarya token: undefined
 HealthCounter for 1zenyatta: Object
 HealthCounter: Showing normal HP 2 for 1zenyatta
 ZaryaTokenOverlay: Card 1zenyatta has Zarya token: undefined
 HealthCounter for 1zenyatta: Object
 HealthCounter: Showing normal HP 2 for 1zenyatta
 ZaryaTokenOverlay: Card 1zenyatta has Zarya token: undefined
 HealthCounter for 1zenyatta: Object
 HealthCounter: Showing normal HP 2 for 1zenyatta
 ZaryaTokenOverlay: Card 1zenyatta has Zarya token: undefined
 HealthCounter for 1zenyatta: Object
 HealthCounter: Showing normal HP 2 for 1zenyatta
 ZaryaTokenOverlay: Card 1zenyatta has Zarya token: undefined
 HealthCounter for 1zenyatta: Object
 HealthCounter: Showing normal HP 2 for 1zenyatta
 ZaryaTokenOverlay: Card 1zenyatta has Zarya token: undefined
 HealthCounter for 1zenyatta: Object
 HealthCounter: Showing normal HP 2 for 1zenyatta
 ZaryaTokenOverlay: Card 1zenyatta has Zarya token: undefined
 HealthCounter for 1dva: Object
 HealthCounter: Showing normal HP 2 for 1dva
 ZaryaTokenOverlay: Card 1dva has Zarya token: undefined
 HealthCounter for 1zenyatta: Object
 HealthCounter: Showing normal HP 2 for 1zenyatta
 ZaryaTokenOverlay: Card 1zenyatta has Zarya token: undefined
 HealthCounter for 1zenyatta: Object
 HealthCounter: Showing normal HP 2 for 1zenyatta
 ZaryaTokenOverlay: Card 1zenyatta has Zarya token: undefined
 HealthCounter for 1zenyatta: Object
 HealthCounter: Showing normal HP 2 for 1zenyatta
 ZaryaTokenOverlay: Card 1zenyatta has Zarya token: undefined
 HealthCounter for 1zenyatta: Object
 HealthCounter: Showing normal HP 2 for 1zenyatta
 ZaryaTokenOverlay: Card 1zenyatta has Zarya token: undefined
 HealthCounter for 1zenyatta: Object
 HealthCounter: Showing normal HP 2 for 1zenyatta
 ZaryaTokenOverlay: Card 1zenyatta has Zarya token: undefined
 HealthCounter for 1zenyatta: Object
 HealthCounter: Showing normal HP 2 for 1zenyatta
 ZaryaTokenOverlay: Card 1zenyatta has Zarya token: undefined
 HealthCounter for 1zenyatta: Object
 HealthCounter: Showing normal HP 2 for 1zenyatta
 ZaryaTokenOverlay: Card 1zenyatta has Zarya token: undefined
 HealthCounter for 1zenyatta: Object
 HealthCounter: Showing normal HP 2 for 1zenyatta
 ZaryaTokenOverlay: Card 1zenyatta has Zarya token: undefined
 HealthCounter for 1zenyatta: Object
 HealthCounter: Showing normal HP 2 for 1zenyatta
 ZaryaTokenOverlay: Card 1zenyatta has Zarya token: undefined
 HealthCounter for 1dva: Object
 HealthCounter: Showing normal HP 2 for 1dva
 ZaryaTokenOverlay: Card 1dva has Zarya token: undefined
 HealthCounter for 1zenyatta: Object
 HealthCounter: Showing normal HP 2 for 1zenyatta
 ZaryaTokenOverlay: Card 1zenyatta has Zarya token: undefined
 HealthCounter for 1zenyatta: Object
 HealthCounter: Showing normal HP 2 for 1zenyatta
 ZaryaTokenOverlay: Card 1zenyatta has Zarya token: undefined
 HealthCounter for 1zenyatta: Object
 HealthCounter: Showing normal HP 2 for 1zenyatta
 ZaryaTokenOverlay: Card 1zenyatta has Zarya token: undefined
 HealthCounter for 1zenyatta: Object
 HealthCounter: Showing normal HP 2 for 1zenyatta
 ZaryaTokenOverlay: Card 1zenyatta has Zarya token: undefined
 HealthCounter for 1zenyatta: Object
 HealthCounter: Showing normal HP 2 for 1zenyatta
 ZaryaTokenOverlay: Card 1zenyatta has Zarya token: undefined
 HealthCounter for 1zenyatta: Object
 HealthCounter: Showing normal HP 2 for 1zenyatta
 ZaryaTokenOverlay: Card 1zenyatta has Zarya token: undefined
 HealthCounter for 1zenyatta: Object
 HealthCounter: Showing normal HP 2 for 1zenyatta
 ZaryaTokenOverlay: Card 1zenyatta has Zarya token: undefined
 HealthCounter for 1zenyatta: Object
 HealthCounter: Showing normal HP 2 for 1zenyatta
 ZaryaTokenOverlay: Card 1zenyatta has Zarya token: undefined
 HealthCounter for 1zenyatta: Object
 HealthCounter: Showing normal HP 2 for 1zenyatta
 ZaryaTokenOverlay: Card 1zenyatta has Zarya token: undefined
 HealthCounter for 1zenyatta: Object
 HealthCounter: Showing normal HP 2 for 1zenyatta
 ZaryaTokenOverlay: Card 1zenyatta has Zarya token: undefined
 HealthCounter for 1zenyatta: Object
 HealthCounter: Showing normal HP 2 for 1zenyatta
 ZaryaTokenOverlay: Card 1zenyatta has Zarya token: undefined
 HealthCounter for 1zenyatta: Object
 HealthCounter: Showing normal HP 2 for 1zenyatta
 ZaryaTokenOverlay: Card 1zenyatta has Zarya token: undefined
 HealthCounter for 1zenyatta: Object
 HealthCounter: Showing normal HP 2 for 1zenyatta
 ZaryaTokenOverlay: Card 1zenyatta has Zarya token: undefined
 HealthCounter for 1zenyatta: Object
 HealthCounter: Showing normal HP 2 for 1zenyatta
 ZaryaTokenOverlay: Card 1zenyatta has Zarya token: undefined
 HealthCounter for 1zenyatta: Object
 HealthCounter: Showing normal HP 2 for 1zenyatta
 ZaryaTokenOverlay: Card 1zenyatta has Zarya token: undefined
 HealthCounter for 1zenyatta: Object
 HealthCounter: Showing normal HP 2 for 1zenyatta
 ZaryaTokenOverlay: Card 1zenyatta has Zarya token: undefined
 Attempting to play placement sound...
 Placement audio source: /owcardgame/static/media/placement.445605f26d71501234a7.mp3
 Created placement audio object: 
 Playing zenyatta enter sound...
 App.js - Hero zenyatta onEnter check: Object
 HealthCounter for 1bastion: Object
 HealthCounter: Showing normal HP 4 for 1bastion
 ZaryaTokenOverlay: Card 1bastion has Zarya token: undefined
 ZaryaTokenOverlay: Card 1zenyatta has Zarya token: undefined
 HealthCounter for 1dva: Object
 HealthCounter: Showing normal HP 2 for 1dva
 ZaryaTokenOverlay: Card 1dva has Zarya token: undefined
HealthCounter.js:6 HealthCounter for 1echo: Object
HealthCounter.js:25 HealthCounter: Showing normal HP 4 for 1echo
ZaryaTokenOverlay.js:20 ZaryaTokenOverlay: Card 1echo has Zarya token: undefined
TurnEffectsRunner.js:16 TurnEffectsRunner: useEffect triggered Object
TurnEffectsRunner.js:27 TurnEffectsRunner: Turn change check Object
HealthCounter.js:6 HealthCounter for 1bastion: Object
HealthCounter.js:25 HealthCounter: Showing normal HP 4 for 1bastion
ZaryaTokenOverlay.js:20 ZaryaTokenOverlay: Card 1bastion has Zarya token: undefined
HealthCounter.js:6 HealthCounter for 1zenyatta: Object
HealthCounter.js:25 HealthCounter: Showing normal HP 2 for 1zenyatta
ZaryaTokenOverlay.js:20 ZaryaTokenOverlay: Card 1zenyatta has Zarya token: undefined
HealthCounter.js:6 HealthCounter for 1dva: Object
HealthCounter.js:25 HealthCounter: Showing normal HP 2 for 1dva
ZaryaTokenOverlay.js:20 ZaryaTokenOverlay: Card 1dva has Zarya token: undefined
HealthCounter.js:6 HealthCounter for 1echo: Object
HealthCounter.js:25 HealthCounter: Showing normal HP 4 for 1echo
ZaryaTokenOverlay.js:20 ZaryaTokenOverlay: Card 1echo has Zarya token: undefined
TurnEffectsRunner.js:16 TurnEffectsRunner: useEffect triggered Object
TurnEffectsRunner.js:27 TurnEffectsRunner: Turn change check Object
HealthCounter.js:6 HealthCounter for 1bastion: Object
HealthCounter.js:25 HealthCounter: Showing normal HP 4 for 1bastion
ZaryaTokenOverlay.js:20 ZaryaTokenOverlay: Card 1bastion has Zarya token: undefined
HealthCounter.js:6 HealthCounter for 1zenyatta: Object
HealthCounter.js:25 HealthCounter: Showing normal HP 2 for 1zenyatta
ZaryaTokenOverlay.js:20 ZaryaTokenOverlay: Card 1zenyatta has Zarya token: undefined
HealthCounter.js:6 HealthCounter for 1dva: Object
HealthCounter.js:25 HealthCounter: Showing normal HP 2 for 1dva
ZaryaTokenOverlay.js:20 ZaryaTokenOverlay: Card 1dva has Zarya token: undefined
HealthCounter.js:6 HealthCounter for 1echo: Object
HealthCounter.js:25 HealthCounter: Showing normal HP 4 for 1echo
ZaryaTokenOverlay.js:20 ZaryaTokenOverlay: Card 1echo has Zarya token: undefined
App.js:2404 Placement sound played successfully
App.js:2419 zenyatta enter sound played successfully
HealthCounter.js:6 HealthCounter for 1bastion: Object
HealthCounter.js:25 HealthCounter: Showing normal HP 4 for 1bastion
ZaryaTokenOverlay.js:20 ZaryaTokenOverlay: Card 1bastion has Zarya token: undefined
HealthCounter.js:6 HealthCounter for 1zenyatta: Object
HealthCounter.js:25 HealthCounter: Showing normal HP 2 for 1zenyatta
ZaryaTokenOverlay.js:20 ZaryaTokenOverlay: Card 1zenyatta has Zarya token: undefined
HealthCounter.js:6 HealthCounter for 1dva: Object
HealthCounter.js:25 HealthCounter: Showing normal HP 2 for 1dva
ZaryaTokenOverlay.js:20 ZaryaTokenOverlay: Card 1dva has Zarya token: undefined
HealthCounter.js:6 HealthCounter for 1echo: Object
HealthCounter.js:25 HealthCounter: Showing normal HP 4 for 1echo
ZaryaTokenOverlay.js:20 ZaryaTokenOverlay: Card 1echo has Zarya token: undefined
