 Download the React DevTools for a better development experience: https://reactjs.org/link/react-devtools
 Warning: Connect(Droppable): Support for defaultProps will be removed from memo components in a future major release. Use JavaScript default parameters instead.
    at div
    at CardDisplay (http://localhost:3000/owcardgame/static/js/bundle.js:99447:56)
    at div
    at div
    at PlayerArea (http://localhost:3000/owcardgame/static/js/bundle.js:99949:56)
    at div
    at PlayerHalf (http://localhost:3000/owcardgame/static/js/bundle.js:100525:56)
    at Provider (http://localhost:3000/owcardgame/static/js/bundle.js:66817:20)
    at App (http://localhost:3000/owcardgame/static/js/bundle.js:39199:25)
    at ErrorBoundary (http://localhost:3000/owcardgame/static/js/bundle.js:33412:35)
    at DragDropContext (http://localhost:3000/owcardgame/static/js/bundle.js:39323:19)
    at div
    at div
    at App (http://localhost:3000/owcardgame/static/js/bundle.js:78301:82)
printWarning @ bundle.js:40754
 CardDisplay mounted with droppableId: player1hand rowId: player1hand
 CardDisplay mounted with droppableId: 1b rowId: 1b
 CardDisplay mounted with droppableId: 1m rowId: 1m
 CardDisplay mounted with droppableId: 1f rowId: 1f
 CardDisplay mounted with droppableId: 2f rowId: 2f
 CardDisplay mounted with droppableId: 2m rowId: 2m
 CardDisplay mounted with droppableId: 2b rowId: 2b
 CardDisplay mounted with droppableId: player2hand rowId: player2hand
 TurnEffectsRunner: useEffect triggered Object
 TurnEffectsRunner: Turn change check Object
 ZaryaTokenOverlay: Card 1doomfist has Zarya token: undefined
 ZaryaTokenOverlay: Card 1orisa has Zarya token: undefined
 ZaryaTokenOverlay: Card 1zenyatta has Zarya token: undefined
 ZaryaTokenOverlay: Card 1junkrat has Zarya token: undefined
 TurnEffectsRunner: useEffect triggered Object
 TurnEffectsRunner: Turn change check Object
 ZaryaTokenOverlay: Card 1doomfist has Zarya token: undefined
 ZaryaTokenOverlay: Card 1orisa has Zarya token: undefined
 ZaryaTokenOverlay: Card 1zenyatta has Zarya token: undefined
 ZaryaTokenOverlay: Card 1junkrat has Zarya token: undefined
 HealthCounter for 1doomfist: Object
 HealthCounter: Showing normal HP 4 for 1doomfist
 ZaryaTokenOverlay: Card 1doomfist has Zarya token: undefined
 HealthCounter for 1orisa: Object
 HealthCounter: Showing normal HP 5 for 1orisa
 ZaryaTokenOverlay: Card 1orisa has Zarya token: undefined
 HealthCounter for 1zenyatta: Object
 HealthCounter: Showing normal HP 2 for 1zenyatta
 ZaryaTokenOverlay: Card 1zenyatta has Zarya token: undefined
 HealthCounter for 1junkrat: Object
 HealthCounter: Showing normal HP 3 for 1junkrat
 ZaryaTokenOverlay: Card 1junkrat has Zarya token: undefined
 HealthCounter for 1doomfist: Object
 HealthCounter: Showing normal HP 4 for 1doomfist
 ZaryaTokenOverlay: Card 1doomfist has Zarya token: undefined
 HealthCounter for 1orisa: Object
 HealthCounter: Showing normal HP 5 for 1orisa
 ZaryaTokenOverlay: Card 1orisa has Zarya token: undefined
 HealthCounter for 1zenyatta: Object
 HealthCounter: Showing normal HP 2 for 1zenyatta
 ZaryaTokenOverlay: Card 1zenyatta has Zarya token: undefined
 HealthCounter for 1junkrat: Object
 HealthCounter: Showing normal HP 3 for 1junkrat
 ZaryaTokenOverlay: Card 1junkrat has Zarya token: undefined
 Object
 HealthCounter for 1junkrat: Object
 HealthCounter: Showing normal HP 3 for 1junkrat
 ZaryaTokenOverlay: Card 1junkrat has Zarya token: undefined
 HealthCounter for 1doomfist: Object
 HealthCounter: Showing normal HP 4 for 1doomfist
 ZaryaTokenOverlay: Card 1doomfist has Zarya token: undefined
 HealthCounter for 1orisa: Object
 HealthCounter: Showing normal HP 5 for 1orisa
 ZaryaTokenOverlay: Card 1orisa has Zarya token: undefined
 HealthCounter for 1zenyatta: Object
 HealthCounter: Showing normal HP 2 for 1zenyatta
 ZaryaTokenOverlay: Card 1zenyatta has Zarya token: undefined
 HealthCounter for 1junkrat: Object
 HealthCounter: Showing normal HP 3 for 1junkrat
 ZaryaTokenOverlay: Card 1junkrat has Zarya token: undefined
 HealthCounter for 1junkrat: Object
 HealthCounter: Showing normal HP 3 for 1junkrat
 ZaryaTokenOverlay: Card 1junkrat has Zarya token: undefined
 HealthCounter for 1doomfist: Object
 HealthCounter: Showing normal HP 4 for 1doomfist
 ZaryaTokenOverlay: Card 1doomfist has Zarya token: undefined
 HealthCounter for 1orisa: Object
 HealthCounter: Showing normal HP 5 for 1orisa
 ZaryaTokenOverlay: Card 1orisa has Zarya token: undefined
 HealthCounter for 1zenyatta: Object
 HealthCounter: Showing normal HP 2 for 1zenyatta
 ZaryaTokenOverlay: Card 1zenyatta has Zarya token: undefined
 HealthCounter for 1junkrat: Object
 HealthCounter: Showing normal HP 3 for 1junkrat
 ZaryaTokenOverlay: Card 1junkrat has Zarya token: undefined
 HealthCounter for 1doomfist: Object
 HealthCounter: Showing normal HP 4 for 1doomfist
 ZaryaTokenOverlay: Card 1doomfist has Zarya token: undefined
 HealthCounter for 1orisa: Object
 HealthCounter: Showing normal HP 5 for 1orisa
 ZaryaTokenOverlay: Card 1orisa has Zarya token: undefined
 HealthCounter for 1zenyatta: Object
 HealthCounter: Showing normal HP 2 for 1zenyatta
 ZaryaTokenOverlay: Card 1zenyatta has Zarya token: undefined
 HealthCounter for 1junkrat: Object
 HealthCounter: Showing normal HP 3 for 1junkrat
 ZaryaTokenOverlay: Card 1junkrat has Zarya token: undefined
 HealthCounter for 1junkrat: Object
 HealthCounter: Showing normal HP 3 for 1junkrat
 ZaryaTokenOverlay: Card 1junkrat has Zarya token: undefined
 HealthCounter for 1junkrat: Object
 HealthCounter: Showing normal HP 3 for 1junkrat
 ZaryaTokenOverlay: Card 1junkrat has Zarya token: undefined
 HealthCounter for 1junkrat: Object
 HealthCounter: Showing normal HP 3 for 1junkrat
 ZaryaTokenOverlay: Card 1junkrat has Zarya token: undefined
 HealthCounter for 1junkrat: Object
 HealthCounter: Showing normal HP 3 for 1junkrat
 ZaryaTokenOverlay: Card 1junkrat has Zarya token: undefined
 HealthCounter for 1junkrat: Object
 HealthCounter: Showing normal HP 3 for 1junkrat
 ZaryaTokenOverlay: Card 1junkrat has Zarya token: undefined
 HealthCounter for 1junkrat: Object
 HealthCounter: Showing normal HP 3 for 1junkrat
 ZaryaTokenOverlay: Card 1junkrat has Zarya token: undefined
 HealthCounter for 1junkrat: Object
 HealthCounter: Showing normal HP 3 for 1junkrat
 ZaryaTokenOverlay: Card 1junkrat has Zarya token: undefined
 HealthCounter for 1junkrat: Object
 HealthCounter: Showing normal HP 3 for 1junkrat
 ZaryaTokenOverlay: Card 1junkrat has Zarya token: undefined
 HealthCounter for 1junkrat: Object
 HealthCounter: Showing normal HP 3 for 1junkrat
 ZaryaTokenOverlay: Card 1junkrat has Zarya token: undefined
 HealthCounter for 1junkrat: Object
 HealthCounter: Showing normal HP 3 for 1junkrat
 ZaryaTokenOverlay: Card 1junkrat has Zarya token: undefined
 Attempting to play placement sound...
 Placement audio source: /owcardgame/static/media/placement.445605f26d71501234a7.mp3
 Created placement audio object: 
 Playing junkrat enter sound...
 Junkrat deployed - no onEnter ability
 HealthCounter for 1doomfist: Object
 HealthCounter: Showing normal HP 4 for 1doomfist
 ZaryaTokenOverlay: Card 1doomfist has Zarya token: undefined
 HealthCounter for 1orisa: Object
 HealthCounter: Showing normal HP 5 for 1orisa
 ZaryaTokenOverlay: Card 1orisa has Zarya token: undefined
 HealthCounter for 1zenyatta: Object
 HealthCounter: Showing normal HP 2 for 1zenyatta
 ZaryaTokenOverlay: Card 1zenyatta has Zarya token: undefined
 ZaryaTokenOverlay: Card 1junkrat has Zarya token: undefined
 TurnEffectsRunner: useEffect triggered Object
 TurnEffectsRunner: Turn change check Object
 HealthCounter for 1doomfist: Object
 HealthCounter: Showing normal HP 4 for 1doomfist
 ZaryaTokenOverlay: Card 1doomfist has Zarya token: undefined
 HealthCounter for 1orisa: Object
 HealthCounter: Showing normal HP 5 for 1orisa
 ZaryaTokenOverlay: Card 1orisa has Zarya token: undefined
 HealthCounter for 1zenyatta: Object
 HealthCounter: Showing normal HP 2 for 1zenyatta
 ZaryaTokenOverlay: Card 1zenyatta has Zarya token: undefined
 HealthCounter for 1junkrat: Object
 HealthCounter: Showing normal HP 3 for 1junkrat
 ZaryaTokenOverlay: Card 1junkrat has Zarya token: undefined
 TurnEffectsRunner: useEffect triggered Object
 TurnEffectsRunner: Turn change check Object
 HealthCounter for 1doomfist: Object
 HealthCounter: Showing normal HP 4 for 1doomfist
 ZaryaTokenOverlay: Card 1doomfist has Zarya token: undefined
 HealthCounter for 1orisa: Object
 HealthCounter: Showing normal HP 5 for 1orisa
 ZaryaTokenOverlay: Card 1orisa has Zarya token: undefined
 HealthCounter for 1zenyatta: Object
 HealthCounter: Showing normal HP 2 for 1zenyatta
 ZaryaTokenOverlay: Card 1zenyatta has Zarya token: undefined
 HealthCounter for 1junkrat: Object
 HealthCounter: Showing normal HP 3 for 1junkrat
 ZaryaTokenOverlay: Card 1junkrat has Zarya token: undefined
 HealthCounter for 1doomfist: Object
 HealthCounter: Showing normal HP 4 for 1doomfist
 ZaryaTokenOverlay: Card 1doomfist has Zarya token: undefined
 HealthCounter for 1orisa: Object
 HealthCounter: Showing normal HP 5 for 1orisa
 ZaryaTokenOverlay: Card 1orisa has Zarya token: undefined
 HealthCounter for 1zenyatta: Object
 HealthCounter: Showing normal HP 2 for 1zenyatta
 ZaryaTokenOverlay: Card 1zenyatta has Zarya token: undefined
 HealthCounter for 1junkrat: Object
 HealthCounter: Showing normal HP 3 for 1junkrat
 ZaryaTokenOverlay: Card 1junkrat has Zarya token: undefined
 Object
 HealthCounter for 1zenyatta: Object
 HealthCounter: Showing normal HP 2 for 1zenyatta
 ZaryaTokenOverlay: Card 1zenyatta has Zarya token: undefined
 HealthCounter for 1zenyatta: Object
 HealthCounter: Showing normal HP 2 for 1zenyatta
 ZaryaTokenOverlay: Card 1zenyatta has Zarya token: undefined
 HealthCounter for 1zenyatta: Object
 HealthCounter: Showing normal HP 2 for 1zenyatta
 ZaryaTokenOverlay: Card 1zenyatta has Zarya token: undefined
 HealthCounter for 1zenyatta: Object
 HealthCounter: Showing normal HP 2 for 1zenyatta
 ZaryaTokenOverlay: Card 1zenyatta has Zarya token: undefined
 HealthCounter for 1doomfist: Object
 HealthCounter: Showing normal HP 4 for 1doomfist
 ZaryaTokenOverlay: Card 1doomfist has Zarya token: undefined
 HealthCounter for 1zenyatta: Object
 HealthCounter: Showing normal HP 2 for 1zenyatta
 ZaryaTokenOverlay: Card 1zenyatta has Zarya token: undefined
 HealthCounter for 1zenyatta: Object
 HealthCounter: Showing normal HP 2 for 1zenyatta
 ZaryaTokenOverlay: Card 1zenyatta has Zarya token: undefined
 HealthCounter for 1zenyatta: Object
 HealthCounter: Showing normal HP 2 for 1zenyatta
 ZaryaTokenOverlay: Card 1zenyatta has Zarya token: undefined
 HealthCounter for 1zenyatta: Object
 HealthCounter: Showing normal HP 2 for 1zenyatta
 ZaryaTokenOverlay: Card 1zenyatta has Zarya token: undefined
 HealthCounter for 1zenyatta: Object
 HealthCounter: Showing normal HP 2 for 1zenyatta
 ZaryaTokenOverlay: Card 1zenyatta has Zarya token: undefined
 HealthCounter for 1zenyatta: Object
 HealthCounter: Showing normal HP 2 for 1zenyatta
 ZaryaTokenOverlay: Card 1zenyatta has Zarya token: undefined
 HealthCounter for 1zenyatta: Object
 HealthCounter: Showing normal HP 2 for 1zenyatta
 ZaryaTokenOverlay: Card 1zenyatta has Zarya token: undefined
 HealthCounter for 1zenyatta: Object
 HealthCounter: Showing normal HP 2 for 1zenyatta
 ZaryaTokenOverlay: Card 1zenyatta has Zarya token: undefined
 HealthCounter for 1zenyatta: Object
 HealthCounter: Showing normal HP 2 for 1zenyatta
 ZaryaTokenOverlay: Card 1zenyatta has Zarya token: undefined
 HealthCounter for 1zenyatta: Object
 HealthCounter: Showing normal HP 2 for 1zenyatta
 ZaryaTokenOverlay: Card 1zenyatta has Zarya token: undefined
 HealthCounter for 1zenyatta: Object
 HealthCounter: Showing normal HP 2 for 1zenyatta
 ZaryaTokenOverlay: Card 1zenyatta has Zarya token: undefined
 HealthCounter for 1zenyatta: Object
 HealthCounter: Showing normal HP 2 for 1zenyatta
 ZaryaTokenOverlay: Card 1zenyatta has Zarya token: undefined
 HealthCounter for 1zenyatta: Object
 HealthCounter: Showing normal HP 2 for 1zenyatta
 ZaryaTokenOverlay: Card 1zenyatta has Zarya token: undefined
 HealthCounter for 1zenyatta: Object
 HealthCounter: Showing normal HP 2 for 1zenyatta
 ZaryaTokenOverlay: Card 1zenyatta has Zarya token: undefined
 HealthCounter for 1zenyatta: Object
 HealthCounter: Showing normal HP 2 for 1zenyatta
 ZaryaTokenOverlay: Card 1zenyatta has Zarya token: undefined
 HealthCounter for 1zenyatta: Object
 HealthCounter: Showing normal HP 2 for 1zenyatta
 ZaryaTokenOverlay: Card 1zenyatta has Zarya token: undefined
 HealthCounter for 1zenyatta: Object
 HealthCounter: Showing normal HP 2 for 1zenyatta
 ZaryaTokenOverlay: Card 1zenyatta has Zarya token: undefined
 HealthCounter for 1zenyatta: Object
 HealthCounter: Showing normal HP 2 for 1zenyatta
 ZaryaTokenOverlay: Card 1zenyatta has Zarya token: undefined
 HealthCounter for 1zenyatta: Object
 HealthCounter: Showing normal HP 2 for 1zenyatta
 ZaryaTokenOverlay: Card 1zenyatta has Zarya token: undefined
 HealthCounter for 1zenyatta: Object
 HealthCounter: Showing normal HP 2 for 1zenyatta
 ZaryaTokenOverlay: Card 1zenyatta has Zarya token: undefined
 HealthCounter for 1doomfist: Object
 HealthCounter: Showing normal HP 4 for 1doomfist
 ZaryaTokenOverlay: Card 1doomfist has Zarya token: undefined
 HealthCounter for 1orisa: Object
 HealthCounter: Showing normal HP 5 for 1orisa
 ZaryaTokenOverlay: Card 1orisa has Zarya token: undefined
 HealthCounter for 1zenyatta: Object
 HealthCounter: Showing normal HP 2 for 1zenyatta
 ZaryaTokenOverlay: Card 1zenyatta has Zarya token: undefined
 HealthCounter for 1zenyatta: Object
 HealthCounter: Showing normal HP 2 for 1zenyatta
 ZaryaTokenOverlay: Card 1zenyatta has Zarya token: undefined
 HealthCounter for 1zenyatta: Object
 HealthCounter: Showing normal HP 2 for 1zenyatta
 ZaryaTokenOverlay: Card 1zenyatta has Zarya token: undefined
 HealthCounter for 1zenyatta: Object
 HealthCounter: Showing normal HP 2 for 1zenyatta
 ZaryaTokenOverlay: Card 1zenyatta has Zarya token: undefined
 HealthCounter for 1zenyatta: Object
 HealthCounter: Showing normal HP 2 for 1zenyatta
 ZaryaTokenOverlay: Card 1zenyatta has Zarya token: undefined
 HealthCounter for 1zenyatta: Object
 HealthCounter: Showing normal HP 2 for 1zenyatta
 ZaryaTokenOverlay: Card 1zenyatta has Zarya token: undefined
 HealthCounter for 1zenyatta: Object
 HealthCounter: Showing normal HP 2 for 1zenyatta
 ZaryaTokenOverlay: Card 1zenyatta has Zarya token: undefined
 Placement sound played successfully
 junkrat enter sound played successfully
 HealthCounter for 1zenyatta: Object
 HealthCounter: Showing normal HP 2 for 1zenyatta
 ZaryaTokenOverlay: Card 1zenyatta has Zarya token: undefined
 HealthCounter for 1zenyatta: Object
 HealthCounter: Showing normal HP 2 for 1zenyatta
 ZaryaTokenOverlay: Card 1zenyatta has Zarya token: undefined
 HealthCounter for 1zenyatta: Object
 HealthCounter: Showing normal HP 2 for 1zenyatta
 ZaryaTokenOverlay: Card 1zenyatta has Zarya token: undefined
 HealthCounter for 1zenyatta: Object
 HealthCounter: Showing normal HP 2 for 1zenyatta
 ZaryaTokenOverlay: Card 1zenyatta has Zarya token: undefined
 HealthCounter for 1zenyatta: Object
 HealthCounter: Showing normal HP 2 for 1zenyatta
 ZaryaTokenOverlay: Card 1zenyatta has Zarya token: undefined
 HealthCounter for 1zenyatta: Object
 HealthCounter: Showing normal HP 2 for 1zenyatta
 ZaryaTokenOverlay: Card 1zenyatta has Zarya token: undefined
 HealthCounter for 1zenyatta: Object
 HealthCounter: Showing normal HP 2 for 1zenyatta
 ZaryaTokenOverlay: Card 1zenyatta has Zarya token: undefined
 HealthCounter for 1zenyatta: Object
 HealthCounter: Showing normal HP 2 for 1zenyatta
 ZaryaTokenOverlay: Card 1zenyatta has Zarya token: undefined
 HealthCounter for 1zenyatta: Object
 HealthCounter: Showing normal HP 2 for 1zenyatta
 ZaryaTokenOverlay: Card 1zenyatta has Zarya token: undefined
 HealthCounter for 1zenyatta: Object
 HealthCounter: Showing normal HP 2 for 1zenyatta
 ZaryaTokenOverlay: Card 1zenyatta has Zarya token: undefined
 HealthCounter for 1zenyatta: Object
 HealthCounter: Showing normal HP 2 for 1zenyatta
 ZaryaTokenOverlay: Card 1zenyatta has Zarya token: undefined
 HealthCounter for 1zenyatta: Object
 HealthCounter: Showing normal HP 2 for 1zenyatta
 ZaryaTokenOverlay: Card 1zenyatta has Zarya token: undefined
 HealthCounter for 1zenyatta: Object
 HealthCounter: Showing normal HP 2 for 1zenyatta
 ZaryaTokenOverlay: Card 1zenyatta has Zarya token: undefined
 HealthCounter for 1zenyatta: Object
 HealthCounter: Showing normal HP 2 for 1zenyatta
 ZaryaTokenOverlay: Card 1zenyatta has Zarya token: undefined
 HealthCounter for 1zenyatta: Object
 HealthCounter: Showing normal HP 2 for 1zenyatta
 ZaryaTokenOverlay: Card 1zenyatta has Zarya token: undefined
 HealthCounter for 1zenyatta: Object
 HealthCounter: Showing normal HP 2 for 1zenyatta
 ZaryaTokenOverlay: Card 1zenyatta has Zarya token: undefined
 HealthCounter for 1zenyatta: Object
 HealthCounter: Showing normal HP 2 for 1zenyatta
 ZaryaTokenOverlay: Card 1zenyatta has Zarya token: undefined
 HealthCounter for 1zenyatta: Object
 HealthCounter: Showing normal HP 2 for 1zenyatta
 ZaryaTokenOverlay: Card 1zenyatta has Zarya token: undefined
 HealthCounter for 1zenyatta: Object
 HealthCounter: Showing normal HP 2 for 1zenyatta
 ZaryaTokenOverlay: Card 1zenyatta has Zarya token: undefined
 HealthCounter for 1zenyatta: Object
 HealthCounter: Showing normal HP 2 for 1zenyatta
 ZaryaTokenOverlay: Card 1zenyatta has Zarya token: undefined
 HealthCounter for 1zenyatta: Object
 HealthCounter: Showing normal HP 2 for 1zenyatta
 ZaryaTokenOverlay: Card 1zenyatta has Zarya token: undefined
 HealthCounter for 1zenyatta: Object
 HealthCounter: Showing normal HP 2 for 1zenyatta
ZaryaTokenOverlay.js:20 ZaryaTokenOverlay: Card 1zenyatta has Zarya token: undefined
App.js:2400 Attempting to play placement sound...
App.js:2402 Placement audio source: /owcardgame/static/media/placement.445605f26d71501234a7.mp3
App.js:2404 Created placement audio object: <audio preload=​"auto" src=​"/​owcardgame/​static/​media/​placement.445605f26d71501234a7.mp3">​</audio>​media
App.js:2418 Playing zenyatta enter sound...
HealthCounter.js:6 HealthCounter for 1doomfist: Object
HealthCounter.js:25 HealthCounter: Showing normal HP 4 for 1doomfist
ZaryaTokenOverlay.js:20 ZaryaTokenOverlay: Card 1doomfist has Zarya token: undefined
HealthCounter.js:6 HealthCounter for 1orisa: Object
HealthCounter.js:25 HealthCounter: Showing normal HP 5 for 1orisa
ZaryaTokenOverlay.js:20 ZaryaTokenOverlay: Card 1orisa has Zarya token: undefined
ZaryaTokenOverlay.js:20 ZaryaTokenOverlay: Card 1zenyatta has Zarya token: undefined
HealthCounter.js:6 HealthCounter for 1junkrat: Object
HealthCounter.js:25 HealthCounter: Showing normal HP 3 for 1junkrat
ZaryaTokenOverlay.js:20 ZaryaTokenOverlay: Card 1junkrat has Zarya token: undefined
TurnEffectsRunner.js:16 TurnEffectsRunner: useEffect triggered Object
TurnEffectsRunner.js:27 TurnEffectsRunner: Turn change check Object
HealthCounter.js:6 HealthCounter for 1doomfist: Object
HealthCounter.js:25 HealthCounter: Showing normal HP 4 for 1doomfist
ZaryaTokenOverlay.js:20 ZaryaTokenOverlay: Card 1doomfist has Zarya token: undefined
HealthCounter.js:6 HealthCounter for 1orisa: Object
HealthCounter.js:25 HealthCounter: Showing normal HP 5 for 1orisa
ZaryaTokenOverlay.js:20 ZaryaTokenOverlay: Card 1orisa has Zarya token: undefined
HealthCounter.js:6 HealthCounter for 1zenyatta: Object
HealthCounter.js:25 HealthCounter: Showing normal HP 2 for 1zenyatta
ZaryaTokenOverlay.js:20 ZaryaTokenOverlay: Card 1zenyatta has Zarya token: undefined
HealthCounter.js:6 HealthCounter for 1junkrat: Object
HealthCounter.js:25 HealthCounter: Showing normal HP 3 for 1junkrat
ZaryaTokenOverlay.js:20 ZaryaTokenOverlay: Card 1junkrat has Zarya token: undefined
TurnEffectsRunner.js:16 TurnEffectsRunner: useEffect triggered Object
TurnEffectsRunner.js:27 TurnEffectsRunner: Turn change check Object
HealthCounter.js:6 HealthCounter for 1doomfist: Object
HealthCounter.js:25 HealthCounter: Showing normal HP 4 for 1doomfist
ZaryaTokenOverlay.js:20 ZaryaTokenOverlay: Card 1doomfist has Zarya token: undefined
HealthCounter.js:6 HealthCounter for 1orisa: Object
HealthCounter.js:25 HealthCounter: Showing normal HP 5 for 1orisa
ZaryaTokenOverlay.js:20 ZaryaTokenOverlay: Card 1orisa has Zarya token: undefined
HealthCounter.js:6 HealthCounter for 1zenyatta: Object
HealthCounter.js:25 HealthCounter: Showing normal HP 2 for 1zenyatta
ZaryaTokenOverlay.js:20 ZaryaTokenOverlay: Card 1zenyatta has Zarya token: undefined
HealthCounter.js:6 HealthCounter for 1junkrat: Object
HealthCounter.js:25 HealthCounter: Showing normal HP 3 for 1junkrat
ZaryaTokenOverlay.js:20 ZaryaTokenOverlay: Card 1junkrat has Zarya token: undefined
App.js:2406 Placement sound played successfully
App.js:2421 zenyatta enter sound played successfully
